[0.014s] Invoking command in '/home/hle/Desktop/compsci/ros/slam_capstone/build/capstone_interfaces': CMAKE_PREFIX_PATH=/home/hle/Desktop/compsci/ros/ros2_ws/install/ws_bringup:/home/hle/Desktop/compsci/ros/ros2_ws/install/launch:/home/hle/Desktop/compsci/ros/ros2_ws/install/my_robot_interfaces:/home/hle/Desktop/compsci/ros/ros2_ws/install/my_cpp_pkg:/home/hle/turtlebot3_ws/install/turtlebot3:/home/hle/turtlebot3_ws/install/turtlebot3_simulations:/home/hle/turtlebot3_ws/install/turtlebot3_bringup:/home/hle/turtlebot3_ws/install/turtlebot3_node:/home/hle/turtlebot3_ws/install/turtlebot3_navigation2:/home/hle/turtlebot3_ws/install/turtlebot3_fake_node:/home/hle/turtlebot3_ws/install/turtlebot3_msgs:/home/hle/Desktop/compsci/ros/ros2_ws/install/my_py_pkg:/home/hle/Desktop/compsci/ros/ros2_ws/install/tf_transformations:/home/hle/Desktop/compsci/ros/mapping_controller/install/mapping_controller:/home/hle/turtlebot3_ws/install/turtlebot3_teleop:/home/hle/turtlebot3_ws/install/turtlebot3_example:/home/hle/Desktop/compsci/ros/ir_sensor/install/ir_sensor_pkg:/home/hle/Desktop/compsci/ros/clientserver/install/clientserver_pkg:/home/hle/Desktop/compsci/ros/activity2/install/activity:/home/hle/Desktop/compsci/ros/activity4/install/packages:/home/hle/Desktop/compsci/ros/slam_capstone/install/capstone_pkg:/opt/ros/foxy:/home/hle/turtlebot3_ws/install/turtlebot3_gazebo:/home/hle/turtlebot3_ws/install/turtlebot3_description:/home/hle/turtlebot3_ws/install/turtlebot3_cartographer:/home/hle/turtlebot3_ws/install/dynamixel_sdk_examples:/home/hle/turtlebot3_ws/install/dynamixel_sdk_custom_interfaces:/home/hle/turtlebot3_ws/install/dynamixel_sdk:/home/hle/Desktop/compsci/ros/activity2/install/activity_bringup:/home/hle/Desktop/compsci/ros/activity4/install/interfaces:/home/hle/Desktop/compsci/ros/slam_capstone/install/launch:/home/hle/Desktop/compsci/ros/slam_capstone/install/capstone_bringup:/home/hle/Desktop/compsci/ros/slam_capstone/install/capstone_interfaces /usr/bin/cmake /home/hle/Desktop/compsci/ros/slam_capstone/src/capstone_interfaces -DAMENT_CMAKE_SYMLINK_INSTALL=1 -DCMAKE_INSTALL_PREFIX=/home/hle/Desktop/compsci/ros/slam_capstone/install/capstone_interfaces
[0.028s] -- Found ament_cmake: 0.9.9 (/opt/ros/foxy/share/ament_cmake/cmake)
[0.057s] -- Found PythonInterp: /usr/bin/python3 (found suitable version "3.8.10", minimum required is "3") 
[0.057s] -- Using PYTHON_EXECUTABLE: /usr/bin/python3
[0.221s] -- Override CMake install command with custom implementation using symlinks instead of copying resources
[0.227s] -- Found rosidl_default_generators: 1.0.1 (/opt/ros/foxy/share/rosidl_default_generators/cmake)
[0.233s] -- Using all available rosidl_typesupport_c: rosidl_typesupport_fastrtps_c;rosidl_typesupport_introspection_c
[0.236s] -- Found rosidl_adapter: 1.2.1 (/opt/ros/foxy/share/rosidl_adapter/cmake)
[0.355s] -- Using all available rosidl_typesupport_cpp: rosidl_typesupport_fastrtps_cpp;rosidl_typesupport_introspection_cpp
[0.401s] -- Found PythonInterp: /usr/bin/python3 (found version "3.8.10") 
[0.520s] -- Found ament_cmake_ros: 0.9.2 (/opt/ros/foxy/share/ament_cmake_ros/cmake)
[0.605s] -- Using all available rosidl_typesupport_c: rosidl_typesupport_fastrtps_c;rosidl_typesupport_introspection_c
[0.614s] -- Using all available rosidl_typesupport_cpp: rosidl_typesupport_fastrtps_cpp;rosidl_typesupport_introspection_cpp
[0.646s] -- Found PythonInterp: /usr/bin/python3 (found suitable version "3.8.10", minimum required is "3.5") 
[0.646s] -- Found python_cmake_module: 0.8.1 (/opt/ros/foxy/share/python_cmake_module/cmake)
[0.676s] -- Using PYTHON_EXECUTABLE: /usr/bin/python3
[0.676s] -- Using PYTHON_INCLUDE_DIRS: /usr/include/python3.8
[0.676s] -- Using PYTHON_LIBRARIES: /usr/lib/x86_64-linux-gnu/libpython3.8.so
[0.704s] -- Configuring done
[0.729s] -- Generating done
[0.732s] -- Build files have been written to: /home/hle/Desktop/compsci/ros/slam_capstone/build/capstone_interfaces
[0.738s] Invoked command in '/home/hle/Desktop/compsci/ros/slam_capstone/build/capstone_interfaces' returned '0': CMAKE_PREFIX_PATH=/home/hle/Desktop/compsci/ros/ros2_ws/install/ws_bringup:/home/hle/Desktop/compsci/ros/ros2_ws/install/launch:/home/hle/Desktop/compsci/ros/ros2_ws/install/my_robot_interfaces:/home/hle/Desktop/compsci/ros/ros2_ws/install/my_cpp_pkg:/home/hle/turtlebot3_ws/install/turtlebot3:/home/hle/turtlebot3_ws/install/turtlebot3_simulations:/home/hle/turtlebot3_ws/install/turtlebot3_bringup:/home/hle/turtlebot3_ws/install/turtlebot3_node:/home/hle/turtlebot3_ws/install/turtlebot3_navigation2:/home/hle/turtlebot3_ws/install/turtlebot3_fake_node:/home/hle/turtlebot3_ws/install/turtlebot3_msgs:/home/hle/Desktop/compsci/ros/ros2_ws/install/my_py_pkg:/home/hle/Desktop/compsci/ros/ros2_ws/install/tf_transformations:/home/hle/Desktop/compsci/ros/mapping_controller/install/mapping_controller:/home/hle/turtlebot3_ws/install/turtlebot3_teleop:/home/hle/turtlebot3_ws/install/turtlebot3_example:/home/hle/Desktop/compsci/ros/ir_sensor/install/ir_sensor_pkg:/home/hle/Desktop/compsci/ros/clientserver/install/clientserver_pkg:/home/hle/Desktop/compsci/ros/activity2/install/activity:/home/hle/Desktop/compsci/ros/activity4/install/packages:/home/hle/Desktop/compsci/ros/slam_capstone/install/capstone_pkg:/opt/ros/foxy:/home/hle/turtlebot3_ws/install/turtlebot3_gazebo:/home/hle/turtlebot3_ws/install/turtlebot3_description:/home/hle/turtlebot3_ws/install/turtlebot3_cartographer:/home/hle/turtlebot3_ws/install/dynamixel_sdk_examples:/home/hle/turtlebot3_ws/install/dynamixel_sdk_custom_interfaces:/home/hle/turtlebot3_ws/install/dynamixel_sdk:/home/hle/Desktop/compsci/ros/activity2/install/activity_bringup:/home/hle/Desktop/compsci/ros/activity4/install/interfaces:/home/hle/Desktop/compsci/ros/slam_capstone/install/launch:/home/hle/Desktop/compsci/ros/slam_capstone/install/capstone_bringup:/home/hle/Desktop/compsci/ros/slam_capstone/install/capstone_interfaces /usr/bin/cmake /home/hle/Desktop/compsci/ros/slam_capstone/src/capstone_interfaces -DAMENT_CMAKE_SYMLINK_INSTALL=1 -DCMAKE_INSTALL_PREFIX=/home/hle/Desktop/compsci/ros/slam_capstone/install/capstone_interfaces
[0.741s] Invoking command in '/home/hle/Desktop/compsci/ros/slam_capstone/build/capstone_interfaces': CMAKE_PREFIX_PATH=/home/hle/Desktop/compsci/ros/ros2_ws/install/ws_bringup:/home/hle/Desktop/compsci/ros/ros2_ws/install/launch:/home/hle/Desktop/compsci/ros/ros2_ws/install/my_robot_interfaces:/home/hle/Desktop/compsci/ros/ros2_ws/install/my_cpp_pkg:/home/hle/turtlebot3_ws/install/turtlebot3:/home/hle/turtlebot3_ws/install/turtlebot3_simulations:/home/hle/turtlebot3_ws/install/turtlebot3_bringup:/home/hle/turtlebot3_ws/install/turtlebot3_node:/home/hle/turtlebot3_ws/install/turtlebot3_navigation2:/home/hle/turtlebot3_ws/install/turtlebot3_fake_node:/home/hle/turtlebot3_ws/install/turtlebot3_msgs:/home/hle/Desktop/compsci/ros/ros2_ws/install/my_py_pkg:/home/hle/Desktop/compsci/ros/ros2_ws/install/tf_transformations:/home/hle/Desktop/compsci/ros/mapping_controller/install/mapping_controller:/home/hle/turtlebot3_ws/install/turtlebot3_teleop:/home/hle/turtlebot3_ws/install/turtlebot3_example:/home/hle/Desktop/compsci/ros/ir_sensor/install/ir_sensor_pkg:/home/hle/Desktop/compsci/ros/clientserver/install/clientserver_pkg:/home/hle/Desktop/compsci/ros/activity2/install/activity:/home/hle/Desktop/compsci/ros/activity4/install/packages:/home/hle/Desktop/compsci/ros/slam_capstone/install/capstone_pkg:/opt/ros/foxy:/home/hle/turtlebot3_ws/install/turtlebot3_gazebo:/home/hle/turtlebot3_ws/install/turtlebot3_description:/home/hle/turtlebot3_ws/install/turtlebot3_cartographer:/home/hle/turtlebot3_ws/install/dynamixel_sdk_examples:/home/hle/turtlebot3_ws/install/dynamixel_sdk_custom_interfaces:/home/hle/turtlebot3_ws/install/dynamixel_sdk:/home/hle/Desktop/compsci/ros/activity2/install/activity_bringup:/home/hle/Desktop/compsci/ros/activity4/install/interfaces:/home/hle/Desktop/compsci/ros/slam_capstone/install/launch:/home/hle/Desktop/compsci/ros/slam_capstone/install/capstone_bringup:/home/hle/Desktop/compsci/ros/slam_capstone/install/capstone_interfaces /usr/bin/cmake --build /home/hle/Desktop/compsci/ros/slam_capstone/build/capstone_interfaces -- -j8 -l8
[0.791s] [  3%] Built target capstone_interfaces__cpp
[0.796s] [ 12%] Built target capstone_interfaces__rosidl_generator_c
[0.820s] [ 22%] Built target capstone_interfaces__rosidl_typesupport_cpp
[0.823s] [ 32%] Built target capstone_interfaces__rosidl_typesupport_introspection_c
[0.827s] [ 41%] Built target capstone_interfaces__rosidl_typesupport_introspection_cpp
[0.830s] [ 51%] Built target capstone_interfaces__rosidl_typesupport_c
[0.831s] [ 61%] Built target capstone_interfaces__rosidl_typesupport_fastrtps_cpp
[0.854s] [ 70%] Built target capstone_interfaces__rosidl_typesupport_fastrtps_c
[0.873s] [ 70%] Built target capstone_interfaces
[0.896s] [ 74%] Built target capstone_interfaces__py
[0.922s] [ 80%] Built target capstone_interfaces__python
[0.955s] [ 87%] Built target capstone_interfaces__rosidl_typesupport_fastrtps_c__pyext
[0.955s] [ 93%] Built target capstone_interfaces__rosidl_typesupport_introspection_c__pyext
[0.957s] [100%] Built target capstone_interfaces__rosidl_typesupport_c__pyext
[0.968s] Invoked command in '/home/hle/Desktop/compsci/ros/slam_capstone/build/capstone_interfaces' returned '0': CMAKE_PREFIX_PATH=/home/hle/Desktop/compsci/ros/ros2_ws/install/ws_bringup:/home/hle/Desktop/compsci/ros/ros2_ws/install/launch:/home/hle/Desktop/compsci/ros/ros2_ws/install/my_robot_interfaces:/home/hle/Desktop/compsci/ros/ros2_ws/install/my_cpp_pkg:/home/hle/turtlebot3_ws/install/turtlebot3:/home/hle/turtlebot3_ws/install/turtlebot3_simulations:/home/hle/turtlebot3_ws/install/turtlebot3_bringup:/home/hle/turtlebot3_ws/install/turtlebot3_node:/home/hle/turtlebot3_ws/install/turtlebot3_navigation2:/home/hle/turtlebot3_ws/install/turtlebot3_fake_node:/home/hle/turtlebot3_ws/install/turtlebot3_msgs:/home/hle/Desktop/compsci/ros/ros2_ws/install/my_py_pkg:/home/hle/Desktop/compsci/ros/ros2_ws/install/tf_transformations:/home/hle/Desktop/compsci/ros/mapping_controller/install/mapping_controller:/home/hle/turtlebot3_ws/install/turtlebot3_teleop:/home/hle/turtlebot3_ws/install/turtlebot3_example:/home/hle/Desktop/compsci/ros/ir_sensor/install/ir_sensor_pkg:/home/hle/Desktop/compsci/ros/clientserver/install/clientserver_pkg:/home/hle/Desktop/compsci/ros/activity2/install/activity:/home/hle/Desktop/compsci/ros/activity4/install/packages:/home/hle/Desktop/compsci/ros/slam_capstone/install/capstone_pkg:/opt/ros/foxy:/home/hle/turtlebot3_ws/install/turtlebot3_gazebo:/home/hle/turtlebot3_ws/install/turtlebot3_description:/home/hle/turtlebot3_ws/install/turtlebot3_cartographer:/home/hle/turtlebot3_ws/install/dynamixel_sdk_examples:/home/hle/turtlebot3_ws/install/dynamixel_sdk_custom_interfaces:/home/hle/turtlebot3_ws/install/dynamixel_sdk:/home/hle/Desktop/compsci/ros/activity2/install/activity_bringup:/home/hle/Desktop/compsci/ros/activity4/install/interfaces:/home/hle/Desktop/compsci/ros/slam_capstone/install/launch:/home/hle/Desktop/compsci/ros/slam_capstone/install/capstone_bringup:/home/hle/Desktop/compsci/ros/slam_capstone/install/capstone_interfaces /usr/bin/cmake --build /home/hle/Desktop/compsci/ros/slam_capstone/build/capstone_interfaces -- -j8 -l8
[1.023s] Invoking command in '/home/hle/Desktop/compsci/ros/slam_capstone/build/capstone_interfaces': CMAKE_PREFIX_PATH=/home/hle/Desktop/compsci/ros/ros2_ws/install/ws_bringup:/home/hle/Desktop/compsci/ros/ros2_ws/install/launch:/home/hle/Desktop/compsci/ros/ros2_ws/install/my_robot_interfaces:/home/hle/Desktop/compsci/ros/ros2_ws/install/my_cpp_pkg:/home/hle/turtlebot3_ws/install/turtlebot3:/home/hle/turtlebot3_ws/install/turtlebot3_simulations:/home/hle/turtlebot3_ws/install/turtlebot3_bringup:/home/hle/turtlebot3_ws/install/turtlebot3_node:/home/hle/turtlebot3_ws/install/turtlebot3_navigation2:/home/hle/turtlebot3_ws/install/turtlebot3_fake_node:/home/hle/turtlebot3_ws/install/turtlebot3_msgs:/home/hle/Desktop/compsci/ros/ros2_ws/install/my_py_pkg:/home/hle/Desktop/compsci/ros/ros2_ws/install/tf_transformations:/home/hle/Desktop/compsci/ros/mapping_controller/install/mapping_controller:/home/hle/turtlebot3_ws/install/turtlebot3_teleop:/home/hle/turtlebot3_ws/install/turtlebot3_example:/home/hle/Desktop/compsci/ros/ir_sensor/install/ir_sensor_pkg:/home/hle/Desktop/compsci/ros/clientserver/install/clientserver_pkg:/home/hle/Desktop/compsci/ros/activity2/install/activity:/home/hle/Desktop/compsci/ros/activity4/install/packages:/home/hle/Desktop/compsci/ros/slam_capstone/install/capstone_pkg:/opt/ros/foxy:/home/hle/turtlebot3_ws/install/turtlebot3_gazebo:/home/hle/turtlebot3_ws/install/turtlebot3_description:/home/hle/turtlebot3_ws/install/turtlebot3_cartographer:/home/hle/turtlebot3_ws/install/dynamixel_sdk_examples:/home/hle/turtlebot3_ws/install/dynamixel_sdk_custom_interfaces:/home/hle/turtlebot3_ws/install/dynamixel_sdk:/home/hle/Desktop/compsci/ros/activity2/install/activity_bringup:/home/hle/Desktop/compsci/ros/activity4/install/interfaces:/home/hle/Desktop/compsci/ros/slam_capstone/install/launch:/home/hle/Desktop/compsci/ros/slam_capstone/install/capstone_bringup:/home/hle/Desktop/compsci/ros/slam_capstone/install/capstone_interfaces /usr/bin/cmake --install /home/hle/Desktop/compsci/ros/slam_capstone/build/capstone_interfaces
[1.031s] -- Install configuration: ""
[1.032s] -- Execute custom install script
[1.032s] -- Up-to-date symlink: /home/hle/Desktop/compsci/ros/slam_capstone/install/capstone_interfaces/share/ament_index/resource_index/rosidl_interfaces/capstone_interfaces
[1.033s] -- Up-to-date symlink: /home/hle/Desktop/compsci/ros/slam_capstone/install/capstone_interfaces/include/capstone_interfaces/msg/detail/tb3_status__functions.h
[1.033s] -- Up-to-date symlink: /home/hle/Desktop/compsci/ros/slam_capstone/install/capstone_interfaces/include/capstone_interfaces/msg/detail/tb3_status__struct.h
[1.033s] -- Up-to-date symlink: /home/hle/Desktop/compsci/ros/slam_capstone/install/capstone_interfaces/include/capstone_interfaces/msg/detail/tb3_status__type_support.h
[1.034s] -- Up-to-date symlink: /home/hle/Desktop/compsci/ros/slam_capstone/install/capstone_interfaces/include/capstone_interfaces/msg/rosidl_generator_c__visibility_control.h
[1.034s] -- Up-to-date symlink: /home/hle/Desktop/compsci/ros/slam_capstone/install/capstone_interfaces/include/capstone_interfaces/msg/tb3_status.h
[1.034s] -- Up-to-date symlink: /home/hle/Desktop/compsci/ros/slam_capstone/install/capstone_interfaces/share/capstone_interfaces/environment/library_path.sh
[1.034s] -- Up-to-date symlink: /home/hle/Desktop/compsci/ros/slam_capstone/install/capstone_interfaces/share/capstone_interfaces/environment/library_path.dsv
[1.035s] -- Up-to-date symlink: /home/hle/Desktop/compsci/ros/slam_capstone/install/capstone_interfaces/include/capstone_interfaces/msg/detail/tb3_status__rosidl_typesupport_fastrtps_c.h
[1.035s] -- Up-to-date symlink: /home/hle/Desktop/compsci/ros/slam_capstone/install/capstone_interfaces/include/capstone_interfaces/msg/rosidl_typesupport_fastrtps_c__visibility_control.h
[1.036s] -- Up-to-date symlink: /home/hle/Desktop/compsci/ros/slam_capstone/install/capstone_interfaces/lib/libcapstone_interfaces__rosidl_typesupport_fastrtps_c.so
[1.037s] -- Up-to-date symlink: /home/hle/Desktop/compsci/ros/slam_capstone/install/capstone_interfaces/include/capstone_interfaces/msg/detail/tb3_status__rosidl_typesupport_fastrtps_cpp.hpp
[1.037s] -- Up-to-date symlink: /home/hle/Desktop/compsci/ros/slam_capstone/install/capstone_interfaces/include/capstone_interfaces/msg/rosidl_typesupport_fastrtps_cpp__visibility_control.h
[1.038s] -- Up-to-date symlink: /home/hle/Desktop/compsci/ros/slam_capstone/install/capstone_interfaces/lib/libcapstone_interfaces__rosidl_typesupport_fastrtps_cpp.so
[1.038s] -- Up-to-date symlink: /home/hle/Desktop/compsci/ros/slam_capstone/install/capstone_interfaces/include/capstone_interfaces/msg/detail/tb3_status__rosidl_typesupport_introspection_c.h
[1.038s] -- Up-to-date symlink: /home/hle/Desktop/compsci/ros/slam_capstone/install/capstone_interfaces/include/capstone_interfaces/msg/rosidl_typesupport_introspection_c__visibility_control.h
[1.039s] -- Up-to-date symlink: /home/hle/Desktop/compsci/ros/slam_capstone/install/capstone_interfaces/include/capstone_interfaces/msg/detail/tb3_status__builder.hpp
[1.039s] -- Up-to-date symlink: /home/hle/Desktop/compsci/ros/slam_capstone/install/capstone_interfaces/include/capstone_interfaces/msg/detail/tb3_status__struct.hpp
[1.039s] -- Up-to-date symlink: /home/hle/Desktop/compsci/ros/slam_capstone/install/capstone_interfaces/include/capstone_interfaces/msg/detail/tb3_status__traits.hpp
[1.040s] -- Up-to-date symlink: /home/hle/Desktop/compsci/ros/slam_capstone/install/capstone_interfaces/include/capstone_interfaces/msg/tb3_status.hpp
[1.040s] -- Up-to-date symlink: /home/hle/Desktop/compsci/ros/slam_capstone/install/capstone_interfaces/include/capstone_interfaces/msg/detail/tb3_status__rosidl_typesupport_introspection_cpp.hpp
[1.041s] -- Up-to-date symlink: /home/hle/Desktop/compsci/ros/slam_capstone/install/capstone_interfaces/share/capstone_interfaces/environment/pythonpath.sh
[1.041s] -- Up-to-date symlink: /home/hle/Desktop/compsci/ros/slam_capstone/install/capstone_interfaces/share/capstone_interfaces/environment/pythonpath.dsv
[1.041s] -- Up-to-date symlink: /home/hle/Desktop/compsci/ros/slam_capstone/install/capstone_interfaces/lib/python3.8/site-packages/capstone_interfaces/__init__.py
[1.042s] -- Up-to-date symlink: /home/hle/Desktop/compsci/ros/slam_capstone/install/capstone_interfaces/lib/python3.8/site-packages/capstone_interfaces/msg/__init__.py
[1.042s] -- Up-to-date symlink: /home/hle/Desktop/compsci/ros/slam_capstone/install/capstone_interfaces/lib/python3.8/site-packages/capstone_interfaces/msg/_tb3_status.py
[1.043s] -- Up-to-date symlink: /home/hle/Desktop/compsci/ros/slam_capstone/install/capstone_interfaces/lib/python3.8/site-packages/capstone_interfaces/capstone_interfaces_s__rosidl_typesupport_fastrtps_c.cpython-38-x86_64-linux-gnu.so
[1.043s] -- Up-to-date symlink: /home/hle/Desktop/compsci/ros/slam_capstone/install/capstone_interfaces/lib/python3.8/site-packages/capstone_interfaces/capstone_interfaces_s__rosidl_typesupport_introspection_c.cpython-38-x86_64-linux-gnu.so
[1.044s] -- Up-to-date symlink: /home/hle/Desktop/compsci/ros/slam_capstone/install/capstone_interfaces/lib/python3.8/site-packages/capstone_interfaces/capstone_interfaces_s__rosidl_typesupport_c.cpython-38-x86_64-linux-gnu.so
[1.044s] -- Up-to-date symlink: /home/hle/Desktop/compsci/ros/slam_capstone/install/capstone_interfaces/lib/libcapstone_interfaces__python.so
[1.044s] -- Up-to-date symlink: /home/hle/Desktop/compsci/ros/slam_capstone/install/capstone_interfaces/share/capstone_interfaces/msg/TB3Status.idl
[1.045s] -- Up-to-date symlink: /home/hle/Desktop/compsci/ros/slam_capstone/install/capstone_interfaces/share/capstone_interfaces/msg/TB3Status.msg
[1.045s] -- Up-to-date symlink: /home/hle/Desktop/compsci/ros/slam_capstone/install/capstone_interfaces/share/ament_index/resource_index/package_run_dependencies/capstone_interfaces
[1.046s] -- Up-to-date symlink: /home/hle/Desktop/compsci/ros/slam_capstone/install/capstone_interfaces/share/ament_index/resource_index/parent_prefix_path/capstone_interfaces
[1.046s] -- Up-to-date symlink: /home/hle/Desktop/compsci/ros/slam_capstone/install/capstone_interfaces/share/capstone_interfaces/environment/ament_prefix_path.sh
[1.046s] -- Up-to-date symlink: /home/hle/Desktop/compsci/ros/slam_capstone/install/capstone_interfaces/share/capstone_interfaces/environment/ament_prefix_path.dsv
[1.047s] -- Up-to-date symlink: /home/hle/Desktop/compsci/ros/slam_capstone/install/capstone_interfaces/share/capstone_interfaces/environment/path.sh
[1.047s] -- Up-to-date symlink: /home/hle/Desktop/compsci/ros/slam_capstone/install/capstone_interfaces/share/capstone_interfaces/environment/path.dsv
[1.047s] -- Up-to-date symlink: /home/hle/Desktop/compsci/ros/slam_capstone/install/capstone_interfaces/share/capstone_interfaces/local_setup.bash
[1.048s] -- Up-to-date symlink: /home/hle/Desktop/compsci/ros/slam_capstone/install/capstone_interfaces/share/capstone_interfaces/local_setup.sh
[1.048s] -- Up-to-date symlink: /home/hle/Desktop/compsci/ros/slam_capstone/install/capstone_interfaces/share/capstone_interfaces/local_setup.zsh
[1.048s] -- Up-to-date symlink: /home/hle/Desktop/compsci/ros/slam_capstone/install/capstone_interfaces/share/capstone_interfaces/local_setup.dsv
[1.049s] -- Symlinking: /home/hle/Desktop/compsci/ros/slam_capstone/install/capstone_interfaces/share/capstone_interfaces/package.dsv
[1.059s] -- Up-to-date symlink: /home/hle/Desktop/compsci/ros/slam_capstone/install/capstone_interfaces/share/ament_index/resource_index/packages/capstone_interfaces
[1.059s] -- Up-to-date symlink: /home/hle/Desktop/compsci/ros/slam_capstone/install/capstone_interfaces/share/capstone_interfaces/cmake/rosidl_cmake-extras.cmake
[1.059s] -- Up-to-date symlink: /home/hle/Desktop/compsci/ros/slam_capstone/install/capstone_interfaces/share/capstone_interfaces/cmake/ament_cmake_export_dependencies-extras.cmake
[1.059s] -- Up-to-date symlink: /home/hle/Desktop/compsci/ros/slam_capstone/install/capstone_interfaces/share/capstone_interfaces/cmake/ament_cmake_export_libraries-extras.cmake
[1.060s] -- Up-to-date symlink: /home/hle/Desktop/compsci/ros/slam_capstone/install/capstone_interfaces/share/capstone_interfaces/cmake/ament_cmake_export_targets-extras.cmake
[1.060s] -- Up-to-date symlink: /home/hle/Desktop/compsci/ros/slam_capstone/install/capstone_interfaces/share/capstone_interfaces/cmake/ament_cmake_export_include_directories-extras.cmake
[1.060s] -- Up-to-date symlink: /home/hle/Desktop/compsci/ros/slam_capstone/install/capstone_interfaces/share/capstone_interfaces/cmake/rosidl_cmake_export_typesupport_libraries-extras.cmake
[1.061s] -- Up-to-date symlink: /home/hle/Desktop/compsci/ros/slam_capstone/install/capstone_interfaces/share/capstone_interfaces/cmake/rosidl_cmake_export_typesupport_targets-extras.cmake
[1.061s] -- Up-to-date symlink: /home/hle/Desktop/compsci/ros/slam_capstone/install/capstone_interfaces/share/capstone_interfaces/cmake/capstone_interfacesConfig.cmake
[1.061s] -- Up-to-date symlink: /home/hle/Desktop/compsci/ros/slam_capstone/install/capstone_interfaces/share/capstone_interfaces/cmake/capstone_interfacesConfig-version.cmake
[1.061s] -- Up-to-date symlink: /home/hle/Desktop/compsci/ros/slam_capstone/install/capstone_interfaces/share/capstone_interfaces/package.xml
[1.062s] -- Up-to-date: /home/hle/Desktop/compsci/ros/slam_capstone/install/capstone_interfaces/lib/libcapstone_interfaces__rosidl_generator_c.so
[1.062s] -- Up-to-date: /home/hle/Desktop/compsci/ros/slam_capstone/install/capstone_interfaces/lib/libcapstone_interfaces__rosidl_typesupport_introspection_c.so
[1.062s] -- Up-to-date: /home/hle/Desktop/compsci/ros/slam_capstone/install/capstone_interfaces/lib/libcapstone_interfaces__rosidl_typesupport_c.so
[1.063s] -- Up-to-date: /home/hle/Desktop/compsci/ros/slam_capstone/install/capstone_interfaces/lib/libcapstone_interfaces__rosidl_typesupport_introspection_cpp.so
[1.063s] -- Up-to-date: /home/hle/Desktop/compsci/ros/slam_capstone/install/capstone_interfaces/lib/libcapstone_interfaces__rosidl_typesupport_cpp.so
[1.107s] Compiling '/home/hle/Desktop/compsci/ros/slam_capstone/install/capstone_interfaces/lib/python3.8/site-packages/capstone_interfaces/__init__.py'...
[1.111s] -- Up-to-date: /home/hle/Desktop/compsci/ros/slam_capstone/install/capstone_interfaces/share/capstone_interfaces/cmake/capstone_interfaces__rosidl_generator_cExport.cmake
[1.111s] -- Installing: /home/hle/Desktop/compsci/ros/slam_capstone/install/capstone_interfaces/share/capstone_interfaces/cmake/capstone_interfaces__rosidl_generator_cExport-noconfig.cmake
[1.112s] -- Up-to-date: /home/hle/Desktop/compsci/ros/slam_capstone/install/capstone_interfaces/share/capstone_interfaces/cmake/capstone_interfaces__rosidl_typesupport_introspection_cExport.cmake
[1.112s] -- Installing: /home/hle/Desktop/compsci/ros/slam_capstone/install/capstone_interfaces/share/capstone_interfaces/cmake/capstone_interfaces__rosidl_typesupport_introspection_cExport-noconfig.cmake
[1.112s] -- Up-to-date: /home/hle/Desktop/compsci/ros/slam_capstone/install/capstone_interfaces/share/capstone_interfaces/cmake/capstone_interfaces__rosidl_typesupport_cExport.cmake
[1.112s] -- Installing: /home/hle/Desktop/compsci/ros/slam_capstone/install/capstone_interfaces/share/capstone_interfaces/cmake/capstone_interfaces__rosidl_typesupport_cExport-noconfig.cmake
[1.112s] -- Up-to-date: /home/hle/Desktop/compsci/ros/slam_capstone/install/capstone_interfaces/share/capstone_interfaces/cmake/capstone_interfaces__rosidl_generator_cppExport.cmake
[1.113s] -- Up-to-date: /home/hle/Desktop/compsci/ros/slam_capstone/install/capstone_interfaces/share/capstone_interfaces/cmake/capstone_interfaces__rosidl_typesupport_introspection_cppExport.cmake
[1.113s] -- Installing: /home/hle/Desktop/compsci/ros/slam_capstone/install/capstone_interfaces/share/capstone_interfaces/cmake/capstone_interfaces__rosidl_typesupport_introspection_cppExport-noconfig.cmake
[1.113s] -- Up-to-date: /home/hle/Desktop/compsci/ros/slam_capstone/install/capstone_interfaces/share/capstone_interfaces/cmake/capstone_interfaces__rosidl_typesupport_cppExport.cmake
[1.113s] -- Installing: /home/hle/Desktop/compsci/ros/slam_capstone/install/capstone_interfaces/share/capstone_interfaces/cmake/capstone_interfaces__rosidl_typesupport_cppExport-noconfig.cmake
[1.116s] Invoked command in '/home/hle/Desktop/compsci/ros/slam_capstone/build/capstone_interfaces' returned '0': CMAKE_PREFIX_PATH=/home/hle/Desktop/compsci/ros/ros2_ws/install/ws_bringup:/home/hle/Desktop/compsci/ros/ros2_ws/install/launch:/home/hle/Desktop/compsci/ros/ros2_ws/install/my_robot_interfaces:/home/hle/Desktop/compsci/ros/ros2_ws/install/my_cpp_pkg:/home/hle/turtlebot3_ws/install/turtlebot3:/home/hle/turtlebot3_ws/install/turtlebot3_simulations:/home/hle/turtlebot3_ws/install/turtlebot3_bringup:/home/hle/turtlebot3_ws/install/turtlebot3_node:/home/hle/turtlebot3_ws/install/turtlebot3_navigation2:/home/hle/turtlebot3_ws/install/turtlebot3_fake_node:/home/hle/turtlebot3_ws/install/turtlebot3_msgs:/home/hle/Desktop/compsci/ros/ros2_ws/install/my_py_pkg:/home/hle/Desktop/compsci/ros/ros2_ws/install/tf_transformations:/home/hle/Desktop/compsci/ros/mapping_controller/install/mapping_controller:/home/hle/turtlebot3_ws/install/turtlebot3_teleop:/home/hle/turtlebot3_ws/install/turtlebot3_example:/home/hle/Desktop/compsci/ros/ir_sensor/install/ir_sensor_pkg:/home/hle/Desktop/compsci/ros/clientserver/install/clientserver_pkg:/home/hle/Desktop/compsci/ros/activity2/install/activity:/home/hle/Desktop/compsci/ros/activity4/install/packages:/home/hle/Desktop/compsci/ros/slam_capstone/install/capstone_pkg:/opt/ros/foxy:/home/hle/turtlebot3_ws/install/turtlebot3_gazebo:/home/hle/turtlebot3_ws/install/turtlebot3_description:/home/hle/turtlebot3_ws/install/turtlebot3_cartographer:/home/hle/turtlebot3_ws/install/dynamixel_sdk_examples:/home/hle/turtlebot3_ws/install/dynamixel_sdk_custom_interfaces:/home/hle/turtlebot3_ws/install/dynamixel_sdk:/home/hle/Desktop/compsci/ros/activity2/install/activity_bringup:/home/hle/Desktop/compsci/ros/activity4/install/interfaces:/home/hle/Desktop/compsci/ros/slam_capstone/install/launch:/home/hle/Desktop/compsci/ros/slam_capstone/install/capstone_bringup:/home/hle/Desktop/compsci/ros/slam_capstone/install/capstone_interfaces /usr/bin/cmake --install /home/hle/Desktop/compsci/ros/slam_capstone/build/capstone_interfaces
