[0.113s] DEBUG:colcon:Command line arguments: ['/usr/bin/colcon', 'build', '--symlink-install']
[0.113s] DEBUG:colcon:Parsed command line arguments: Namespace(allow_overriding=[], ament_cmake_args=None, base_paths=['.'], build_base='build', catkin_cmake_args=None, catkin_skip_building_tests=False, cmake_args=None, cmake_clean_cache=False, cmake_clean_first=False, cmake_force_configure=False, cmake_target=None, cmake_target_skip_unavailable=False, continue_on_error=False, event_handlers=None, executor='parallel', ignore_user_meta=False, install_base='install', log_base=None, log_level=None, main=<bound method BuildVerb.main of <colcon_core.verb.build.BuildVerb object at 0x7f1c40c482b0>>, merge_install=False, metas=['./colcon.meta'], packages_above=None, packages_above_and_dependencies=None, packages_above_depth=None, packages_end=None, packages_ignore=None, packages_ignore_regex=None, packages_select=None, packages_select_build_failed=False, packages_select_by_dep=None, packages_select_regex=None, packages_select_test_failures=False, packages_skip=None, packages_skip_build_finished=False, packages_skip_by_dep=None, packages_skip_regex=None, packages_skip_test_passed=False, packages_skip_up_to=None, packages_start=None, packages_up_to=None, packages_up_to_regex=None, parallel_workers=8, paths=None, symlink_install=True, test_result_base=None, verb_extension=<colcon_core.verb.build.BuildVerb object at 0x7f1c40c482b0>, verb_name='build', verb_parser=<colcon_defaults.argument_parser.defaults.DefaultArgumentsDecorator object at 0x7f1c40c487f0>)
[0.116s] Level 1:colcon.colcon_core.package_discovery:discover_packages(colcon_meta) check parameters
[0.116s] Level 1:colcon.colcon_core.package_discovery:discover_packages(recursive) check parameters
[0.117s] Level 1:colcon.colcon_core.package_discovery:discover_packages(ignore) check parameters
[0.117s] Level 1:colcon.colcon_core.package_discovery:discover_packages(path) check parameters
[0.117s] Level 1:colcon.colcon_core.package_discovery:discover_packages(colcon_meta) discover
[0.117s] Level 1:colcon.colcon_core.package_discovery:discover_packages(recursive) discover
[0.117s] INFO:colcon.colcon_core.package_discovery:Crawling recursively for packages in '/home/hle/Desktop/compsci/ros/slam_capstone'
[0.117s] Level 1:colcon.colcon_core.package_identification:_identify(.) by extensions ['ignore', 'ignore_ament_install']
[0.117s] Level 1:colcon.colcon_core.package_identification:_identify(.) by extension 'ignore'
[0.117s] Level 1:colcon.colcon_core.package_identification:_identify(.) by extension 'ignore_ament_install'
[0.117s] Level 1:colcon.colcon_core.package_identification:_identify(.) by extensions ['colcon_pkg']
[0.117s] Level 1:colcon.colcon_core.package_identification:_identify(.) by extension 'colcon_pkg'
[0.117s] Level 1:colcon.colcon_core.package_identification:_identify(.) by extensions ['colcon_meta']
[0.117s] Level 1:colcon.colcon_core.package_identification:_identify(.) by extension 'colcon_meta'
[0.117s] Level 1:colcon.colcon_core.package_identification:_identify(.) by extensions ['ros']
[0.117s] Level 1:colcon.colcon_core.package_identification:_identify(.) by extension 'ros'
[0.126s] Level 1:colcon.colcon_core.package_identification:_identify(.) by extensions ['cmake', 'python']
[0.126s] Level 1:colcon.colcon_core.package_identification:_identify(.) by extension 'cmake'
[0.126s] Level 1:colcon.colcon_core.package_identification:_identify(.) by extension 'python'
[0.126s] Level 1:colcon.colcon_core.package_identification:_identify(.) by extensions ['python_setup_py']
[0.126s] Level 1:colcon.colcon_core.package_identification:_identify(.) by extension 'python_setup_py'
[0.126s] Level 1:colcon.colcon_core.package_identification:_identify(build) by extensions ['ignore', 'ignore_ament_install']
[0.126s] Level 1:colcon.colcon_core.package_identification:_identify(build) by extension 'ignore'
[0.126s] Level 1:colcon.colcon_core.package_identification:_identify(build) ignored
[0.126s] Level 1:colcon.colcon_core.package_identification:_identify(install) by extensions ['ignore', 'ignore_ament_install']
[0.126s] Level 1:colcon.colcon_core.package_identification:_identify(install) by extension 'ignore'
[0.126s] Level 1:colcon.colcon_core.package_identification:_identify(install) ignored
[0.126s] Level 1:colcon.colcon_core.package_identification:_identify(log) by extensions ['ignore', 'ignore_ament_install']
[0.126s] Level 1:colcon.colcon_core.package_identification:_identify(log) by extension 'ignore'
[0.127s] Level 1:colcon.colcon_core.package_identification:_identify(log) ignored
[0.127s] Level 1:colcon.colcon_core.package_identification:_identify(src) by extensions ['ignore', 'ignore_ament_install']
[0.127s] Level 1:colcon.colcon_core.package_identification:_identify(src) by extension 'ignore'
[0.127s] Level 1:colcon.colcon_core.package_identification:_identify(src) by extension 'ignore_ament_install'
[0.127s] Level 1:colcon.colcon_core.package_identification:_identify(src) by extensions ['colcon_pkg']
[0.127s] Level 1:colcon.colcon_core.package_identification:_identify(src) by extension 'colcon_pkg'
[0.127s] Level 1:colcon.colcon_core.package_identification:_identify(src) by extensions ['colcon_meta']
[0.127s] Level 1:colcon.colcon_core.package_identification:_identify(src) by extension 'colcon_meta'
[0.127s] Level 1:colcon.colcon_core.package_identification:_identify(src) by extensions ['ros']
[0.127s] Level 1:colcon.colcon_core.package_identification:_identify(src) by extension 'ros'
[0.127s] Level 1:colcon.colcon_core.package_identification:_identify(src) by extensions ['cmake', 'python']
[0.127s] Level 1:colcon.colcon_core.package_identification:_identify(src) by extension 'cmake'
[0.127s] Level 1:colcon.colcon_core.package_identification:_identify(src) by extension 'python'
[0.127s] Level 1:colcon.colcon_core.package_identification:_identify(src) by extensions ['python_setup_py']
[0.127s] Level 1:colcon.colcon_core.package_identification:_identify(src) by extension 'python_setup_py'
[0.127s] Level 1:colcon.colcon_core.package_identification:_identify(src/capstone_bringup) by extensions ['ignore', 'ignore_ament_install']
[0.127s] Level 1:colcon.colcon_core.package_identification:_identify(src/capstone_bringup) by extension 'ignore'
[0.127s] Level 1:colcon.colcon_core.package_identification:_identify(src/capstone_bringup) by extension 'ignore_ament_install'
[0.127s] Level 1:colcon.colcon_core.package_identification:_identify(src/capstone_bringup) by extensions ['colcon_pkg']
[0.127s] Level 1:colcon.colcon_core.package_identification:_identify(src/capstone_bringup) by extension 'colcon_pkg'
[0.127s] Level 1:colcon.colcon_core.package_identification:_identify(src/capstone_bringup) by extensions ['colcon_meta']
[0.127s] Level 1:colcon.colcon_core.package_identification:_identify(src/capstone_bringup) by extension 'colcon_meta'
[0.127s] Level 1:colcon.colcon_core.package_identification:_identify(src/capstone_bringup) by extensions ['ros']
[0.127s] Level 1:colcon.colcon_core.package_identification:_identify(src/capstone_bringup) by extension 'ros'
[0.129s] DEBUG:colcon.colcon_core.package_identification:Package 'src/capstone_bringup' with type 'ros.ament_cmake' and name 'capstone_bringup'
[0.129s] Level 1:colcon.colcon_core.package_identification:_identify(src/capstone_interfaces) by extensions ['ignore', 'ignore_ament_install']
[0.129s] Level 1:colcon.colcon_core.package_identification:_identify(src/capstone_interfaces) by extension 'ignore'
[0.129s] Level 1:colcon.colcon_core.package_identification:_identify(src/capstone_interfaces) by extension 'ignore_ament_install'
[0.129s] Level 1:colcon.colcon_core.package_identification:_identify(src/capstone_interfaces) by extensions ['colcon_pkg']
[0.129s] Level 1:colcon.colcon_core.package_identification:_identify(src/capstone_interfaces) by extension 'colcon_pkg'
[0.129s] Level 1:colcon.colcon_core.package_identification:_identify(src/capstone_interfaces) by extensions ['colcon_meta']
[0.130s] Level 1:colcon.colcon_core.package_identification:_identify(src/capstone_interfaces) by extension 'colcon_meta'
[0.130s] Level 1:colcon.colcon_core.package_identification:_identify(src/capstone_interfaces) by extensions ['ros']
[0.130s] Level 1:colcon.colcon_core.package_identification:_identify(src/capstone_interfaces) by extension 'ros'
[0.130s] DEBUG:colcon.colcon_core.package_identification:Package 'src/capstone_interfaces' with type 'ros.ament_cmake' and name 'capstone_interfaces'
[0.130s] Level 1:colcon.colcon_core.package_identification:_identify(src/capstone_pkg) by extensions ['ignore', 'ignore_ament_install']
[0.130s] Level 1:colcon.colcon_core.package_identification:_identify(src/capstone_pkg) by extension 'ignore'
[0.130s] Level 1:colcon.colcon_core.package_identification:_identify(src/capstone_pkg) by extension 'ignore_ament_install'
[0.130s] Level 1:colcon.colcon_core.package_identification:_identify(src/capstone_pkg) by extensions ['colcon_pkg']
[0.130s] Level 1:colcon.colcon_core.package_identification:_identify(src/capstone_pkg) by extension 'colcon_pkg'
[0.130s] Level 1:colcon.colcon_core.package_identification:_identify(src/capstone_pkg) by extensions ['colcon_meta']
[0.130s] Level 1:colcon.colcon_core.package_identification:_identify(src/capstone_pkg) by extension 'colcon_meta'
[0.130s] Level 1:colcon.colcon_core.package_identification:_identify(src/capstone_pkg) by extensions ['ros']
[0.130s] Level 1:colcon.colcon_core.package_identification:_identify(src/capstone_pkg) by extension 'ros'
[0.131s] DEBUG:colcon.colcon_core.package_identification:Package 'src/capstone_pkg' with type 'ros.ament_python' and name 'capstone_pkg'
[0.131s] Level 1:colcon.colcon_core.package_discovery:discover_packages(recursive) using defaults
[0.131s] Level 1:colcon.colcon_core.package_discovery:discover_packages(ignore) discover
[0.131s] Level 1:colcon.colcon_core.package_discovery:discover_packages(ignore) using defaults
[0.131s] Level 1:colcon.colcon_core.package_discovery:discover_packages(path) discover
[0.131s] Level 1:colcon.colcon_core.package_discovery:discover_packages(path) using defaults
[0.146s] Level 5:colcon.colcon_core.verb:set package 'capstone_interfaces' build argument 'cmake_args' from command line to 'None'
[0.146s] Level 5:colcon.colcon_core.verb:set package 'capstone_interfaces' build argument 'cmake_target' from command line to 'None'
[0.146s] Level 5:colcon.colcon_core.verb:set package 'capstone_interfaces' build argument 'cmake_target_skip_unavailable' from command line to 'False'
[0.146s] Level 5:colcon.colcon_core.verb:set package 'capstone_interfaces' build argument 'cmake_clean_cache' from command line to 'False'
[0.146s] Level 5:colcon.colcon_core.verb:set package 'capstone_interfaces' build argument 'cmake_clean_first' from command line to 'False'
[0.146s] Level 5:colcon.colcon_core.verb:set package 'capstone_interfaces' build argument 'cmake_force_configure' from command line to 'False'
[0.146s] Level 5:colcon.colcon_core.verb:set package 'capstone_interfaces' build argument 'ament_cmake_args' from command line to 'None'
[0.146s] Level 5:colcon.colcon_core.verb:set package 'capstone_interfaces' build argument 'catkin_cmake_args' from command line to 'None'
[0.147s] Level 5:colcon.colcon_core.verb:set package 'capstone_interfaces' build argument 'catkin_skip_building_tests' from command line to 'False'
[0.147s] DEBUG:colcon.colcon_core.verb:Building package 'capstone_interfaces' with the following arguments: {'ament_cmake_args': None, 'build_base': '/home/hle/Desktop/compsci/ros/slam_capstone/build/capstone_interfaces', 'catkin_cmake_args': None, 'catkin_skip_building_tests': False, 'cmake_args': None, 'cmake_clean_cache': False, 'cmake_clean_first': False, 'cmake_force_configure': False, 'cmake_target': None, 'cmake_target_skip_unavailable': False, 'install_base': '/home/hle/Desktop/compsci/ros/slam_capstone/install/capstone_interfaces', 'merge_install': False, 'path': '/home/hle/Desktop/compsci/ros/slam_capstone/src/capstone_interfaces', 'symlink_install': True, 'test_result_base': None}
[0.147s] Level 5:colcon.colcon_core.verb:set package 'capstone_pkg' build argument 'cmake_args' from command line to 'None'
[0.147s] Level 5:colcon.colcon_core.verb:set package 'capstone_pkg' build argument 'cmake_target' from command line to 'None'
[0.147s] Level 5:colcon.colcon_core.verb:set package 'capstone_pkg' build argument 'cmake_target_skip_unavailable' from command line to 'False'
[0.147s] Level 5:colcon.colcon_core.verb:set package 'capstone_pkg' build argument 'cmake_clean_cache' from command line to 'False'
[0.147s] Level 5:colcon.colcon_core.verb:set package 'capstone_pkg' build argument 'cmake_clean_first' from command line to 'False'
[0.147s] Level 5:colcon.colcon_core.verb:set package 'capstone_pkg' build argument 'cmake_force_configure' from command line to 'False'
[0.147s] Level 5:colcon.colcon_core.verb:set package 'capstone_pkg' build argument 'ament_cmake_args' from command line to 'None'
[0.147s] Level 5:colcon.colcon_core.verb:set package 'capstone_pkg' build argument 'catkin_cmake_args' from command line to 'None'
[0.147s] Level 5:colcon.colcon_core.verb:set package 'capstone_pkg' build argument 'catkin_skip_building_tests' from command line to 'False'
[0.147s] DEBUG:colcon.colcon_core.verb:Building package 'capstone_pkg' with the following arguments: {'ament_cmake_args': None, 'build_base': '/home/hle/Desktop/compsci/ros/slam_capstone/build/capstone_pkg', 'catkin_cmake_args': None, 'catkin_skip_building_tests': False, 'cmake_args': None, 'cmake_clean_cache': False, 'cmake_clean_first': False, 'cmake_force_configure': False, 'cmake_target': None, 'cmake_target_skip_unavailable': False, 'install_base': '/home/hle/Desktop/compsci/ros/slam_capstone/install/capstone_pkg', 'merge_install': False, 'path': '/home/hle/Desktop/compsci/ros/slam_capstone/src/capstone_pkg', 'symlink_install': True, 'test_result_base': None}
[0.148s] Level 5:colcon.colcon_core.verb:set package 'capstone_bringup' build argument 'cmake_args' from command line to 'None'
[0.148s] Level 5:colcon.colcon_core.verb:set package 'capstone_bringup' build argument 'cmake_target' from command line to 'None'
[0.148s] Level 5:colcon.colcon_core.verb:set package 'capstone_bringup' build argument 'cmake_target_skip_unavailable' from command line to 'False'
[0.148s] Level 5:colcon.colcon_core.verb:set package 'capstone_bringup' build argument 'cmake_clean_cache' from command line to 'False'
[0.148s] Level 5:colcon.colcon_core.verb:set package 'capstone_bringup' build argument 'cmake_clean_first' from command line to 'False'
[0.148s] Level 5:colcon.colcon_core.verb:set package 'capstone_bringup' build argument 'cmake_force_configure' from command line to 'False'
[0.148s] Level 5:colcon.colcon_core.verb:set package 'capstone_bringup' build argument 'ament_cmake_args' from command line to 'None'
[0.148s] Level 5:colcon.colcon_core.verb:set package 'capstone_bringup' build argument 'catkin_cmake_args' from command line to 'None'
[0.148s] Level 5:colcon.colcon_core.verb:set package 'capstone_bringup' build argument 'catkin_skip_building_tests' from command line to 'False'
[0.148s] DEBUG:colcon.colcon_core.verb:Building package 'capstone_bringup' with the following arguments: {'ament_cmake_args': None, 'build_base': '/home/hle/Desktop/compsci/ros/slam_capstone/build/capstone_bringup', 'catkin_cmake_args': None, 'catkin_skip_building_tests': False, 'cmake_args': None, 'cmake_clean_cache': False, 'cmake_clean_first': False, 'cmake_force_configure': False, 'cmake_target': None, 'cmake_target_skip_unavailable': False, 'install_base': '/home/hle/Desktop/compsci/ros/slam_capstone/install/capstone_bringup', 'merge_install': False, 'path': '/home/hle/Desktop/compsci/ros/slam_capstone/src/capstone_bringup', 'symlink_install': True, 'test_result_base': None}
[0.154s] WARNING:colcon.colcon_core.verb:Some selected packages are already built in one or more underlay workspaces:
	'capstone_interfaces' is in: /home/hle/Desktop/compsci/ros/slam_capstone/install/capstone_interfaces
	'capstone_pkg' is in: /home/hle/Desktop/compsci/ros/slam_capstone/install/capstone_pkg
	'capstone_bringup' is in: /home/hle/Desktop/compsci/ros/slam_capstone/install/capstone_bringup
If a package in a merged underlay workspace is overridden and it installs headers, then all packages in the overlay must sort their include directories by workspace order. Failure to do so may result in build failures or undefined behavior at run time.
If the overridden package is used by another package in any underlay, then the overriding package in the overlay must be API and ABI compatible or undefined behavior at run time may occur.

If you understand the risks and want to override a package anyways, add the following to the command line:
	--allow-overriding capstone_bringup capstone_interfaces capstone_pkg

This may be promoted to an error in a future release of colcon-core.
[0.154s] INFO:colcon.colcon_core.executor:Executing jobs using 'parallel' executor
[0.155s] DEBUG:colcon.colcon_parallel_executor.executor.parallel:run_until_complete
[0.155s] INFO:colcon.colcon_ros.task.ament_cmake.build:Building ROS package in '/home/hle/Desktop/compsci/ros/slam_capstone/src/capstone_interfaces' with build type 'ament_cmake'
[0.156s] INFO:colcon.colcon_cmake.task.cmake.build:Building CMake package in '/home/hle/Desktop/compsci/ros/slam_capstone/src/capstone_interfaces'
[0.158s] INFO:colcon.colcon_core.plugin_system:Skipping extension 'colcon_core.shell.bat': Not used on non-Windows systems
[0.158s] INFO:colcon.colcon_core.shell:Skip shell extension 'powershell' for command environment: Not usable outside of PowerShell
[0.158s] DEBUG:colcon.colcon_core.shell:Skip shell extension 'dsv' for command environment
[0.169s] DEBUG:colcon.colcon_core.event_handler.log_command:Invoking command in '/home/hle/Desktop/compsci/ros/slam_capstone/build/capstone_interfaces': CMAKE_PREFIX_PATH=${CMAKE_PREFIX_PATH}:/home/hle/Desktop/compsci/ros/ros2_ws/install/my_py_pkg:/home/hle/turtlebot3_ws/install/turtlebot3_teleop:/home/hle/turtlebot3_ws/install/turtlebot3_example:/home/hle/Desktop/compsci/ros/ir_sensor/install/ir_sensor_pkg:/home/hle/Desktop/compsci/ros/clientserver/install/clientserver_pkg:/home/hle/Desktop/compsci/ros/activity2/install/activity:/home/hle/Desktop/compsci/ros/activity4/install/packages:/home/hle/Desktop/compsci/ros/slam_capstone/install/capstone_pkg:/opt/ros/foxy /usr/bin/cmake --build /home/hle/Desktop/compsci/ros/slam_capstone/build/capstone_interfaces -- -j8 -l8
[0.349s] DEBUG:colcon.colcon_core.event_handler.log_command:Invoked command in '/home/hle/Desktop/compsci/ros/slam_capstone/build/capstone_interfaces' returned '0': CMAKE_PREFIX_PATH=${CMAKE_PREFIX_PATH}:/home/hle/Desktop/compsci/ros/ros2_ws/install/my_py_pkg:/home/hle/turtlebot3_ws/install/turtlebot3_teleop:/home/hle/turtlebot3_ws/install/turtlebot3_example:/home/hle/Desktop/compsci/ros/ir_sensor/install/ir_sensor_pkg:/home/hle/Desktop/compsci/ros/clientserver/install/clientserver_pkg:/home/hle/Desktop/compsci/ros/activity2/install/activity:/home/hle/Desktop/compsci/ros/activity4/install/packages:/home/hle/Desktop/compsci/ros/slam_capstone/install/capstone_pkg:/opt/ros/foxy /usr/bin/cmake --build /home/hle/Desktop/compsci/ros/slam_capstone/build/capstone_interfaces -- -j8 -l8
[0.403s] DEBUG:colcon.colcon_core.event_handler.log_command:Invoking command in '/home/hle/Desktop/compsci/ros/slam_capstone/build/capstone_interfaces': CMAKE_PREFIX_PATH=${CMAKE_PREFIX_PATH}:/home/hle/Desktop/compsci/ros/ros2_ws/install/my_py_pkg:/home/hle/turtlebot3_ws/install/turtlebot3_teleop:/home/hle/turtlebot3_ws/install/turtlebot3_example:/home/hle/Desktop/compsci/ros/ir_sensor/install/ir_sensor_pkg:/home/hle/Desktop/compsci/ros/clientserver/install/clientserver_pkg:/home/hle/Desktop/compsci/ros/activity2/install/activity:/home/hle/Desktop/compsci/ros/activity4/install/packages:/home/hle/Desktop/compsci/ros/slam_capstone/install/capstone_pkg:/opt/ros/foxy /usr/bin/cmake --install /home/hle/Desktop/compsci/ros/slam_capstone/build/capstone_interfaces
[0.481s] Level 1:colcon.colcon_core.environment:create_environment_scripts_only(capstone_interfaces)
[0.483s] DEBUG:colcon.colcon_core.event_handler.log_command:Invoked command in '/home/hle/Desktop/compsci/ros/slam_capstone/build/capstone_interfaces' returned '0': CMAKE_PREFIX_PATH=${CMAKE_PREFIX_PATH}:/home/hle/Desktop/compsci/ros/ros2_ws/install/my_py_pkg:/home/hle/turtlebot3_ws/install/turtlebot3_teleop:/home/hle/turtlebot3_ws/install/turtlebot3_example:/home/hle/Desktop/compsci/ros/ir_sensor/install/ir_sensor_pkg:/home/hle/Desktop/compsci/ros/clientserver/install/clientserver_pkg:/home/hle/Desktop/compsci/ros/activity2/install/activity:/home/hle/Desktop/compsci/ros/activity4/install/packages:/home/hle/Desktop/compsci/ros/slam_capstone/install/capstone_pkg:/opt/ros/foxy /usr/bin/cmake --install /home/hle/Desktop/compsci/ros/slam_capstone/build/capstone_interfaces
[0.486s] Level 1:colcon.colcon_core.environment:checking '/home/hle/Desktop/compsci/ros/slam_capstone/install/capstone_interfaces' for CMake module files
[0.487s] Level 1:colcon.colcon_core.environment:checking '/home/hle/Desktop/compsci/ros/slam_capstone/install/capstone_interfaces' for CMake config files
[0.487s] Level 1:colcon.colcon_core.shell:create_environment_hook('capstone_interfaces', 'cmake_prefix_path')
[0.487s] INFO:colcon.colcon_core.shell:Creating environment hook '/home/hle/Desktop/compsci/ros/slam_capstone/install/capstone_interfaces/share/capstone_interfaces/hook/cmake_prefix_path.ps1'
[0.488s] INFO:colcon.colcon_core.shell:Creating environment descriptor '/home/hle/Desktop/compsci/ros/slam_capstone/install/capstone_interfaces/share/capstone_interfaces/hook/cmake_prefix_path.dsv'
[0.488s] INFO:colcon.colcon_core.shell:Creating environment hook '/home/hle/Desktop/compsci/ros/slam_capstone/install/capstone_interfaces/share/capstone_interfaces/hook/cmake_prefix_path.sh'
[0.489s] Level 1:colcon.colcon_core.environment:checking '/home/hle/Desktop/compsci/ros/slam_capstone/install/capstone_interfaces/lib'
[0.489s] Level 1:colcon.colcon_core.shell:create_environment_hook('capstone_interfaces', 'ld_library_path_lib')
[0.490s] INFO:colcon.colcon_core.shell:Creating environment hook '/home/hle/Desktop/compsci/ros/slam_capstone/install/capstone_interfaces/share/capstone_interfaces/hook/ld_library_path_lib.ps1'
[0.490s] INFO:colcon.colcon_core.shell:Creating environment descriptor '/home/hle/Desktop/compsci/ros/slam_capstone/install/capstone_interfaces/share/capstone_interfaces/hook/ld_library_path_lib.dsv'
[0.490s] INFO:colcon.colcon_core.shell:Creating environment hook '/home/hle/Desktop/compsci/ros/slam_capstone/install/capstone_interfaces/share/capstone_interfaces/hook/ld_library_path_lib.sh'
[0.491s] Level 1:colcon.colcon_core.environment:checking '/home/hle/Desktop/compsci/ros/slam_capstone/install/capstone_interfaces/bin'
[0.491s] Level 1:colcon.colcon_core.environment:checking '/home/hle/Desktop/compsci/ros/slam_capstone/install/capstone_interfaces/lib/pkgconfig/capstone_interfaces.pc'
[0.491s] Level 1:colcon.colcon_core.environment:checking '/home/hle/Desktop/compsci/ros/slam_capstone/install/capstone_interfaces/lib/python3.8/site-packages'
[0.491s] Level 1:colcon.colcon_core.shell:create_environment_hook('capstone_interfaces', 'pythonpath')
[0.491s] INFO:colcon.colcon_core.shell:Creating environment hook '/home/hle/Desktop/compsci/ros/slam_capstone/install/capstone_interfaces/share/capstone_interfaces/hook/pythonpath.ps1'
[0.492s] INFO:colcon.colcon_core.shell:Creating environment descriptor '/home/hle/Desktop/compsci/ros/slam_capstone/install/capstone_interfaces/share/capstone_interfaces/hook/pythonpath.dsv'
[0.492s] INFO:colcon.colcon_core.shell:Creating environment hook '/home/hle/Desktop/compsci/ros/slam_capstone/install/capstone_interfaces/share/capstone_interfaces/hook/pythonpath.sh'
[0.493s] INFO:colcon.colcon_core.shell:Creating package script '/home/hle/Desktop/compsci/ros/slam_capstone/install/capstone_interfaces/share/capstone_interfaces/package.ps1'
[0.494s] INFO:colcon.colcon_core.shell:Creating package descriptor '/home/hle/Desktop/compsci/ros/slam_capstone/install/capstone_interfaces/share/capstone_interfaces/package.dsv'
[0.494s] INFO:colcon.colcon_core.shell:Creating package script '/home/hle/Desktop/compsci/ros/slam_capstone/install/capstone_interfaces/share/capstone_interfaces/package.sh'
[0.495s] INFO:colcon.colcon_core.shell:Creating package script '/home/hle/Desktop/compsci/ros/slam_capstone/install/capstone_interfaces/share/capstone_interfaces/package.bash'
[0.496s] INFO:colcon.colcon_core.shell:Creating package script '/home/hle/Desktop/compsci/ros/slam_capstone/install/capstone_interfaces/share/capstone_interfaces/package.zsh'
[0.496s] Level 1:colcon.colcon_core.environment:create_file_with_runtime_dependencies(/home/hle/Desktop/compsci/ros/slam_capstone/install/capstone_interfaces/share/colcon-core/packages/capstone_interfaces)
[0.539s] Level 1:colcon.colcon_core.environment:create_environment_scripts_only(capstone_interfaces)
[0.540s] Level 1:colcon.colcon_core.environment:checking '/home/hle/Desktop/compsci/ros/slam_capstone/install/capstone_interfaces' for CMake module files
[0.540s] Level 1:colcon.colcon_core.environment:checking '/home/hle/Desktop/compsci/ros/slam_capstone/install/capstone_interfaces' for CMake config files
[0.540s] Level 1:colcon.colcon_core.shell:create_environment_hook('capstone_interfaces', 'cmake_prefix_path')
[0.541s] INFO:colcon.colcon_core.shell:Creating environment hook '/home/hle/Desktop/compsci/ros/slam_capstone/install/capstone_interfaces/share/capstone_interfaces/hook/cmake_prefix_path.ps1'
[0.541s] INFO:colcon.colcon_core.shell:Creating environment descriptor '/home/hle/Desktop/compsci/ros/slam_capstone/install/capstone_interfaces/share/capstone_interfaces/hook/cmake_prefix_path.dsv'
[0.542s] INFO:colcon.colcon_core.shell:Creating environment hook '/home/hle/Desktop/compsci/ros/slam_capstone/install/capstone_interfaces/share/capstone_interfaces/hook/cmake_prefix_path.sh'
[0.542s] Level 1:colcon.colcon_core.environment:checking '/home/hle/Desktop/compsci/ros/slam_capstone/install/capstone_interfaces/lib'
[0.542s] Level 1:colcon.colcon_core.shell:create_environment_hook('capstone_interfaces', 'ld_library_path_lib')
[0.543s] INFO:colcon.colcon_core.shell:Creating environment hook '/home/hle/Desktop/compsci/ros/slam_capstone/install/capstone_interfaces/share/capstone_interfaces/hook/ld_library_path_lib.ps1'
[0.543s] INFO:colcon.colcon_core.shell:Creating environment descriptor '/home/hle/Desktop/compsci/ros/slam_capstone/install/capstone_interfaces/share/capstone_interfaces/hook/ld_library_path_lib.dsv'
[0.543s] INFO:colcon.colcon_core.shell:Creating environment hook '/home/hle/Desktop/compsci/ros/slam_capstone/install/capstone_interfaces/share/capstone_interfaces/hook/ld_library_path_lib.sh'
[0.544s] Level 1:colcon.colcon_core.environment:checking '/home/hle/Desktop/compsci/ros/slam_capstone/install/capstone_interfaces/bin'
[0.544s] Level 1:colcon.colcon_core.environment:checking '/home/hle/Desktop/compsci/ros/slam_capstone/install/capstone_interfaces/lib/pkgconfig/capstone_interfaces.pc'
[0.544s] Level 1:colcon.colcon_core.environment:checking '/home/hle/Desktop/compsci/ros/slam_capstone/install/capstone_interfaces/lib/python3.8/site-packages'
[0.544s] Level 1:colcon.colcon_core.shell:create_environment_hook('capstone_interfaces', 'pythonpath')
[0.544s] INFO:colcon.colcon_core.shell:Creating environment hook '/home/hle/Desktop/compsci/ros/slam_capstone/install/capstone_interfaces/share/capstone_interfaces/hook/pythonpath.ps1'
[0.545s] INFO:colcon.colcon_core.shell:Creating environment descriptor '/home/hle/Desktop/compsci/ros/slam_capstone/install/capstone_interfaces/share/capstone_interfaces/hook/pythonpath.dsv'
[0.545s] INFO:colcon.colcon_core.shell:Creating environment hook '/home/hle/Desktop/compsci/ros/slam_capstone/install/capstone_interfaces/share/capstone_interfaces/hook/pythonpath.sh'
[0.546s] INFO:colcon.colcon_core.shell:Creating package script '/home/hle/Desktop/compsci/ros/slam_capstone/install/capstone_interfaces/share/capstone_interfaces/package.ps1'
[0.546s] INFO:colcon.colcon_core.shell:Creating package descriptor '/home/hle/Desktop/compsci/ros/slam_capstone/install/capstone_interfaces/share/capstone_interfaces/package.dsv'
[0.547s] INFO:colcon.colcon_core.shell:Creating package script '/home/hle/Desktop/compsci/ros/slam_capstone/install/capstone_interfaces/share/capstone_interfaces/package.sh'
[0.547s] INFO:colcon.colcon_core.shell:Creating package script '/home/hle/Desktop/compsci/ros/slam_capstone/install/capstone_interfaces/share/capstone_interfaces/package.bash'
[0.547s] INFO:colcon.colcon_core.shell:Creating package script '/home/hle/Desktop/compsci/ros/slam_capstone/install/capstone_interfaces/share/capstone_interfaces/package.zsh'
[0.548s] Level 1:colcon.colcon_core.environment:create_file_with_runtime_dependencies(/home/hle/Desktop/compsci/ros/slam_capstone/install/capstone_interfaces/share/colcon-core/packages/capstone_interfaces)
[0.548s] INFO:colcon.colcon_ros.task.ament_python.build:Building ROS package in '/home/hle/Desktop/compsci/ros/slam_capstone/src/capstone_pkg' with build type 'ament_python'
[0.548s] Level 1:colcon.colcon_core.shell:create_environment_hook('capstone_pkg', 'ament_prefix_path')
[0.549s] INFO:colcon.colcon_core.shell:Creating environment hook '/home/hle/Desktop/compsci/ros/slam_capstone/install/capstone_pkg/share/capstone_pkg/hook/ament_prefix_path.ps1'
[0.549s] INFO:colcon.colcon_core.shell:Creating environment descriptor '/home/hle/Desktop/compsci/ros/slam_capstone/install/capstone_pkg/share/capstone_pkg/hook/ament_prefix_path.dsv'
[0.550s] INFO:colcon.colcon_core.shell:Creating environment hook '/home/hle/Desktop/compsci/ros/slam_capstone/install/capstone_pkg/share/capstone_pkg/hook/ament_prefix_path.sh'
[0.550s] INFO:colcon.colcon_core.shell:Skip shell extension 'powershell' for command environment: Not usable outside of PowerShell
[0.550s] DEBUG:colcon.colcon_core.shell:Skip shell extension 'dsv' for command environment
[0.755s] INFO:colcon.colcon_core.task.python.build:Building Python package in '/home/hle/Desktop/compsci/ros/slam_capstone/src/capstone_pkg'
[0.756s] INFO:colcon.colcon_core.shell:Skip shell extension 'powershell' for command environment: Not usable outside of PowerShell
[0.756s] DEBUG:colcon.colcon_core.shell:Skip shell extension 'dsv' for command environment
[1.069s] DEBUG:colcon.colcon_core.event_handler.log_command:Invoking command in '/home/hle/Desktop/compsci/ros/slam_capstone/build/capstone_pkg': CMAKE_PREFIX_PATH=/home/hle/Desktop/compsci/ros/slam_capstone/install/capstone_interfaces:/home/hle/Desktop/compsci/ros/ros2_ws/install/my_robot_interfaces:/home/hle/Desktop/compsci/ros/ros2_ws/install/my_cpp_pkg:/home/hle/turtlebot3_ws/install/turtlebot3:/home/hle/turtlebot3_ws/install/turtlebot3_bringup:/home/hle/turtlebot3_ws/install/turtlebot3_node:/home/hle/turtlebot3_ws/install/turtlebot3_navigation2:/home/hle/turtlebot3_ws/install/turtlebot3_msgs:/home/hle/turtlebot3_ws/install/turtlebot3_description:/home/hle/turtlebot3_ws/install/turtlebot3_cartographer:/home/hle/turtlebot3_ws/install/dynamixel_sdk_examples:/home/hle/turtlebot3_ws/install/dynamixel_sdk_custom_interfaces:/home/hle/turtlebot3_ws/install/dynamixel_sdk:/home/hle/Desktop/compsci/ros/activity2/install/activity_bringup:/home/hle/Desktop/compsci/ros/activity4/install/interfaces:/home/hle/Desktop/compsci/ros/slam_capstone/install/launch LD_LIBRARY_PATH=/home/hle/Desktop/compsci/ros/slam_capstone/install/capstone_interfaces/lib:/home/hle/Desktop/compsci/ros/ros2_ws/install/my_robot_interfaces/lib:/home/hle/turtlebot3_ws/install/turtlebot3_msgs/lib:/home/hle/turtlebot3_ws/install/dynamixel_sdk_custom_interfaces/lib:/home/hle/turtlebot3_ws/install/dynamixel_sdk/lib:/home/hle/Desktop/compsci/ros/activity4/install/interfaces/lib:/usr/lib/x86_64-linux-gnu/gazebo-11/plugins:/opt/ros/foxy/opt/yaml_cpp_vendor/lib:/opt/ros/foxy/opt/rviz_ogre_vendor/lib:/opt/ros/foxy/lib/x86_64-linux-gnu:/opt/ros/foxy/lib PYTHONPATH=/home/hle/Desktop/compsci/ros/slam_capstone/install/capstone_pkg/lib/python3.8/site-packages:/home/hle/Desktop/compsci/ros/slam_capstone/install/capstone_interfaces/lib/python3.8/site-packages:/home/hle/Desktop/compsci/ros/ros2_ws/build/my_py_pkg:/home/hle/Desktop/compsci/ros/ros2_ws/install/my_py_pkg/lib/python3.8/site-packages:/home/hle/Desktop/compsci/ros/ros2_ws/install/my_robot_interfaces/lib/python3.8/site-packages:/home/hle/turtlebot3_ws/build/turtlebot3_teleop:/home/hle/turtlebot3_ws/install/turtlebot3_teleop/lib/python3.8/site-packages:/home/hle/turtlebot3_ws/build/turtlebot3_example:/home/hle/turtlebot3_ws/install/turtlebot3_example/lib/python3.8/site-packages:/home/hle/turtlebot3_ws/install/turtlebot3_msgs/lib/python3.8/site-packages:/home/hle/turtlebot3_ws/install/dynamixel_sdk_custom_interfaces/lib/python3.8/site-packages:/home/hle/Desktop/compsci/ros/ir_sensor/install/ir_sensor_pkg/lib/python3.8/site-packages:/home/hle/Desktop/compsci/ros/clientserver/build/clientserver_pkg:/home/hle/Desktop/compsci/ros/clientserver/install/clientserver_pkg/lib/python3.8/site-packages:/home/hle/Desktop/compsci/ros/activity2/build/activity:/home/hle/Desktop/compsci/ros/activity2/install/activity/lib/python3.8/site-packages:/home/hle/Desktop/compsci/ros/activity4/build/packages:/home/hle/Desktop/compsci/ros/activity4/install/packages/lib/python3.8/site-packages:/home/hle/Desktop/compsci/ros/activity4/install/interfaces/lib/python3.8/site-packages:/home/hle/Desktop/compsci/ros/slam_capstone/build/capstone_pkg:/home/hle/Desktop/compsci/ros/slam_capstone/install/capstone_pkg/lib/python3.8/site-packages:/opt/ros/foxy/lib/python3.8/site-packages /usr/bin/python3 setup.py develop --prefix /home/hle/Desktop/compsci/ros/slam_capstone/install/capstone_pkg --editable --build-directory /home/hle/Desktop/compsci/ros/slam_capstone/build/capstone_pkg/build --no-deps install_data --install-dir /home/hle/Desktop/compsci/ros/slam_capstone/install/capstone_pkg
[1.489s] Level 1:colcon.colcon_core.shell:create_environment_hook('capstone_pkg', 'pythonpath_develop')
[1.490s] INFO:colcon.colcon_core.shell:Creating environment hook '/home/hle/Desktop/compsci/ros/slam_capstone/build/capstone_pkg/share/capstone_pkg/hook/pythonpath_develop.ps1'
[1.490s] DEBUG:colcon.colcon_core.event_handler.log_command:Invoked command in '/home/hle/Desktop/compsci/ros/slam_capstone/build/capstone_pkg' returned '0': CMAKE_PREFIX_PATH=/home/hle/Desktop/compsci/ros/slam_capstone/install/capstone_interfaces:/home/hle/Desktop/compsci/ros/ros2_ws/install/my_robot_interfaces:/home/hle/Desktop/compsci/ros/ros2_ws/install/my_cpp_pkg:/home/hle/turtlebot3_ws/install/turtlebot3:/home/hle/turtlebot3_ws/install/turtlebot3_bringup:/home/hle/turtlebot3_ws/install/turtlebot3_node:/home/hle/turtlebot3_ws/install/turtlebot3_navigation2:/home/hle/turtlebot3_ws/install/turtlebot3_msgs:/home/hle/turtlebot3_ws/install/turtlebot3_description:/home/hle/turtlebot3_ws/install/turtlebot3_cartographer:/home/hle/turtlebot3_ws/install/dynamixel_sdk_examples:/home/hle/turtlebot3_ws/install/dynamixel_sdk_custom_interfaces:/home/hle/turtlebot3_ws/install/dynamixel_sdk:/home/hle/Desktop/compsci/ros/activity2/install/activity_bringup:/home/hle/Desktop/compsci/ros/activity4/install/interfaces:/home/hle/Desktop/compsci/ros/slam_capstone/install/launch LD_LIBRARY_PATH=/home/hle/Desktop/compsci/ros/slam_capstone/install/capstone_interfaces/lib:/home/hle/Desktop/compsci/ros/ros2_ws/install/my_robot_interfaces/lib:/home/hle/turtlebot3_ws/install/turtlebot3_msgs/lib:/home/hle/turtlebot3_ws/install/dynamixel_sdk_custom_interfaces/lib:/home/hle/turtlebot3_ws/install/dynamixel_sdk/lib:/home/hle/Desktop/compsci/ros/activity4/install/interfaces/lib:/usr/lib/x86_64-linux-gnu/gazebo-11/plugins:/opt/ros/foxy/opt/yaml_cpp_vendor/lib:/opt/ros/foxy/opt/rviz_ogre_vendor/lib:/opt/ros/foxy/lib/x86_64-linux-gnu:/opt/ros/foxy/lib PYTHONPATH=/home/hle/Desktop/compsci/ros/slam_capstone/install/capstone_pkg/lib/python3.8/site-packages:/home/hle/Desktop/compsci/ros/slam_capstone/install/capstone_interfaces/lib/python3.8/site-packages:/home/hle/Desktop/compsci/ros/ros2_ws/build/my_py_pkg:/home/hle/Desktop/compsci/ros/ros2_ws/install/my_py_pkg/lib/python3.8/site-packages:/home/hle/Desktop/compsci/ros/ros2_ws/install/my_robot_interfaces/lib/python3.8/site-packages:/home/hle/turtlebot3_ws/build/turtlebot3_teleop:/home/hle/turtlebot3_ws/install/turtlebot3_teleop/lib/python3.8/site-packages:/home/hle/turtlebot3_ws/build/turtlebot3_example:/home/hle/turtlebot3_ws/install/turtlebot3_example/lib/python3.8/site-packages:/home/hle/turtlebot3_ws/install/turtlebot3_msgs/lib/python3.8/site-packages:/home/hle/turtlebot3_ws/install/dynamixel_sdk_custom_interfaces/lib/python3.8/site-packages:/home/hle/Desktop/compsci/ros/ir_sensor/install/ir_sensor_pkg/lib/python3.8/site-packages:/home/hle/Desktop/compsci/ros/clientserver/build/clientserver_pkg:/home/hle/Desktop/compsci/ros/clientserver/install/clientserver_pkg/lib/python3.8/site-packages:/home/hle/Desktop/compsci/ros/activity2/build/activity:/home/hle/Desktop/compsci/ros/activity2/install/activity/lib/python3.8/site-packages:/home/hle/Desktop/compsci/ros/activity4/build/packages:/home/hle/Desktop/compsci/ros/activity4/install/packages/lib/python3.8/site-packages:/home/hle/Desktop/compsci/ros/activity4/install/interfaces/lib/python3.8/site-packages:/home/hle/Desktop/compsci/ros/slam_capstone/build/capstone_pkg:/home/hle/Desktop/compsci/ros/slam_capstone/install/capstone_pkg/lib/python3.8/site-packages:/opt/ros/foxy/lib/python3.8/site-packages /usr/bin/python3 setup.py develop --prefix /home/hle/Desktop/compsci/ros/slam_capstone/install/capstone_pkg --editable --build-directory /home/hle/Desktop/compsci/ros/slam_capstone/build/capstone_pkg/build --no-deps install_data --install-dir /home/hle/Desktop/compsci/ros/slam_capstone/install/capstone_pkg
[1.490s] INFO:colcon.colcon_core.shell:Creating environment descriptor '/home/hle/Desktop/compsci/ros/slam_capstone/build/capstone_pkg/share/capstone_pkg/hook/pythonpath_develop.dsv'
[1.491s] INFO:colcon.colcon_core.shell:Creating environment hook '/home/hle/Desktop/compsci/ros/slam_capstone/build/capstone_pkg/share/capstone_pkg/hook/pythonpath_develop.sh'
[1.492s] Level 1:colcon.colcon_core.environment:checking '/home/hle/Desktop/compsci/ros/slam_capstone/install/capstone_pkg' for CMake module files
[1.492s] Level 1:colcon.colcon_core.environment:checking '/home/hle/Desktop/compsci/ros/slam_capstone/install/capstone_pkg' for CMake config files
[1.493s] Level 1:colcon.colcon_core.environment:checking '/home/hle/Desktop/compsci/ros/slam_capstone/install/capstone_pkg/lib'
[1.493s] Level 1:colcon.colcon_core.environment:checking '/home/hle/Desktop/compsci/ros/slam_capstone/install/capstone_pkg/bin'
[1.493s] Level 1:colcon.colcon_core.environment:checking '/home/hle/Desktop/compsci/ros/slam_capstone/install/capstone_pkg/lib/pkgconfig/capstone_pkg.pc'
[1.493s] Level 1:colcon.colcon_core.environment:checking '/home/hle/Desktop/compsci/ros/slam_capstone/install/capstone_pkg/lib/python3.8/site-packages'
[1.493s] Level 1:colcon.colcon_core.shell:create_environment_hook('capstone_pkg', 'pythonpath')
[1.493s] INFO:colcon.colcon_core.shell:Creating environment hook '/home/hle/Desktop/compsci/ros/slam_capstone/install/capstone_pkg/share/capstone_pkg/hook/pythonpath.ps1'
[1.494s] INFO:colcon.colcon_core.shell:Creating environment descriptor '/home/hle/Desktop/compsci/ros/slam_capstone/install/capstone_pkg/share/capstone_pkg/hook/pythonpath.dsv'
[1.494s] INFO:colcon.colcon_core.shell:Creating environment hook '/home/hle/Desktop/compsci/ros/slam_capstone/install/capstone_pkg/share/capstone_pkg/hook/pythonpath.sh'
[1.494s] Level 1:colcon.colcon_core.environment:create_environment_scripts_only(capstone_pkg)
[1.495s] INFO:colcon.colcon_core.shell:Creating package script '/home/hle/Desktop/compsci/ros/slam_capstone/install/capstone_pkg/share/capstone_pkg/package.ps1'
[1.495s] INFO:colcon.colcon_core.shell:Creating package descriptor '/home/hle/Desktop/compsci/ros/slam_capstone/install/capstone_pkg/share/capstone_pkg/package.dsv'
[1.496s] INFO:colcon.colcon_core.shell:Creating package script '/home/hle/Desktop/compsci/ros/slam_capstone/install/capstone_pkg/share/capstone_pkg/package.sh'
[1.496s] INFO:colcon.colcon_core.shell:Creating package script '/home/hle/Desktop/compsci/ros/slam_capstone/install/capstone_pkg/share/capstone_pkg/package.bash'
[1.496s] INFO:colcon.colcon_core.shell:Creating package script '/home/hle/Desktop/compsci/ros/slam_capstone/install/capstone_pkg/share/capstone_pkg/package.zsh'
[1.497s] Level 1:colcon.colcon_core.environment:create_file_with_runtime_dependencies(/home/hle/Desktop/compsci/ros/slam_capstone/install/capstone_pkg/share/colcon-core/packages/capstone_pkg)
[1.497s] INFO:colcon.colcon_ros.task.ament_cmake.build:Building ROS package in '/home/hle/Desktop/compsci/ros/slam_capstone/src/capstone_bringup' with build type 'ament_cmake'
[1.497s] INFO:colcon.colcon_cmake.task.cmake.build:Building CMake package in '/home/hle/Desktop/compsci/ros/slam_capstone/src/capstone_bringup'
[1.498s] INFO:colcon.colcon_core.shell:Skip shell extension 'powershell' for command environment: Not usable outside of PowerShell
[1.498s] DEBUG:colcon.colcon_core.shell:Skip shell extension 'dsv' for command environment
[1.515s] DEBUG:colcon.colcon_core.event_handler.log_command:Invoking command in '/home/hle/Desktop/compsci/ros/slam_capstone/build/capstone_bringup': AMENT_PREFIX_PATH=/home/hle/Desktop/compsci/ros/slam_capstone/install/capstone_pkg:/home/hle/Desktop/compsci/ros/ros2_ws/install/my_py_pkg:/home/hle/Desktop/compsci/ros/ros2_ws/install/my_robot_interfaces:/home/hle/turtlebot3_ws/install/turtlebot3:/home/hle/turtlebot3_ws/install/turtlebot3_teleop:/home/hle/turtlebot3_ws/install/turtlebot3_bringup:/home/hle/turtlebot3_ws/install/turtlebot3_node:/home/hle/turtlebot3_ws/install/turtlebot3_navigation2:/home/hle/turtlebot3_ws/install/turtlebot3_example:/home/hle/turtlebot3_ws/install/turtlebot3_msgs:/home/hle/turtlebot3_ws/install/turtlebot3_description:/home/hle/turtlebot3_ws/install/turtlebot3_cartographer:/home/hle/turtlebot3_ws/install/dynamixel_sdk_examples:/home/hle/turtlebot3_ws/install/dynamixel_sdk_custom_interfaces:/home/hle/turtlebot3_ws/install/dynamixel_sdk:/home/hle/Desktop/compsci/ros/ir_sensor/install/ir_sensor_pkg:/home/hle/Desktop/compsci/ros/clientserver/install/clientserver_pkg:/home/hle/Desktop/compsci/ros/activity2/install/activity_bringup:/home/hle/Desktop/compsci/ros/activity2/install/activity:/home/hle/Desktop/compsci/ros/activity4/install/packages:/home/hle/Desktop/compsci/ros/activity4/install/interfaces:/home/hle/Desktop/compsci/ros/slam_capstone/install/launch:/home/hle/Desktop/compsci/ros/slam_capstone/install/capstone_interfaces:/opt/ros/foxy CMAKE_PREFIX_PATH=/home/hle/Desktop/compsci/ros/slam_capstone/install/capstone_interfaces:/home/hle/Desktop/compsci/ros/ros2_ws/install/my_robot_interfaces:/home/hle/Desktop/compsci/ros/ros2_ws/install/my_cpp_pkg:/home/hle/turtlebot3_ws/install/turtlebot3:/home/hle/turtlebot3_ws/install/turtlebot3_bringup:/home/hle/turtlebot3_ws/install/turtlebot3_node:/home/hle/turtlebot3_ws/install/turtlebot3_navigation2:/home/hle/turtlebot3_ws/install/turtlebot3_msgs:/home/hle/turtlebot3_ws/install/turtlebot3_description:/home/hle/turtlebot3_ws/install/turtlebot3_cartographer:/home/hle/turtlebot3_ws/install/dynamixel_sdk_examples:/home/hle/turtlebot3_ws/install/dynamixel_sdk_custom_interfaces:/home/hle/turtlebot3_ws/install/dynamixel_sdk:/home/hle/Desktop/compsci/ros/activity2/install/activity_bringup:/home/hle/Desktop/compsci/ros/activity4/install/interfaces:/home/hle/Desktop/compsci/ros/slam_capstone/install/launch:/home/hle/Desktop/compsci/ros/ros2_ws/install/my_py_pkg:/home/hle/turtlebot3_ws/install/turtlebot3_teleop:/home/hle/turtlebot3_ws/install/turtlebot3_example:/home/hle/Desktop/compsci/ros/ir_sensor/install/ir_sensor_pkg:/home/hle/Desktop/compsci/ros/clientserver/install/clientserver_pkg:/home/hle/Desktop/compsci/ros/activity2/install/activity:/home/hle/Desktop/compsci/ros/activity4/install/packages:/home/hle/Desktop/compsci/ros/slam_capstone/install/capstone_pkg:/opt/ros/foxy LD_LIBRARY_PATH=/home/hle/Desktop/compsci/ros/slam_capstone/install/capstone_interfaces/lib:/home/hle/Desktop/compsci/ros/ros2_ws/install/my_robot_interfaces/lib:/home/hle/turtlebot3_ws/install/turtlebot3_msgs/lib:/home/hle/turtlebot3_ws/install/dynamixel_sdk_custom_interfaces/lib:/home/hle/turtlebot3_ws/install/dynamixel_sdk/lib:/home/hle/Desktop/compsci/ros/activity4/install/interfaces/lib:/usr/lib/x86_64-linux-gnu/gazebo-11/plugins:/opt/ros/foxy/opt/yaml_cpp_vendor/lib:/opt/ros/foxy/opt/rviz_ogre_vendor/lib:/opt/ros/foxy/lib/x86_64-linux-gnu:/opt/ros/foxy/lib PYTHONPATH=/home/hle/Desktop/compsci/ros/slam_capstone/build/capstone_pkg:/home/hle/Desktop/compsci/ros/slam_capstone/install/capstone_pkg/lib/python3.8/site-packages:/home/hle/Desktop/compsci/ros/slam_capstone/install/capstone_interfaces/lib/python3.8/site-packages:/home/hle/Desktop/compsci/ros/ros2_ws/build/my_py_pkg:/home/hle/Desktop/compsci/ros/ros2_ws/install/my_py_pkg/lib/python3.8/site-packages:/home/hle/Desktop/compsci/ros/ros2_ws/install/my_robot_interfaces/lib/python3.8/site-packages:/home/hle/turtlebot3_ws/build/turtlebot3_teleop:/home/hle/turtlebot3_ws/install/turtlebot3_teleop/lib/python3.8/site-packages:/home/hle/turtlebot3_ws/build/turtlebot3_example:/home/hle/turtlebot3_ws/install/turtlebot3_example/lib/python3.8/site-packages:/home/hle/turtlebot3_ws/install/turtlebot3_msgs/lib/python3.8/site-packages:/home/hle/turtlebot3_ws/install/dynamixel_sdk_custom_interfaces/lib/python3.8/site-packages:/home/hle/Desktop/compsci/ros/ir_sensor/install/ir_sensor_pkg/lib/python3.8/site-packages:/home/hle/Desktop/compsci/ros/clientserver/build/clientserver_pkg:/home/hle/Desktop/compsci/ros/clientserver/install/clientserver_pkg/lib/python3.8/site-packages:/home/hle/Desktop/compsci/ros/activity2/build/activity:/home/hle/Desktop/compsci/ros/activity2/install/activity/lib/python3.8/site-packages:/home/hle/Desktop/compsci/ros/activity4/build/packages:/home/hle/Desktop/compsci/ros/activity4/install/packages/lib/python3.8/site-packages:/home/hle/Desktop/compsci/ros/activity4/install/interfaces/lib/python3.8/site-packages:/opt/ros/foxy/lib/python3.8/site-packages /usr/bin/cmake /home/hle/Desktop/compsci/ros/slam_capstone/src/capstone_bringup -DAMENT_CMAKE_SYMLINK_INSTALL=1 -DCMAKE_INSTALL_PREFIX=/home/hle/Desktop/compsci/ros/slam_capstone/install/capstone_bringup
[1.779s] DEBUG:colcon.colcon_core.event_handler.log_command:Invoked command in '/home/hle/Desktop/compsci/ros/slam_capstone/build/capstone_bringup' returned '0': AMENT_PREFIX_PATH=/home/hle/Desktop/compsci/ros/slam_capstone/install/capstone_pkg:/home/hle/Desktop/compsci/ros/ros2_ws/install/my_py_pkg:/home/hle/Desktop/compsci/ros/ros2_ws/install/my_robot_interfaces:/home/hle/turtlebot3_ws/install/turtlebot3:/home/hle/turtlebot3_ws/install/turtlebot3_teleop:/home/hle/turtlebot3_ws/install/turtlebot3_bringup:/home/hle/turtlebot3_ws/install/turtlebot3_node:/home/hle/turtlebot3_ws/install/turtlebot3_navigation2:/home/hle/turtlebot3_ws/install/turtlebot3_example:/home/hle/turtlebot3_ws/install/turtlebot3_msgs:/home/hle/turtlebot3_ws/install/turtlebot3_description:/home/hle/turtlebot3_ws/install/turtlebot3_cartographer:/home/hle/turtlebot3_ws/install/dynamixel_sdk_examples:/home/hle/turtlebot3_ws/install/dynamixel_sdk_custom_interfaces:/home/hle/turtlebot3_ws/install/dynamixel_sdk:/home/hle/Desktop/compsci/ros/ir_sensor/install/ir_sensor_pkg:/home/hle/Desktop/compsci/ros/clientserver/install/clientserver_pkg:/home/hle/Desktop/compsci/ros/activity2/install/activity_bringup:/home/hle/Desktop/compsci/ros/activity2/install/activity:/home/hle/Desktop/compsci/ros/activity4/install/packages:/home/hle/Desktop/compsci/ros/activity4/install/interfaces:/home/hle/Desktop/compsci/ros/slam_capstone/install/launch:/home/hle/Desktop/compsci/ros/slam_capstone/install/capstone_interfaces:/opt/ros/foxy CMAKE_PREFIX_PATH=/home/hle/Desktop/compsci/ros/slam_capstone/install/capstone_interfaces:/home/hle/Desktop/compsci/ros/ros2_ws/install/my_robot_interfaces:/home/hle/Desktop/compsci/ros/ros2_ws/install/my_cpp_pkg:/home/hle/turtlebot3_ws/install/turtlebot3:/home/hle/turtlebot3_ws/install/turtlebot3_bringup:/home/hle/turtlebot3_ws/install/turtlebot3_node:/home/hle/turtlebot3_ws/install/turtlebot3_navigation2:/home/hle/turtlebot3_ws/install/turtlebot3_msgs:/home/hle/turtlebot3_ws/install/turtlebot3_description:/home/hle/turtlebot3_ws/install/turtlebot3_cartographer:/home/hle/turtlebot3_ws/install/dynamixel_sdk_examples:/home/hle/turtlebot3_ws/install/dynamixel_sdk_custom_interfaces:/home/hle/turtlebot3_ws/install/dynamixel_sdk:/home/hle/Desktop/compsci/ros/activity2/install/activity_bringup:/home/hle/Desktop/compsci/ros/activity4/install/interfaces:/home/hle/Desktop/compsci/ros/slam_capstone/install/launch:/home/hle/Desktop/compsci/ros/ros2_ws/install/my_py_pkg:/home/hle/turtlebot3_ws/install/turtlebot3_teleop:/home/hle/turtlebot3_ws/install/turtlebot3_example:/home/hle/Desktop/compsci/ros/ir_sensor/install/ir_sensor_pkg:/home/hle/Desktop/compsci/ros/clientserver/install/clientserver_pkg:/home/hle/Desktop/compsci/ros/activity2/install/activity:/home/hle/Desktop/compsci/ros/activity4/install/packages:/home/hle/Desktop/compsci/ros/slam_capstone/install/capstone_pkg:/opt/ros/foxy LD_LIBRARY_PATH=/home/hle/Desktop/compsci/ros/slam_capstone/install/capstone_interfaces/lib:/home/hle/Desktop/compsci/ros/ros2_ws/install/my_robot_interfaces/lib:/home/hle/turtlebot3_ws/install/turtlebot3_msgs/lib:/home/hle/turtlebot3_ws/install/dynamixel_sdk_custom_interfaces/lib:/home/hle/turtlebot3_ws/install/dynamixel_sdk/lib:/home/hle/Desktop/compsci/ros/activity4/install/interfaces/lib:/usr/lib/x86_64-linux-gnu/gazebo-11/plugins:/opt/ros/foxy/opt/yaml_cpp_vendor/lib:/opt/ros/foxy/opt/rviz_ogre_vendor/lib:/opt/ros/foxy/lib/x86_64-linux-gnu:/opt/ros/foxy/lib PYTHONPATH=/home/hle/Desktop/compsci/ros/slam_capstone/build/capstone_pkg:/home/hle/Desktop/compsci/ros/slam_capstone/install/capstone_pkg/lib/python3.8/site-packages:/home/hle/Desktop/compsci/ros/slam_capstone/install/capstone_interfaces/lib/python3.8/site-packages:/home/hle/Desktop/compsci/ros/ros2_ws/build/my_py_pkg:/home/hle/Desktop/compsci/ros/ros2_ws/install/my_py_pkg/lib/python3.8/site-packages:/home/hle/Desktop/compsci/ros/ros2_ws/install/my_robot_interfaces/lib/python3.8/site-packages:/home/hle/turtlebot3_ws/build/turtlebot3_teleop:/home/hle/turtlebot3_ws/install/turtlebot3_teleop/lib/python3.8/site-packages:/home/hle/turtlebot3_ws/build/turtlebot3_example:/home/hle/turtlebot3_ws/install/turtlebot3_example/lib/python3.8/site-packages:/home/hle/turtlebot3_ws/install/turtlebot3_msgs/lib/python3.8/site-packages:/home/hle/turtlebot3_ws/install/dynamixel_sdk_custom_interfaces/lib/python3.8/site-packages:/home/hle/Desktop/compsci/ros/ir_sensor/install/ir_sensor_pkg/lib/python3.8/site-packages:/home/hle/Desktop/compsci/ros/clientserver/build/clientserver_pkg:/home/hle/Desktop/compsci/ros/clientserver/install/clientserver_pkg/lib/python3.8/site-packages:/home/hle/Desktop/compsci/ros/activity2/build/activity:/home/hle/Desktop/compsci/ros/activity2/install/activity/lib/python3.8/site-packages:/home/hle/Desktop/compsci/ros/activity4/build/packages:/home/hle/Desktop/compsci/ros/activity4/install/packages/lib/python3.8/site-packages:/home/hle/Desktop/compsci/ros/activity4/install/interfaces/lib/python3.8/site-packages:/opt/ros/foxy/lib/python3.8/site-packages /usr/bin/cmake /home/hle/Desktop/compsci/ros/slam_capstone/src/capstone_bringup -DAMENT_CMAKE_SYMLINK_INSTALL=1 -DCMAKE_INSTALL_PREFIX=/home/hle/Desktop/compsci/ros/slam_capstone/install/capstone_bringup
[1.781s] DEBUG:colcon.colcon_core.event_handler.log_command:Invoking command in '/home/hle/Desktop/compsci/ros/slam_capstone/build/capstone_bringup': AMENT_PREFIX_PATH=/home/hle/Desktop/compsci/ros/slam_capstone/install/capstone_pkg:/home/hle/Desktop/compsci/ros/ros2_ws/install/my_py_pkg:/home/hle/Desktop/compsci/ros/ros2_ws/install/my_robot_interfaces:/home/hle/turtlebot3_ws/install/turtlebot3:/home/hle/turtlebot3_ws/install/turtlebot3_teleop:/home/hle/turtlebot3_ws/install/turtlebot3_bringup:/home/hle/turtlebot3_ws/install/turtlebot3_node:/home/hle/turtlebot3_ws/install/turtlebot3_navigation2:/home/hle/turtlebot3_ws/install/turtlebot3_example:/home/hle/turtlebot3_ws/install/turtlebot3_msgs:/home/hle/turtlebot3_ws/install/turtlebot3_description:/home/hle/turtlebot3_ws/install/turtlebot3_cartographer:/home/hle/turtlebot3_ws/install/dynamixel_sdk_examples:/home/hle/turtlebot3_ws/install/dynamixel_sdk_custom_interfaces:/home/hle/turtlebot3_ws/install/dynamixel_sdk:/home/hle/Desktop/compsci/ros/ir_sensor/install/ir_sensor_pkg:/home/hle/Desktop/compsci/ros/clientserver/install/clientserver_pkg:/home/hle/Desktop/compsci/ros/activity2/install/activity_bringup:/home/hle/Desktop/compsci/ros/activity2/install/activity:/home/hle/Desktop/compsci/ros/activity4/install/packages:/home/hle/Desktop/compsci/ros/activity4/install/interfaces:/home/hle/Desktop/compsci/ros/slam_capstone/install/launch:/home/hle/Desktop/compsci/ros/slam_capstone/install/capstone_interfaces:/opt/ros/foxy CMAKE_PREFIX_PATH=/home/hle/Desktop/compsci/ros/slam_capstone/install/capstone_interfaces:/home/hle/Desktop/compsci/ros/ros2_ws/install/my_robot_interfaces:/home/hle/Desktop/compsci/ros/ros2_ws/install/my_cpp_pkg:/home/hle/turtlebot3_ws/install/turtlebot3:/home/hle/turtlebot3_ws/install/turtlebot3_bringup:/home/hle/turtlebot3_ws/install/turtlebot3_node:/home/hle/turtlebot3_ws/install/turtlebot3_navigation2:/home/hle/turtlebot3_ws/install/turtlebot3_msgs:/home/hle/turtlebot3_ws/install/turtlebot3_description:/home/hle/turtlebot3_ws/install/turtlebot3_cartographer:/home/hle/turtlebot3_ws/install/dynamixel_sdk_examples:/home/hle/turtlebot3_ws/install/dynamixel_sdk_custom_interfaces:/home/hle/turtlebot3_ws/install/dynamixel_sdk:/home/hle/Desktop/compsci/ros/activity2/install/activity_bringup:/home/hle/Desktop/compsci/ros/activity4/install/interfaces:/home/hle/Desktop/compsci/ros/slam_capstone/install/launch:/home/hle/Desktop/compsci/ros/ros2_ws/install/my_py_pkg:/home/hle/turtlebot3_ws/install/turtlebot3_teleop:/home/hle/turtlebot3_ws/install/turtlebot3_example:/home/hle/Desktop/compsci/ros/ir_sensor/install/ir_sensor_pkg:/home/hle/Desktop/compsci/ros/clientserver/install/clientserver_pkg:/home/hle/Desktop/compsci/ros/activity2/install/activity:/home/hle/Desktop/compsci/ros/activity4/install/packages:/home/hle/Desktop/compsci/ros/slam_capstone/install/capstone_pkg:/opt/ros/foxy LD_LIBRARY_PATH=/home/hle/Desktop/compsci/ros/slam_capstone/install/capstone_interfaces/lib:/home/hle/Desktop/compsci/ros/ros2_ws/install/my_robot_interfaces/lib:/home/hle/turtlebot3_ws/install/turtlebot3_msgs/lib:/home/hle/turtlebot3_ws/install/dynamixel_sdk_custom_interfaces/lib:/home/hle/turtlebot3_ws/install/dynamixel_sdk/lib:/home/hle/Desktop/compsci/ros/activity4/install/interfaces/lib:/usr/lib/x86_64-linux-gnu/gazebo-11/plugins:/opt/ros/foxy/opt/yaml_cpp_vendor/lib:/opt/ros/foxy/opt/rviz_ogre_vendor/lib:/opt/ros/foxy/lib/x86_64-linux-gnu:/opt/ros/foxy/lib PYTHONPATH=/home/hle/Desktop/compsci/ros/slam_capstone/build/capstone_pkg:/home/hle/Desktop/compsci/ros/slam_capstone/install/capstone_pkg/lib/python3.8/site-packages:/home/hle/Desktop/compsci/ros/slam_capstone/install/capstone_interfaces/lib/python3.8/site-packages:/home/hle/Desktop/compsci/ros/ros2_ws/build/my_py_pkg:/home/hle/Desktop/compsci/ros/ros2_ws/install/my_py_pkg/lib/python3.8/site-packages:/home/hle/Desktop/compsci/ros/ros2_ws/install/my_robot_interfaces/lib/python3.8/site-packages:/home/hle/turtlebot3_ws/build/turtlebot3_teleop:/home/hle/turtlebot3_ws/install/turtlebot3_teleop/lib/python3.8/site-packages:/home/hle/turtlebot3_ws/build/turtlebot3_example:/home/hle/turtlebot3_ws/install/turtlebot3_example/lib/python3.8/site-packages:/home/hle/turtlebot3_ws/install/turtlebot3_msgs/lib/python3.8/site-packages:/home/hle/turtlebot3_ws/install/dynamixel_sdk_custom_interfaces/lib/python3.8/site-packages:/home/hle/Desktop/compsci/ros/ir_sensor/install/ir_sensor_pkg/lib/python3.8/site-packages:/home/hle/Desktop/compsci/ros/clientserver/build/clientserver_pkg:/home/hle/Desktop/compsci/ros/clientserver/install/clientserver_pkg/lib/python3.8/site-packages:/home/hle/Desktop/compsci/ros/activity2/build/activity:/home/hle/Desktop/compsci/ros/activity2/install/activity/lib/python3.8/site-packages:/home/hle/Desktop/compsci/ros/activity4/build/packages:/home/hle/Desktop/compsci/ros/activity4/install/packages/lib/python3.8/site-packages:/home/hle/Desktop/compsci/ros/activity4/install/interfaces/lib/python3.8/site-packages:/opt/ros/foxy/lib/python3.8/site-packages /usr/bin/cmake --build /home/hle/Desktop/compsci/ros/slam_capstone/build/capstone_bringup -- -j8 -l8
[1.812s] DEBUG:colcon.colcon_core.event_handler.log_command:Invoked command in '/home/hle/Desktop/compsci/ros/slam_capstone/build/capstone_bringup' returned '0': AMENT_PREFIX_PATH=/home/hle/Desktop/compsci/ros/slam_capstone/install/capstone_pkg:/home/hle/Desktop/compsci/ros/ros2_ws/install/my_py_pkg:/home/hle/Desktop/compsci/ros/ros2_ws/install/my_robot_interfaces:/home/hle/turtlebot3_ws/install/turtlebot3:/home/hle/turtlebot3_ws/install/turtlebot3_teleop:/home/hle/turtlebot3_ws/install/turtlebot3_bringup:/home/hle/turtlebot3_ws/install/turtlebot3_node:/home/hle/turtlebot3_ws/install/turtlebot3_navigation2:/home/hle/turtlebot3_ws/install/turtlebot3_example:/home/hle/turtlebot3_ws/install/turtlebot3_msgs:/home/hle/turtlebot3_ws/install/turtlebot3_description:/home/hle/turtlebot3_ws/install/turtlebot3_cartographer:/home/hle/turtlebot3_ws/install/dynamixel_sdk_examples:/home/hle/turtlebot3_ws/install/dynamixel_sdk_custom_interfaces:/home/hle/turtlebot3_ws/install/dynamixel_sdk:/home/hle/Desktop/compsci/ros/ir_sensor/install/ir_sensor_pkg:/home/hle/Desktop/compsci/ros/clientserver/install/clientserver_pkg:/home/hle/Desktop/compsci/ros/activity2/install/activity_bringup:/home/hle/Desktop/compsci/ros/activity2/install/activity:/home/hle/Desktop/compsci/ros/activity4/install/packages:/home/hle/Desktop/compsci/ros/activity4/install/interfaces:/home/hle/Desktop/compsci/ros/slam_capstone/install/launch:/home/hle/Desktop/compsci/ros/slam_capstone/install/capstone_interfaces:/opt/ros/foxy CMAKE_PREFIX_PATH=/home/hle/Desktop/compsci/ros/slam_capstone/install/capstone_interfaces:/home/hle/Desktop/compsci/ros/ros2_ws/install/my_robot_interfaces:/home/hle/Desktop/compsci/ros/ros2_ws/install/my_cpp_pkg:/home/hle/turtlebot3_ws/install/turtlebot3:/home/hle/turtlebot3_ws/install/turtlebot3_bringup:/home/hle/turtlebot3_ws/install/turtlebot3_node:/home/hle/turtlebot3_ws/install/turtlebot3_navigation2:/home/hle/turtlebot3_ws/install/turtlebot3_msgs:/home/hle/turtlebot3_ws/install/turtlebot3_description:/home/hle/turtlebot3_ws/install/turtlebot3_cartographer:/home/hle/turtlebot3_ws/install/dynamixel_sdk_examples:/home/hle/turtlebot3_ws/install/dynamixel_sdk_custom_interfaces:/home/hle/turtlebot3_ws/install/dynamixel_sdk:/home/hle/Desktop/compsci/ros/activity2/install/activity_bringup:/home/hle/Desktop/compsci/ros/activity4/install/interfaces:/home/hle/Desktop/compsci/ros/slam_capstone/install/launch:/home/hle/Desktop/compsci/ros/ros2_ws/install/my_py_pkg:/home/hle/turtlebot3_ws/install/turtlebot3_teleop:/home/hle/turtlebot3_ws/install/turtlebot3_example:/home/hle/Desktop/compsci/ros/ir_sensor/install/ir_sensor_pkg:/home/hle/Desktop/compsci/ros/clientserver/install/clientserver_pkg:/home/hle/Desktop/compsci/ros/activity2/install/activity:/home/hle/Desktop/compsci/ros/activity4/install/packages:/home/hle/Desktop/compsci/ros/slam_capstone/install/capstone_pkg:/opt/ros/foxy LD_LIBRARY_PATH=/home/hle/Desktop/compsci/ros/slam_capstone/install/capstone_interfaces/lib:/home/hle/Desktop/compsci/ros/ros2_ws/install/my_robot_interfaces/lib:/home/hle/turtlebot3_ws/install/turtlebot3_msgs/lib:/home/hle/turtlebot3_ws/install/dynamixel_sdk_custom_interfaces/lib:/home/hle/turtlebot3_ws/install/dynamixel_sdk/lib:/home/hle/Desktop/compsci/ros/activity4/install/interfaces/lib:/usr/lib/x86_64-linux-gnu/gazebo-11/plugins:/opt/ros/foxy/opt/yaml_cpp_vendor/lib:/opt/ros/foxy/opt/rviz_ogre_vendor/lib:/opt/ros/foxy/lib/x86_64-linux-gnu:/opt/ros/foxy/lib PYTHONPATH=/home/hle/Desktop/compsci/ros/slam_capstone/build/capstone_pkg:/home/hle/Desktop/compsci/ros/slam_capstone/install/capstone_pkg/lib/python3.8/site-packages:/home/hle/Desktop/compsci/ros/slam_capstone/install/capstone_interfaces/lib/python3.8/site-packages:/home/hle/Desktop/compsci/ros/ros2_ws/build/my_py_pkg:/home/hle/Desktop/compsci/ros/ros2_ws/install/my_py_pkg/lib/python3.8/site-packages:/home/hle/Desktop/compsci/ros/ros2_ws/install/my_robot_interfaces/lib/python3.8/site-packages:/home/hle/turtlebot3_ws/build/turtlebot3_teleop:/home/hle/turtlebot3_ws/install/turtlebot3_teleop/lib/python3.8/site-packages:/home/hle/turtlebot3_ws/build/turtlebot3_example:/home/hle/turtlebot3_ws/install/turtlebot3_example/lib/python3.8/site-packages:/home/hle/turtlebot3_ws/install/turtlebot3_msgs/lib/python3.8/site-packages:/home/hle/turtlebot3_ws/install/dynamixel_sdk_custom_interfaces/lib/python3.8/site-packages:/home/hle/Desktop/compsci/ros/ir_sensor/install/ir_sensor_pkg/lib/python3.8/site-packages:/home/hle/Desktop/compsci/ros/clientserver/build/clientserver_pkg:/home/hle/Desktop/compsci/ros/clientserver/install/clientserver_pkg/lib/python3.8/site-packages:/home/hle/Desktop/compsci/ros/activity2/build/activity:/home/hle/Desktop/compsci/ros/activity2/install/activity/lib/python3.8/site-packages:/home/hle/Desktop/compsci/ros/activity4/build/packages:/home/hle/Desktop/compsci/ros/activity4/install/packages/lib/python3.8/site-packages:/home/hle/Desktop/compsci/ros/activity4/install/interfaces/lib/python3.8/site-packages:/opt/ros/foxy/lib/python3.8/site-packages /usr/bin/cmake --build /home/hle/Desktop/compsci/ros/slam_capstone/build/capstone_bringup -- -j8 -l8
[1.829s] DEBUG:colcon.colcon_core.event_handler.log_command:Invoking command in '/home/hle/Desktop/compsci/ros/slam_capstone/build/capstone_bringup': AMENT_PREFIX_PATH=/home/hle/Desktop/compsci/ros/slam_capstone/install/capstone_pkg:/home/hle/Desktop/compsci/ros/ros2_ws/install/my_py_pkg:/home/hle/Desktop/compsci/ros/ros2_ws/install/my_robot_interfaces:/home/hle/turtlebot3_ws/install/turtlebot3:/home/hle/turtlebot3_ws/install/turtlebot3_teleop:/home/hle/turtlebot3_ws/install/turtlebot3_bringup:/home/hle/turtlebot3_ws/install/turtlebot3_node:/home/hle/turtlebot3_ws/install/turtlebot3_navigation2:/home/hle/turtlebot3_ws/install/turtlebot3_example:/home/hle/turtlebot3_ws/install/turtlebot3_msgs:/home/hle/turtlebot3_ws/install/turtlebot3_description:/home/hle/turtlebot3_ws/install/turtlebot3_cartographer:/home/hle/turtlebot3_ws/install/dynamixel_sdk_examples:/home/hle/turtlebot3_ws/install/dynamixel_sdk_custom_interfaces:/home/hle/turtlebot3_ws/install/dynamixel_sdk:/home/hle/Desktop/compsci/ros/ir_sensor/install/ir_sensor_pkg:/home/hle/Desktop/compsci/ros/clientserver/install/clientserver_pkg:/home/hle/Desktop/compsci/ros/activity2/install/activity_bringup:/home/hle/Desktop/compsci/ros/activity2/install/activity:/home/hle/Desktop/compsci/ros/activity4/install/packages:/home/hle/Desktop/compsci/ros/activity4/install/interfaces:/home/hle/Desktop/compsci/ros/slam_capstone/install/launch:/home/hle/Desktop/compsci/ros/slam_capstone/install/capstone_interfaces:/opt/ros/foxy CMAKE_PREFIX_PATH=/home/hle/Desktop/compsci/ros/slam_capstone/install/capstone_interfaces:/home/hle/Desktop/compsci/ros/ros2_ws/install/my_robot_interfaces:/home/hle/Desktop/compsci/ros/ros2_ws/install/my_cpp_pkg:/home/hle/turtlebot3_ws/install/turtlebot3:/home/hle/turtlebot3_ws/install/turtlebot3_bringup:/home/hle/turtlebot3_ws/install/turtlebot3_node:/home/hle/turtlebot3_ws/install/turtlebot3_navigation2:/home/hle/turtlebot3_ws/install/turtlebot3_msgs:/home/hle/turtlebot3_ws/install/turtlebot3_description:/home/hle/turtlebot3_ws/install/turtlebot3_cartographer:/home/hle/turtlebot3_ws/install/dynamixel_sdk_examples:/home/hle/turtlebot3_ws/install/dynamixel_sdk_custom_interfaces:/home/hle/turtlebot3_ws/install/dynamixel_sdk:/home/hle/Desktop/compsci/ros/activity2/install/activity_bringup:/home/hle/Desktop/compsci/ros/activity4/install/interfaces:/home/hle/Desktop/compsci/ros/slam_capstone/install/launch:/home/hle/Desktop/compsci/ros/ros2_ws/install/my_py_pkg:/home/hle/turtlebot3_ws/install/turtlebot3_teleop:/home/hle/turtlebot3_ws/install/turtlebot3_example:/home/hle/Desktop/compsci/ros/ir_sensor/install/ir_sensor_pkg:/home/hle/Desktop/compsci/ros/clientserver/install/clientserver_pkg:/home/hle/Desktop/compsci/ros/activity2/install/activity:/home/hle/Desktop/compsci/ros/activity4/install/packages:/home/hle/Desktop/compsci/ros/slam_capstone/install/capstone_pkg:/opt/ros/foxy LD_LIBRARY_PATH=/home/hle/Desktop/compsci/ros/slam_capstone/install/capstone_interfaces/lib:/home/hle/Desktop/compsci/ros/ros2_ws/install/my_robot_interfaces/lib:/home/hle/turtlebot3_ws/install/turtlebot3_msgs/lib:/home/hle/turtlebot3_ws/install/dynamixel_sdk_custom_interfaces/lib:/home/hle/turtlebot3_ws/install/dynamixel_sdk/lib:/home/hle/Desktop/compsci/ros/activity4/install/interfaces/lib:/usr/lib/x86_64-linux-gnu/gazebo-11/plugins:/opt/ros/foxy/opt/yaml_cpp_vendor/lib:/opt/ros/foxy/opt/rviz_ogre_vendor/lib:/opt/ros/foxy/lib/x86_64-linux-gnu:/opt/ros/foxy/lib PYTHONPATH=/home/hle/Desktop/compsci/ros/slam_capstone/build/capstone_pkg:/home/hle/Desktop/compsci/ros/slam_capstone/install/capstone_pkg/lib/python3.8/site-packages:/home/hle/Desktop/compsci/ros/slam_capstone/install/capstone_interfaces/lib/python3.8/site-packages:/home/hle/Desktop/compsci/ros/ros2_ws/build/my_py_pkg:/home/hle/Desktop/compsci/ros/ros2_ws/install/my_py_pkg/lib/python3.8/site-packages:/home/hle/Desktop/compsci/ros/ros2_ws/install/my_robot_interfaces/lib/python3.8/site-packages:/home/hle/turtlebot3_ws/build/turtlebot3_teleop:/home/hle/turtlebot3_ws/install/turtlebot3_teleop/lib/python3.8/site-packages:/home/hle/turtlebot3_ws/build/turtlebot3_example:/home/hle/turtlebot3_ws/install/turtlebot3_example/lib/python3.8/site-packages:/home/hle/turtlebot3_ws/install/turtlebot3_msgs/lib/python3.8/site-packages:/home/hle/turtlebot3_ws/install/dynamixel_sdk_custom_interfaces/lib/python3.8/site-packages:/home/hle/Desktop/compsci/ros/ir_sensor/install/ir_sensor_pkg/lib/python3.8/site-packages:/home/hle/Desktop/compsci/ros/clientserver/build/clientserver_pkg:/home/hle/Desktop/compsci/ros/clientserver/install/clientserver_pkg/lib/python3.8/site-packages:/home/hle/Desktop/compsci/ros/activity2/build/activity:/home/hle/Desktop/compsci/ros/activity2/install/activity/lib/python3.8/site-packages:/home/hle/Desktop/compsci/ros/activity4/build/packages:/home/hle/Desktop/compsci/ros/activity4/install/packages/lib/python3.8/site-packages:/home/hle/Desktop/compsci/ros/activity4/install/interfaces/lib/python3.8/site-packages:/opt/ros/foxy/lib/python3.8/site-packages /usr/bin/cmake --install /home/hle/Desktop/compsci/ros/slam_capstone/build/capstone_bringup
[1.850s] Level 1:colcon.colcon_core.environment:create_environment_scripts_only(capstone_bringup)
[1.851s] Level 1:colcon.colcon_core.environment:checking '/home/hle/Desktop/compsci/ros/slam_capstone/install/capstone_bringup' for CMake module files
[1.851s] DEBUG:colcon.colcon_core.event_handler.log_command:Invoked command in '/home/hle/Desktop/compsci/ros/slam_capstone/build/capstone_bringup' returned '0': AMENT_PREFIX_PATH=/home/hle/Desktop/compsci/ros/slam_capstone/install/capstone_pkg:/home/hle/Desktop/compsci/ros/ros2_ws/install/my_py_pkg:/home/hle/Desktop/compsci/ros/ros2_ws/install/my_robot_interfaces:/home/hle/turtlebot3_ws/install/turtlebot3:/home/hle/turtlebot3_ws/install/turtlebot3_teleop:/home/hle/turtlebot3_ws/install/turtlebot3_bringup:/home/hle/turtlebot3_ws/install/turtlebot3_node:/home/hle/turtlebot3_ws/install/turtlebot3_navigation2:/home/hle/turtlebot3_ws/install/turtlebot3_example:/home/hle/turtlebot3_ws/install/turtlebot3_msgs:/home/hle/turtlebot3_ws/install/turtlebot3_description:/home/hle/turtlebot3_ws/install/turtlebot3_cartographer:/home/hle/turtlebot3_ws/install/dynamixel_sdk_examples:/home/hle/turtlebot3_ws/install/dynamixel_sdk_custom_interfaces:/home/hle/turtlebot3_ws/install/dynamixel_sdk:/home/hle/Desktop/compsci/ros/ir_sensor/install/ir_sensor_pkg:/home/hle/Desktop/compsci/ros/clientserver/install/clientserver_pkg:/home/hle/Desktop/compsci/ros/activity2/install/activity_bringup:/home/hle/Desktop/compsci/ros/activity2/install/activity:/home/hle/Desktop/compsci/ros/activity4/install/packages:/home/hle/Desktop/compsci/ros/activity4/install/interfaces:/home/hle/Desktop/compsci/ros/slam_capstone/install/launch:/home/hle/Desktop/compsci/ros/slam_capstone/install/capstone_interfaces:/opt/ros/foxy CMAKE_PREFIX_PATH=/home/hle/Desktop/compsci/ros/slam_capstone/install/capstone_interfaces:/home/hle/Desktop/compsci/ros/ros2_ws/install/my_robot_interfaces:/home/hle/Desktop/compsci/ros/ros2_ws/install/my_cpp_pkg:/home/hle/turtlebot3_ws/install/turtlebot3:/home/hle/turtlebot3_ws/install/turtlebot3_bringup:/home/hle/turtlebot3_ws/install/turtlebot3_node:/home/hle/turtlebot3_ws/install/turtlebot3_navigation2:/home/hle/turtlebot3_ws/install/turtlebot3_msgs:/home/hle/turtlebot3_ws/install/turtlebot3_description:/home/hle/turtlebot3_ws/install/turtlebot3_cartographer:/home/hle/turtlebot3_ws/install/dynamixel_sdk_examples:/home/hle/turtlebot3_ws/install/dynamixel_sdk_custom_interfaces:/home/hle/turtlebot3_ws/install/dynamixel_sdk:/home/hle/Desktop/compsci/ros/activity2/install/activity_bringup:/home/hle/Desktop/compsci/ros/activity4/install/interfaces:/home/hle/Desktop/compsci/ros/slam_capstone/install/launch:/home/hle/Desktop/compsci/ros/ros2_ws/install/my_py_pkg:/home/hle/turtlebot3_ws/install/turtlebot3_teleop:/home/hle/turtlebot3_ws/install/turtlebot3_example:/home/hle/Desktop/compsci/ros/ir_sensor/install/ir_sensor_pkg:/home/hle/Desktop/compsci/ros/clientserver/install/clientserver_pkg:/home/hle/Desktop/compsci/ros/activity2/install/activity:/home/hle/Desktop/compsci/ros/activity4/install/packages:/home/hle/Desktop/compsci/ros/slam_capstone/install/capstone_pkg:/opt/ros/foxy LD_LIBRARY_PATH=/home/hle/Desktop/compsci/ros/slam_capstone/install/capstone_interfaces/lib:/home/hle/Desktop/compsci/ros/ros2_ws/install/my_robot_interfaces/lib:/home/hle/turtlebot3_ws/install/turtlebot3_msgs/lib:/home/hle/turtlebot3_ws/install/dynamixel_sdk_custom_interfaces/lib:/home/hle/turtlebot3_ws/install/dynamixel_sdk/lib:/home/hle/Desktop/compsci/ros/activity4/install/interfaces/lib:/usr/lib/x86_64-linux-gnu/gazebo-11/plugins:/opt/ros/foxy/opt/yaml_cpp_vendor/lib:/opt/ros/foxy/opt/rviz_ogre_vendor/lib:/opt/ros/foxy/lib/x86_64-linux-gnu:/opt/ros/foxy/lib PYTHONPATH=/home/hle/Desktop/compsci/ros/slam_capstone/build/capstone_pkg:/home/hle/Desktop/compsci/ros/slam_capstone/install/capstone_pkg/lib/python3.8/site-packages:/home/hle/Desktop/compsci/ros/slam_capstone/install/capstone_interfaces/lib/python3.8/site-packages:/home/hle/Desktop/compsci/ros/ros2_ws/build/my_py_pkg:/home/hle/Desktop/compsci/ros/ros2_ws/install/my_py_pkg/lib/python3.8/site-packages:/home/hle/Desktop/compsci/ros/ros2_ws/install/my_robot_interfaces/lib/python3.8/site-packages:/home/hle/turtlebot3_ws/build/turtlebot3_teleop:/home/hle/turtlebot3_ws/install/turtlebot3_teleop/lib/python3.8/site-packages:/home/hle/turtlebot3_ws/build/turtlebot3_example:/home/hle/turtlebot3_ws/install/turtlebot3_example/lib/python3.8/site-packages:/home/hle/turtlebot3_ws/install/turtlebot3_msgs/lib/python3.8/site-packages:/home/hle/turtlebot3_ws/install/dynamixel_sdk_custom_interfaces/lib/python3.8/site-packages:/home/hle/Desktop/compsci/ros/ir_sensor/install/ir_sensor_pkg/lib/python3.8/site-packages:/home/hle/Desktop/compsci/ros/clientserver/build/clientserver_pkg:/home/hle/Desktop/compsci/ros/clientserver/install/clientserver_pkg/lib/python3.8/site-packages:/home/hle/Desktop/compsci/ros/activity2/build/activity:/home/hle/Desktop/compsci/ros/activity2/install/activity/lib/python3.8/site-packages:/home/hle/Desktop/compsci/ros/activity4/build/packages:/home/hle/Desktop/compsci/ros/activity4/install/packages/lib/python3.8/site-packages:/home/hle/Desktop/compsci/ros/activity4/install/interfaces/lib/python3.8/site-packages:/opt/ros/foxy/lib/python3.8/site-packages /usr/bin/cmake --install /home/hle/Desktop/compsci/ros/slam_capstone/build/capstone_bringup
[1.852s] Level 1:colcon.colcon_core.environment:checking '/home/hle/Desktop/compsci/ros/slam_capstone/install/capstone_bringup' for CMake config files
[1.852s] Level 1:colcon.colcon_core.shell:create_environment_hook('capstone_bringup', 'cmake_prefix_path')
[1.852s] INFO:colcon.colcon_core.shell:Creating environment hook '/home/hle/Desktop/compsci/ros/slam_capstone/install/capstone_bringup/share/capstone_bringup/hook/cmake_prefix_path.ps1'
[1.853s] INFO:colcon.colcon_core.shell:Creating environment descriptor '/home/hle/Desktop/compsci/ros/slam_capstone/install/capstone_bringup/share/capstone_bringup/hook/cmake_prefix_path.dsv'
[1.853s] INFO:colcon.colcon_core.shell:Creating environment hook '/home/hle/Desktop/compsci/ros/slam_capstone/install/capstone_bringup/share/capstone_bringup/hook/cmake_prefix_path.sh'
[1.854s] Level 1:colcon.colcon_core.environment:checking '/home/hle/Desktop/compsci/ros/slam_capstone/install/capstone_bringup/bin'
[1.854s] Level 1:colcon.colcon_core.environment:checking '/home/hle/Desktop/compsci/ros/slam_capstone/install/capstone_bringup/lib/pkgconfig/capstone_bringup.pc'
[1.854s] Level 1:colcon.colcon_core.environment:checking '/home/hle/Desktop/compsci/ros/slam_capstone/install/capstone_bringup/lib/python3.8/site-packages'
[1.854s] INFO:colcon.colcon_core.shell:Creating package script '/home/hle/Desktop/compsci/ros/slam_capstone/install/capstone_bringup/share/capstone_bringup/package.ps1'
[1.855s] INFO:colcon.colcon_core.shell:Creating package descriptor '/home/hle/Desktop/compsci/ros/slam_capstone/install/capstone_bringup/share/capstone_bringup/package.dsv'
[1.855s] INFO:colcon.colcon_core.shell:Creating package script '/home/hle/Desktop/compsci/ros/slam_capstone/install/capstone_bringup/share/capstone_bringup/package.sh'
[1.855s] INFO:colcon.colcon_core.shell:Creating package script '/home/hle/Desktop/compsci/ros/slam_capstone/install/capstone_bringup/share/capstone_bringup/package.bash'
[1.856s] INFO:colcon.colcon_core.shell:Creating package script '/home/hle/Desktop/compsci/ros/slam_capstone/install/capstone_bringup/share/capstone_bringup/package.zsh'
[1.856s] Level 1:colcon.colcon_core.environment:create_file_with_runtime_dependencies(/home/hle/Desktop/compsci/ros/slam_capstone/install/capstone_bringup/share/colcon-core/packages/capstone_bringup)
[1.876s] Level 1:colcon.colcon_core.environment:create_environment_scripts_only(capstone_bringup)
[1.877s] Level 1:colcon.colcon_core.environment:checking '/home/hle/Desktop/compsci/ros/slam_capstone/install/capstone_bringup' for CMake module files
[1.877s] Level 1:colcon.colcon_core.environment:checking '/home/hle/Desktop/compsci/ros/slam_capstone/install/capstone_bringup' for CMake config files
[1.877s] Level 1:colcon.colcon_core.shell:create_environment_hook('capstone_bringup', 'cmake_prefix_path')
[1.878s] INFO:colcon.colcon_core.shell:Creating environment hook '/home/hle/Desktop/compsci/ros/slam_capstone/install/capstone_bringup/share/capstone_bringup/hook/cmake_prefix_path.ps1'
[1.878s] INFO:colcon.colcon_core.shell:Creating environment descriptor '/home/hle/Desktop/compsci/ros/slam_capstone/install/capstone_bringup/share/capstone_bringup/hook/cmake_prefix_path.dsv'
[1.878s] INFO:colcon.colcon_core.shell:Creating environment hook '/home/hle/Desktop/compsci/ros/slam_capstone/install/capstone_bringup/share/capstone_bringup/hook/cmake_prefix_path.sh'
[1.879s] Level 1:colcon.colcon_core.environment:checking '/home/hle/Desktop/compsci/ros/slam_capstone/install/capstone_bringup/bin'
[1.879s] Level 1:colcon.colcon_core.environment:checking '/home/hle/Desktop/compsci/ros/slam_capstone/install/capstone_bringup/lib/pkgconfig/capstone_bringup.pc'
[1.879s] Level 1:colcon.colcon_core.environment:checking '/home/hle/Desktop/compsci/ros/slam_capstone/install/capstone_bringup/lib/python3.8/site-packages'
[1.880s] INFO:colcon.colcon_core.shell:Creating package script '/home/hle/Desktop/compsci/ros/slam_capstone/install/capstone_bringup/share/capstone_bringup/package.ps1'
[1.880s] INFO:colcon.colcon_core.shell:Creating package descriptor '/home/hle/Desktop/compsci/ros/slam_capstone/install/capstone_bringup/share/capstone_bringup/package.dsv'
[1.880s] INFO:colcon.colcon_core.shell:Creating package script '/home/hle/Desktop/compsci/ros/slam_capstone/install/capstone_bringup/share/capstone_bringup/package.sh'
[1.881s] INFO:colcon.colcon_core.shell:Creating package script '/home/hle/Desktop/compsci/ros/slam_capstone/install/capstone_bringup/share/capstone_bringup/package.bash'
[1.881s] INFO:colcon.colcon_core.shell:Creating package script '/home/hle/Desktop/compsci/ros/slam_capstone/install/capstone_bringup/share/capstone_bringup/package.zsh'
[1.881s] Level 1:colcon.colcon_core.environment:create_file_with_runtime_dependencies(/home/hle/Desktop/compsci/ros/slam_capstone/install/capstone_bringup/share/colcon-core/packages/capstone_bringup)
[1.882s] DEBUG:colcon.colcon_parallel_executor.executor.parallel:closing loop
[1.882s] DEBUG:colcon.colcon_parallel_executor.executor.parallel:loop closed
[1.882s] DEBUG:colcon.colcon_parallel_executor.executor.parallel:run_until_complete finished with '0'
[1.882s] DEBUG:colcon.colcon_core.event_reactor:joining thread
[1.889s] INFO:colcon.colcon_core.plugin_system:Skipping extension 'colcon_notification.desktop_notification.terminal_notifier': Not used on non-Darwin systems
[1.889s] INFO:colcon.colcon_core.plugin_system:Skipping extension 'colcon_notification.desktop_notification.win32': Not used on non-Windows systems
[1.889s] INFO:colcon.colcon_notification.desktop_notification:Sending desktop notification using 'notify2'
[1.903s] DEBUG:colcon.colcon_core.event_reactor:joined thread
[1.903s] INFO:colcon.colcon_core.shell:Creating prefix script '/home/hle/Desktop/compsci/ros/slam_capstone/install/local_setup.ps1'
[1.904s] INFO:colcon.colcon_core.shell:Creating prefix util module '/home/hle/Desktop/compsci/ros/slam_capstone/install/_local_setup_util_ps1.py'
[1.906s] INFO:colcon.colcon_core.shell:Creating prefix chain script '/home/hle/Desktop/compsci/ros/slam_capstone/install/setup.ps1'
[1.908s] INFO:colcon.colcon_core.shell:Creating prefix script '/home/hle/Desktop/compsci/ros/slam_capstone/install/local_setup.sh'
[1.908s] INFO:colcon.colcon_core.shell:Creating prefix util module '/home/hle/Desktop/compsci/ros/slam_capstone/install/_local_setup_util_sh.py'
[1.909s] INFO:colcon.colcon_core.shell:Creating prefix chain script '/home/hle/Desktop/compsci/ros/slam_capstone/install/setup.sh'
[1.910s] INFO:colcon.colcon_core.shell:Creating prefix script '/home/hle/Desktop/compsci/ros/slam_capstone/install/local_setup.bash'
[1.911s] INFO:colcon.colcon_core.shell:Creating prefix chain script '/home/hle/Desktop/compsci/ros/slam_capstone/install/setup.bash'
[1.913s] INFO:colcon.colcon_core.shell:Creating prefix script '/home/hle/Desktop/compsci/ros/slam_capstone/install/local_setup.zsh'
[1.913s] INFO:colcon.colcon_core.shell:Creating prefix chain script '/home/hle/Desktop/compsci/ros/slam_capstone/install/setup.zsh'
