[0.012s] Invoking command in '/home/hle/Desktop/compsci/ros/slam_capstone/build/capstone_bringup': CMAKE_PREFIX_PATH=${CMAKE_PREFIX_PATH}:/home/hle/Desktop/compsci/ros/ros2_ws/install/my_py_pkg:/home/hle/turtlebot3_ws/install/turtlebot3_teleop:/home/hle/turtlebot3_ws/install/turtlebot3_example:/home/hle/Desktop/compsci/ros/ir_sensor/install/ir_sensor_pkg:/home/hle/Desktop/compsci/ros/clientserver/install/clientserver_pkg:/home/hle/Desktop/compsci/ros/activity2/install/activity:/home/hle/Desktop/compsci/ros/activity4/install/packages:/home/hle/Desktop/compsci/ros/slam_capstone/install/capstone_pkg:/opt/ros/foxy /usr/bin/cmake /home/hle/Desktop/compsci/ros/slam_capstone/src/capstone_bringup -DAMENT_CMAKE_SYMLINK_INSTALL=1 -DCMAKE_INSTALL_PREFIX=/home/hle/Desktop/compsci/ros/slam_capstone/install/capstone_bringup
[0.056s] -- The C compiler identification is GNU 9.3.0
[0.096s] -- The CXX compiler identification is GNU 9.3.0
[0.100s] -- Check for working C compiler: /usr/bin/cc
[0.151s] -- Check for working C compiler: /usr/bin/cc -- works
[0.152s] -- Detecting C compiler ABI info
[0.201s] -- Detecting C compiler ABI info - done
[0.211s] -- Detecting C compile features
[0.211s] -- Detecting C compile features - done
[0.213s] -- Check for working CXX compiler: /usr/bin/c++
[0.271s] -- Check for working CXX compiler: /usr/bin/c++ -- works
[0.272s] -- Detecting CXX compiler ABI info
[0.332s] -- Detecting CXX compiler ABI info - done
[0.341s] -- Detecting CXX compile features
[0.342s] -- Detecting CXX compile features - done
[0.345s] -- Found ament_cmake: 0.9.9 (/opt/ros/foxy/share/ament_cmake/cmake)
[0.375s] -- Found PythonInterp: /usr/bin/python3 (found suitable version "3.8.10", minimum required is "3") 
[0.375s] -- Using PYTHON_EXECUTABLE: /usr/bin/python3
[0.525s] -- Override CMake install command with custom implementation using symlinks instead of copying resources
[0.618s] -- Configuring done
[0.619s] -- Generating done
[0.619s] -- Build files have been written to: /home/hle/Desktop/compsci/ros/slam_capstone/build/capstone_bringup
[0.624s] Invoked command in '/home/hle/Desktop/compsci/ros/slam_capstone/build/capstone_bringup' returned '0': CMAKE_PREFIX_PATH=${CMAKE_PREFIX_PATH}:/home/hle/Desktop/compsci/ros/ros2_ws/install/my_py_pkg:/home/hle/turtlebot3_ws/install/turtlebot3_teleop:/home/hle/turtlebot3_ws/install/turtlebot3_example:/home/hle/Desktop/compsci/ros/ir_sensor/install/ir_sensor_pkg:/home/hle/Desktop/compsci/ros/clientserver/install/clientserver_pkg:/home/hle/Desktop/compsci/ros/activity2/install/activity:/home/hle/Desktop/compsci/ros/activity4/install/packages:/home/hle/Desktop/compsci/ros/slam_capstone/install/capstone_pkg:/opt/ros/foxy /usr/bin/cmake /home/hle/Desktop/compsci/ros/slam_capstone/src/capstone_bringup -DAMENT_CMAKE_SYMLINK_INSTALL=1 -DCMAKE_INSTALL_PREFIX=/home/hle/Desktop/compsci/ros/slam_capstone/install/capstone_bringup
[0.625s] Invoking command in '/home/hle/Desktop/compsci/ros/slam_capstone/build/capstone_bringup': CMAKE_PREFIX_PATH=${CMAKE_PREFIX_PATH}:/home/hle/Desktop/compsci/ros/ros2_ws/install/my_py_pkg:/home/hle/turtlebot3_ws/install/turtlebot3_teleop:/home/hle/turtlebot3_ws/install/turtlebot3_example:/home/hle/Desktop/compsci/ros/ir_sensor/install/ir_sensor_pkg:/home/hle/Desktop/compsci/ros/clientserver/install/clientserver_pkg:/home/hle/Desktop/compsci/ros/activity2/install/activity:/home/hle/Desktop/compsci/ros/activity4/install/packages:/home/hle/Desktop/compsci/ros/slam_capstone/install/capstone_pkg:/opt/ros/foxy /usr/bin/cmake --build /home/hle/Desktop/compsci/ros/slam_capstone/build/capstone_bringup -- -j8 -l8
[0.654s] Invoked command in '/home/hle/Desktop/compsci/ros/slam_capstone/build/capstone_bringup' returned '0': CMAKE_PREFIX_PATH=${CMAKE_PREFIX_PATH}:/home/hle/Desktop/compsci/ros/ros2_ws/install/my_py_pkg:/home/hle/turtlebot3_ws/install/turtlebot3_teleop:/home/hle/turtlebot3_ws/install/turtlebot3_example:/home/hle/Desktop/compsci/ros/ir_sensor/install/ir_sensor_pkg:/home/hle/Desktop/compsci/ros/clientserver/install/clientserver_pkg:/home/hle/Desktop/compsci/ros/activity2/install/activity:/home/hle/Desktop/compsci/ros/activity4/install/packages:/home/hle/Desktop/compsci/ros/slam_capstone/install/capstone_pkg:/opt/ros/foxy /usr/bin/cmake --build /home/hle/Desktop/compsci/ros/slam_capstone/build/capstone_bringup -- -j8 -l8
[0.686s] Invoking command in '/home/hle/Desktop/compsci/ros/slam_capstone/build/capstone_bringup': CMAKE_PREFIX_PATH=${CMAKE_PREFIX_PATH}:/home/hle/Desktop/compsci/ros/ros2_ws/install/my_py_pkg:/home/hle/turtlebot3_ws/install/turtlebot3_teleop:/home/hle/turtlebot3_ws/install/turtlebot3_example:/home/hle/Desktop/compsci/ros/ir_sensor/install/ir_sensor_pkg:/home/hle/Desktop/compsci/ros/clientserver/install/clientserver_pkg:/home/hle/Desktop/compsci/ros/activity2/install/activity:/home/hle/Desktop/compsci/ros/activity4/install/packages:/home/hle/Desktop/compsci/ros/slam_capstone/install/capstone_pkg:/opt/ros/foxy /usr/bin/cmake --install /home/hle/Desktop/compsci/ros/slam_capstone/build/capstone_bringup
[0.694s] -- Install configuration: ""
[0.695s] -- Execute custom install script
[0.695s] -- Symlinking: /home/hle/Desktop/compsci/ros/slam_capstone/install/capstone_bringup/share/capstone_bringup/launch/capstone_slam.launch.py
[0.705s] -- Symlinking: /home/hle/Desktop/compsci/ros/slam_capstone/install/capstone_bringup/share/ament_index/resource_index/package_run_dependencies/capstone_bringup
[0.714s] -- Symlinking: /home/hle/Desktop/compsci/ros/slam_capstone/install/capstone_bringup/share/ament_index/resource_index/parent_prefix_path/capstone_bringup
[0.723s] -- Symlinking: /home/hle/Desktop/compsci/ros/slam_capstone/install/capstone_bringup/share/capstone_bringup/environment/ament_prefix_path.sh
[0.732s] -- Symlinking: /home/hle/Desktop/compsci/ros/slam_capstone/install/capstone_bringup/share/capstone_bringup/environment/ament_prefix_path.dsv
[0.742s] -- Symlinking: /home/hle/Desktop/compsci/ros/slam_capstone/install/capstone_bringup/share/capstone_bringup/environment/path.sh
[0.752s] -- Symlinking: /home/hle/Desktop/compsci/ros/slam_capstone/install/capstone_bringup/share/capstone_bringup/environment/path.dsv
[0.762s] -- Symlinking: /home/hle/Desktop/compsci/ros/slam_capstone/install/capstone_bringup/share/capstone_bringup/local_setup.bash
[0.770s] -- Symlinking: /home/hle/Desktop/compsci/ros/slam_capstone/install/capstone_bringup/share/capstone_bringup/local_setup.sh
[0.779s] -- Symlinking: /home/hle/Desktop/compsci/ros/slam_capstone/install/capstone_bringup/share/capstone_bringup/local_setup.zsh
[0.788s] -- Symlinking: /home/hle/Desktop/compsci/ros/slam_capstone/install/capstone_bringup/share/capstone_bringup/local_setup.dsv
[0.797s] -- Symlinking: /home/hle/Desktop/compsci/ros/slam_capstone/install/capstone_bringup/share/capstone_bringup/package.dsv
[0.805s] -- Symlinking: /home/hle/Desktop/compsci/ros/slam_capstone/install/capstone_bringup/share/ament_index/resource_index/packages/capstone_bringup
[0.814s] -- Symlinking: /home/hle/Desktop/compsci/ros/slam_capstone/install/capstone_bringup/share/capstone_bringup/cmake/capstone_bringupConfig.cmake
[0.823s] -- Symlinking: /home/hle/Desktop/compsci/ros/slam_capstone/install/capstone_bringup/share/capstone_bringup/cmake/capstone_bringupConfig-version.cmake
[0.831s] -- Symlinking: /home/hle/Desktop/compsci/ros/slam_capstone/install/capstone_bringup/share/capstone_bringup/package.xml
[0.843s] Invoked command in '/home/hle/Desktop/compsci/ros/slam_capstone/build/capstone_bringup' returned '0': CMAKE_PREFIX_PATH=${CMAKE_PREFIX_PATH}:/home/hle/Desktop/compsci/ros/ros2_ws/install/my_py_pkg:/home/hle/turtlebot3_ws/install/turtlebot3_teleop:/home/hle/turtlebot3_ws/install/turtlebot3_example:/home/hle/Desktop/compsci/ros/ir_sensor/install/ir_sensor_pkg:/home/hle/Desktop/compsci/ros/clientserver/install/clientserver_pkg:/home/hle/Desktop/compsci/ros/activity2/install/activity:/home/hle/Desktop/compsci/ros/activity4/install/packages:/home/hle/Desktop/compsci/ros/slam_capstone/install/capstone_pkg:/opt/ros/foxy /usr/bin/cmake --install /home/hle/Desktop/compsci/ros/slam_capstone/build/capstone_bringup
