-- Found ament_cmake: 0.9.9 (/opt/ros/foxy/share/ament_cmake/cmake)
-- Using PYTHON_EXECUTABLE: /usr/bin/python3
-- Override CMake install command with custom implementation using symlinks instead of copying resources
-- Found rclcpp: 2.4.1 (/opt/ros/foxy/share/rclcpp/cmake)
-- Using all available rosidl_typesupport_c: rosidl_typesupport_fastrtps_c;rosidl_typesupport_introspection_c
-- Found rosidl_adapter: 1.2.1 (/opt/ros/foxy/share/rosidl_adapter/cmake)
-- Using all available rosidl_typesupport_cpp: rosidl_typesupport_fastrtps_cpp;rosidl_typesupport_introspection_cpp
-- Found rmw_implementation_cmake: 1.0.3 (/opt/ros/foxy/share/rmw_implementation_cmake/cmake)
-- Using RMW implementation 'rmw_fastrtps_cpp' as default
-- Found tf2_ros: 0.13.13 (/opt/ros/foxy/share/tf2_ros/cmake)
-- Configuring done
-- Generating done
-- Build files have been written to: /home/hle/Desktop/compsci/ros/slam_capstone/build/capstone_pkg_cpp
[100%] Built target odom_map_transform
-- Install configuration: ""
-- Execute custom install script
-- Up-to-date symlink: /home/hle/Desktop/compsci/ros/slam_capstone/install/capstone_pkg_cpp/lib/capstone_pkg_cpp/odom_map_transform
-- Up-to-date symlink: /home/hle/Desktop/compsci/ros/slam_capstone/install/capstone_pkg_cpp/share/ament_index/resource_index/package_run_dependencies/capstone_pkg_cpp
-- Up-to-date symlink: /home/hle/Desktop/compsci/ros/slam_capstone/install/capstone_pkg_cpp/share/ament_index/resource_index/parent_prefix_path/capstone_pkg_cpp
-- Up-to-date symlink: /home/hle/Desktop/compsci/ros/slam_capstone/install/capstone_pkg_cpp/share/capstone_pkg_cpp/environment/ament_prefix_path.sh
-- Up-to-date symlink: /home/hle/Desktop/compsci/ros/slam_capstone/install/capstone_pkg_cpp/share/capstone_pkg_cpp/environment/ament_prefix_path.dsv
-- Up-to-date symlink: /home/hle/Desktop/compsci/ros/slam_capstone/install/capstone_pkg_cpp/share/capstone_pkg_cpp/environment/path.sh
-- Up-to-date symlink: /home/hle/Desktop/compsci/ros/slam_capstone/install/capstone_pkg_cpp/share/capstone_pkg_cpp/environment/path.dsv
-- Up-to-date symlink: /home/hle/Desktop/compsci/ros/slam_capstone/install/capstone_pkg_cpp/share/capstone_pkg_cpp/local_setup.bash
-- Up-to-date symlink: /home/hle/Desktop/compsci/ros/slam_capstone/install/capstone_pkg_cpp/share/capstone_pkg_cpp/local_setup.sh
-- Up-to-date symlink: /home/hle/Desktop/compsci/ros/slam_capstone/install/capstone_pkg_cpp/share/capstone_pkg_cpp/local_setup.zsh
-- Up-to-date symlink: /home/hle/Desktop/compsci/ros/slam_capstone/install/capstone_pkg_cpp/share/capstone_pkg_cpp/local_setup.dsv
-- Symlinking: /home/hle/Desktop/compsci/ros/slam_capstone/install/capstone_pkg_cpp/share/capstone_pkg_cpp/package.dsv
-- Up-to-date symlink: /home/hle/Desktop/compsci/ros/slam_capstone/install/capstone_pkg_cpp/share/ament_index/resource_index/packages/capstone_pkg_cpp
-- Up-to-date symlink: /home/hle/Desktop/compsci/ros/slam_capstone/install/capstone_pkg_cpp/share/capstone_pkg_cpp/cmake/capstone_pkg_cppConfig.cmake
-- Up-to-date symlink: /home/hle/Desktop/compsci/ros/slam_capstone/install/capstone_pkg_cpp/share/capstone_pkg_cpp/cmake/capstone_pkg_cppConfig-version.cmake
-- Up-to-date symlink: /home/hle/Desktop/compsci/ros/slam_capstone/install/capstone_pkg_cpp/share/capstone_pkg_cpp/package.xml
