[0.131s] DEBUG:colcon:Command line arguments: ['/usr/bin/colcon', 'build']
[0.131s] DEBUG:colcon:Parsed command line arguments: Namespace(allow_overriding=[], ament_cmake_args=None, base_paths=['.'], build_base='build', catkin_cmake_args=None, catkin_skip_building_tests=False, cmake_args=None, cmake_clean_cache=False, cmake_clean_first=False, cmake_force_configure=False, cmake_target=None, cmake_target_skip_unavailable=False, continue_on_error=False, event_handlers=None, executor='parallel', ignore_user_meta=False, install_base='install', log_base=None, log_level=None, main=<bound method BuildVerb.main of <colcon_core.verb.build.BuildVerb object at 0x7f3535a36970>>, merge_install=False, metas=['./colcon.meta'], packages_above=None, packages_above_and_dependencies=None, packages_above_depth=None, packages_end=None, packages_ignore=None, packages_ignore_regex=None, packages_select=None, packages_select_build_failed=False, packages_select_by_dep=None, packages_select_regex=None, packages_select_test_failures=False, packages_skip=None, packages_skip_build_finished=False, packages_skip_by_dep=None, packages_skip_regex=None, packages_skip_test_passed=False, packages_skip_up_to=None, packages_start=None, packages_up_to=None, packages_up_to_regex=None, parallel_workers=8, paths=None, symlink_install=False, test_result_base=None, verb_extension=<colcon_core.verb.build.BuildVerb object at 0x7f3535a36970>, verb_name='build', verb_parser=<colcon_defaults.argument_parser.defaults.DefaultArgumentsDecorator object at 0x7f3535a36ee0>)
[0.136s] Level 1:colcon.colcon_core.package_discovery:discover_packages(colcon_meta) check parameters
[0.136s] Level 1:colcon.colcon_core.package_discovery:discover_packages(recursive) check parameters
[0.136s] Level 1:colcon.colcon_core.package_discovery:discover_packages(ignore) check parameters
[0.136s] Level 1:colcon.colcon_core.package_discovery:discover_packages(path) check parameters
[0.136s] Level 1:colcon.colcon_core.package_discovery:discover_packages(colcon_meta) discover
[0.136s] Level 1:colcon.colcon_core.package_discovery:discover_packages(recursive) discover
[0.136s] INFO:colcon.colcon_core.package_discovery:Crawling recursively for packages in '/home/hle/Desktop/compsci/ros/slam_capstone'
[0.136s] Level 1:colcon.colcon_core.package_identification:_identify(.) by extensions ['ignore', 'ignore_ament_install']
[0.136s] Level 1:colcon.colcon_core.package_identification:_identify(.) by extension 'ignore'
[0.136s] Level 1:colcon.colcon_core.package_identification:_identify(.) by extension 'ignore_ament_install'
[0.136s] Level 1:colcon.colcon_core.package_identification:_identify(.) by extensions ['colcon_pkg']
[0.136s] Level 1:colcon.colcon_core.package_identification:_identify(.) by extension 'colcon_pkg'
[0.136s] Level 1:colcon.colcon_core.package_identification:_identify(.) by extensions ['colcon_meta']
[0.137s] Level 1:colcon.colcon_core.package_identification:_identify(.) by extension 'colcon_meta'
[0.137s] Level 1:colcon.colcon_core.package_identification:_identify(.) by extensions ['ros']
[0.137s] Level 1:colcon.colcon_core.package_identification:_identify(.) by extension 'ros'
[0.145s] Level 1:colcon.colcon_core.package_identification:_identify(.) by extensions ['cmake', 'python']
[0.145s] Level 1:colcon.colcon_core.package_identification:_identify(.) by extension 'cmake'
[0.145s] Level 1:colcon.colcon_core.package_identification:_identify(.) by extension 'python'
[0.145s] Level 1:colcon.colcon_core.package_identification:_identify(.) by extensions ['python_setup_py']
[0.146s] Level 1:colcon.colcon_core.package_identification:_identify(.) by extension 'python_setup_py'
[0.146s] Level 1:colcon.colcon_core.package_identification:_identify(build) by extensions ['ignore', 'ignore_ament_install']
[0.146s] Level 1:colcon.colcon_core.package_identification:_identify(build) by extension 'ignore'
[0.146s] Level 1:colcon.colcon_core.package_identification:_identify(build) ignored
[0.146s] Level 1:colcon.colcon_core.package_identification:_identify(install) by extensions ['ignore', 'ignore_ament_install']
[0.146s] Level 1:colcon.colcon_core.package_identification:_identify(install) by extension 'ignore'
[0.146s] Level 1:colcon.colcon_core.package_identification:_identify(install) ignored
[0.146s] Level 1:colcon.colcon_core.package_identification:_identify(log) by extensions ['ignore', 'ignore_ament_install']
[0.146s] Level 1:colcon.colcon_core.package_identification:_identify(log) by extension 'ignore'
[0.146s] Level 1:colcon.colcon_core.package_identification:_identify(log) ignored
[0.146s] Level 1:colcon.colcon_core.package_identification:_identify(src) by extensions ['ignore', 'ignore_ament_install']
[0.146s] Level 1:colcon.colcon_core.package_identification:_identify(src) by extension 'ignore'
[0.146s] Level 1:colcon.colcon_core.package_identification:_identify(src) by extension 'ignore_ament_install'
[0.146s] Level 1:colcon.colcon_core.package_identification:_identify(src) by extensions ['colcon_pkg']
[0.146s] Level 1:colcon.colcon_core.package_identification:_identify(src) by extension 'colcon_pkg'
[0.146s] Level 1:colcon.colcon_core.package_identification:_identify(src) by extensions ['colcon_meta']
[0.146s] Level 1:colcon.colcon_core.package_identification:_identify(src) by extension 'colcon_meta'
[0.147s] Level 1:colcon.colcon_core.package_identification:_identify(src) by extensions ['ros']
[0.147s] Level 1:colcon.colcon_core.package_identification:_identify(src) by extension 'ros'
[0.147s] Level 1:colcon.colcon_core.package_identification:_identify(src) by extensions ['cmake', 'python']
[0.147s] Level 1:colcon.colcon_core.package_identification:_identify(src) by extension 'cmake'
[0.147s] Level 1:colcon.colcon_core.package_identification:_identify(src) by extension 'python'
[0.147s] Level 1:colcon.colcon_core.package_identification:_identify(src) by extensions ['python_setup_py']
[0.147s] Level 1:colcon.colcon_core.package_identification:_identify(src) by extension 'python_setup_py'
[0.147s] Level 1:colcon.colcon_core.package_identification:_identify(src/capstone_bringup) by extensions ['ignore', 'ignore_ament_install']
[0.147s] Level 1:colcon.colcon_core.package_identification:_identify(src/capstone_bringup) by extension 'ignore'
[0.147s] Level 1:colcon.colcon_core.package_identification:_identify(src/capstone_bringup) by extension 'ignore_ament_install'
[0.147s] Level 1:colcon.colcon_core.package_identification:_identify(src/capstone_bringup) by extensions ['colcon_pkg']
[0.147s] Level 1:colcon.colcon_core.package_identification:_identify(src/capstone_bringup) by extension 'colcon_pkg'
[0.147s] Level 1:colcon.colcon_core.package_identification:_identify(src/capstone_bringup) by extensions ['colcon_meta']
[0.147s] Level 1:colcon.colcon_core.package_identification:_identify(src/capstone_bringup) by extension 'colcon_meta'
[0.147s] Level 1:colcon.colcon_core.package_identification:_identify(src/capstone_bringup) by extensions ['ros']
[0.147s] Level 1:colcon.colcon_core.package_identification:_identify(src/capstone_bringup) by extension 'ros'
[0.149s] DEBUG:colcon.colcon_core.package_identification:Package 'src/capstone_bringup' with type 'ros.ament_cmake' and name 'launch'
[0.149s] Level 1:colcon.colcon_core.package_identification:_identify(src/capstone_interfaces) by extensions ['ignore', 'ignore_ament_install']
[0.149s] Level 1:colcon.colcon_core.package_identification:_identify(src/capstone_interfaces) by extension 'ignore'
[0.149s] Level 1:colcon.colcon_core.package_identification:_identify(src/capstone_interfaces) by extension 'ignore_ament_install'
[0.149s] Level 1:colcon.colcon_core.package_identification:_identify(src/capstone_interfaces) by extensions ['colcon_pkg']
[0.149s] Level 1:colcon.colcon_core.package_identification:_identify(src/capstone_interfaces) by extension 'colcon_pkg'
[0.149s] Level 1:colcon.colcon_core.package_identification:_identify(src/capstone_interfaces) by extensions ['colcon_meta']
[0.150s] Level 1:colcon.colcon_core.package_identification:_identify(src/capstone_interfaces) by extension 'colcon_meta'
[0.150s] Level 1:colcon.colcon_core.package_identification:_identify(src/capstone_interfaces) by extensions ['ros']
[0.150s] Level 1:colcon.colcon_core.package_identification:_identify(src/capstone_interfaces) by extension 'ros'
[0.150s] DEBUG:colcon.colcon_core.package_identification:Package 'src/capstone_interfaces' with type 'ros.ament_cmake' and name 'capstone_interfaces'
[0.150s] Level 1:colcon.colcon_core.package_identification:_identify(src/capstone_pkg) by extensions ['ignore', 'ignore_ament_install']
[0.150s] Level 1:colcon.colcon_core.package_identification:_identify(src/capstone_pkg) by extension 'ignore'
[0.150s] Level 1:colcon.colcon_core.package_identification:_identify(src/capstone_pkg) by extension 'ignore_ament_install'
[0.150s] Level 1:colcon.colcon_core.package_identification:_identify(src/capstone_pkg) by extensions ['colcon_pkg']
[0.150s] Level 1:colcon.colcon_core.package_identification:_identify(src/capstone_pkg) by extension 'colcon_pkg'
[0.150s] Level 1:colcon.colcon_core.package_identification:_identify(src/capstone_pkg) by extensions ['colcon_meta']
[0.150s] Level 1:colcon.colcon_core.package_identification:_identify(src/capstone_pkg) by extension 'colcon_meta'
[0.150s] Level 1:colcon.colcon_core.package_identification:_identify(src/capstone_pkg) by extensions ['ros']
[0.150s] Level 1:colcon.colcon_core.package_identification:_identify(src/capstone_pkg) by extension 'ros'
[0.151s] DEBUG:colcon.colcon_core.package_identification:Package 'src/capstone_pkg' with type 'ros.ament_python' and name 'capstone_pkg'
[0.151s] Level 1:colcon.colcon_core.package_discovery:discover_packages(recursive) using defaults
[0.151s] Level 1:colcon.colcon_core.package_discovery:discover_packages(ignore) discover
[0.151s] Level 1:colcon.colcon_core.package_discovery:discover_packages(ignore) using defaults
[0.151s] Level 1:colcon.colcon_core.package_discovery:discover_packages(path) discover
[0.151s] Level 1:colcon.colcon_core.package_discovery:discover_packages(path) using defaults
[0.168s] Level 5:colcon.colcon_core.verb:set package 'capstone_interfaces' build argument 'cmake_args' from command line to 'None'
[0.168s] Level 5:colcon.colcon_core.verb:set package 'capstone_interfaces' build argument 'cmake_target' from command line to 'None'
[0.168s] Level 5:colcon.colcon_core.verb:set package 'capstone_interfaces' build argument 'cmake_target_skip_unavailable' from command line to 'False'
[0.168s] Level 5:colcon.colcon_core.verb:set package 'capstone_interfaces' build argument 'cmake_clean_cache' from command line to 'False'
[0.168s] Level 5:colcon.colcon_core.verb:set package 'capstone_interfaces' build argument 'cmake_clean_first' from command line to 'False'
[0.168s] Level 5:colcon.colcon_core.verb:set package 'capstone_interfaces' build argument 'cmake_force_configure' from command line to 'False'
[0.168s] Level 5:colcon.colcon_core.verb:set package 'capstone_interfaces' build argument 'ament_cmake_args' from command line to 'None'
[0.168s] Level 5:colcon.colcon_core.verb:set package 'capstone_interfaces' build argument 'catkin_cmake_args' from command line to 'None'
[0.168s] Level 5:colcon.colcon_core.verb:set package 'capstone_interfaces' build argument 'catkin_skip_building_tests' from command line to 'False'
[0.168s] DEBUG:colcon.colcon_core.verb:Building package 'capstone_interfaces' with the following arguments: {'ament_cmake_args': None, 'build_base': '/home/hle/Desktop/compsci/ros/slam_capstone/build/capstone_interfaces', 'catkin_cmake_args': None, 'catkin_skip_building_tests': False, 'cmake_args': None, 'cmake_clean_cache': False, 'cmake_clean_first': False, 'cmake_force_configure': False, 'cmake_target': None, 'cmake_target_skip_unavailable': False, 'install_base': '/home/hle/Desktop/compsci/ros/slam_capstone/install/capstone_interfaces', 'merge_install': False, 'path': '/home/hle/Desktop/compsci/ros/slam_capstone/src/capstone_interfaces', 'symlink_install': False, 'test_result_base': None}
[0.168s] Level 5:colcon.colcon_core.verb:set package 'capstone_pkg' build argument 'cmake_args' from command line to 'None'
[0.168s] Level 5:colcon.colcon_core.verb:set package 'capstone_pkg' build argument 'cmake_target' from command line to 'None'
[0.168s] Level 5:colcon.colcon_core.verb:set package 'capstone_pkg' build argument 'cmake_target_skip_unavailable' from command line to 'False'
[0.169s] Level 5:colcon.colcon_core.verb:set package 'capstone_pkg' build argument 'cmake_clean_cache' from command line to 'False'
[0.169s] Level 5:colcon.colcon_core.verb:set package 'capstone_pkg' build argument 'cmake_clean_first' from command line to 'False'
[0.169s] Level 5:colcon.colcon_core.verb:set package 'capstone_pkg' build argument 'cmake_force_configure' from command line to 'False'
[0.169s] Level 5:colcon.colcon_core.verb:set package 'capstone_pkg' build argument 'ament_cmake_args' from command line to 'None'
[0.169s] Level 5:colcon.colcon_core.verb:set package 'capstone_pkg' build argument 'catkin_cmake_args' from command line to 'None'
[0.169s] Level 5:colcon.colcon_core.verb:set package 'capstone_pkg' build argument 'catkin_skip_building_tests' from command line to 'False'
[0.169s] DEBUG:colcon.colcon_core.verb:Building package 'capstone_pkg' with the following arguments: {'ament_cmake_args': None, 'build_base': '/home/hle/Desktop/compsci/ros/slam_capstone/build/capstone_pkg', 'catkin_cmake_args': None, 'catkin_skip_building_tests': False, 'cmake_args': None, 'cmake_clean_cache': False, 'cmake_clean_first': False, 'cmake_force_configure': False, 'cmake_target': None, 'cmake_target_skip_unavailable': False, 'install_base': '/home/hle/Desktop/compsci/ros/slam_capstone/install/capstone_pkg', 'merge_install': False, 'path': '/home/hle/Desktop/compsci/ros/slam_capstone/src/capstone_pkg', 'symlink_install': False, 'test_result_base': None}
[0.169s] Level 5:colcon.colcon_core.verb:set package 'launch' build argument 'cmake_args' from command line to 'None'
[0.169s] Level 5:colcon.colcon_core.verb:set package 'launch' build argument 'cmake_target' from command line to 'None'
[0.169s] Level 5:colcon.colcon_core.verb:set package 'launch' build argument 'cmake_target_skip_unavailable' from command line to 'False'
[0.169s] Level 5:colcon.colcon_core.verb:set package 'launch' build argument 'cmake_clean_cache' from command line to 'False'
[0.169s] Level 5:colcon.colcon_core.verb:set package 'launch' build argument 'cmake_clean_first' from command line to 'False'
[0.169s] Level 5:colcon.colcon_core.verb:set package 'launch' build argument 'cmake_force_configure' from command line to 'False'
[0.169s] Level 5:colcon.colcon_core.verb:set package 'launch' build argument 'ament_cmake_args' from command line to 'None'
[0.169s] Level 5:colcon.colcon_core.verb:set package 'launch' build argument 'catkin_cmake_args' from command line to 'None'
[0.169s] Level 5:colcon.colcon_core.verb:set package 'launch' build argument 'catkin_skip_building_tests' from command line to 'False'
[0.169s] DEBUG:colcon.colcon_core.verb:Building package 'launch' with the following arguments: {'ament_cmake_args': None, 'build_base': '/home/hle/Desktop/compsci/ros/slam_capstone/build/launch', 'catkin_cmake_args': None, 'catkin_skip_building_tests': False, 'cmake_args': None, 'cmake_clean_cache': False, 'cmake_clean_first': False, 'cmake_force_configure': False, 'cmake_target': None, 'cmake_target_skip_unavailable': False, 'install_base': '/home/hle/Desktop/compsci/ros/slam_capstone/install/launch', 'merge_install': False, 'path': '/home/hle/Desktop/compsci/ros/slam_capstone/src/capstone_bringup', 'symlink_install': False, 'test_result_base': None}
[0.176s] WARNING:colcon.colcon_core.verb:Some selected packages are already built in one or more underlay workspaces:
	'capstone_pkg' is in: /home/hle/Desktop/compsci/ros/slam_capstone/install/capstone_pkg
	'launch' is in: /opt/ros/foxy
If a package in a merged underlay workspace is overridden and it installs headers, then all packages in the overlay must sort their include directories by workspace order. Failure to do so may result in build failures or undefined behavior at run time.
If the overridden package is used by another package in any underlay, then the overriding package in the overlay must be API and ABI compatible or undefined behavior at run time may occur.

If you understand the risks and want to override a package anyways, add the following to the command line:
	--allow-overriding capstone_pkg launch

This may be promoted to an error in a future release of colcon-core.
[0.176s] INFO:colcon.colcon_core.executor:Executing jobs using 'parallel' executor
[0.177s] DEBUG:colcon.colcon_parallel_executor.executor.parallel:run_until_complete
[0.177s] INFO:colcon.colcon_ros.task.ament_cmake.build:Building ROS package in '/home/hle/Desktop/compsci/ros/slam_capstone/src/capstone_interfaces' with build type 'ament_cmake'
[0.178s] INFO:colcon.colcon_cmake.task.cmake.build:Building CMake package in '/home/hle/Desktop/compsci/ros/slam_capstone/src/capstone_interfaces'
[0.182s] INFO:colcon.colcon_core.plugin_system:Skipping extension 'colcon_core.shell.bat': Not used on non-Windows systems
[0.182s] INFO:colcon.colcon_core.shell:Skip shell extension 'powershell' for command environment: Not usable outside of PowerShell
[0.182s] DEBUG:colcon.colcon_core.shell:Skip shell extension 'dsv' for command environment
[0.192s] DEBUG:colcon.colcon_core.event_handler.log_command:Invoking command in '/home/hle/Desktop/compsci/ros/slam_capstone/build/capstone_interfaces': CMAKE_PREFIX_PATH=${CMAKE_PREFIX_PATH}:/home/hle/Desktop/compsci/ros/slam_capstone/install/capstone_pkg:/home/hle/turtlebot3_ws/install/turtlebot3_teleop:/home/hle/turtlebot3_ws/install/turtlebot3_example:/home/hle/Desktop/compsci/ros/ir_sensor/install/ir_sensor_pkg:/home/hle/Desktop/compsci/ros/activity4/install/packages:/home/hle/Desktop/compsci/ros/ros2_ws/install/my_py_pkg:/home/hle/Desktop/compsci/ros/clientserver/install/clientserver_pkg:/home/hle/Desktop/compsci/ros/activity2/install/activity:/opt/ros/foxy /usr/bin/cmake /home/hle/Desktop/compsci/ros/slam_capstone/src/capstone_interfaces -DCMAKE_INSTALL_PREFIX=/home/hle/Desktop/compsci/ros/slam_capstone/install/capstone_interfaces
[1.638s] DEBUG:colcon.colcon_core.event_handler.log_command:Invoked command in '/home/hle/Desktop/compsci/ros/slam_capstone/build/capstone_interfaces' returned '0': CMAKE_PREFIX_PATH=${CMAKE_PREFIX_PATH}:/home/hle/Desktop/compsci/ros/slam_capstone/install/capstone_pkg:/home/hle/turtlebot3_ws/install/turtlebot3_teleop:/home/hle/turtlebot3_ws/install/turtlebot3_example:/home/hle/Desktop/compsci/ros/ir_sensor/install/ir_sensor_pkg:/home/hle/Desktop/compsci/ros/activity4/install/packages:/home/hle/Desktop/compsci/ros/ros2_ws/install/my_py_pkg:/home/hle/Desktop/compsci/ros/clientserver/install/clientserver_pkg:/home/hle/Desktop/compsci/ros/activity2/install/activity:/opt/ros/foxy /usr/bin/cmake /home/hle/Desktop/compsci/ros/slam_capstone/src/capstone_interfaces -DCMAKE_INSTALL_PREFIX=/home/hle/Desktop/compsci/ros/slam_capstone/install/capstone_interfaces
[1.641s] DEBUG:colcon.colcon_core.event_handler.log_command:Invoking command in '/home/hle/Desktop/compsci/ros/slam_capstone/build/capstone_interfaces': CMAKE_PREFIX_PATH=${CMAKE_PREFIX_PATH}:/home/hle/Desktop/compsci/ros/slam_capstone/install/capstone_pkg:/home/hle/turtlebot3_ws/install/turtlebot3_teleop:/home/hle/turtlebot3_ws/install/turtlebot3_example:/home/hle/Desktop/compsci/ros/ir_sensor/install/ir_sensor_pkg:/home/hle/Desktop/compsci/ros/activity4/install/packages:/home/hle/Desktop/compsci/ros/ros2_ws/install/my_py_pkg:/home/hle/Desktop/compsci/ros/clientserver/install/clientserver_pkg:/home/hle/Desktop/compsci/ros/activity2/install/activity:/opt/ros/foxy /usr/bin/cmake --build /home/hle/Desktop/compsci/ros/slam_capstone/build/capstone_interfaces -- -j8 -l8
[4.901s] DEBUG:colcon.colcon_core.event_handler.log_command:Invoked command in '/home/hle/Desktop/compsci/ros/slam_capstone/build/capstone_interfaces' returned '0': CMAKE_PREFIX_PATH=${CMAKE_PREFIX_PATH}:/home/hle/Desktop/compsci/ros/slam_capstone/install/capstone_pkg:/home/hle/turtlebot3_ws/install/turtlebot3_teleop:/home/hle/turtlebot3_ws/install/turtlebot3_example:/home/hle/Desktop/compsci/ros/ir_sensor/install/ir_sensor_pkg:/home/hle/Desktop/compsci/ros/activity4/install/packages:/home/hle/Desktop/compsci/ros/ros2_ws/install/my_py_pkg:/home/hle/Desktop/compsci/ros/clientserver/install/clientserver_pkg:/home/hle/Desktop/compsci/ros/activity2/install/activity:/opt/ros/foxy /usr/bin/cmake --build /home/hle/Desktop/compsci/ros/slam_capstone/build/capstone_interfaces -- -j8 -l8
[4.972s] DEBUG:colcon.colcon_core.event_handler.log_command:Invoking command in '/home/hle/Desktop/compsci/ros/slam_capstone/build/capstone_interfaces': CMAKE_PREFIX_PATH=${CMAKE_PREFIX_PATH}:/home/hle/Desktop/compsci/ros/slam_capstone/install/capstone_pkg:/home/hle/turtlebot3_ws/install/turtlebot3_teleop:/home/hle/turtlebot3_ws/install/turtlebot3_example:/home/hle/Desktop/compsci/ros/ir_sensor/install/ir_sensor_pkg:/home/hle/Desktop/compsci/ros/activity4/install/packages:/home/hle/Desktop/compsci/ros/ros2_ws/install/my_py_pkg:/home/hle/Desktop/compsci/ros/clientserver/install/clientserver_pkg:/home/hle/Desktop/compsci/ros/activity2/install/activity:/opt/ros/foxy /usr/bin/cmake --install /home/hle/Desktop/compsci/ros/slam_capstone/build/capstone_interfaces
[5.057s] Level 1:colcon.colcon_core.environment:create_environment_scripts_only(capstone_interfaces)
[5.058s] DEBUG:colcon.colcon_core.event_handler.log_command:Invoked command in '/home/hle/Desktop/compsci/ros/slam_capstone/build/capstone_interfaces' returned '0': CMAKE_PREFIX_PATH=${CMAKE_PREFIX_PATH}:/home/hle/Desktop/compsci/ros/slam_capstone/install/capstone_pkg:/home/hle/turtlebot3_ws/install/turtlebot3_teleop:/home/hle/turtlebot3_ws/install/turtlebot3_example:/home/hle/Desktop/compsci/ros/ir_sensor/install/ir_sensor_pkg:/home/hle/Desktop/compsci/ros/activity4/install/packages:/home/hle/Desktop/compsci/ros/ros2_ws/install/my_py_pkg:/home/hle/Desktop/compsci/ros/clientserver/install/clientserver_pkg:/home/hle/Desktop/compsci/ros/activity2/install/activity:/opt/ros/foxy /usr/bin/cmake --install /home/hle/Desktop/compsci/ros/slam_capstone/build/capstone_interfaces
[5.065s] Level 1:colcon.colcon_core.environment:checking '/home/hle/Desktop/compsci/ros/slam_capstone/install/capstone_interfaces' for CMake module files
[5.066s] Level 1:colcon.colcon_core.environment:checking '/home/hle/Desktop/compsci/ros/slam_capstone/install/capstone_interfaces' for CMake config files
[5.067s] Level 1:colcon.colcon_core.shell:create_environment_hook('capstone_interfaces', 'cmake_prefix_path')
[5.067s] INFO:colcon.colcon_core.shell:Creating environment hook '/home/hle/Desktop/compsci/ros/slam_capstone/install/capstone_interfaces/share/capstone_interfaces/hook/cmake_prefix_path.ps1'
[5.068s] INFO:colcon.colcon_core.shell:Creating environment descriptor '/home/hle/Desktop/compsci/ros/slam_capstone/install/capstone_interfaces/share/capstone_interfaces/hook/cmake_prefix_path.dsv'
[5.069s] INFO:colcon.colcon_core.shell:Creating environment hook '/home/hle/Desktop/compsci/ros/slam_capstone/install/capstone_interfaces/share/capstone_interfaces/hook/cmake_prefix_path.sh'
[5.070s] Level 1:colcon.colcon_core.environment:checking '/home/hle/Desktop/compsci/ros/slam_capstone/install/capstone_interfaces/lib'
[5.070s] Level 1:colcon.colcon_core.shell:create_environment_hook('capstone_interfaces', 'ld_library_path_lib')
[5.071s] INFO:colcon.colcon_core.shell:Creating environment hook '/home/hle/Desktop/compsci/ros/slam_capstone/install/capstone_interfaces/share/capstone_interfaces/hook/ld_library_path_lib.ps1'
[5.072s] INFO:colcon.colcon_core.shell:Creating environment descriptor '/home/hle/Desktop/compsci/ros/slam_capstone/install/capstone_interfaces/share/capstone_interfaces/hook/ld_library_path_lib.dsv'
[5.072s] INFO:colcon.colcon_core.shell:Creating environment hook '/home/hle/Desktop/compsci/ros/slam_capstone/install/capstone_interfaces/share/capstone_interfaces/hook/ld_library_path_lib.sh'
[5.072s] Level 1:colcon.colcon_core.environment:checking '/home/hle/Desktop/compsci/ros/slam_capstone/install/capstone_interfaces/bin'
[5.072s] Level 1:colcon.colcon_core.environment:checking '/home/hle/Desktop/compsci/ros/slam_capstone/install/capstone_interfaces/lib/pkgconfig/capstone_interfaces.pc'
[5.073s] Level 1:colcon.colcon_core.environment:checking '/home/hle/Desktop/compsci/ros/slam_capstone/install/capstone_interfaces/lib/python3.8/site-packages'
[5.073s] Level 1:colcon.colcon_core.shell:create_environment_hook('capstone_interfaces', 'pythonpath')
[5.073s] INFO:colcon.colcon_core.shell:Creating environment hook '/home/hle/Desktop/compsci/ros/slam_capstone/install/capstone_interfaces/share/capstone_interfaces/hook/pythonpath.ps1'
[5.074s] INFO:colcon.colcon_core.shell:Creating environment descriptor '/home/hle/Desktop/compsci/ros/slam_capstone/install/capstone_interfaces/share/capstone_interfaces/hook/pythonpath.dsv'
[5.074s] INFO:colcon.colcon_core.shell:Creating environment hook '/home/hle/Desktop/compsci/ros/slam_capstone/install/capstone_interfaces/share/capstone_interfaces/hook/pythonpath.sh'
[5.075s] INFO:colcon.colcon_core.shell:Creating package script '/home/hle/Desktop/compsci/ros/slam_capstone/install/capstone_interfaces/share/capstone_interfaces/package.ps1'
[5.077s] INFO:colcon.colcon_core.shell:Creating package descriptor '/home/hle/Desktop/compsci/ros/slam_capstone/install/capstone_interfaces/share/capstone_interfaces/package.dsv'
[5.078s] INFO:colcon.colcon_core.shell:Creating package script '/home/hle/Desktop/compsci/ros/slam_capstone/install/capstone_interfaces/share/capstone_interfaces/package.sh'
[5.079s] INFO:colcon.colcon_core.shell:Creating package script '/home/hle/Desktop/compsci/ros/slam_capstone/install/capstone_interfaces/share/capstone_interfaces/package.bash'
[5.080s] INFO:colcon.colcon_core.shell:Creating package script '/home/hle/Desktop/compsci/ros/slam_capstone/install/capstone_interfaces/share/capstone_interfaces/package.zsh'
[5.081s] Level 1:colcon.colcon_core.environment:create_file_with_runtime_dependencies(/home/hle/Desktop/compsci/ros/slam_capstone/install/capstone_interfaces/share/colcon-core/packages/capstone_interfaces)
[5.130s] Level 1:colcon.colcon_core.environment:create_environment_scripts_only(capstone_interfaces)
[5.131s] Level 1:colcon.colcon_core.environment:checking '/home/hle/Desktop/compsci/ros/slam_capstone/install/capstone_interfaces' for CMake module files
[5.132s] Level 1:colcon.colcon_core.environment:checking '/home/hle/Desktop/compsci/ros/slam_capstone/install/capstone_interfaces' for CMake config files
[5.132s] Level 1:colcon.colcon_core.shell:create_environment_hook('capstone_interfaces', 'cmake_prefix_path')
[5.132s] INFO:colcon.colcon_core.shell:Creating environment hook '/home/hle/Desktop/compsci/ros/slam_capstone/install/capstone_interfaces/share/capstone_interfaces/hook/cmake_prefix_path.ps1'
[5.133s] INFO:colcon.colcon_core.shell:Creating environment descriptor '/home/hle/Desktop/compsci/ros/slam_capstone/install/capstone_interfaces/share/capstone_interfaces/hook/cmake_prefix_path.dsv'
[5.133s] INFO:colcon.colcon_core.shell:Creating environment hook '/home/hle/Desktop/compsci/ros/slam_capstone/install/capstone_interfaces/share/capstone_interfaces/hook/cmake_prefix_path.sh'
[5.134s] Level 1:colcon.colcon_core.environment:checking '/home/hle/Desktop/compsci/ros/slam_capstone/install/capstone_interfaces/lib'
[5.134s] Level 1:colcon.colcon_core.shell:create_environment_hook('capstone_interfaces', 'ld_library_path_lib')
[5.135s] INFO:colcon.colcon_core.shell:Creating environment hook '/home/hle/Desktop/compsci/ros/slam_capstone/install/capstone_interfaces/share/capstone_interfaces/hook/ld_library_path_lib.ps1'
[5.135s] INFO:colcon.colcon_core.shell:Creating environment descriptor '/home/hle/Desktop/compsci/ros/slam_capstone/install/capstone_interfaces/share/capstone_interfaces/hook/ld_library_path_lib.dsv'
[5.135s] INFO:colcon.colcon_core.shell:Creating environment hook '/home/hle/Desktop/compsci/ros/slam_capstone/install/capstone_interfaces/share/capstone_interfaces/hook/ld_library_path_lib.sh'
[5.136s] Level 1:colcon.colcon_core.environment:checking '/home/hle/Desktop/compsci/ros/slam_capstone/install/capstone_interfaces/bin'
[5.136s] Level 1:colcon.colcon_core.environment:checking '/home/hle/Desktop/compsci/ros/slam_capstone/install/capstone_interfaces/lib/pkgconfig/capstone_interfaces.pc'
[5.136s] Level 1:colcon.colcon_core.environment:checking '/home/hle/Desktop/compsci/ros/slam_capstone/install/capstone_interfaces/lib/python3.8/site-packages'
[5.136s] Level 1:colcon.colcon_core.shell:create_environment_hook('capstone_interfaces', 'pythonpath')
[5.136s] INFO:colcon.colcon_core.shell:Creating environment hook '/home/hle/Desktop/compsci/ros/slam_capstone/install/capstone_interfaces/share/capstone_interfaces/hook/pythonpath.ps1'
[5.137s] INFO:colcon.colcon_core.shell:Creating environment descriptor '/home/hle/Desktop/compsci/ros/slam_capstone/install/capstone_interfaces/share/capstone_interfaces/hook/pythonpath.dsv'
[5.137s] INFO:colcon.colcon_core.shell:Creating environment hook '/home/hle/Desktop/compsci/ros/slam_capstone/install/capstone_interfaces/share/capstone_interfaces/hook/pythonpath.sh'
[5.138s] INFO:colcon.colcon_core.shell:Creating package script '/home/hle/Desktop/compsci/ros/slam_capstone/install/capstone_interfaces/share/capstone_interfaces/package.ps1'
[5.139s] INFO:colcon.colcon_core.shell:Creating package descriptor '/home/hle/Desktop/compsci/ros/slam_capstone/install/capstone_interfaces/share/capstone_interfaces/package.dsv'
[5.139s] INFO:colcon.colcon_core.shell:Creating package script '/home/hle/Desktop/compsci/ros/slam_capstone/install/capstone_interfaces/share/capstone_interfaces/package.sh'
[5.140s] INFO:colcon.colcon_core.shell:Creating package script '/home/hle/Desktop/compsci/ros/slam_capstone/install/capstone_interfaces/share/capstone_interfaces/package.bash'
[5.140s] INFO:colcon.colcon_core.shell:Creating package script '/home/hle/Desktop/compsci/ros/slam_capstone/install/capstone_interfaces/share/capstone_interfaces/package.zsh'
[5.141s] Level 1:colcon.colcon_core.environment:create_file_with_runtime_dependencies(/home/hle/Desktop/compsci/ros/slam_capstone/install/capstone_interfaces/share/colcon-core/packages/capstone_interfaces)
[5.141s] INFO:colcon.colcon_ros.task.ament_python.build:Building ROS package in '/home/hle/Desktop/compsci/ros/slam_capstone/src/capstone_pkg' with build type 'ament_python'
[5.141s] Level 1:colcon.colcon_core.shell:create_environment_hook('capstone_pkg', 'ament_prefix_path')
[5.142s] INFO:colcon.colcon_core.shell:Creating environment hook '/home/hle/Desktop/compsci/ros/slam_capstone/install/capstone_pkg/share/capstone_pkg/hook/ament_prefix_path.ps1'
[5.143s] INFO:colcon.colcon_core.shell:Creating environment descriptor '/home/hle/Desktop/compsci/ros/slam_capstone/install/capstone_pkg/share/capstone_pkg/hook/ament_prefix_path.dsv'
[5.143s] INFO:colcon.colcon_core.shell:Creating environment hook '/home/hle/Desktop/compsci/ros/slam_capstone/install/capstone_pkg/share/capstone_pkg/hook/ament_prefix_path.sh'
[5.145s] INFO:colcon.colcon_core.shell:Skip shell extension 'powershell' for command environment: Not usable outside of PowerShell
[5.145s] DEBUG:colcon.colcon_core.shell:Skip shell extension 'dsv' for command environment
[5.423s] INFO:colcon.colcon_core.task.python.build:Building Python package in '/home/hle/Desktop/compsci/ros/slam_capstone/src/capstone_pkg'
[5.424s] INFO:colcon.colcon_core.shell:Skip shell extension 'powershell' for command environment: Not usable outside of PowerShell
[5.424s] DEBUG:colcon.colcon_core.shell:Skip shell extension 'dsv' for command environment
[5.895s] DEBUG:colcon.colcon_core.event_handler.log_command:Invoking command in '/home/hle/Desktop/compsci/ros/slam_capstone/build/capstone_pkg': AMENT_PREFIX_PATH=/home/hle/Desktop/compsci/ros/slam_capstone/install/capstone_interfaces:${AMENT_PREFIX_PATH} CMAKE_PREFIX_PATH=/home/hle/Desktop/compsci/ros/slam_capstone/install/capstone_interfaces:${CMAKE_PREFIX_PATH} LD_LIBRARY_PATH=/home/hle/Desktop/compsci/ros/slam_capstone/install/capstone_interfaces/lib:${LD_LIBRARY_PATH} PYTHONPATH=/home/hle/Desktop/compsci/ros/slam_capstone/install/capstone_pkg/lib/python3.8/site-packages:/home/hle/Desktop/compsci/ros/slam_capstone/install/capstone_interfaces/lib/python3.8/site-packages:${PYTHONPATH} /usr/bin/python3 setup.py develop --prefix /home/hle/Desktop/compsci/ros/slam_capstone/install/capstone_pkg --uninstall --editable --build-directory /home/hle/Desktop/compsci/ros/slam_capstone/build/capstone_pkg/build
[6.330s] DEBUG:colcon.colcon_core.event_handler.log_command:Invoked command in '/home/hle/Desktop/compsci/ros/slam_capstone/build/capstone_pkg' returned '0': AMENT_PREFIX_PATH=/home/hle/Desktop/compsci/ros/slam_capstone/install/capstone_interfaces:${AMENT_PREFIX_PATH} CMAKE_PREFIX_PATH=/home/hle/Desktop/compsci/ros/slam_capstone/install/capstone_interfaces:${CMAKE_PREFIX_PATH} LD_LIBRARY_PATH=/home/hle/Desktop/compsci/ros/slam_capstone/install/capstone_interfaces/lib:${LD_LIBRARY_PATH} PYTHONPATH=/home/hle/Desktop/compsci/ros/slam_capstone/install/capstone_pkg/lib/python3.8/site-packages:/home/hle/Desktop/compsci/ros/slam_capstone/install/capstone_interfaces/lib/python3.8/site-packages:${PYTHONPATH} /usr/bin/python3 setup.py develop --prefix /home/hle/Desktop/compsci/ros/slam_capstone/install/capstone_pkg --uninstall --editable --build-directory /home/hle/Desktop/compsci/ros/slam_capstone/build/capstone_pkg/build
[6.332s] DEBUG:colcon.colcon_core.event_handler.log_command:Invoking command in '/home/hle/Desktop/compsci/ros/slam_capstone/src/capstone_pkg': AMENT_PREFIX_PATH=/home/hle/Desktop/compsci/ros/slam_capstone/install/capstone_interfaces:${AMENT_PREFIX_PATH} CMAKE_PREFIX_PATH=/home/hle/Desktop/compsci/ros/slam_capstone/install/capstone_interfaces:${CMAKE_PREFIX_PATH} LD_LIBRARY_PATH=/home/hle/Desktop/compsci/ros/slam_capstone/install/capstone_interfaces/lib:${LD_LIBRARY_PATH} PYTHONPATH=/home/hle/Desktop/compsci/ros/slam_capstone/install/capstone_pkg/lib/python3.8/site-packages:/home/hle/Desktop/compsci/ros/slam_capstone/install/capstone_interfaces/lib/python3.8/site-packages:${PYTHONPATH} /usr/bin/python3 setup.py egg_info --egg-base ../../build/capstone_pkg build --build-base /home/hle/Desktop/compsci/ros/slam_capstone/build/capstone_pkg/build install --prefix /home/hle/Desktop/compsci/ros/slam_capstone/install/capstone_pkg --record /home/hle/Desktop/compsci/ros/slam_capstone/build/capstone_pkg/install.log --single-version-externally-managed
[6.607s] Level 1:colcon.colcon_core.environment:checking '/home/hle/Desktop/compsci/ros/slam_capstone/install/capstone_pkg' for CMake module files
[6.608s] DEBUG:colcon.colcon_core.event_handler.log_command:Invoked command in '/home/hle/Desktop/compsci/ros/slam_capstone/src/capstone_pkg' returned '0': AMENT_PREFIX_PATH=/home/hle/Desktop/compsci/ros/slam_capstone/install/capstone_interfaces:${AMENT_PREFIX_PATH} CMAKE_PREFIX_PATH=/home/hle/Desktop/compsci/ros/slam_capstone/install/capstone_interfaces:${CMAKE_PREFIX_PATH} LD_LIBRARY_PATH=/home/hle/Desktop/compsci/ros/slam_capstone/install/capstone_interfaces/lib:${LD_LIBRARY_PATH} PYTHONPATH=/home/hle/Desktop/compsci/ros/slam_capstone/install/capstone_pkg/lib/python3.8/site-packages:/home/hle/Desktop/compsci/ros/slam_capstone/install/capstone_interfaces/lib/python3.8/site-packages:${PYTHONPATH} /usr/bin/python3 setup.py egg_info --egg-base ../../build/capstone_pkg build --build-base /home/hle/Desktop/compsci/ros/slam_capstone/build/capstone_pkg/build install --prefix /home/hle/Desktop/compsci/ros/slam_capstone/install/capstone_pkg --record /home/hle/Desktop/compsci/ros/slam_capstone/build/capstone_pkg/install.log --single-version-externally-managed
[6.608s] Level 1:colcon.colcon_core.environment:checking '/home/hle/Desktop/compsci/ros/slam_capstone/install/capstone_pkg' for CMake config files
[6.608s] Level 1:colcon.colcon_core.environment:checking '/home/hle/Desktop/compsci/ros/slam_capstone/install/capstone_pkg/lib'
[6.608s] Level 1:colcon.colcon_core.environment:checking '/home/hle/Desktop/compsci/ros/slam_capstone/install/capstone_pkg/bin'
[6.608s] Level 1:colcon.colcon_core.environment:checking '/home/hle/Desktop/compsci/ros/slam_capstone/install/capstone_pkg/lib/pkgconfig/capstone_pkg.pc'
[6.608s] Level 1:colcon.colcon_core.environment:checking '/home/hle/Desktop/compsci/ros/slam_capstone/install/capstone_pkg/lib/python3.8/site-packages'
[6.609s] Level 1:colcon.colcon_core.shell:create_environment_hook('capstone_pkg', 'pythonpath')
[6.609s] INFO:colcon.colcon_core.shell:Creating environment hook '/home/hle/Desktop/compsci/ros/slam_capstone/install/capstone_pkg/share/capstone_pkg/hook/pythonpath.ps1'
[6.610s] INFO:colcon.colcon_core.shell:Creating environment descriptor '/home/hle/Desktop/compsci/ros/slam_capstone/install/capstone_pkg/share/capstone_pkg/hook/pythonpath.dsv'
[6.610s] INFO:colcon.colcon_core.shell:Creating environment hook '/home/hle/Desktop/compsci/ros/slam_capstone/install/capstone_pkg/share/capstone_pkg/hook/pythonpath.sh'
[6.610s] Level 1:colcon.colcon_core.environment:create_environment_scripts_only(capstone_pkg)
[6.611s] INFO:colcon.colcon_core.shell:Creating package script '/home/hle/Desktop/compsci/ros/slam_capstone/install/capstone_pkg/share/capstone_pkg/package.ps1'
[6.611s] INFO:colcon.colcon_core.shell:Creating package descriptor '/home/hle/Desktop/compsci/ros/slam_capstone/install/capstone_pkg/share/capstone_pkg/package.dsv'
[6.611s] INFO:colcon.colcon_core.shell:Creating package script '/home/hle/Desktop/compsci/ros/slam_capstone/install/capstone_pkg/share/capstone_pkg/package.sh'
[6.612s] INFO:colcon.colcon_core.shell:Creating package script '/home/hle/Desktop/compsci/ros/slam_capstone/install/capstone_pkg/share/capstone_pkg/package.bash'
[6.612s] INFO:colcon.colcon_core.shell:Creating package script '/home/hle/Desktop/compsci/ros/slam_capstone/install/capstone_pkg/share/capstone_pkg/package.zsh'
[6.612s] Level 1:colcon.colcon_core.environment:create_file_with_runtime_dependencies(/home/hle/Desktop/compsci/ros/slam_capstone/install/capstone_pkg/share/colcon-core/packages/capstone_pkg)
[6.613s] INFO:colcon.colcon_ros.task.ament_cmake.build:Building ROS package in '/home/hle/Desktop/compsci/ros/slam_capstone/src/capstone_bringup' with build type 'ament_cmake'
[6.613s] INFO:colcon.colcon_cmake.task.cmake.build:Building CMake package in '/home/hle/Desktop/compsci/ros/slam_capstone/src/capstone_bringup'
[6.613s] INFO:colcon.colcon_core.shell:Skip shell extension 'powershell' for command environment: Not usable outside of PowerShell
[6.613s] DEBUG:colcon.colcon_core.shell:Skip shell extension 'dsv' for command environment
[6.630s] DEBUG:colcon.colcon_core.event_handler.log_command:Invoking command in '/home/hle/Desktop/compsci/ros/slam_capstone/build/launch': AMENT_PREFIX_PATH=/home/hle/Desktop/compsci/ros/slam_capstone/install/capstone_pkg:/home/hle/Desktop/compsci/ros/slam_capstone/install/capstone_interfaces:/home/hle/turtlebot3_ws/install/turtlebot3:/home/hle/turtlebot3_ws/install/turtlebot3_teleop:/home/hle/turtlebot3_ws/install/turtlebot3_bringup:/home/hle/turtlebot3_ws/install/turtlebot3_node:/home/hle/turtlebot3_ws/install/turtlebot3_navigation2:/home/hle/turtlebot3_ws/install/turtlebot3_example:/home/hle/turtlebot3_ws/install/turtlebot3_msgs:/home/hle/turtlebot3_ws/install/turtlebot3_description:/home/hle/turtlebot3_ws/install/turtlebot3_cartographer:/home/hle/turtlebot3_ws/install/dynamixel_sdk_examples:/home/hle/turtlebot3_ws/install/dynamixel_sdk_custom_interfaces:/home/hle/turtlebot3_ws/install/dynamixel_sdk:/home/hle/Desktop/compsci/ros/ir_sensor/install/ir_sensor_pkg:/home/hle/Desktop/compsci/ros/activity4/install/packages:/home/hle/Desktop/compsci/ros/activity4/install/interfaces:/home/hle/Desktop/compsci/ros/ros2_ws/install/my_py_pkg:/home/hle/Desktop/compsci/ros/ros2_ws/install/my_robot_interfaces:/home/hle/Desktop/compsci/ros/ros2_ws/install/my_cpp_pkg:/home/hle/Desktop/compsci/ros/clientserver/install/clientserver_pkg:/home/hle/Desktop/compsci/ros/activity2/install/activity_bringup:/home/hle/Desktop/compsci/ros/activity2/install/activity:/opt/ros/foxy CMAKE_PREFIX_PATH=/home/hle/Desktop/compsci/ros/slam_capstone/install/capstone_interfaces:/home/hle/turtlebot3_ws/install/turtlebot3:/home/hle/turtlebot3_ws/install/turtlebot3_bringup:/home/hle/turtlebot3_ws/install/turtlebot3_node:/home/hle/turtlebot3_ws/install/turtlebot3_navigation2:/home/hle/turtlebot3_ws/install/turtlebot3_msgs:/home/hle/turtlebot3_ws/install/turtlebot3_description:/home/hle/turtlebot3_ws/install/turtlebot3_cartographer:/home/hle/turtlebot3_ws/install/dynamixel_sdk_examples:/home/hle/turtlebot3_ws/install/dynamixel_sdk_custom_interfaces:/home/hle/turtlebot3_ws/install/dynamixel_sdk:/home/hle/Desktop/compsci/ros/activity4/install/interfaces:/home/hle/Desktop/compsci/ros/ros2_ws/install/my_robot_interfaces:/home/hle/Desktop/compsci/ros/ros2_ws/install/my_cpp_pkg:/home/hle/Desktop/compsci/ros/activity2/install/activity_bringup:/home/hle/Desktop/compsci/ros/slam_capstone/install/capstone_pkg:/home/hle/turtlebot3_ws/install/turtlebot3_teleop:/home/hle/turtlebot3_ws/install/turtlebot3_example:/home/hle/Desktop/compsci/ros/ir_sensor/install/ir_sensor_pkg:/home/hle/Desktop/compsci/ros/activity4/install/packages:/home/hle/Desktop/compsci/ros/ros2_ws/install/my_py_pkg:/home/hle/Desktop/compsci/ros/clientserver/install/clientserver_pkg:/home/hle/Desktop/compsci/ros/activity2/install/activity:/opt/ros/foxy LD_LIBRARY_PATH=/home/hle/Desktop/compsci/ros/slam_capstone/install/capstone_interfaces/lib:${LD_LIBRARY_PATH} PYTHONPATH=/home/hle/Desktop/compsci/ros/slam_capstone/install/capstone_pkg/lib/python3.8/site-packages:/home/hle/Desktop/compsci/ros/slam_capstone/install/capstone_interfaces/lib/python3.8/site-packages:/home/hle/turtlebot3_ws/build/turtlebot3_teleop:/home/hle/turtlebot3_ws/install/turtlebot3_teleop/lib/python3.8/site-packages:/home/hle/turtlebot3_ws/build/turtlebot3_example:/home/hle/turtlebot3_ws/install/turtlebot3_example/lib/python3.8/site-packages:/home/hle/turtlebot3_ws/install/turtlebot3_msgs/lib/python3.8/site-packages:/home/hle/turtlebot3_ws/install/dynamixel_sdk_custom_interfaces/lib/python3.8/site-packages:/home/hle/Desktop/compsci/ros/ir_sensor/install/ir_sensor_pkg/lib/python3.8/site-packages:/home/hle/Desktop/compsci/ros/activity4/build/packages:/home/hle/Desktop/compsci/ros/activity4/install/packages/lib/python3.8/site-packages:/home/hle/Desktop/compsci/ros/activity4/install/interfaces/lib/python3.8/site-packages:/home/hle/Desktop/compsci/ros/ros2_ws/build/my_py_pkg:/home/hle/Desktop/compsci/ros/ros2_ws/install/my_py_pkg/lib/python3.8/site-packages:/home/hle/Desktop/compsci/ros/ros2_ws/install/my_robot_interfaces/lib/python3.8/site-packages:/home/hle/Desktop/compsci/ros/clientserver/build/clientserver_pkg:/home/hle/Desktop/compsci/ros/clientserver/install/clientserver_pkg/lib/python3.8/site-packages:/home/hle/Desktop/compsci/ros/activity2/build/activity:/home/hle/Desktop/compsci/ros/activity2/install/activity/lib/python3.8/site-packages:/opt/ros/foxy/lib/python3.8/site-packages /usr/bin/cmake /home/hle/Desktop/compsci/ros/slam_capstone/src/capstone_bringup -DCMAKE_INSTALL_PREFIX=/home/hle/Desktop/compsci/ros/slam_capstone/install/launch
[7.485s] DEBUG:colcon.colcon_core.event_handler.log_command:Invoked command in '/home/hle/Desktop/compsci/ros/slam_capstone/build/launch' returned '0': AMENT_PREFIX_PATH=/home/hle/Desktop/compsci/ros/slam_capstone/install/capstone_pkg:/home/hle/Desktop/compsci/ros/slam_capstone/install/capstone_interfaces:/home/hle/turtlebot3_ws/install/turtlebot3:/home/hle/turtlebot3_ws/install/turtlebot3_teleop:/home/hle/turtlebot3_ws/install/turtlebot3_bringup:/home/hle/turtlebot3_ws/install/turtlebot3_node:/home/hle/turtlebot3_ws/install/turtlebot3_navigation2:/home/hle/turtlebot3_ws/install/turtlebot3_example:/home/hle/turtlebot3_ws/install/turtlebot3_msgs:/home/hle/turtlebot3_ws/install/turtlebot3_description:/home/hle/turtlebot3_ws/install/turtlebot3_cartographer:/home/hle/turtlebot3_ws/install/dynamixel_sdk_examples:/home/hle/turtlebot3_ws/install/dynamixel_sdk_custom_interfaces:/home/hle/turtlebot3_ws/install/dynamixel_sdk:/home/hle/Desktop/compsci/ros/ir_sensor/install/ir_sensor_pkg:/home/hle/Desktop/compsci/ros/activity4/install/packages:/home/hle/Desktop/compsci/ros/activity4/install/interfaces:/home/hle/Desktop/compsci/ros/ros2_ws/install/my_py_pkg:/home/hle/Desktop/compsci/ros/ros2_ws/install/my_robot_interfaces:/home/hle/Desktop/compsci/ros/ros2_ws/install/my_cpp_pkg:/home/hle/Desktop/compsci/ros/clientserver/install/clientserver_pkg:/home/hle/Desktop/compsci/ros/activity2/install/activity_bringup:/home/hle/Desktop/compsci/ros/activity2/install/activity:/opt/ros/foxy CMAKE_PREFIX_PATH=/home/hle/Desktop/compsci/ros/slam_capstone/install/capstone_interfaces:/home/hle/turtlebot3_ws/install/turtlebot3:/home/hle/turtlebot3_ws/install/turtlebot3_bringup:/home/hle/turtlebot3_ws/install/turtlebot3_node:/home/hle/turtlebot3_ws/install/turtlebot3_navigation2:/home/hle/turtlebot3_ws/install/turtlebot3_msgs:/home/hle/turtlebot3_ws/install/turtlebot3_description:/home/hle/turtlebot3_ws/install/turtlebot3_cartographer:/home/hle/turtlebot3_ws/install/dynamixel_sdk_examples:/home/hle/turtlebot3_ws/install/dynamixel_sdk_custom_interfaces:/home/hle/turtlebot3_ws/install/dynamixel_sdk:/home/hle/Desktop/compsci/ros/activity4/install/interfaces:/home/hle/Desktop/compsci/ros/ros2_ws/install/my_robot_interfaces:/home/hle/Desktop/compsci/ros/ros2_ws/install/my_cpp_pkg:/home/hle/Desktop/compsci/ros/activity2/install/activity_bringup:/home/hle/Desktop/compsci/ros/slam_capstone/install/capstone_pkg:/home/hle/turtlebot3_ws/install/turtlebot3_teleop:/home/hle/turtlebot3_ws/install/turtlebot3_example:/home/hle/Desktop/compsci/ros/ir_sensor/install/ir_sensor_pkg:/home/hle/Desktop/compsci/ros/activity4/install/packages:/home/hle/Desktop/compsci/ros/ros2_ws/install/my_py_pkg:/home/hle/Desktop/compsci/ros/clientserver/install/clientserver_pkg:/home/hle/Desktop/compsci/ros/activity2/install/activity:/opt/ros/foxy LD_LIBRARY_PATH=/home/hle/Desktop/compsci/ros/slam_capstone/install/capstone_interfaces/lib:${LD_LIBRARY_PATH} PYTHONPATH=/home/hle/Desktop/compsci/ros/slam_capstone/install/capstone_pkg/lib/python3.8/site-packages:/home/hle/Desktop/compsci/ros/slam_capstone/install/capstone_interfaces/lib/python3.8/site-packages:/home/hle/turtlebot3_ws/build/turtlebot3_teleop:/home/hle/turtlebot3_ws/install/turtlebot3_teleop/lib/python3.8/site-packages:/home/hle/turtlebot3_ws/build/turtlebot3_example:/home/hle/turtlebot3_ws/install/turtlebot3_example/lib/python3.8/site-packages:/home/hle/turtlebot3_ws/install/turtlebot3_msgs/lib/python3.8/site-packages:/home/hle/turtlebot3_ws/install/dynamixel_sdk_custom_interfaces/lib/python3.8/site-packages:/home/hle/Desktop/compsci/ros/ir_sensor/install/ir_sensor_pkg/lib/python3.8/site-packages:/home/hle/Desktop/compsci/ros/activity4/build/packages:/home/hle/Desktop/compsci/ros/activity4/install/packages/lib/python3.8/site-packages:/home/hle/Desktop/compsci/ros/activity4/install/interfaces/lib/python3.8/site-packages:/home/hle/Desktop/compsci/ros/ros2_ws/build/my_py_pkg:/home/hle/Desktop/compsci/ros/ros2_ws/install/my_py_pkg/lib/python3.8/site-packages:/home/hle/Desktop/compsci/ros/ros2_ws/install/my_robot_interfaces/lib/python3.8/site-packages:/home/hle/Desktop/compsci/ros/clientserver/build/clientserver_pkg:/home/hle/Desktop/compsci/ros/clientserver/install/clientserver_pkg/lib/python3.8/site-packages:/home/hle/Desktop/compsci/ros/activity2/build/activity:/home/hle/Desktop/compsci/ros/activity2/install/activity/lib/python3.8/site-packages:/opt/ros/foxy/lib/python3.8/site-packages /usr/bin/cmake /home/hle/Desktop/compsci/ros/slam_capstone/src/capstone_bringup -DCMAKE_INSTALL_PREFIX=/home/hle/Desktop/compsci/ros/slam_capstone/install/launch
[7.489s] DEBUG:colcon.colcon_core.event_handler.log_command:Invoking command in '/home/hle/Desktop/compsci/ros/slam_capstone/build/launch': AMENT_PREFIX_PATH=/home/hle/Desktop/compsci/ros/slam_capstone/install/capstone_pkg:/home/hle/Desktop/compsci/ros/slam_capstone/install/capstone_interfaces:/home/hle/turtlebot3_ws/install/turtlebot3:/home/hle/turtlebot3_ws/install/turtlebot3_teleop:/home/hle/turtlebot3_ws/install/turtlebot3_bringup:/home/hle/turtlebot3_ws/install/turtlebot3_node:/home/hle/turtlebot3_ws/install/turtlebot3_navigation2:/home/hle/turtlebot3_ws/install/turtlebot3_example:/home/hle/turtlebot3_ws/install/turtlebot3_msgs:/home/hle/turtlebot3_ws/install/turtlebot3_description:/home/hle/turtlebot3_ws/install/turtlebot3_cartographer:/home/hle/turtlebot3_ws/install/dynamixel_sdk_examples:/home/hle/turtlebot3_ws/install/dynamixel_sdk_custom_interfaces:/home/hle/turtlebot3_ws/install/dynamixel_sdk:/home/hle/Desktop/compsci/ros/ir_sensor/install/ir_sensor_pkg:/home/hle/Desktop/compsci/ros/activity4/install/packages:/home/hle/Desktop/compsci/ros/activity4/install/interfaces:/home/hle/Desktop/compsci/ros/ros2_ws/install/my_py_pkg:/home/hle/Desktop/compsci/ros/ros2_ws/install/my_robot_interfaces:/home/hle/Desktop/compsci/ros/ros2_ws/install/my_cpp_pkg:/home/hle/Desktop/compsci/ros/clientserver/install/clientserver_pkg:/home/hle/Desktop/compsci/ros/activity2/install/activity_bringup:/home/hle/Desktop/compsci/ros/activity2/install/activity:/opt/ros/foxy CMAKE_PREFIX_PATH=/home/hle/Desktop/compsci/ros/slam_capstone/install/capstone_interfaces:/home/hle/turtlebot3_ws/install/turtlebot3:/home/hle/turtlebot3_ws/install/turtlebot3_bringup:/home/hle/turtlebot3_ws/install/turtlebot3_node:/home/hle/turtlebot3_ws/install/turtlebot3_navigation2:/home/hle/turtlebot3_ws/install/turtlebot3_msgs:/home/hle/turtlebot3_ws/install/turtlebot3_description:/home/hle/turtlebot3_ws/install/turtlebot3_cartographer:/home/hle/turtlebot3_ws/install/dynamixel_sdk_examples:/home/hle/turtlebot3_ws/install/dynamixel_sdk_custom_interfaces:/home/hle/turtlebot3_ws/install/dynamixel_sdk:/home/hle/Desktop/compsci/ros/activity4/install/interfaces:/home/hle/Desktop/compsci/ros/ros2_ws/install/my_robot_interfaces:/home/hle/Desktop/compsci/ros/ros2_ws/install/my_cpp_pkg:/home/hle/Desktop/compsci/ros/activity2/install/activity_bringup:/home/hle/Desktop/compsci/ros/slam_capstone/install/capstone_pkg:/home/hle/turtlebot3_ws/install/turtlebot3_teleop:/home/hle/turtlebot3_ws/install/turtlebot3_example:/home/hle/Desktop/compsci/ros/ir_sensor/install/ir_sensor_pkg:/home/hle/Desktop/compsci/ros/activity4/install/packages:/home/hle/Desktop/compsci/ros/ros2_ws/install/my_py_pkg:/home/hle/Desktop/compsci/ros/clientserver/install/clientserver_pkg:/home/hle/Desktop/compsci/ros/activity2/install/activity:/opt/ros/foxy LD_LIBRARY_PATH=/home/hle/Desktop/compsci/ros/slam_capstone/install/capstone_interfaces/lib:${LD_LIBRARY_PATH} PYTHONPATH=/home/hle/Desktop/compsci/ros/slam_capstone/install/capstone_pkg/lib/python3.8/site-packages:/home/hle/Desktop/compsci/ros/slam_capstone/install/capstone_interfaces/lib/python3.8/site-packages:/home/hle/turtlebot3_ws/build/turtlebot3_teleop:/home/hle/turtlebot3_ws/install/turtlebot3_teleop/lib/python3.8/site-packages:/home/hle/turtlebot3_ws/build/turtlebot3_example:/home/hle/turtlebot3_ws/install/turtlebot3_example/lib/python3.8/site-packages:/home/hle/turtlebot3_ws/install/turtlebot3_msgs/lib/python3.8/site-packages:/home/hle/turtlebot3_ws/install/dynamixel_sdk_custom_interfaces/lib/python3.8/site-packages:/home/hle/Desktop/compsci/ros/ir_sensor/install/ir_sensor_pkg/lib/python3.8/site-packages:/home/hle/Desktop/compsci/ros/activity4/build/packages:/home/hle/Desktop/compsci/ros/activity4/install/packages/lib/python3.8/site-packages:/home/hle/Desktop/compsci/ros/activity4/install/interfaces/lib/python3.8/site-packages:/home/hle/Desktop/compsci/ros/ros2_ws/build/my_py_pkg:/home/hle/Desktop/compsci/ros/ros2_ws/install/my_py_pkg/lib/python3.8/site-packages:/home/hle/Desktop/compsci/ros/ros2_ws/install/my_robot_interfaces/lib/python3.8/site-packages:/home/hle/Desktop/compsci/ros/clientserver/build/clientserver_pkg:/home/hle/Desktop/compsci/ros/clientserver/install/clientserver_pkg/lib/python3.8/site-packages:/home/hle/Desktop/compsci/ros/activity2/build/activity:/home/hle/Desktop/compsci/ros/activity2/install/activity/lib/python3.8/site-packages:/opt/ros/foxy/lib/python3.8/site-packages /usr/bin/cmake --build /home/hle/Desktop/compsci/ros/slam_capstone/build/launch -- -j8 -l8
[7.528s] DEBUG:colcon.colcon_core.event_handler.log_command:Invoked command in '/home/hle/Desktop/compsci/ros/slam_capstone/build/launch' returned '0': AMENT_PREFIX_PATH=/home/hle/Desktop/compsci/ros/slam_capstone/install/capstone_pkg:/home/hle/Desktop/compsci/ros/slam_capstone/install/capstone_interfaces:/home/hle/turtlebot3_ws/install/turtlebot3:/home/hle/turtlebot3_ws/install/turtlebot3_teleop:/home/hle/turtlebot3_ws/install/turtlebot3_bringup:/home/hle/turtlebot3_ws/install/turtlebot3_node:/home/hle/turtlebot3_ws/install/turtlebot3_navigation2:/home/hle/turtlebot3_ws/install/turtlebot3_example:/home/hle/turtlebot3_ws/install/turtlebot3_msgs:/home/hle/turtlebot3_ws/install/turtlebot3_description:/home/hle/turtlebot3_ws/install/turtlebot3_cartographer:/home/hle/turtlebot3_ws/install/dynamixel_sdk_examples:/home/hle/turtlebot3_ws/install/dynamixel_sdk_custom_interfaces:/home/hle/turtlebot3_ws/install/dynamixel_sdk:/home/hle/Desktop/compsci/ros/ir_sensor/install/ir_sensor_pkg:/home/hle/Desktop/compsci/ros/activity4/install/packages:/home/hle/Desktop/compsci/ros/activity4/install/interfaces:/home/hle/Desktop/compsci/ros/ros2_ws/install/my_py_pkg:/home/hle/Desktop/compsci/ros/ros2_ws/install/my_robot_interfaces:/home/hle/Desktop/compsci/ros/ros2_ws/install/my_cpp_pkg:/home/hle/Desktop/compsci/ros/clientserver/install/clientserver_pkg:/home/hle/Desktop/compsci/ros/activity2/install/activity_bringup:/home/hle/Desktop/compsci/ros/activity2/install/activity:/opt/ros/foxy CMAKE_PREFIX_PATH=/home/hle/Desktop/compsci/ros/slam_capstone/install/capstone_interfaces:/home/hle/turtlebot3_ws/install/turtlebot3:/home/hle/turtlebot3_ws/install/turtlebot3_bringup:/home/hle/turtlebot3_ws/install/turtlebot3_node:/home/hle/turtlebot3_ws/install/turtlebot3_navigation2:/home/hle/turtlebot3_ws/install/turtlebot3_msgs:/home/hle/turtlebot3_ws/install/turtlebot3_description:/home/hle/turtlebot3_ws/install/turtlebot3_cartographer:/home/hle/turtlebot3_ws/install/dynamixel_sdk_examples:/home/hle/turtlebot3_ws/install/dynamixel_sdk_custom_interfaces:/home/hle/turtlebot3_ws/install/dynamixel_sdk:/home/hle/Desktop/compsci/ros/activity4/install/interfaces:/home/hle/Desktop/compsci/ros/ros2_ws/install/my_robot_interfaces:/home/hle/Desktop/compsci/ros/ros2_ws/install/my_cpp_pkg:/home/hle/Desktop/compsci/ros/activity2/install/activity_bringup:/home/hle/Desktop/compsci/ros/slam_capstone/install/capstone_pkg:/home/hle/turtlebot3_ws/install/turtlebot3_teleop:/home/hle/turtlebot3_ws/install/turtlebot3_example:/home/hle/Desktop/compsci/ros/ir_sensor/install/ir_sensor_pkg:/home/hle/Desktop/compsci/ros/activity4/install/packages:/home/hle/Desktop/compsci/ros/ros2_ws/install/my_py_pkg:/home/hle/Desktop/compsci/ros/clientserver/install/clientserver_pkg:/home/hle/Desktop/compsci/ros/activity2/install/activity:/opt/ros/foxy LD_LIBRARY_PATH=/home/hle/Desktop/compsci/ros/slam_capstone/install/capstone_interfaces/lib:${LD_LIBRARY_PATH} PYTHONPATH=/home/hle/Desktop/compsci/ros/slam_capstone/install/capstone_pkg/lib/python3.8/site-packages:/home/hle/Desktop/compsci/ros/slam_capstone/install/capstone_interfaces/lib/python3.8/site-packages:/home/hle/turtlebot3_ws/build/turtlebot3_teleop:/home/hle/turtlebot3_ws/install/turtlebot3_teleop/lib/python3.8/site-packages:/home/hle/turtlebot3_ws/build/turtlebot3_example:/home/hle/turtlebot3_ws/install/turtlebot3_example/lib/python3.8/site-packages:/home/hle/turtlebot3_ws/install/turtlebot3_msgs/lib/python3.8/site-packages:/home/hle/turtlebot3_ws/install/dynamixel_sdk_custom_interfaces/lib/python3.8/site-packages:/home/hle/Desktop/compsci/ros/ir_sensor/install/ir_sensor_pkg/lib/python3.8/site-packages:/home/hle/Desktop/compsci/ros/activity4/build/packages:/home/hle/Desktop/compsci/ros/activity4/install/packages/lib/python3.8/site-packages:/home/hle/Desktop/compsci/ros/activity4/install/interfaces/lib/python3.8/site-packages:/home/hle/Desktop/compsci/ros/ros2_ws/build/my_py_pkg:/home/hle/Desktop/compsci/ros/ros2_ws/install/my_py_pkg/lib/python3.8/site-packages:/home/hle/Desktop/compsci/ros/ros2_ws/install/my_robot_interfaces/lib/python3.8/site-packages:/home/hle/Desktop/compsci/ros/clientserver/build/clientserver_pkg:/home/hle/Desktop/compsci/ros/clientserver/install/clientserver_pkg/lib/python3.8/site-packages:/home/hle/Desktop/compsci/ros/activity2/build/activity:/home/hle/Desktop/compsci/ros/activity2/install/activity/lib/python3.8/site-packages:/opt/ros/foxy/lib/python3.8/site-packages /usr/bin/cmake --build /home/hle/Desktop/compsci/ros/slam_capstone/build/launch -- -j8 -l8
[7.549s] DEBUG:colcon.colcon_core.event_handler.log_command:Invoking command in '/home/hle/Desktop/compsci/ros/slam_capstone/build/launch': AMENT_PREFIX_PATH=/home/hle/Desktop/compsci/ros/slam_capstone/install/capstone_pkg:/home/hle/Desktop/compsci/ros/slam_capstone/install/capstone_interfaces:/home/hle/turtlebot3_ws/install/turtlebot3:/home/hle/turtlebot3_ws/install/turtlebot3_teleop:/home/hle/turtlebot3_ws/install/turtlebot3_bringup:/home/hle/turtlebot3_ws/install/turtlebot3_node:/home/hle/turtlebot3_ws/install/turtlebot3_navigation2:/home/hle/turtlebot3_ws/install/turtlebot3_example:/home/hle/turtlebot3_ws/install/turtlebot3_msgs:/home/hle/turtlebot3_ws/install/turtlebot3_description:/home/hle/turtlebot3_ws/install/turtlebot3_cartographer:/home/hle/turtlebot3_ws/install/dynamixel_sdk_examples:/home/hle/turtlebot3_ws/install/dynamixel_sdk_custom_interfaces:/home/hle/turtlebot3_ws/install/dynamixel_sdk:/home/hle/Desktop/compsci/ros/ir_sensor/install/ir_sensor_pkg:/home/hle/Desktop/compsci/ros/activity4/install/packages:/home/hle/Desktop/compsci/ros/activity4/install/interfaces:/home/hle/Desktop/compsci/ros/ros2_ws/install/my_py_pkg:/home/hle/Desktop/compsci/ros/ros2_ws/install/my_robot_interfaces:/home/hle/Desktop/compsci/ros/ros2_ws/install/my_cpp_pkg:/home/hle/Desktop/compsci/ros/clientserver/install/clientserver_pkg:/home/hle/Desktop/compsci/ros/activity2/install/activity_bringup:/home/hle/Desktop/compsci/ros/activity2/install/activity:/opt/ros/foxy CMAKE_PREFIX_PATH=/home/hle/Desktop/compsci/ros/slam_capstone/install/capstone_interfaces:/home/hle/turtlebot3_ws/install/turtlebot3:/home/hle/turtlebot3_ws/install/turtlebot3_bringup:/home/hle/turtlebot3_ws/install/turtlebot3_node:/home/hle/turtlebot3_ws/install/turtlebot3_navigation2:/home/hle/turtlebot3_ws/install/turtlebot3_msgs:/home/hle/turtlebot3_ws/install/turtlebot3_description:/home/hle/turtlebot3_ws/install/turtlebot3_cartographer:/home/hle/turtlebot3_ws/install/dynamixel_sdk_examples:/home/hle/turtlebot3_ws/install/dynamixel_sdk_custom_interfaces:/home/hle/turtlebot3_ws/install/dynamixel_sdk:/home/hle/Desktop/compsci/ros/activity4/install/interfaces:/home/hle/Desktop/compsci/ros/ros2_ws/install/my_robot_interfaces:/home/hle/Desktop/compsci/ros/ros2_ws/install/my_cpp_pkg:/home/hle/Desktop/compsci/ros/activity2/install/activity_bringup:/home/hle/Desktop/compsci/ros/slam_capstone/install/capstone_pkg:/home/hle/turtlebot3_ws/install/turtlebot3_teleop:/home/hle/turtlebot3_ws/install/turtlebot3_example:/home/hle/Desktop/compsci/ros/ir_sensor/install/ir_sensor_pkg:/home/hle/Desktop/compsci/ros/activity4/install/packages:/home/hle/Desktop/compsci/ros/ros2_ws/install/my_py_pkg:/home/hle/Desktop/compsci/ros/clientserver/install/clientserver_pkg:/home/hle/Desktop/compsci/ros/activity2/install/activity:/opt/ros/foxy LD_LIBRARY_PATH=/home/hle/Desktop/compsci/ros/slam_capstone/install/capstone_interfaces/lib:${LD_LIBRARY_PATH} PYTHONPATH=/home/hle/Desktop/compsci/ros/slam_capstone/install/capstone_pkg/lib/python3.8/site-packages:/home/hle/Desktop/compsci/ros/slam_capstone/install/capstone_interfaces/lib/python3.8/site-packages:/home/hle/turtlebot3_ws/build/turtlebot3_teleop:/home/hle/turtlebot3_ws/install/turtlebot3_teleop/lib/python3.8/site-packages:/home/hle/turtlebot3_ws/build/turtlebot3_example:/home/hle/turtlebot3_ws/install/turtlebot3_example/lib/python3.8/site-packages:/home/hle/turtlebot3_ws/install/turtlebot3_msgs/lib/python3.8/site-packages:/home/hle/turtlebot3_ws/install/dynamixel_sdk_custom_interfaces/lib/python3.8/site-packages:/home/hle/Desktop/compsci/ros/ir_sensor/install/ir_sensor_pkg/lib/python3.8/site-packages:/home/hle/Desktop/compsci/ros/activity4/build/packages:/home/hle/Desktop/compsci/ros/activity4/install/packages/lib/python3.8/site-packages:/home/hle/Desktop/compsci/ros/activity4/install/interfaces/lib/python3.8/site-packages:/home/hle/Desktop/compsci/ros/ros2_ws/build/my_py_pkg:/home/hle/Desktop/compsci/ros/ros2_ws/install/my_py_pkg/lib/python3.8/site-packages:/home/hle/Desktop/compsci/ros/ros2_ws/install/my_robot_interfaces/lib/python3.8/site-packages:/home/hle/Desktop/compsci/ros/clientserver/build/clientserver_pkg:/home/hle/Desktop/compsci/ros/clientserver/install/clientserver_pkg/lib/python3.8/site-packages:/home/hle/Desktop/compsci/ros/activity2/build/activity:/home/hle/Desktop/compsci/ros/activity2/install/activity/lib/python3.8/site-packages:/opt/ros/foxy/lib/python3.8/site-packages /usr/bin/cmake --install /home/hle/Desktop/compsci/ros/slam_capstone/build/launch
[7.562s] Level 1:colcon.colcon_core.environment:create_environment_scripts_only(launch)
[7.563s] Level 1:colcon.colcon_core.environment:checking '/home/hle/Desktop/compsci/ros/slam_capstone/install/launch' for CMake module files
[7.563s] DEBUG:colcon.colcon_core.event_handler.log_command:Invoked command in '/home/hle/Desktop/compsci/ros/slam_capstone/build/launch' returned '0': AMENT_PREFIX_PATH=/home/hle/Desktop/compsci/ros/slam_capstone/install/capstone_pkg:/home/hle/Desktop/compsci/ros/slam_capstone/install/capstone_interfaces:/home/hle/turtlebot3_ws/install/turtlebot3:/home/hle/turtlebot3_ws/install/turtlebot3_teleop:/home/hle/turtlebot3_ws/install/turtlebot3_bringup:/home/hle/turtlebot3_ws/install/turtlebot3_node:/home/hle/turtlebot3_ws/install/turtlebot3_navigation2:/home/hle/turtlebot3_ws/install/turtlebot3_example:/home/hle/turtlebot3_ws/install/turtlebot3_msgs:/home/hle/turtlebot3_ws/install/turtlebot3_description:/home/hle/turtlebot3_ws/install/turtlebot3_cartographer:/home/hle/turtlebot3_ws/install/dynamixel_sdk_examples:/home/hle/turtlebot3_ws/install/dynamixel_sdk_custom_interfaces:/home/hle/turtlebot3_ws/install/dynamixel_sdk:/home/hle/Desktop/compsci/ros/ir_sensor/install/ir_sensor_pkg:/home/hle/Desktop/compsci/ros/activity4/install/packages:/home/hle/Desktop/compsci/ros/activity4/install/interfaces:/home/hle/Desktop/compsci/ros/ros2_ws/install/my_py_pkg:/home/hle/Desktop/compsci/ros/ros2_ws/install/my_robot_interfaces:/home/hle/Desktop/compsci/ros/ros2_ws/install/my_cpp_pkg:/home/hle/Desktop/compsci/ros/clientserver/install/clientserver_pkg:/home/hle/Desktop/compsci/ros/activity2/install/activity_bringup:/home/hle/Desktop/compsci/ros/activity2/install/activity:/opt/ros/foxy CMAKE_PREFIX_PATH=/home/hle/Desktop/compsci/ros/slam_capstone/install/capstone_interfaces:/home/hle/turtlebot3_ws/install/turtlebot3:/home/hle/turtlebot3_ws/install/turtlebot3_bringup:/home/hle/turtlebot3_ws/install/turtlebot3_node:/home/hle/turtlebot3_ws/install/turtlebot3_navigation2:/home/hle/turtlebot3_ws/install/turtlebot3_msgs:/home/hle/turtlebot3_ws/install/turtlebot3_description:/home/hle/turtlebot3_ws/install/turtlebot3_cartographer:/home/hle/turtlebot3_ws/install/dynamixel_sdk_examples:/home/hle/turtlebot3_ws/install/dynamixel_sdk_custom_interfaces:/home/hle/turtlebot3_ws/install/dynamixel_sdk:/home/hle/Desktop/compsci/ros/activity4/install/interfaces:/home/hle/Desktop/compsci/ros/ros2_ws/install/my_robot_interfaces:/home/hle/Desktop/compsci/ros/ros2_ws/install/my_cpp_pkg:/home/hle/Desktop/compsci/ros/activity2/install/activity_bringup:/home/hle/Desktop/compsci/ros/slam_capstone/install/capstone_pkg:/home/hle/turtlebot3_ws/install/turtlebot3_teleop:/home/hle/turtlebot3_ws/install/turtlebot3_example:/home/hle/Desktop/compsci/ros/ir_sensor/install/ir_sensor_pkg:/home/hle/Desktop/compsci/ros/activity4/install/packages:/home/hle/Desktop/compsci/ros/ros2_ws/install/my_py_pkg:/home/hle/Desktop/compsci/ros/clientserver/install/clientserver_pkg:/home/hle/Desktop/compsci/ros/activity2/install/activity:/opt/ros/foxy LD_LIBRARY_PATH=/home/hle/Desktop/compsci/ros/slam_capstone/install/capstone_interfaces/lib:${LD_LIBRARY_PATH} PYTHONPATH=/home/hle/Desktop/compsci/ros/slam_capstone/install/capstone_pkg/lib/python3.8/site-packages:/home/hle/Desktop/compsci/ros/slam_capstone/install/capstone_interfaces/lib/python3.8/site-packages:/home/hle/turtlebot3_ws/build/turtlebot3_teleop:/home/hle/turtlebot3_ws/install/turtlebot3_teleop/lib/python3.8/site-packages:/home/hle/turtlebot3_ws/build/turtlebot3_example:/home/hle/turtlebot3_ws/install/turtlebot3_example/lib/python3.8/site-packages:/home/hle/turtlebot3_ws/install/turtlebot3_msgs/lib/python3.8/site-packages:/home/hle/turtlebot3_ws/install/dynamixel_sdk_custom_interfaces/lib/python3.8/site-packages:/home/hle/Desktop/compsci/ros/ir_sensor/install/ir_sensor_pkg/lib/python3.8/site-packages:/home/hle/Desktop/compsci/ros/activity4/build/packages:/home/hle/Desktop/compsci/ros/activity4/install/packages/lib/python3.8/site-packages:/home/hle/Desktop/compsci/ros/activity4/install/interfaces/lib/python3.8/site-packages:/home/hle/Desktop/compsci/ros/ros2_ws/build/my_py_pkg:/home/hle/Desktop/compsci/ros/ros2_ws/install/my_py_pkg/lib/python3.8/site-packages:/home/hle/Desktop/compsci/ros/ros2_ws/install/my_robot_interfaces/lib/python3.8/site-packages:/home/hle/Desktop/compsci/ros/clientserver/build/clientserver_pkg:/home/hle/Desktop/compsci/ros/clientserver/install/clientserver_pkg/lib/python3.8/site-packages:/home/hle/Desktop/compsci/ros/activity2/build/activity:/home/hle/Desktop/compsci/ros/activity2/install/activity/lib/python3.8/site-packages:/opt/ros/foxy/lib/python3.8/site-packages /usr/bin/cmake --install /home/hle/Desktop/compsci/ros/slam_capstone/build/launch
[7.564s] Level 1:colcon.colcon_core.environment:checking '/home/hle/Desktop/compsci/ros/slam_capstone/install/launch' for CMake config files
[7.564s] Level 1:colcon.colcon_core.shell:create_environment_hook('launch', 'cmake_prefix_path')
[7.565s] INFO:colcon.colcon_core.shell:Creating environment hook '/home/hle/Desktop/compsci/ros/slam_capstone/install/launch/share/launch/hook/cmake_prefix_path.ps1'
[7.565s] INFO:colcon.colcon_core.shell:Creating environment descriptor '/home/hle/Desktop/compsci/ros/slam_capstone/install/launch/share/launch/hook/cmake_prefix_path.dsv'
[7.565s] INFO:colcon.colcon_core.shell:Creating environment hook '/home/hle/Desktop/compsci/ros/slam_capstone/install/launch/share/launch/hook/cmake_prefix_path.sh'
[7.566s] Level 1:colcon.colcon_core.environment:checking '/home/hle/Desktop/compsci/ros/slam_capstone/install/launch/bin'
[7.566s] Level 1:colcon.colcon_core.environment:checking '/home/hle/Desktop/compsci/ros/slam_capstone/install/launch/lib/pkgconfig/launch.pc'
[7.566s] Level 1:colcon.colcon_core.environment:checking '/home/hle/Desktop/compsci/ros/slam_capstone/install/launch/lib/python3.8/site-packages'
[7.567s] INFO:colcon.colcon_core.shell:Creating package script '/home/hle/Desktop/compsci/ros/slam_capstone/install/launch/share/launch/package.ps1'
[7.567s] INFO:colcon.colcon_core.shell:Creating package descriptor '/home/hle/Desktop/compsci/ros/slam_capstone/install/launch/share/launch/package.dsv'
[7.567s] INFO:colcon.colcon_core.shell:Creating package script '/home/hle/Desktop/compsci/ros/slam_capstone/install/launch/share/launch/package.sh'
[7.568s] INFO:colcon.colcon_core.shell:Creating package script '/home/hle/Desktop/compsci/ros/slam_capstone/install/launch/share/launch/package.bash'
[7.568s] INFO:colcon.colcon_core.shell:Creating package script '/home/hle/Desktop/compsci/ros/slam_capstone/install/launch/share/launch/package.zsh'
[7.568s] Level 1:colcon.colcon_core.environment:create_file_with_runtime_dependencies(/home/hle/Desktop/compsci/ros/slam_capstone/install/launch/share/colcon-core/packages/launch)
[7.594s] Level 1:colcon.colcon_core.environment:create_environment_scripts_only(launch)
[7.595s] Level 1:colcon.colcon_core.environment:checking '/home/hle/Desktop/compsci/ros/slam_capstone/install/launch' for CMake module files
[7.596s] Level 1:colcon.colcon_core.environment:checking '/home/hle/Desktop/compsci/ros/slam_capstone/install/launch' for CMake config files
[7.596s] Level 1:colcon.colcon_core.shell:create_environment_hook('launch', 'cmake_prefix_path')
[7.597s] INFO:colcon.colcon_core.shell:Creating environment hook '/home/hle/Desktop/compsci/ros/slam_capstone/install/launch/share/launch/hook/cmake_prefix_path.ps1'
[7.597s] INFO:colcon.colcon_core.shell:Creating environment descriptor '/home/hle/Desktop/compsci/ros/slam_capstone/install/launch/share/launch/hook/cmake_prefix_path.dsv'
[7.598s] INFO:colcon.colcon_core.shell:Creating environment hook '/home/hle/Desktop/compsci/ros/slam_capstone/install/launch/share/launch/hook/cmake_prefix_path.sh'
[7.599s] Level 1:colcon.colcon_core.environment:checking '/home/hle/Desktop/compsci/ros/slam_capstone/install/launch/bin'
[7.599s] Level 1:colcon.colcon_core.environment:checking '/home/hle/Desktop/compsci/ros/slam_capstone/install/launch/lib/pkgconfig/launch.pc'
[7.599s] Level 1:colcon.colcon_core.environment:checking '/home/hle/Desktop/compsci/ros/slam_capstone/install/launch/lib/python3.8/site-packages'
[7.600s] INFO:colcon.colcon_core.shell:Creating package script '/home/hle/Desktop/compsci/ros/slam_capstone/install/launch/share/launch/package.ps1'
[7.600s] INFO:colcon.colcon_core.shell:Creating package descriptor '/home/hle/Desktop/compsci/ros/slam_capstone/install/launch/share/launch/package.dsv'
[7.601s] INFO:colcon.colcon_core.shell:Creating package script '/home/hle/Desktop/compsci/ros/slam_capstone/install/launch/share/launch/package.sh'
[7.601s] INFO:colcon.colcon_core.shell:Creating package script '/home/hle/Desktop/compsci/ros/slam_capstone/install/launch/share/launch/package.bash'
[7.602s] INFO:colcon.colcon_core.shell:Creating package script '/home/hle/Desktop/compsci/ros/slam_capstone/install/launch/share/launch/package.zsh'
[7.602s] Level 1:colcon.colcon_core.environment:create_file_with_runtime_dependencies(/home/hle/Desktop/compsci/ros/slam_capstone/install/launch/share/colcon-core/packages/launch)
[7.603s] DEBUG:colcon.colcon_parallel_executor.executor.parallel:closing loop
[7.603s] DEBUG:colcon.colcon_parallel_executor.executor.parallel:loop closed
[7.603s] DEBUG:colcon.colcon_parallel_executor.executor.parallel:run_until_complete finished with '0'
[7.603s] DEBUG:colcon.colcon_core.event_reactor:joining thread
[7.610s] INFO:colcon.colcon_core.plugin_system:Skipping extension 'colcon_notification.desktop_notification.terminal_notifier': Not used on non-Darwin systems
[7.610s] INFO:colcon.colcon_core.plugin_system:Skipping extension 'colcon_notification.desktop_notification.win32': Not used on non-Windows systems
[7.610s] INFO:colcon.colcon_notification.desktop_notification:Sending desktop notification using 'notify2'
[7.627s] DEBUG:colcon.colcon_core.event_reactor:joined thread
[7.628s] INFO:colcon.colcon_core.shell:Creating prefix script '/home/hle/Desktop/compsci/ros/slam_capstone/install/local_setup.ps1'
[7.630s] INFO:colcon.colcon_core.shell:Creating prefix util module '/home/hle/Desktop/compsci/ros/slam_capstone/install/_local_setup_util_ps1.py'
[7.633s] INFO:colcon.colcon_core.shell:Creating prefix chain script '/home/hle/Desktop/compsci/ros/slam_capstone/install/setup.ps1'
[7.637s] INFO:colcon.colcon_core.shell:Creating prefix script '/home/hle/Desktop/compsci/ros/slam_capstone/install/local_setup.sh'
[7.638s] INFO:colcon.colcon_core.shell:Creating prefix util module '/home/hle/Desktop/compsci/ros/slam_capstone/install/_local_setup_util_sh.py'
[7.638s] INFO:colcon.colcon_core.shell:Creating prefix chain script '/home/hle/Desktop/compsci/ros/slam_capstone/install/setup.sh'
[7.641s] INFO:colcon.colcon_core.shell:Creating prefix script '/home/hle/Desktop/compsci/ros/slam_capstone/install/local_setup.bash'
[7.642s] INFO:colcon.colcon_core.shell:Creating prefix chain script '/home/hle/Desktop/compsci/ros/slam_capstone/install/setup.bash'
[7.645s] INFO:colcon.colcon_core.shell:Creating prefix script '/home/hle/Desktop/compsci/ros/slam_capstone/install/local_setup.zsh'
[7.646s] INFO:colcon.colcon_core.shell:Creating prefix chain script '/home/hle/Desktop/compsci/ros/slam_capstone/install/setup.zsh'
