running develop
running egg_info
writing ../../build/capstone_pkg/capstone_pkg.egg-info/PKG-INFO
writing dependency_links to ../../build/capstone_pkg/capstone_pkg.egg-info/dependency_links.txt
writing entry points to ../../build/capstone_pkg/capstone_pkg.egg-info/entry_points.txt
writing requirements to ../../build/capstone_pkg/capstone_pkg.egg-info/requires.txt
writing top-level names to ../../build/capstone_pkg/capstone_pkg.egg-info/top_level.txt
reading manifest file '../../build/capstone_pkg/capstone_pkg.egg-info/SOURCES.txt'
writing manifest file '../../build/capstone_pkg/capstone_pkg.egg-info/SOURCES.txt'
running build
running build_py
copying capstone_pkg/robot_world.py -> /home/hle/Desktop/compsci/ros/slam_capstone/build/capstone_pkg/build/lib/capstone_pkg
copying capstone_pkg/occupancy_grid.py -> /home/hle/Desktop/compsci/ros/slam_capstone/build/capstone_pkg/build/lib/capstone_pkg
running install
running install_lib
copying /home/hle/Desktop/compsci/ros/slam_capstone/build/capstone_pkg/build/lib/capstone_pkg/robot_world.py -> /home/hle/Desktop/compsci/ros/slam_capstone/install/capstone_pkg/lib/python3.8/site-packages/capstone_pkg
copying /home/hle/Desktop/compsci/ros/slam_capstone/build/capstone_pkg/build/lib/capstone_pkg/occupancy_grid.py -> /home/hle/Desktop/compsci/ros/slam_capstone/install/capstone_pkg/lib/python3.8/site-packages/capstone_pkg
byte-compiling /home/hle/Desktop/compsci/ros/slam_capstone/install/capstone_pkg/lib/python3.8/site-packages/capstone_pkg/robot_world.py to robot_world.cpython-38.pyc
byte-compiling /home/hle/Desktop/compsci/ros/slam_capstone/install/capstone_pkg/lib/python3.8/site-packages/capstone_pkg/occupancy_grid.py to occupancy_grid.cpython-38.pyc
running install_data
running install_egg_info
removing '/home/hle/Desktop/compsci/ros/slam_capstone/install/capstone_pkg/lib/python3.8/site-packages/capstone_pkg-0.0.0-py3.8.egg-info' (and everything under it)
Copying ../../build/capstone_pkg/capstone_pkg.egg-info to /home/hle/Desktop/compsci/ros/slam_capstone/install/capstone_pkg/lib/python3.8/site-packages/capstone_pkg-0.0.0-py3.8.egg-info
running install_scripts
Installing basic_movement script to /home/hle/Desktop/compsci/ros/slam_capstone/install/capstone_pkg/lib/capstone_pkg
Installing circle_around script to /home/hle/Desktop/compsci/ros/slam_capstone/install/capstone_pkg/lib/capstone_pkg
Installing occupancy_grid script to /home/hle/Desktop/compsci/ros/slam_capstone/install/capstone_pkg/lib/capstone_pkg
Installing robot_world script to /home/hle/Desktop/compsci/ros/slam_capstone/install/capstone_pkg/lib/capstone_pkg
Installing stop_movement script to /home/hle/Desktop/compsci/ros/slam_capstone/install/capstone_pkg/lib/capstone_pkg
Installing tb3_status script to /home/hle/Desktop/compsci/ros/slam_capstone/install/capstone_pkg/lib/capstone_pkg
writing list of installed files to '/home/hle/Desktop/compsci/ros/slam_capstone/build/capstone_pkg/install.log'
