[0.022s] Invoking command in '/home/hle/Desktop/compsci/ros/slam_capstone/build/capstone_interfaces': CMAKE_PREFIX_PATH=${CMAKE_PREFIX_PATH}:/home/hle/Desktop/compsci/ros/ros2_ws/install/my_py_pkg:/home/hle/turtlebot3_ws/install/turtlebot3_teleop:/home/hle/turtlebot3_ws/install/turtlebot3_example:/home/hle/Desktop/compsci/ros/ir_sensor/install/ir_sensor_pkg:/home/hle/Desktop/compsci/ros/clientserver/install/clientserver_pkg:/home/hle/Desktop/compsci/ros/activity2/install/activity:/home/hle/Desktop/compsci/ros/activity4/install/packages:/home/hle/Desktop/compsci/ros/slam_capstone/install/capstone_pkg:/opt/ros/foxy /usr/bin/cmake --build /home/hle/Desktop/compsci/ros/slam_capstone/build/capstone_interfaces -- -j8 -l8
[0.069s] [  3%] Built target capstone_interfaces__cpp
[0.070s] [ 12%] Built target capstone_interfaces__rosidl_generator_c
[0.092s] [ 29%] Built target capstone_interfaces__rosidl_typesupport_introspection_cpp
[0.092s] [ 32%] Built target capstone_interfaces__rosidl_typesupport_c
[0.093s] [ 41%] Built target capstone_interfaces__rosidl_typesupport_cpp
[0.095s] [ 51%] Built target capstone_interfaces__rosidl_typesupport_introspection_c
[0.095s] [ 61%] Built target capstone_interfaces__rosidl_typesupport_fastrtps_cpp
[0.116s] [ 70%] Built target capstone_interfaces__rosidl_typesupport_fastrtps_c
[0.136s] [ 70%] Built target capstone_interfaces
[0.156s] [ 74%] Built target capstone_interfaces__py
[0.181s] [ 80%] Built target capstone_interfaces__python
[0.206s] [ 87%] Built target capstone_interfaces__rosidl_typesupport_introspection_c__pyext
[0.208s] [ 93%] Built target capstone_interfaces__rosidl_typesupport_fastrtps_c__pyext
[0.213s] [100%] Built target capstone_interfaces__rosidl_typesupport_c__pyext
[0.223s] Invoked command in '/home/hle/Desktop/compsci/ros/slam_capstone/build/capstone_interfaces' returned '0': CMAKE_PREFIX_PATH=${CMAKE_PREFIX_PATH}:/home/hle/Desktop/compsci/ros/ros2_ws/install/my_py_pkg:/home/hle/turtlebot3_ws/install/turtlebot3_teleop:/home/hle/turtlebot3_ws/install/turtlebot3_example:/home/hle/Desktop/compsci/ros/ir_sensor/install/ir_sensor_pkg:/home/hle/Desktop/compsci/ros/clientserver/install/clientserver_pkg:/home/hle/Desktop/compsci/ros/activity2/install/activity:/home/hle/Desktop/compsci/ros/activity4/install/packages:/home/hle/Desktop/compsci/ros/slam_capstone/install/capstone_pkg:/opt/ros/foxy /usr/bin/cmake --build /home/hle/Desktop/compsci/ros/slam_capstone/build/capstone_interfaces -- -j8 -l8
[0.280s] Invoking command in '/home/hle/Desktop/compsci/ros/slam_capstone/build/capstone_interfaces': CMAKE_PREFIX_PATH=${CMAKE_PREFIX_PATH}:/home/hle/Desktop/compsci/ros/ros2_ws/install/my_py_pkg:/home/hle/turtlebot3_ws/install/turtlebot3_teleop:/home/hle/turtlebot3_ws/install/turtlebot3_example:/home/hle/Desktop/compsci/ros/ir_sensor/install/ir_sensor_pkg:/home/hle/Desktop/compsci/ros/clientserver/install/clientserver_pkg:/home/hle/Desktop/compsci/ros/activity2/install/activity:/home/hle/Desktop/compsci/ros/activity4/install/packages:/home/hle/Desktop/compsci/ros/slam_capstone/install/capstone_pkg:/opt/ros/foxy /usr/bin/cmake --install /home/hle/Desktop/compsci/ros/slam_capstone/build/capstone_interfaces
[0.288s] -- Install configuration: ""
[0.288s] -- Execute custom install script
[0.289s] -- Up-to-date symlink: /home/hle/Desktop/compsci/ros/slam_capstone/install/capstone_interfaces/share/ament_index/resource_index/rosidl_interfaces/capstone_interfaces
[0.290s] -- Up-to-date symlink: /home/hle/Desktop/compsci/ros/slam_capstone/install/capstone_interfaces/include/capstone_interfaces/msg/detail/tb3_status__functions.h
[0.290s] -- Up-to-date symlink: /home/hle/Desktop/compsci/ros/slam_capstone/install/capstone_interfaces/include/capstone_interfaces/msg/detail/tb3_status__struct.h
[0.290s] -- Up-to-date symlink: /home/hle/Desktop/compsci/ros/slam_capstone/install/capstone_interfaces/include/capstone_interfaces/msg/detail/tb3_status__type_support.h
[0.290s] -- Up-to-date symlink: /home/hle/Desktop/compsci/ros/slam_capstone/install/capstone_interfaces/include/capstone_interfaces/msg/rosidl_generator_c__visibility_control.h
[0.291s] -- Up-to-date symlink: /home/hle/Desktop/compsci/ros/slam_capstone/install/capstone_interfaces/include/capstone_interfaces/msg/tb3_status.h
[0.291s] -- Up-to-date symlink: /home/hle/Desktop/compsci/ros/slam_capstone/install/capstone_interfaces/share/capstone_interfaces/environment/library_path.sh
[0.291s] -- Up-to-date symlink: /home/hle/Desktop/compsci/ros/slam_capstone/install/capstone_interfaces/share/capstone_interfaces/environment/library_path.dsv
[0.292s] -- Up-to-date symlink: /home/hle/Desktop/compsci/ros/slam_capstone/install/capstone_interfaces/include/capstone_interfaces/msg/detail/tb3_status__rosidl_typesupport_fastrtps_c.h
[0.292s] -- Up-to-date symlink: /home/hle/Desktop/compsci/ros/slam_capstone/install/capstone_interfaces/include/capstone_interfaces/msg/rosidl_typesupport_fastrtps_c__visibility_control.h
[0.292s] -- Up-to-date symlink: /home/hle/Desktop/compsci/ros/slam_capstone/install/capstone_interfaces/lib/libcapstone_interfaces__rosidl_typesupport_fastrtps_c.so
[0.293s] -- Up-to-date symlink: /home/hle/Desktop/compsci/ros/slam_capstone/install/capstone_interfaces/include/capstone_interfaces/msg/detail/tb3_status__rosidl_typesupport_fastrtps_cpp.hpp
[0.293s] -- Up-to-date symlink: /home/hle/Desktop/compsci/ros/slam_capstone/install/capstone_interfaces/include/capstone_interfaces/msg/rosidl_typesupport_fastrtps_cpp__visibility_control.h
[0.294s] -- Up-to-date symlink: /home/hle/Desktop/compsci/ros/slam_capstone/install/capstone_interfaces/lib/libcapstone_interfaces__rosidl_typesupport_fastrtps_cpp.so
[0.294s] -- Up-to-date symlink: /home/hle/Desktop/compsci/ros/slam_capstone/install/capstone_interfaces/include/capstone_interfaces/msg/detail/tb3_status__rosidl_typesupport_introspection_c.h
[0.294s] -- Up-to-date symlink: /home/hle/Desktop/compsci/ros/slam_capstone/install/capstone_interfaces/include/capstone_interfaces/msg/rosidl_typesupport_introspection_c__visibility_control.h
[0.295s] -- Up-to-date symlink: /home/hle/Desktop/compsci/ros/slam_capstone/install/capstone_interfaces/include/capstone_interfaces/msg/detail/tb3_status__builder.hpp
[0.295s] -- Up-to-date symlink: /home/hle/Desktop/compsci/ros/slam_capstone/install/capstone_interfaces/include/capstone_interfaces/msg/detail/tb3_status__struct.hpp
[0.295s] -- Up-to-date symlink: /home/hle/Desktop/compsci/ros/slam_capstone/install/capstone_interfaces/include/capstone_interfaces/msg/detail/tb3_status__traits.hpp
[0.295s] -- Up-to-date symlink: /home/hle/Desktop/compsci/ros/slam_capstone/install/capstone_interfaces/include/capstone_interfaces/msg/tb3_status.hpp
[0.296s] -- Up-to-date symlink: /home/hle/Desktop/compsci/ros/slam_capstone/install/capstone_interfaces/include/capstone_interfaces/msg/detail/tb3_status__rosidl_typesupport_introspection_cpp.hpp
[0.296s] -- Up-to-date symlink: /home/hle/Desktop/compsci/ros/slam_capstone/install/capstone_interfaces/share/capstone_interfaces/environment/pythonpath.sh
[0.296s] -- Up-to-date symlink: /home/hle/Desktop/compsci/ros/slam_capstone/install/capstone_interfaces/share/capstone_interfaces/environment/pythonpath.dsv
[0.297s] -- Up-to-date symlink: /home/hle/Desktop/compsci/ros/slam_capstone/install/capstone_interfaces/lib/python3.8/site-packages/capstone_interfaces/__init__.py
[0.297s] -- Up-to-date symlink: /home/hle/Desktop/compsci/ros/slam_capstone/install/capstone_interfaces/lib/python3.8/site-packages/capstone_interfaces/msg/__init__.py
[0.297s] -- Up-to-date symlink: /home/hle/Desktop/compsci/ros/slam_capstone/install/capstone_interfaces/lib/python3.8/site-packages/capstone_interfaces/msg/_tb3_status.py
[0.298s] -- Up-to-date symlink: /home/hle/Desktop/compsci/ros/slam_capstone/install/capstone_interfaces/lib/python3.8/site-packages/capstone_interfaces/capstone_interfaces_s__rosidl_typesupport_fastrtps_c.cpython-38-x86_64-linux-gnu.so
[0.298s] -- Up-to-date symlink: /home/hle/Desktop/compsci/ros/slam_capstone/install/capstone_interfaces/lib/python3.8/site-packages/capstone_interfaces/capstone_interfaces_s__rosidl_typesupport_introspection_c.cpython-38-x86_64-linux-gnu.so
[0.299s] -- Up-to-date symlink: /home/hle/Desktop/compsci/ros/slam_capstone/install/capstone_interfaces/lib/python3.8/site-packages/capstone_interfaces/capstone_interfaces_s__rosidl_typesupport_c.cpython-38-x86_64-linux-gnu.so
[0.299s] -- Up-to-date symlink: /home/hle/Desktop/compsci/ros/slam_capstone/install/capstone_interfaces/lib/libcapstone_interfaces__python.so
[0.299s] -- Up-to-date symlink: /home/hle/Desktop/compsci/ros/slam_capstone/install/capstone_interfaces/share/capstone_interfaces/msg/TB3Status.idl
[0.300s] -- Up-to-date symlink: /home/hle/Desktop/compsci/ros/slam_capstone/install/capstone_interfaces/share/capstone_interfaces/msg/TB3Status.msg
[0.300s] -- Up-to-date symlink: /home/hle/Desktop/compsci/ros/slam_capstone/install/capstone_interfaces/share/ament_index/resource_index/package_run_dependencies/capstone_interfaces
[0.300s] -- Up-to-date symlink: /home/hle/Desktop/compsci/ros/slam_capstone/install/capstone_interfaces/share/ament_index/resource_index/parent_prefix_path/capstone_interfaces
[0.300s] -- Up-to-date symlink: /home/hle/Desktop/compsci/ros/slam_capstone/install/capstone_interfaces/share/capstone_interfaces/environment/ament_prefix_path.sh
[0.301s] -- Up-to-date symlink: /home/hle/Desktop/compsci/ros/slam_capstone/install/capstone_interfaces/share/capstone_interfaces/environment/ament_prefix_path.dsv
[0.301s] -- Up-to-date symlink: /home/hle/Desktop/compsci/ros/slam_capstone/install/capstone_interfaces/share/capstone_interfaces/environment/path.sh
[0.301s] -- Up-to-date symlink: /home/hle/Desktop/compsci/ros/slam_capstone/install/capstone_interfaces/share/capstone_interfaces/environment/path.dsv
[0.301s] -- Up-to-date symlink: /home/hle/Desktop/compsci/ros/slam_capstone/install/capstone_interfaces/share/capstone_interfaces/local_setup.bash
[0.302s] -- Up-to-date symlink: /home/hle/Desktop/compsci/ros/slam_capstone/install/capstone_interfaces/share/capstone_interfaces/local_setup.sh
[0.302s] -- Up-to-date symlink: /home/hle/Desktop/compsci/ros/slam_capstone/install/capstone_interfaces/share/capstone_interfaces/local_setup.zsh
[0.302s] -- Up-to-date symlink: /home/hle/Desktop/compsci/ros/slam_capstone/install/capstone_interfaces/share/capstone_interfaces/local_setup.dsv
[0.302s] -- Symlinking: /home/hle/Desktop/compsci/ros/slam_capstone/install/capstone_interfaces/share/capstone_interfaces/package.dsv
[0.311s] -- Up-to-date symlink: /home/hle/Desktop/compsci/ros/slam_capstone/install/capstone_interfaces/share/ament_index/resource_index/packages/capstone_interfaces
[0.312s] -- Up-to-date symlink: /home/hle/Desktop/compsci/ros/slam_capstone/install/capstone_interfaces/share/capstone_interfaces/cmake/rosidl_cmake-extras.cmake
[0.312s] -- Up-to-date symlink: /home/hle/Desktop/compsci/ros/slam_capstone/install/capstone_interfaces/share/capstone_interfaces/cmake/ament_cmake_export_dependencies-extras.cmake
[0.312s] -- Up-to-date symlink: /home/hle/Desktop/compsci/ros/slam_capstone/install/capstone_interfaces/share/capstone_interfaces/cmake/ament_cmake_export_libraries-extras.cmake
[0.312s] -- Up-to-date symlink: /home/hle/Desktop/compsci/ros/slam_capstone/install/capstone_interfaces/share/capstone_interfaces/cmake/ament_cmake_export_targets-extras.cmake
[0.313s] -- Up-to-date symlink: /home/hle/Desktop/compsci/ros/slam_capstone/install/capstone_interfaces/share/capstone_interfaces/cmake/ament_cmake_export_include_directories-extras.cmake
[0.313s] -- Up-to-date symlink: /home/hle/Desktop/compsci/ros/slam_capstone/install/capstone_interfaces/share/capstone_interfaces/cmake/rosidl_cmake_export_typesupport_libraries-extras.cmake
[0.313s] -- Up-to-date symlink: /home/hle/Desktop/compsci/ros/slam_capstone/install/capstone_interfaces/share/capstone_interfaces/cmake/rosidl_cmake_export_typesupport_targets-extras.cmake
[0.313s] -- Up-to-date symlink: /home/hle/Desktop/compsci/ros/slam_capstone/install/capstone_interfaces/share/capstone_interfaces/cmake/capstone_interfacesConfig.cmake
[0.314s] -- Up-to-date symlink: /home/hle/Desktop/compsci/ros/slam_capstone/install/capstone_interfaces/share/capstone_interfaces/cmake/capstone_interfacesConfig-version.cmake
[0.314s] -- Up-to-date symlink: /home/hle/Desktop/compsci/ros/slam_capstone/install/capstone_interfaces/share/capstone_interfaces/package.xml
[0.314s] -- Installing: /home/hle/Desktop/compsci/ros/slam_capstone/install/capstone_interfaces/lib/libcapstone_interfaces__rosidl_generator_c.so
[0.315s] -- Set runtime path of "/home/hle/Desktop/compsci/ros/slam_capstone/install/capstone_interfaces/lib/libcapstone_interfaces__rosidl_generator_c.so" to ""
[0.315s] -- Installing: /home/hle/Desktop/compsci/ros/slam_capstone/install/capstone_interfaces/lib/libcapstone_interfaces__rosidl_typesupport_introspection_c.so
[0.316s] -- Set runtime path of "/home/hle/Desktop/compsci/ros/slam_capstone/install/capstone_interfaces/lib/libcapstone_interfaces__rosidl_typesupport_introspection_c.so" to ""
[0.316s] -- Installing: /home/hle/Desktop/compsci/ros/slam_capstone/install/capstone_interfaces/lib/libcapstone_interfaces__rosidl_typesupport_c.so
[0.316s] -- Set runtime path of "/home/hle/Desktop/compsci/ros/slam_capstone/install/capstone_interfaces/lib/libcapstone_interfaces__rosidl_typesupport_c.so" to ""
[0.317s] -- Installing: /home/hle/Desktop/compsci/ros/slam_capstone/install/capstone_interfaces/lib/libcapstone_interfaces__rosidl_typesupport_introspection_cpp.so
[0.317s] -- Set runtime path of "/home/hle/Desktop/compsci/ros/slam_capstone/install/capstone_interfaces/lib/libcapstone_interfaces__rosidl_typesupport_introspection_cpp.so" to ""
[0.317s] -- Installing: /home/hle/Desktop/compsci/ros/slam_capstone/install/capstone_interfaces/lib/libcapstone_interfaces__rosidl_typesupport_cpp.so
[0.318s] -- Set runtime path of "/home/hle/Desktop/compsci/ros/slam_capstone/install/capstone_interfaces/lib/libcapstone_interfaces__rosidl_typesupport_cpp.so" to ""
[0.358s] Compiling '/home/hle/Desktop/compsci/ros/slam_capstone/install/capstone_interfaces/lib/python3.8/site-packages/capstone_interfaces/__init__.py'...
[0.363s] -- Up-to-date: /home/hle/Desktop/compsci/ros/slam_capstone/install/capstone_interfaces/share/capstone_interfaces/cmake/capstone_interfaces__rosidl_generator_cExport.cmake
[0.363s] -- Installing: /home/hle/Desktop/compsci/ros/slam_capstone/install/capstone_interfaces/share/capstone_interfaces/cmake/capstone_interfaces__rosidl_generator_cExport-noconfig.cmake
[0.363s] -- Up-to-date: /home/hle/Desktop/compsci/ros/slam_capstone/install/capstone_interfaces/share/capstone_interfaces/cmake/capstone_interfaces__rosidl_typesupport_introspection_cExport.cmake
[0.363s] -- Installing: /home/hle/Desktop/compsci/ros/slam_capstone/install/capstone_interfaces/share/capstone_interfaces/cmake/capstone_interfaces__rosidl_typesupport_introspection_cExport-noconfig.cmake
[0.363s] -- Up-to-date: /home/hle/Desktop/compsci/ros/slam_capstone/install/capstone_interfaces/share/capstone_interfaces/cmake/capstone_interfaces__rosidl_typesupport_cExport.cmake
[0.364s] -- Installing: /home/hle/Desktop/compsci/ros/slam_capstone/install/capstone_interfaces/share/capstone_interfaces/cmake/capstone_interfaces__rosidl_typesupport_cExport-noconfig.cmake
[0.364s] -- Up-to-date: /home/hle/Desktop/compsci/ros/slam_capstone/install/capstone_interfaces/share/capstone_interfaces/cmake/capstone_interfaces__rosidl_generator_cppExport.cmake
[0.364s] -- Up-to-date: /home/hle/Desktop/compsci/ros/slam_capstone/install/capstone_interfaces/share/capstone_interfaces/cmake/capstone_interfaces__rosidl_typesupport_introspection_cppExport.cmake
[0.364s] -- Installing: /home/hle/Desktop/compsci/ros/slam_capstone/install/capstone_interfaces/share/capstone_interfaces/cmake/capstone_interfaces__rosidl_typesupport_introspection_cppExport-noconfig.cmake
[0.365s] -- Up-to-date: /home/hle/Desktop/compsci/ros/slam_capstone/install/capstone_interfaces/share/capstone_interfaces/cmake/capstone_interfaces__rosidl_typesupport_cppExport.cmake
[0.365s] -- Installing: /home/hle/Desktop/compsci/ros/slam_capstone/install/capstone_interfaces/share/capstone_interfaces/cmake/capstone_interfaces__rosidl_typesupport_cppExport-noconfig.cmake
[0.367s] Invoked command in '/home/hle/Desktop/compsci/ros/slam_capstone/build/capstone_interfaces' returned '0': CMAKE_PREFIX_PATH=${CMAKE_PREFIX_PATH}:/home/hle/Desktop/compsci/ros/ros2_ws/install/my_py_pkg:/home/hle/turtlebot3_ws/install/turtlebot3_teleop:/home/hle/turtlebot3_ws/install/turtlebot3_example:/home/hle/Desktop/compsci/ros/ir_sensor/install/ir_sensor_pkg:/home/hle/Desktop/compsci/ros/clientserver/install/clientserver_pkg:/home/hle/Desktop/compsci/ros/activity2/install/activity:/home/hle/Desktop/compsci/ros/activity4/install/packages:/home/hle/Desktop/compsci/ros/slam_capstone/install/capstone_pkg:/opt/ros/foxy /usr/bin/cmake --install /home/hle/Desktop/compsci/ros/slam_capstone/build/capstone_interfaces
