[ 37%] Built target gtest
[ 50%] Built target gtest_main
[ 75%] Built target laser_geometry
[100%] Built target projection_test
-- Install configuration: ""
-- Execute custom install script
-- Up-to-date symlink: /home/hle/Desktop/compsci/ros/slam_capstone/install/laser_geometry/share/laser_geometry/environment/library_path.sh
-- Up-to-date symlink: /home/hle/Desktop/compsci/ros/slam_capstone/install/laser_geometry/share/laser_geometry/environment/library_path.dsv
-- Up-to-date symlink: /home/hle/Desktop/compsci/ros/slam_capstone/install/laser_geometry/include/laser_geometry/laser_geometry.hpp
-- Up-to-date symlink: /home/hle/Desktop/compsci/ros/slam_capstone/install/laser_geometry/include/laser_geometry/visibility_control.hpp
-- Up-to-date symlink: /home/hle/Desktop/compsci/ros/slam_capstone/install/laser_geometry/share/ament_index/resource_index/package_run_dependencies/laser_geometry
-- Up-to-date symlink: /home/hle/Desktop/compsci/ros/slam_capstone/install/laser_geometry/share/ament_index/resource_index/parent_prefix_path/laser_geometry
-- Up-to-date symlink: /home/hle/Desktop/compsci/ros/slam_capstone/install/laser_geometry/share/laser_geometry/environment/ament_prefix_path.sh
-- Up-to-date symlink: /home/hle/Desktop/compsci/ros/slam_capstone/install/laser_geometry/share/laser_geometry/environment/ament_prefix_path.dsv
-- Up-to-date symlink: /home/hle/Desktop/compsci/ros/slam_capstone/install/laser_geometry/share/laser_geometry/environment/path.sh
-- Up-to-date symlink: /home/hle/Desktop/compsci/ros/slam_capstone/install/laser_geometry/share/laser_geometry/environment/path.dsv
-- Up-to-date symlink: /home/hle/Desktop/compsci/ros/slam_capstone/install/laser_geometry/share/laser_geometry/local_setup.bash
-- Up-to-date symlink: /home/hle/Desktop/compsci/ros/slam_capstone/install/laser_geometry/share/laser_geometry/local_setup.sh
-- Up-to-date symlink: /home/hle/Desktop/compsci/ros/slam_capstone/install/laser_geometry/share/laser_geometry/local_setup.zsh
-- Up-to-date symlink: /home/hle/Desktop/compsci/ros/slam_capstone/install/laser_geometry/share/laser_geometry/local_setup.dsv
-- Symlinking: /home/hle/Desktop/compsci/ros/slam_capstone/install/laser_geometry/share/laser_geometry/package.dsv
-- Up-to-date symlink: /home/hle/Desktop/compsci/ros/slam_capstone/install/laser_geometry/share/ament_index/resource_index/packages/laser_geometry
-- Up-to-date symlink: /home/hle/Desktop/compsci/ros/slam_capstone/install/laser_geometry/share/laser_geometry/cmake/ament_cmake_export_include_directories-extras.cmake
-- Up-to-date symlink: /home/hle/Desktop/compsci/ros/slam_capstone/install/laser_geometry/share/laser_geometry/cmake/ament_cmake_export_libraries-extras.cmake
-- Up-to-date symlink: /home/hle/Desktop/compsci/ros/slam_capstone/install/laser_geometry/share/laser_geometry/cmake/ament_cmake_export_targets-extras.cmake
-- Up-to-date symlink: /home/hle/Desktop/compsci/ros/slam_capstone/install/laser_geometry/share/laser_geometry/cmake/ament_cmake_export_dependencies-extras.cmake
-- Up-to-date symlink: /home/hle/Desktop/compsci/ros/slam_capstone/install/laser_geometry/share/laser_geometry/cmake/laser_geometryConfig.cmake
-- Up-to-date symlink: /home/hle/Desktop/compsci/ros/slam_capstone/install/laser_geometry/share/laser_geometry/cmake/laser_geometryConfig-version.cmake
-- Up-to-date symlink: /home/hle/Desktop/compsci/ros/slam_capstone/install/laser_geometry/share/laser_geometry/package.xml
-- Up-to-date: /home/hle/Desktop/compsci/ros/slam_capstone/install/laser_geometry/lib/liblaser_geometry.so
-- Up-to-date: /home/hle/Desktop/compsci/ros/slam_capstone/install/laser_geometry/share/laser_geometry/cmake/laser_geometryExport.cmake
-- Up-to-date: /home/hle/Desktop/compsci/ros/slam_capstone/install/laser_geometry/share/laser_geometry/cmake/laser_geometryExport-noconfig.cmake
