[0.141s] DEBUG:colcon:Command line arguments: ['/usr/bin/colcon', 'build', '--symlink-install']
[0.142s] DEBUG:colcon:Parsed command line arguments: Namespace(allow_overriding=[], ament_cmake_args=None, base_paths=['.'], build_base='build', catkin_cmake_args=None, catkin_skip_building_tests=False, cmake_args=None, cmake_clean_cache=False, cmake_clean_first=False, cmake_force_configure=False, cmake_target=None, cmake_target_skip_unavailable=False, continue_on_error=False, event_handlers=None, executor='parallel', ignore_user_meta=False, install_base='install', log_base=None, log_level=None, main=<bound method BuildVerb.main of <colcon_core.verb.build.BuildVerb object at 0x7fce46916430>>, merge_install=False, metas=['./colcon.meta'], packages_above=None, packages_above_and_dependencies=None, packages_above_depth=None, packages_end=None, packages_ignore=None, packages_ignore_regex=None, packages_select=None, packages_select_build_failed=False, packages_select_by_dep=None, packages_select_regex=None, packages_select_test_failures=False, packages_skip=None, packages_skip_build_finished=False, packages_skip_by_dep=None, packages_skip_regex=None, packages_skip_test_passed=False, packages_skip_up_to=None, packages_start=None, packages_up_to=None, packages_up_to_regex=None, parallel_workers=8, paths=None, symlink_install=True, test_result_base=None, verb_extension=<colcon_core.verb.build.BuildVerb object at 0x7fce46916430>, verb_name='build', verb_parser=<colcon_defaults.argument_parser.defaults.DefaultArgumentsDecorator object at 0x7fce46916970>)
[0.147s] Level 1:colcon.colcon_core.package_discovery:discover_packages(colcon_meta) check parameters
[0.147s] Level 1:colcon.colcon_core.package_discovery:discover_packages(recursive) check parameters
[0.147s] Level 1:colcon.colcon_core.package_discovery:discover_packages(ignore) check parameters
[0.147s] Level 1:colcon.colcon_core.package_discovery:discover_packages(path) check parameters
[0.148s] Level 1:colcon.colcon_core.package_discovery:discover_packages(colcon_meta) discover
[0.148s] Level 1:colcon.colcon_core.package_discovery:discover_packages(recursive) discover
[0.148s] INFO:colcon.colcon_core.package_discovery:Crawling recursively for packages in '/home/hle/Desktop/compsci/ros/slam_capstone'
[0.148s] Level 1:colcon.colcon_core.package_identification:_identify(.) by extensions ['ignore', 'ignore_ament_install']
[0.148s] Level 1:colcon.colcon_core.package_identification:_identify(.) by extension 'ignore'
[0.148s] Level 1:colcon.colcon_core.package_identification:_identify(.) by extension 'ignore_ament_install'
[0.148s] Level 1:colcon.colcon_core.package_identification:_identify(.) by extensions ['colcon_pkg']
[0.148s] Level 1:colcon.colcon_core.package_identification:_identify(.) by extension 'colcon_pkg'
[0.148s] Level 1:colcon.colcon_core.package_identification:_identify(.) by extensions ['colcon_meta']
[0.148s] Level 1:colcon.colcon_core.package_identification:_identify(.) by extension 'colcon_meta'
[0.148s] Level 1:colcon.colcon_core.package_identification:_identify(.) by extensions ['ros']
[0.148s] Level 1:colcon.colcon_core.package_identification:_identify(.) by extension 'ros'
[0.157s] Level 1:colcon.colcon_core.package_identification:_identify(.) by extensions ['cmake', 'python']
[0.157s] Level 1:colcon.colcon_core.package_identification:_identify(.) by extension 'cmake'
[0.157s] Level 1:colcon.colcon_core.package_identification:_identify(.) by extension 'python'
[0.157s] Level 1:colcon.colcon_core.package_identification:_identify(.) by extensions ['python_setup_py']
[0.157s] Level 1:colcon.colcon_core.package_identification:_identify(.) by extension 'python_setup_py'
[0.157s] Level 1:colcon.colcon_core.package_identification:_identify(build) by extensions ['ignore', 'ignore_ament_install']
[0.158s] Level 1:colcon.colcon_core.package_identification:_identify(build) by extension 'ignore'
[0.158s] Level 1:colcon.colcon_core.package_identification:_identify(build) ignored
[0.158s] Level 1:colcon.colcon_core.package_identification:_identify(install) by extensions ['ignore', 'ignore_ament_install']
[0.158s] Level 1:colcon.colcon_core.package_identification:_identify(install) by extension 'ignore'
[0.158s] Level 1:colcon.colcon_core.package_identification:_identify(install) ignored
[0.158s] Level 1:colcon.colcon_core.package_identification:_identify(log) by extensions ['ignore', 'ignore_ament_install']
[0.158s] Level 1:colcon.colcon_core.package_identification:_identify(log) by extension 'ignore'
[0.158s] Level 1:colcon.colcon_core.package_identification:_identify(log) ignored
[0.158s] Level 1:colcon.colcon_core.package_identification:_identify(src) by extensions ['ignore', 'ignore_ament_install']
[0.158s] Level 1:colcon.colcon_core.package_identification:_identify(src) by extension 'ignore'
[0.158s] Level 1:colcon.colcon_core.package_identification:_identify(src) by extension 'ignore_ament_install'
[0.158s] Level 1:colcon.colcon_core.package_identification:_identify(src) by extensions ['colcon_pkg']
[0.158s] Level 1:colcon.colcon_core.package_identification:_identify(src) by extension 'colcon_pkg'
[0.158s] Level 1:colcon.colcon_core.package_identification:_identify(src) by extensions ['colcon_meta']
[0.158s] Level 1:colcon.colcon_core.package_identification:_identify(src) by extension 'colcon_meta'
[0.158s] Level 1:colcon.colcon_core.package_identification:_identify(src) by extensions ['ros']
[0.159s] Level 1:colcon.colcon_core.package_identification:_identify(src) by extension 'ros'
[0.159s] Level 1:colcon.colcon_core.package_identification:_identify(src) by extensions ['cmake', 'python']
[0.159s] Level 1:colcon.colcon_core.package_identification:_identify(src) by extension 'cmake'
[0.159s] Level 1:colcon.colcon_core.package_identification:_identify(src) by extension 'python'
[0.159s] Level 1:colcon.colcon_core.package_identification:_identify(src) by extensions ['python_setup_py']
[0.159s] Level 1:colcon.colcon_core.package_identification:_identify(src) by extension 'python_setup_py'
[0.159s] Level 1:colcon.colcon_core.package_identification:_identify(src/capstone_bringup) by extensions ['ignore', 'ignore_ament_install']
[0.159s] Level 1:colcon.colcon_core.package_identification:_identify(src/capstone_bringup) by extension 'ignore'
[0.159s] Level 1:colcon.colcon_core.package_identification:_identify(src/capstone_bringup) by extension 'ignore_ament_install'
[0.159s] Level 1:colcon.colcon_core.package_identification:_identify(src/capstone_bringup) by extensions ['colcon_pkg']
[0.159s] Level 1:colcon.colcon_core.package_identification:_identify(src/capstone_bringup) by extension 'colcon_pkg'
[0.159s] Level 1:colcon.colcon_core.package_identification:_identify(src/capstone_bringup) by extensions ['colcon_meta']
[0.159s] Level 1:colcon.colcon_core.package_identification:_identify(src/capstone_bringup) by extension 'colcon_meta'
[0.159s] Level 1:colcon.colcon_core.package_identification:_identify(src/capstone_bringup) by extensions ['ros']
[0.159s] Level 1:colcon.colcon_core.package_identification:_identify(src/capstone_bringup) by extension 'ros'
[0.161s] DEBUG:colcon.colcon_core.package_identification:Package 'src/capstone_bringup' with type 'ros.ament_cmake' and name 'capstone_bringup'
[0.161s] Level 1:colcon.colcon_core.package_identification:_identify(src/capstone_interfaces) by extensions ['ignore', 'ignore_ament_install']
[0.162s] Level 1:colcon.colcon_core.package_identification:_identify(src/capstone_interfaces) by extension 'ignore'
[0.162s] Level 1:colcon.colcon_core.package_identification:_identify(src/capstone_interfaces) by extension 'ignore_ament_install'
[0.162s] Level 1:colcon.colcon_core.package_identification:_identify(src/capstone_interfaces) by extensions ['colcon_pkg']
[0.162s] Level 1:colcon.colcon_core.package_identification:_identify(src/capstone_interfaces) by extension 'colcon_pkg'
[0.162s] Level 1:colcon.colcon_core.package_identification:_identify(src/capstone_interfaces) by extensions ['colcon_meta']
[0.162s] Level 1:colcon.colcon_core.package_identification:_identify(src/capstone_interfaces) by extension 'colcon_meta'
[0.162s] Level 1:colcon.colcon_core.package_identification:_identify(src/capstone_interfaces) by extensions ['ros']
[0.162s] Level 1:colcon.colcon_core.package_identification:_identify(src/capstone_interfaces) by extension 'ros'
[0.162s] DEBUG:colcon.colcon_core.package_identification:Package 'src/capstone_interfaces' with type 'ros.ament_cmake' and name 'capstone_interfaces'
[0.162s] Level 1:colcon.colcon_core.package_identification:_identify(src/capstone_pkg) by extensions ['ignore', 'ignore_ament_install']
[0.163s] Level 1:colcon.colcon_core.package_identification:_identify(src/capstone_pkg) by extension 'ignore'
[0.163s] Level 1:colcon.colcon_core.package_identification:_identify(src/capstone_pkg) by extension 'ignore_ament_install'
[0.163s] Level 1:colcon.colcon_core.package_identification:_identify(src/capstone_pkg) by extensions ['colcon_pkg']
[0.163s] Level 1:colcon.colcon_core.package_identification:_identify(src/capstone_pkg) by extension 'colcon_pkg'
[0.163s] Level 1:colcon.colcon_core.package_identification:_identify(src/capstone_pkg) by extensions ['colcon_meta']
[0.163s] Level 1:colcon.colcon_core.package_identification:_identify(src/capstone_pkg) by extension 'colcon_meta'
[0.163s] Level 1:colcon.colcon_core.package_identification:_identify(src/capstone_pkg) by extensions ['ros']
[0.163s] Level 1:colcon.colcon_core.package_identification:_identify(src/capstone_pkg) by extension 'ros'
[0.164s] DEBUG:colcon.colcon_core.package_identification:Package 'src/capstone_pkg' with type 'ros.ament_python' and name 'capstone_pkg'
[0.164s] Level 1:colcon.colcon_core.package_discovery:discover_packages(recursive) using defaults
[0.164s] Level 1:colcon.colcon_core.package_discovery:discover_packages(ignore) discover
[0.164s] Level 1:colcon.colcon_core.package_discovery:discover_packages(ignore) using defaults
[0.164s] Level 1:colcon.colcon_core.package_discovery:discover_packages(path) discover
[0.164s] Level 1:colcon.colcon_core.package_discovery:discover_packages(path) using defaults
[0.181s] Level 5:colcon.colcon_core.verb:set package 'capstone_interfaces' build argument 'cmake_args' from command line to 'None'
[0.181s] Level 5:colcon.colcon_core.verb:set package 'capstone_interfaces' build argument 'cmake_target' from command line to 'None'
[0.181s] Level 5:colcon.colcon_core.verb:set package 'capstone_interfaces' build argument 'cmake_target_skip_unavailable' from command line to 'False'
[0.181s] Level 5:colcon.colcon_core.verb:set package 'capstone_interfaces' build argument 'cmake_clean_cache' from command line to 'False'
[0.181s] Level 5:colcon.colcon_core.verb:set package 'capstone_interfaces' build argument 'cmake_clean_first' from command line to 'False'
[0.181s] Level 5:colcon.colcon_core.verb:set package 'capstone_interfaces' build argument 'cmake_force_configure' from command line to 'False'
[0.181s] Level 5:colcon.colcon_core.verb:set package 'capstone_interfaces' build argument 'ament_cmake_args' from command line to 'None'
[0.181s] Level 5:colcon.colcon_core.verb:set package 'capstone_interfaces' build argument 'catkin_cmake_args' from command line to 'None'
[0.181s] Level 5:colcon.colcon_core.verb:set package 'capstone_interfaces' build argument 'catkin_skip_building_tests' from command line to 'False'
[0.181s] DEBUG:colcon.colcon_core.verb:Building package 'capstone_interfaces' with the following arguments: {'ament_cmake_args': None, 'build_base': '/home/hle/Desktop/compsci/ros/slam_capstone/build/capstone_interfaces', 'catkin_cmake_args': None, 'catkin_skip_building_tests': False, 'cmake_args': None, 'cmake_clean_cache': False, 'cmake_clean_first': False, 'cmake_force_configure': False, 'cmake_target': None, 'cmake_target_skip_unavailable': False, 'install_base': '/home/hle/Desktop/compsci/ros/slam_capstone/install/capstone_interfaces', 'merge_install': False, 'path': '/home/hle/Desktop/compsci/ros/slam_capstone/src/capstone_interfaces', 'symlink_install': True, 'test_result_base': None}
[0.182s] Level 5:colcon.colcon_core.verb:set package 'capstone_pkg' build argument 'cmake_args' from command line to 'None'
[0.182s] Level 5:colcon.colcon_core.verb:set package 'capstone_pkg' build argument 'cmake_target' from command line to 'None'
[0.182s] Level 5:colcon.colcon_core.verb:set package 'capstone_pkg' build argument 'cmake_target_skip_unavailable' from command line to 'False'
[0.182s] Level 5:colcon.colcon_core.verb:set package 'capstone_pkg' build argument 'cmake_clean_cache' from command line to 'False'
[0.182s] Level 5:colcon.colcon_core.verb:set package 'capstone_pkg' build argument 'cmake_clean_first' from command line to 'False'
[0.182s] Level 5:colcon.colcon_core.verb:set package 'capstone_pkg' build argument 'cmake_force_configure' from command line to 'False'
[0.182s] Level 5:colcon.colcon_core.verb:set package 'capstone_pkg' build argument 'ament_cmake_args' from command line to 'None'
[0.182s] Level 5:colcon.colcon_core.verb:set package 'capstone_pkg' build argument 'catkin_cmake_args' from command line to 'None'
[0.182s] Level 5:colcon.colcon_core.verb:set package 'capstone_pkg' build argument 'catkin_skip_building_tests' from command line to 'False'
[0.182s] DEBUG:colcon.colcon_core.verb:Building package 'capstone_pkg' with the following arguments: {'ament_cmake_args': None, 'build_base': '/home/hle/Desktop/compsci/ros/slam_capstone/build/capstone_pkg', 'catkin_cmake_args': None, 'catkin_skip_building_tests': False, 'cmake_args': None, 'cmake_clean_cache': False, 'cmake_clean_first': False, 'cmake_force_configure': False, 'cmake_target': None, 'cmake_target_skip_unavailable': False, 'install_base': '/home/hle/Desktop/compsci/ros/slam_capstone/install/capstone_pkg', 'merge_install': False, 'path': '/home/hle/Desktop/compsci/ros/slam_capstone/src/capstone_pkg', 'symlink_install': True, 'test_result_base': None}
[0.183s] Level 5:colcon.colcon_core.verb:set package 'capstone_bringup' build argument 'cmake_args' from command line to 'None'
[0.183s] Level 5:colcon.colcon_core.verb:set package 'capstone_bringup' build argument 'cmake_target' from command line to 'None'
[0.183s] Level 5:colcon.colcon_core.verb:set package 'capstone_bringup' build argument 'cmake_target_skip_unavailable' from command line to 'False'
[0.183s] Level 5:colcon.colcon_core.verb:set package 'capstone_bringup' build argument 'cmake_clean_cache' from command line to 'False'
[0.183s] Level 5:colcon.colcon_core.verb:set package 'capstone_bringup' build argument 'cmake_clean_first' from command line to 'False'
[0.183s] Level 5:colcon.colcon_core.verb:set package 'capstone_bringup' build argument 'cmake_force_configure' from command line to 'False'
[0.183s] Level 5:colcon.colcon_core.verb:set package 'capstone_bringup' build argument 'ament_cmake_args' from command line to 'None'
[0.183s] Level 5:colcon.colcon_core.verb:set package 'capstone_bringup' build argument 'catkin_cmake_args' from command line to 'None'
[0.183s] Level 5:colcon.colcon_core.verb:set package 'capstone_bringup' build argument 'catkin_skip_building_tests' from command line to 'False'
[0.183s] DEBUG:colcon.colcon_core.verb:Building package 'capstone_bringup' with the following arguments: {'ament_cmake_args': None, 'build_base': '/home/hle/Desktop/compsci/ros/slam_capstone/build/capstone_bringup', 'catkin_cmake_args': None, 'catkin_skip_building_tests': False, 'cmake_args': None, 'cmake_clean_cache': False, 'cmake_clean_first': False, 'cmake_force_configure': False, 'cmake_target': None, 'cmake_target_skip_unavailable': False, 'install_base': '/home/hle/Desktop/compsci/ros/slam_capstone/install/capstone_bringup', 'merge_install': False, 'path': '/home/hle/Desktop/compsci/ros/slam_capstone/src/capstone_bringup', 'symlink_install': True, 'test_result_base': None}
[0.190s] WARNING:colcon.colcon_core.verb:Some selected packages are already built in one or more underlay workspaces:
	'capstone_interfaces' is in: /home/hle/Desktop/compsci/ros/slam_capstone/install/capstone_interfaces
	'capstone_pkg' is in: /home/hle/Desktop/compsci/ros/slam_capstone/install/capstone_pkg
	'capstone_bringup' is in: /home/hle/Desktop/compsci/ros/slam_capstone/install/capstone_bringup
If a package in a merged underlay workspace is overridden and it installs headers, then all packages in the overlay must sort their include directories by workspace order. Failure to do so may result in build failures or undefined behavior at run time.
If the overridden package is used by another package in any underlay, then the overriding package in the overlay must be API and ABI compatible or undefined behavior at run time may occur.

If you understand the risks and want to override a package anyways, add the following to the command line:
	--allow-overriding capstone_bringup capstone_interfaces capstone_pkg

This may be promoted to an error in a future release of colcon-core.
[0.191s] INFO:colcon.colcon_core.executor:Executing jobs using 'parallel' executor
[0.192s] DEBUG:colcon.colcon_parallel_executor.executor.parallel:run_until_complete
[0.192s] INFO:colcon.colcon_ros.task.ament_cmake.build:Building ROS package in '/home/hle/Desktop/compsci/ros/slam_capstone/src/capstone_interfaces' with build type 'ament_cmake'
[0.193s] INFO:colcon.colcon_cmake.task.cmake.build:Building CMake package in '/home/hle/Desktop/compsci/ros/slam_capstone/src/capstone_interfaces'
[0.197s] INFO:colcon.colcon_core.plugin_system:Skipping extension 'colcon_core.shell.bat': Not used on non-Windows systems
[0.197s] INFO:colcon.colcon_core.shell:Skip shell extension 'powershell' for command environment: Not usable outside of PowerShell
[0.197s] DEBUG:colcon.colcon_core.shell:Skip shell extension 'dsv' for command environment
[0.208s] DEBUG:colcon.colcon_core.event_handler.log_command:Invoking command in '/home/hle/Desktop/compsci/ros/slam_capstone/build/capstone_interfaces': CMAKE_PREFIX_PATH=${CMAKE_PREFIX_PATH}:/home/hle/Desktop/compsci/ros/ros2_ws/install/my_py_pkg:/home/hle/turtlebot3_ws/install/turtlebot3_teleop:/home/hle/turtlebot3_ws/install/turtlebot3_example:/home/hle/Desktop/compsci/ros/ir_sensor/install/ir_sensor_pkg:/home/hle/Desktop/compsci/ros/clientserver/install/clientserver_pkg:/home/hle/Desktop/compsci/ros/activity2/install/activity:/home/hle/Desktop/compsci/ros/activity4/install/packages:/home/hle/Desktop/compsci/ros/slam_capstone/install/capstone_pkg:/opt/ros/foxy /usr/bin/cmake /home/hle/Desktop/compsci/ros/slam_capstone/src/capstone_interfaces -DAMENT_CMAKE_SYMLINK_INSTALL=1 -DCMAKE_INSTALL_PREFIX=/home/hle/Desktop/compsci/ros/slam_capstone/install/capstone_interfaces
[0.982s] DEBUG:colcon.colcon_core.event_handler.log_command:Invoked command in '/home/hle/Desktop/compsci/ros/slam_capstone/build/capstone_interfaces' returned '0': CMAKE_PREFIX_PATH=${CMAKE_PREFIX_PATH}:/home/hle/Desktop/compsci/ros/ros2_ws/install/my_py_pkg:/home/hle/turtlebot3_ws/install/turtlebot3_teleop:/home/hle/turtlebot3_ws/install/turtlebot3_example:/home/hle/Desktop/compsci/ros/ir_sensor/install/ir_sensor_pkg:/home/hle/Desktop/compsci/ros/clientserver/install/clientserver_pkg:/home/hle/Desktop/compsci/ros/activity2/install/activity:/home/hle/Desktop/compsci/ros/activity4/install/packages:/home/hle/Desktop/compsci/ros/slam_capstone/install/capstone_pkg:/opt/ros/foxy /usr/bin/cmake /home/hle/Desktop/compsci/ros/slam_capstone/src/capstone_interfaces -DAMENT_CMAKE_SYMLINK_INSTALL=1 -DCMAKE_INSTALL_PREFIX=/home/hle/Desktop/compsci/ros/slam_capstone/install/capstone_interfaces
[0.984s] DEBUG:colcon.colcon_core.event_handler.log_command:Invoking command in '/home/hle/Desktop/compsci/ros/slam_capstone/build/capstone_interfaces': CMAKE_PREFIX_PATH=${CMAKE_PREFIX_PATH}:/home/hle/Desktop/compsci/ros/ros2_ws/install/my_py_pkg:/home/hle/turtlebot3_ws/install/turtlebot3_teleop:/home/hle/turtlebot3_ws/install/turtlebot3_example:/home/hle/Desktop/compsci/ros/ir_sensor/install/ir_sensor_pkg:/home/hle/Desktop/compsci/ros/clientserver/install/clientserver_pkg:/home/hle/Desktop/compsci/ros/activity2/install/activity:/home/hle/Desktop/compsci/ros/activity4/install/packages:/home/hle/Desktop/compsci/ros/slam_capstone/install/capstone_pkg:/opt/ros/foxy /usr/bin/cmake --build /home/hle/Desktop/compsci/ros/slam_capstone/build/capstone_interfaces -- -j8 -l8
[1.199s] DEBUG:colcon.colcon_core.event_handler.log_command:Invoked command in '/home/hle/Desktop/compsci/ros/slam_capstone/build/capstone_interfaces' returned '0': CMAKE_PREFIX_PATH=${CMAKE_PREFIX_PATH}:/home/hle/Desktop/compsci/ros/ros2_ws/install/my_py_pkg:/home/hle/turtlebot3_ws/install/turtlebot3_teleop:/home/hle/turtlebot3_ws/install/turtlebot3_example:/home/hle/Desktop/compsci/ros/ir_sensor/install/ir_sensor_pkg:/home/hle/Desktop/compsci/ros/clientserver/install/clientserver_pkg:/home/hle/Desktop/compsci/ros/activity2/install/activity:/home/hle/Desktop/compsci/ros/activity4/install/packages:/home/hle/Desktop/compsci/ros/slam_capstone/install/capstone_pkg:/opt/ros/foxy /usr/bin/cmake --build /home/hle/Desktop/compsci/ros/slam_capstone/build/capstone_interfaces -- -j8 -l8
[1.258s] DEBUG:colcon.colcon_core.event_handler.log_command:Invoking command in '/home/hle/Desktop/compsci/ros/slam_capstone/build/capstone_interfaces': CMAKE_PREFIX_PATH=${CMAKE_PREFIX_PATH}:/home/hle/Desktop/compsci/ros/ros2_ws/install/my_py_pkg:/home/hle/turtlebot3_ws/install/turtlebot3_teleop:/home/hle/turtlebot3_ws/install/turtlebot3_example:/home/hle/Desktop/compsci/ros/ir_sensor/install/ir_sensor_pkg:/home/hle/Desktop/compsci/ros/clientserver/install/clientserver_pkg:/home/hle/Desktop/compsci/ros/activity2/install/activity:/home/hle/Desktop/compsci/ros/activity4/install/packages:/home/hle/Desktop/compsci/ros/slam_capstone/install/capstone_pkg:/opt/ros/foxy /usr/bin/cmake --install /home/hle/Desktop/compsci/ros/slam_capstone/build/capstone_interfaces
[1.363s] Level 1:colcon.colcon_core.environment:create_environment_scripts_only(capstone_interfaces)
[1.364s] DEBUG:colcon.colcon_core.event_handler.log_command:Invoked command in '/home/hle/Desktop/compsci/ros/slam_capstone/build/capstone_interfaces' returned '0': CMAKE_PREFIX_PATH=${CMAKE_PREFIX_PATH}:/home/hle/Desktop/compsci/ros/ros2_ws/install/my_py_pkg:/home/hle/turtlebot3_ws/install/turtlebot3_teleop:/home/hle/turtlebot3_ws/install/turtlebot3_example:/home/hle/Desktop/compsci/ros/ir_sensor/install/ir_sensor_pkg:/home/hle/Desktop/compsci/ros/clientserver/install/clientserver_pkg:/home/hle/Desktop/compsci/ros/activity2/install/activity:/home/hle/Desktop/compsci/ros/activity4/install/packages:/home/hle/Desktop/compsci/ros/slam_capstone/install/capstone_pkg:/opt/ros/foxy /usr/bin/cmake --install /home/hle/Desktop/compsci/ros/slam_capstone/build/capstone_interfaces
[1.371s] Level 1:colcon.colcon_core.environment:checking '/home/hle/Desktop/compsci/ros/slam_capstone/install/capstone_interfaces' for CMake module files
[1.372s] Level 1:colcon.colcon_core.environment:checking '/home/hle/Desktop/compsci/ros/slam_capstone/install/capstone_interfaces' for CMake config files
[1.373s] Level 1:colcon.colcon_core.shell:create_environment_hook('capstone_interfaces', 'cmake_prefix_path')
[1.374s] INFO:colcon.colcon_core.shell:Creating environment hook '/home/hle/Desktop/compsci/ros/slam_capstone/install/capstone_interfaces/share/capstone_interfaces/hook/cmake_prefix_path.ps1'
[1.375s] INFO:colcon.colcon_core.shell:Creating environment descriptor '/home/hle/Desktop/compsci/ros/slam_capstone/install/capstone_interfaces/share/capstone_interfaces/hook/cmake_prefix_path.dsv'
[1.376s] INFO:colcon.colcon_core.shell:Creating environment hook '/home/hle/Desktop/compsci/ros/slam_capstone/install/capstone_interfaces/share/capstone_interfaces/hook/cmake_prefix_path.sh'
[1.378s] Level 1:colcon.colcon_core.environment:checking '/home/hle/Desktop/compsci/ros/slam_capstone/install/capstone_interfaces/lib'
[1.378s] Level 1:colcon.colcon_core.shell:create_environment_hook('capstone_interfaces', 'ld_library_path_lib')
[1.379s] INFO:colcon.colcon_core.shell:Creating environment hook '/home/hle/Desktop/compsci/ros/slam_capstone/install/capstone_interfaces/share/capstone_interfaces/hook/ld_library_path_lib.ps1'
[1.380s] INFO:colcon.colcon_core.shell:Creating environment descriptor '/home/hle/Desktop/compsci/ros/slam_capstone/install/capstone_interfaces/share/capstone_interfaces/hook/ld_library_path_lib.dsv'
[1.380s] INFO:colcon.colcon_core.shell:Creating environment hook '/home/hle/Desktop/compsci/ros/slam_capstone/install/capstone_interfaces/share/capstone_interfaces/hook/ld_library_path_lib.sh'
[1.381s] Level 1:colcon.colcon_core.environment:checking '/home/hle/Desktop/compsci/ros/slam_capstone/install/capstone_interfaces/bin'
[1.381s] Level 1:colcon.colcon_core.environment:checking '/home/hle/Desktop/compsci/ros/slam_capstone/install/capstone_interfaces/lib/pkgconfig/capstone_interfaces.pc'
[1.381s] Level 1:colcon.colcon_core.environment:checking '/home/hle/Desktop/compsci/ros/slam_capstone/install/capstone_interfaces/lib/python3.8/site-packages'
[1.381s] Level 1:colcon.colcon_core.shell:create_environment_hook('capstone_interfaces', 'pythonpath')
[1.382s] INFO:colcon.colcon_core.shell:Creating environment hook '/home/hle/Desktop/compsci/ros/slam_capstone/install/capstone_interfaces/share/capstone_interfaces/hook/pythonpath.ps1'
[1.382s] INFO:colcon.colcon_core.shell:Creating environment descriptor '/home/hle/Desktop/compsci/ros/slam_capstone/install/capstone_interfaces/share/capstone_interfaces/hook/pythonpath.dsv'
[1.383s] INFO:colcon.colcon_core.shell:Creating environment hook '/home/hle/Desktop/compsci/ros/slam_capstone/install/capstone_interfaces/share/capstone_interfaces/hook/pythonpath.sh'
[1.384s] INFO:colcon.colcon_core.shell:Creating package script '/home/hle/Desktop/compsci/ros/slam_capstone/install/capstone_interfaces/share/capstone_interfaces/package.ps1'
[1.385s] INFO:colcon.colcon_core.shell:Creating package descriptor '/home/hle/Desktop/compsci/ros/slam_capstone/install/capstone_interfaces/share/capstone_interfaces/package.dsv'
[1.386s] INFO:colcon.colcon_core.shell:Creating package script '/home/hle/Desktop/compsci/ros/slam_capstone/install/capstone_interfaces/share/capstone_interfaces/package.sh'
[1.387s] INFO:colcon.colcon_core.shell:Creating package script '/home/hle/Desktop/compsci/ros/slam_capstone/install/capstone_interfaces/share/capstone_interfaces/package.bash'
[1.388s] INFO:colcon.colcon_core.shell:Creating package script '/home/hle/Desktop/compsci/ros/slam_capstone/install/capstone_interfaces/share/capstone_interfaces/package.zsh'
[1.389s] Level 1:colcon.colcon_core.environment:create_file_with_runtime_dependencies(/home/hle/Desktop/compsci/ros/slam_capstone/install/capstone_interfaces/share/colcon-core/packages/capstone_interfaces)
[1.442s] Level 1:colcon.colcon_core.environment:create_environment_scripts_only(capstone_interfaces)
[1.442s] Level 1:colcon.colcon_core.environment:checking '/home/hle/Desktop/compsci/ros/slam_capstone/install/capstone_interfaces' for CMake module files
[1.443s] Level 1:colcon.colcon_core.environment:checking '/home/hle/Desktop/compsci/ros/slam_capstone/install/capstone_interfaces' for CMake config files
[1.443s] Level 1:colcon.colcon_core.shell:create_environment_hook('capstone_interfaces', 'cmake_prefix_path')
[1.444s] INFO:colcon.colcon_core.shell:Creating environment hook '/home/hle/Desktop/compsci/ros/slam_capstone/install/capstone_interfaces/share/capstone_interfaces/hook/cmake_prefix_path.ps1'
[1.444s] INFO:colcon.colcon_core.shell:Creating environment descriptor '/home/hle/Desktop/compsci/ros/slam_capstone/install/capstone_interfaces/share/capstone_interfaces/hook/cmake_prefix_path.dsv'
[1.444s] INFO:colcon.colcon_core.shell:Creating environment hook '/home/hle/Desktop/compsci/ros/slam_capstone/install/capstone_interfaces/share/capstone_interfaces/hook/cmake_prefix_path.sh'
[1.445s] Level 1:colcon.colcon_core.environment:checking '/home/hle/Desktop/compsci/ros/slam_capstone/install/capstone_interfaces/lib'
[1.445s] Level 1:colcon.colcon_core.shell:create_environment_hook('capstone_interfaces', 'ld_library_path_lib')
[1.445s] INFO:colcon.colcon_core.shell:Creating environment hook '/home/hle/Desktop/compsci/ros/slam_capstone/install/capstone_interfaces/share/capstone_interfaces/hook/ld_library_path_lib.ps1'
[1.446s] INFO:colcon.colcon_core.shell:Creating environment descriptor '/home/hle/Desktop/compsci/ros/slam_capstone/install/capstone_interfaces/share/capstone_interfaces/hook/ld_library_path_lib.dsv'
[1.446s] INFO:colcon.colcon_core.shell:Creating environment hook '/home/hle/Desktop/compsci/ros/slam_capstone/install/capstone_interfaces/share/capstone_interfaces/hook/ld_library_path_lib.sh'
[1.446s] Level 1:colcon.colcon_core.environment:checking '/home/hle/Desktop/compsci/ros/slam_capstone/install/capstone_interfaces/bin'
[1.446s] Level 1:colcon.colcon_core.environment:checking '/home/hle/Desktop/compsci/ros/slam_capstone/install/capstone_interfaces/lib/pkgconfig/capstone_interfaces.pc'
[1.447s] Level 1:colcon.colcon_core.environment:checking '/home/hle/Desktop/compsci/ros/slam_capstone/install/capstone_interfaces/lib/python3.8/site-packages'
[1.447s] Level 1:colcon.colcon_core.shell:create_environment_hook('capstone_interfaces', 'pythonpath')
[1.447s] INFO:colcon.colcon_core.shell:Creating environment hook '/home/hle/Desktop/compsci/ros/slam_capstone/install/capstone_interfaces/share/capstone_interfaces/hook/pythonpath.ps1'
[1.447s] INFO:colcon.colcon_core.shell:Creating environment descriptor '/home/hle/Desktop/compsci/ros/slam_capstone/install/capstone_interfaces/share/capstone_interfaces/hook/pythonpath.dsv'
[1.448s] INFO:colcon.colcon_core.shell:Creating environment hook '/home/hle/Desktop/compsci/ros/slam_capstone/install/capstone_interfaces/share/capstone_interfaces/hook/pythonpath.sh'
[1.448s] INFO:colcon.colcon_core.shell:Creating package script '/home/hle/Desktop/compsci/ros/slam_capstone/install/capstone_interfaces/share/capstone_interfaces/package.ps1'
[1.449s] INFO:colcon.colcon_core.shell:Creating package descriptor '/home/hle/Desktop/compsci/ros/slam_capstone/install/capstone_interfaces/share/capstone_interfaces/package.dsv'
[1.450s] INFO:colcon.colcon_core.shell:Creating package script '/home/hle/Desktop/compsci/ros/slam_capstone/install/capstone_interfaces/share/capstone_interfaces/package.sh'
[1.450s] INFO:colcon.colcon_core.shell:Creating package script '/home/hle/Desktop/compsci/ros/slam_capstone/install/capstone_interfaces/share/capstone_interfaces/package.bash'
[1.450s] INFO:colcon.colcon_core.shell:Creating package script '/home/hle/Desktop/compsci/ros/slam_capstone/install/capstone_interfaces/share/capstone_interfaces/package.zsh'
[1.451s] Level 1:colcon.colcon_core.environment:create_file_with_runtime_dependencies(/home/hle/Desktop/compsci/ros/slam_capstone/install/capstone_interfaces/share/colcon-core/packages/capstone_interfaces)
[1.451s] INFO:colcon.colcon_ros.task.ament_python.build:Building ROS package in '/home/hle/Desktop/compsci/ros/slam_capstone/src/capstone_pkg' with build type 'ament_python'
[1.451s] Level 1:colcon.colcon_core.shell:create_environment_hook('capstone_pkg', 'ament_prefix_path')
[1.452s] INFO:colcon.colcon_core.shell:Creating environment hook '/home/hle/Desktop/compsci/ros/slam_capstone/install/capstone_pkg/share/capstone_pkg/hook/ament_prefix_path.ps1'
[1.453s] INFO:colcon.colcon_core.shell:Creating environment descriptor '/home/hle/Desktop/compsci/ros/slam_capstone/install/capstone_pkg/share/capstone_pkg/hook/ament_prefix_path.dsv'
[1.453s] INFO:colcon.colcon_core.shell:Creating environment hook '/home/hle/Desktop/compsci/ros/slam_capstone/install/capstone_pkg/share/capstone_pkg/hook/ament_prefix_path.sh'
[1.454s] INFO:colcon.colcon_core.shell:Skip shell extension 'powershell' for command environment: Not usable outside of PowerShell
[1.454s] DEBUG:colcon.colcon_core.shell:Skip shell extension 'dsv' for command environment
[1.694s] INFO:colcon.colcon_core.task.python.build:Building Python package in '/home/hle/Desktop/compsci/ros/slam_capstone/src/capstone_pkg'
[1.695s] INFO:colcon.colcon_core.shell:Skip shell extension 'powershell' for command environment: Not usable outside of PowerShell
[1.695s] DEBUG:colcon.colcon_core.shell:Skip shell extension 'dsv' for command environment
[2.122s] DEBUG:colcon.colcon_core.task.python.build:While undoing a previous installation files outside the Python library path are being ignored: /home/hle/Desktop/compsci/ros/slam_capstone/install/capstone_pkg/share/ament_index/resource_index/packages/capstone_pkg
[2.122s] DEBUG:colcon.colcon_core.task.python.build:While undoing a previous installation files outside the Python library path are being ignored: /home/hle/Desktop/compsci/ros/slam_capstone/install/capstone_pkg/share/capstone_pkg/package.xml
[2.122s] DEBUG:colcon.colcon_core.task.python.build:While undoing a previous installation files outside the Python library path are being ignored: /home/hle/Desktop/compsci/ros/slam_capstone/install/capstone_pkg/lib/capstone_pkg/basic_movement
[2.122s] DEBUG:colcon.colcon_core.task.python.build:While undoing a previous installation files outside the Python library path are being ignored: /home/hle/Desktop/compsci/ros/slam_capstone/install/capstone_pkg/lib/capstone_pkg/circle_around
[2.122s] DEBUG:colcon.colcon_core.task.python.build:While undoing a previous installation files outside the Python library path are being ignored: /home/hle/Desktop/compsci/ros/slam_capstone/install/capstone_pkg/lib/capstone_pkg/occupancy_grid
[2.122s] DEBUG:colcon.colcon_core.task.python.build:While undoing a previous installation files outside the Python library path are being ignored: /home/hle/Desktop/compsci/ros/slam_capstone/install/capstone_pkg/lib/capstone_pkg/stop_movement
[2.122s] DEBUG:colcon.colcon_core.task.python.build:While undoing a previous installation files outside the Python library path are being ignored: /home/hle/Desktop/compsci/ros/slam_capstone/install/capstone_pkg/lib/capstone_pkg/tb3_status
[2.125s] DEBUG:colcon.colcon_core.event_handler.log_command:Invoking command in '/home/hle/Desktop/compsci/ros/slam_capstone/build/capstone_pkg': CMAKE_PREFIX_PATH=/home/hle/Desktop/compsci/ros/slam_capstone/install/capstone_interfaces:/home/hle/Desktop/compsci/ros/ros2_ws/install/my_robot_interfaces:/home/hle/Desktop/compsci/ros/ros2_ws/install/my_cpp_pkg:/home/hle/turtlebot3_ws/install/turtlebot3:/home/hle/turtlebot3_ws/install/turtlebot3_bringup:/home/hle/turtlebot3_ws/install/turtlebot3_node:/home/hle/turtlebot3_ws/install/turtlebot3_navigation2:/home/hle/turtlebot3_ws/install/turtlebot3_msgs:/home/hle/turtlebot3_ws/install/turtlebot3_description:/home/hle/turtlebot3_ws/install/turtlebot3_cartographer:/home/hle/turtlebot3_ws/install/dynamixel_sdk_examples:/home/hle/turtlebot3_ws/install/dynamixel_sdk_custom_interfaces:/home/hle/turtlebot3_ws/install/dynamixel_sdk:/home/hle/Desktop/compsci/ros/activity2/install/activity_bringup:/home/hle/Desktop/compsci/ros/activity4/install/interfaces:/home/hle/Desktop/compsci/ros/slam_capstone/install/launch:/home/hle/Desktop/compsci/ros/slam_capstone/install/capstone_bringup LD_LIBRARY_PATH=/home/hle/Desktop/compsci/ros/slam_capstone/install/capstone_interfaces/lib:/home/hle/Desktop/compsci/ros/ros2_ws/install/my_robot_interfaces/lib:/home/hle/turtlebot3_ws/install/turtlebot3_msgs/lib:/home/hle/turtlebot3_ws/install/dynamixel_sdk_custom_interfaces/lib:/home/hle/turtlebot3_ws/install/dynamixel_sdk/lib:/home/hle/Desktop/compsci/ros/activity4/install/interfaces/lib:/usr/lib/x86_64-linux-gnu/gazebo-11/plugins:/opt/ros/foxy/opt/yaml_cpp_vendor/lib:/opt/ros/foxy/opt/rviz_ogre_vendor/lib:/opt/ros/foxy/lib/x86_64-linux-gnu:/opt/ros/foxy/lib PYTHONPATH=/home/hle/Desktop/compsci/ros/slam_capstone/install/capstone_pkg/lib/python3.8/site-packages:/home/hle/Desktop/compsci/ros/slam_capstone/install/capstone_interfaces/lib/python3.8/site-packages:/home/hle/Desktop/compsci/ros/ros2_ws/build/my_py_pkg:/home/hle/Desktop/compsci/ros/ros2_ws/install/my_py_pkg/lib/python3.8/site-packages:/home/hle/Desktop/compsci/ros/ros2_ws/install/my_robot_interfaces/lib/python3.8/site-packages:/home/hle/turtlebot3_ws/build/turtlebot3_teleop:/home/hle/turtlebot3_ws/install/turtlebot3_teleop/lib/python3.8/site-packages:/home/hle/turtlebot3_ws/build/turtlebot3_example:/home/hle/turtlebot3_ws/install/turtlebot3_example/lib/python3.8/site-packages:/home/hle/turtlebot3_ws/install/turtlebot3_msgs/lib/python3.8/site-packages:/home/hle/turtlebot3_ws/install/dynamixel_sdk_custom_interfaces/lib/python3.8/site-packages:/home/hle/Desktop/compsci/ros/ir_sensor/install/ir_sensor_pkg/lib/python3.8/site-packages:/home/hle/Desktop/compsci/ros/clientserver/build/clientserver_pkg:/home/hle/Desktop/compsci/ros/clientserver/install/clientserver_pkg/lib/python3.8/site-packages:/home/hle/Desktop/compsci/ros/activity2/build/activity:/home/hle/Desktop/compsci/ros/activity2/install/activity/lib/python3.8/site-packages:/home/hle/Desktop/compsci/ros/activity4/build/packages:/home/hle/Desktop/compsci/ros/activity4/install/packages/lib/python3.8/site-packages:/home/hle/Desktop/compsci/ros/activity4/install/interfaces/lib/python3.8/site-packages:/home/hle/Desktop/compsci/ros/slam_capstone/install/capstone_pkg/lib/python3.8/site-packages:/opt/ros/foxy/lib/python3.8/site-packages /usr/bin/python3 setup.py develop --prefix /home/hle/Desktop/compsci/ros/slam_capstone/install/capstone_pkg --editable --build-directory /home/hle/Desktop/compsci/ros/slam_capstone/build/capstone_pkg/build --no-deps install_data --install-dir /home/hle/Desktop/compsci/ros/slam_capstone/install/capstone_pkg
[2.552s] Level 1:colcon.colcon_core.shell:create_environment_hook('capstone_pkg', 'pythonpath_develop')
[2.553s] INFO:colcon.colcon_core.shell:Creating environment hook '/home/hle/Desktop/compsci/ros/slam_capstone/build/capstone_pkg/share/capstone_pkg/hook/pythonpath_develop.ps1'
[2.553s] DEBUG:colcon.colcon_core.event_handler.log_command:Invoked command in '/home/hle/Desktop/compsci/ros/slam_capstone/build/capstone_pkg' returned '0': CMAKE_PREFIX_PATH=/home/hle/Desktop/compsci/ros/slam_capstone/install/capstone_interfaces:/home/hle/Desktop/compsci/ros/ros2_ws/install/my_robot_interfaces:/home/hle/Desktop/compsci/ros/ros2_ws/install/my_cpp_pkg:/home/hle/turtlebot3_ws/install/turtlebot3:/home/hle/turtlebot3_ws/install/turtlebot3_bringup:/home/hle/turtlebot3_ws/install/turtlebot3_node:/home/hle/turtlebot3_ws/install/turtlebot3_navigation2:/home/hle/turtlebot3_ws/install/turtlebot3_msgs:/home/hle/turtlebot3_ws/install/turtlebot3_description:/home/hle/turtlebot3_ws/install/turtlebot3_cartographer:/home/hle/turtlebot3_ws/install/dynamixel_sdk_examples:/home/hle/turtlebot3_ws/install/dynamixel_sdk_custom_interfaces:/home/hle/turtlebot3_ws/install/dynamixel_sdk:/home/hle/Desktop/compsci/ros/activity2/install/activity_bringup:/home/hle/Desktop/compsci/ros/activity4/install/interfaces:/home/hle/Desktop/compsci/ros/slam_capstone/install/launch:/home/hle/Desktop/compsci/ros/slam_capstone/install/capstone_bringup LD_LIBRARY_PATH=/home/hle/Desktop/compsci/ros/slam_capstone/install/capstone_interfaces/lib:/home/hle/Desktop/compsci/ros/ros2_ws/install/my_robot_interfaces/lib:/home/hle/turtlebot3_ws/install/turtlebot3_msgs/lib:/home/hle/turtlebot3_ws/install/dynamixel_sdk_custom_interfaces/lib:/home/hle/turtlebot3_ws/install/dynamixel_sdk/lib:/home/hle/Desktop/compsci/ros/activity4/install/interfaces/lib:/usr/lib/x86_64-linux-gnu/gazebo-11/plugins:/opt/ros/foxy/opt/yaml_cpp_vendor/lib:/opt/ros/foxy/opt/rviz_ogre_vendor/lib:/opt/ros/foxy/lib/x86_64-linux-gnu:/opt/ros/foxy/lib PYTHONPATH=/home/hle/Desktop/compsci/ros/slam_capstone/install/capstone_pkg/lib/python3.8/site-packages:/home/hle/Desktop/compsci/ros/slam_capstone/install/capstone_interfaces/lib/python3.8/site-packages:/home/hle/Desktop/compsci/ros/ros2_ws/build/my_py_pkg:/home/hle/Desktop/compsci/ros/ros2_ws/install/my_py_pkg/lib/python3.8/site-packages:/home/hle/Desktop/compsci/ros/ros2_ws/install/my_robot_interfaces/lib/python3.8/site-packages:/home/hle/turtlebot3_ws/build/turtlebot3_teleop:/home/hle/turtlebot3_ws/install/turtlebot3_teleop/lib/python3.8/site-packages:/home/hle/turtlebot3_ws/build/turtlebot3_example:/home/hle/turtlebot3_ws/install/turtlebot3_example/lib/python3.8/site-packages:/home/hle/turtlebot3_ws/install/turtlebot3_msgs/lib/python3.8/site-packages:/home/hle/turtlebot3_ws/install/dynamixel_sdk_custom_interfaces/lib/python3.8/site-packages:/home/hle/Desktop/compsci/ros/ir_sensor/install/ir_sensor_pkg/lib/python3.8/site-packages:/home/hle/Desktop/compsci/ros/clientserver/build/clientserver_pkg:/home/hle/Desktop/compsci/ros/clientserver/install/clientserver_pkg/lib/python3.8/site-packages:/home/hle/Desktop/compsci/ros/activity2/build/activity:/home/hle/Desktop/compsci/ros/activity2/install/activity/lib/python3.8/site-packages:/home/hle/Desktop/compsci/ros/activity4/build/packages:/home/hle/Desktop/compsci/ros/activity4/install/packages/lib/python3.8/site-packages:/home/hle/Desktop/compsci/ros/activity4/install/interfaces/lib/python3.8/site-packages:/home/hle/Desktop/compsci/ros/slam_capstone/install/capstone_pkg/lib/python3.8/site-packages:/opt/ros/foxy/lib/python3.8/site-packages /usr/bin/python3 setup.py develop --prefix /home/hle/Desktop/compsci/ros/slam_capstone/install/capstone_pkg --editable --build-directory /home/hle/Desktop/compsci/ros/slam_capstone/build/capstone_pkg/build --no-deps install_data --install-dir /home/hle/Desktop/compsci/ros/slam_capstone/install/capstone_pkg
[2.553s] INFO:colcon.colcon_core.shell:Creating environment descriptor '/home/hle/Desktop/compsci/ros/slam_capstone/build/capstone_pkg/share/capstone_pkg/hook/pythonpath_develop.dsv'
[2.554s] INFO:colcon.colcon_core.shell:Creating environment hook '/home/hle/Desktop/compsci/ros/slam_capstone/build/capstone_pkg/share/capstone_pkg/hook/pythonpath_develop.sh'
[2.555s] Level 1:colcon.colcon_core.environment:checking '/home/hle/Desktop/compsci/ros/slam_capstone/install/capstone_pkg' for CMake module files
[2.555s] Level 1:colcon.colcon_core.environment:checking '/home/hle/Desktop/compsci/ros/slam_capstone/install/capstone_pkg' for CMake config files
[2.556s] Level 1:colcon.colcon_core.environment:checking '/home/hle/Desktop/compsci/ros/slam_capstone/install/capstone_pkg/lib'
[2.556s] Level 1:colcon.colcon_core.environment:checking '/home/hle/Desktop/compsci/ros/slam_capstone/install/capstone_pkg/bin'
[2.556s] Level 1:colcon.colcon_core.environment:checking '/home/hle/Desktop/compsci/ros/slam_capstone/install/capstone_pkg/lib/pkgconfig/capstone_pkg.pc'
[2.556s] Level 1:colcon.colcon_core.environment:checking '/home/hle/Desktop/compsci/ros/slam_capstone/install/capstone_pkg/lib/python3.8/site-packages'
[2.556s] Level 1:colcon.colcon_core.shell:create_environment_hook('capstone_pkg', 'pythonpath')
[2.556s] INFO:colcon.colcon_core.shell:Creating environment hook '/home/hle/Desktop/compsci/ros/slam_capstone/install/capstone_pkg/share/capstone_pkg/hook/pythonpath.ps1'
[2.557s] INFO:colcon.colcon_core.shell:Creating environment descriptor '/home/hle/Desktop/compsci/ros/slam_capstone/install/capstone_pkg/share/capstone_pkg/hook/pythonpath.dsv'
[2.557s] INFO:colcon.colcon_core.shell:Creating environment hook '/home/hle/Desktop/compsci/ros/slam_capstone/install/capstone_pkg/share/capstone_pkg/hook/pythonpath.sh'
[2.557s] Level 1:colcon.colcon_core.environment:create_environment_scripts_only(capstone_pkg)
[2.558s] INFO:colcon.colcon_core.shell:Creating package script '/home/hle/Desktop/compsci/ros/slam_capstone/install/capstone_pkg/share/capstone_pkg/package.ps1'
[2.558s] INFO:colcon.colcon_core.shell:Creating package descriptor '/home/hle/Desktop/compsci/ros/slam_capstone/install/capstone_pkg/share/capstone_pkg/package.dsv'
[2.559s] INFO:colcon.colcon_core.shell:Creating package script '/home/hle/Desktop/compsci/ros/slam_capstone/install/capstone_pkg/share/capstone_pkg/package.sh'
[2.559s] INFO:colcon.colcon_core.shell:Creating package script '/home/hle/Desktop/compsci/ros/slam_capstone/install/capstone_pkg/share/capstone_pkg/package.bash'
[2.560s] INFO:colcon.colcon_core.shell:Creating package script '/home/hle/Desktop/compsci/ros/slam_capstone/install/capstone_pkg/share/capstone_pkg/package.zsh'
[2.560s] Level 1:colcon.colcon_core.environment:create_file_with_runtime_dependencies(/home/hle/Desktop/compsci/ros/slam_capstone/install/capstone_pkg/share/colcon-core/packages/capstone_pkg)
[2.560s] INFO:colcon.colcon_ros.task.ament_cmake.build:Building ROS package in '/home/hle/Desktop/compsci/ros/slam_capstone/src/capstone_bringup' with build type 'ament_cmake'
[2.560s] INFO:colcon.colcon_cmake.task.cmake.build:Building CMake package in '/home/hle/Desktop/compsci/ros/slam_capstone/src/capstone_bringup'
[2.561s] INFO:colcon.colcon_core.shell:Skip shell extension 'powershell' for command environment: Not usable outside of PowerShell
[2.561s] DEBUG:colcon.colcon_core.shell:Skip shell extension 'dsv' for command environment
[2.579s] DEBUG:colcon.colcon_core.event_handler.log_command:Invoking command in '/home/hle/Desktop/compsci/ros/slam_capstone/build/capstone_bringup': AMENT_PREFIX_PATH=/home/hle/Desktop/compsci/ros/slam_capstone/install/capstone_pkg:/home/hle/Desktop/compsci/ros/ros2_ws/install/my_py_pkg:/home/hle/Desktop/compsci/ros/ros2_ws/install/my_robot_interfaces:/home/hle/turtlebot3_ws/install/turtlebot3:/home/hle/turtlebot3_ws/install/turtlebot3_teleop:/home/hle/turtlebot3_ws/install/turtlebot3_bringup:/home/hle/turtlebot3_ws/install/turtlebot3_node:/home/hle/turtlebot3_ws/install/turtlebot3_navigation2:/home/hle/turtlebot3_ws/install/turtlebot3_example:/home/hle/turtlebot3_ws/install/turtlebot3_msgs:/home/hle/turtlebot3_ws/install/turtlebot3_description:/home/hle/turtlebot3_ws/install/turtlebot3_cartographer:/home/hle/turtlebot3_ws/install/dynamixel_sdk_examples:/home/hle/turtlebot3_ws/install/dynamixel_sdk_custom_interfaces:/home/hle/turtlebot3_ws/install/dynamixel_sdk:/home/hle/Desktop/compsci/ros/ir_sensor/install/ir_sensor_pkg:/home/hle/Desktop/compsci/ros/clientserver/install/clientserver_pkg:/home/hle/Desktop/compsci/ros/activity2/install/activity_bringup:/home/hle/Desktop/compsci/ros/activity2/install/activity:/home/hle/Desktop/compsci/ros/activity4/install/packages:/home/hle/Desktop/compsci/ros/activity4/install/interfaces:/home/hle/Desktop/compsci/ros/slam_capstone/install/launch:/home/hle/Desktop/compsci/ros/slam_capstone/install/capstone_bringup:/home/hle/Desktop/compsci/ros/slam_capstone/install/capstone_interfaces:/opt/ros/foxy CMAKE_PREFIX_PATH=/home/hle/Desktop/compsci/ros/slam_capstone/install/capstone_interfaces:/home/hle/Desktop/compsci/ros/ros2_ws/install/my_robot_interfaces:/home/hle/Desktop/compsci/ros/ros2_ws/install/my_cpp_pkg:/home/hle/turtlebot3_ws/install/turtlebot3:/home/hle/turtlebot3_ws/install/turtlebot3_bringup:/home/hle/turtlebot3_ws/install/turtlebot3_node:/home/hle/turtlebot3_ws/install/turtlebot3_navigation2:/home/hle/turtlebot3_ws/install/turtlebot3_msgs:/home/hle/turtlebot3_ws/install/turtlebot3_description:/home/hle/turtlebot3_ws/install/turtlebot3_cartographer:/home/hle/turtlebot3_ws/install/dynamixel_sdk_examples:/home/hle/turtlebot3_ws/install/dynamixel_sdk_custom_interfaces:/home/hle/turtlebot3_ws/install/dynamixel_sdk:/home/hle/Desktop/compsci/ros/activity2/install/activity_bringup:/home/hle/Desktop/compsci/ros/activity4/install/interfaces:/home/hle/Desktop/compsci/ros/slam_capstone/install/launch:/home/hle/Desktop/compsci/ros/slam_capstone/install/capstone_bringup:/home/hle/Desktop/compsci/ros/ros2_ws/install/my_py_pkg:/home/hle/turtlebot3_ws/install/turtlebot3_teleop:/home/hle/turtlebot3_ws/install/turtlebot3_example:/home/hle/Desktop/compsci/ros/ir_sensor/install/ir_sensor_pkg:/home/hle/Desktop/compsci/ros/clientserver/install/clientserver_pkg:/home/hle/Desktop/compsci/ros/activity2/install/activity:/home/hle/Desktop/compsci/ros/activity4/install/packages:/home/hle/Desktop/compsci/ros/slam_capstone/install/capstone_pkg:/opt/ros/foxy LD_LIBRARY_PATH=/home/hle/Desktop/compsci/ros/slam_capstone/install/capstone_interfaces/lib:/home/hle/Desktop/compsci/ros/ros2_ws/install/my_robot_interfaces/lib:/home/hle/turtlebot3_ws/install/turtlebot3_msgs/lib:/home/hle/turtlebot3_ws/install/dynamixel_sdk_custom_interfaces/lib:/home/hle/turtlebot3_ws/install/dynamixel_sdk/lib:/home/hle/Desktop/compsci/ros/activity4/install/interfaces/lib:/usr/lib/x86_64-linux-gnu/gazebo-11/plugins:/opt/ros/foxy/opt/yaml_cpp_vendor/lib:/opt/ros/foxy/opt/rviz_ogre_vendor/lib:/opt/ros/foxy/lib/x86_64-linux-gnu:/opt/ros/foxy/lib PYTHONPATH=/home/hle/Desktop/compsci/ros/slam_capstone/build/capstone_pkg:/home/hle/Desktop/compsci/ros/slam_capstone/install/capstone_pkg/lib/python3.8/site-packages:/home/hle/Desktop/compsci/ros/slam_capstone/install/capstone_interfaces/lib/python3.8/site-packages:/home/hle/Desktop/compsci/ros/ros2_ws/build/my_py_pkg:/home/hle/Desktop/compsci/ros/ros2_ws/install/my_py_pkg/lib/python3.8/site-packages:/home/hle/Desktop/compsci/ros/ros2_ws/install/my_robot_interfaces/lib/python3.8/site-packages:/home/hle/turtlebot3_ws/build/turtlebot3_teleop:/home/hle/turtlebot3_ws/install/turtlebot3_teleop/lib/python3.8/site-packages:/home/hle/turtlebot3_ws/build/turtlebot3_example:/home/hle/turtlebot3_ws/install/turtlebot3_example/lib/python3.8/site-packages:/home/hle/turtlebot3_ws/install/turtlebot3_msgs/lib/python3.8/site-packages:/home/hle/turtlebot3_ws/install/dynamixel_sdk_custom_interfaces/lib/python3.8/site-packages:/home/hle/Desktop/compsci/ros/ir_sensor/install/ir_sensor_pkg/lib/python3.8/site-packages:/home/hle/Desktop/compsci/ros/clientserver/build/clientserver_pkg:/home/hle/Desktop/compsci/ros/clientserver/install/clientserver_pkg/lib/python3.8/site-packages:/home/hle/Desktop/compsci/ros/activity2/build/activity:/home/hle/Desktop/compsci/ros/activity2/install/activity/lib/python3.8/site-packages:/home/hle/Desktop/compsci/ros/activity4/build/packages:/home/hle/Desktop/compsci/ros/activity4/install/packages/lib/python3.8/site-packages:/home/hle/Desktop/compsci/ros/activity4/install/interfaces/lib/python3.8/site-packages:/opt/ros/foxy/lib/python3.8/site-packages /usr/bin/cmake /home/hle/Desktop/compsci/ros/slam_capstone/src/capstone_bringup -DAMENT_CMAKE_SYMLINK_INSTALL=1 -DCMAKE_INSTALL_PREFIX=/home/hle/Desktop/compsci/ros/slam_capstone/install/capstone_bringup
[2.851s] DEBUG:colcon.colcon_core.event_handler.log_command:Invoked command in '/home/hle/Desktop/compsci/ros/slam_capstone/build/capstone_bringup' returned '0': AMENT_PREFIX_PATH=/home/hle/Desktop/compsci/ros/slam_capstone/install/capstone_pkg:/home/hle/Desktop/compsci/ros/ros2_ws/install/my_py_pkg:/home/hle/Desktop/compsci/ros/ros2_ws/install/my_robot_interfaces:/home/hle/turtlebot3_ws/install/turtlebot3:/home/hle/turtlebot3_ws/install/turtlebot3_teleop:/home/hle/turtlebot3_ws/install/turtlebot3_bringup:/home/hle/turtlebot3_ws/install/turtlebot3_node:/home/hle/turtlebot3_ws/install/turtlebot3_navigation2:/home/hle/turtlebot3_ws/install/turtlebot3_example:/home/hle/turtlebot3_ws/install/turtlebot3_msgs:/home/hle/turtlebot3_ws/install/turtlebot3_description:/home/hle/turtlebot3_ws/install/turtlebot3_cartographer:/home/hle/turtlebot3_ws/install/dynamixel_sdk_examples:/home/hle/turtlebot3_ws/install/dynamixel_sdk_custom_interfaces:/home/hle/turtlebot3_ws/install/dynamixel_sdk:/home/hle/Desktop/compsci/ros/ir_sensor/install/ir_sensor_pkg:/home/hle/Desktop/compsci/ros/clientserver/install/clientserver_pkg:/home/hle/Desktop/compsci/ros/activity2/install/activity_bringup:/home/hle/Desktop/compsci/ros/activity2/install/activity:/home/hle/Desktop/compsci/ros/activity4/install/packages:/home/hle/Desktop/compsci/ros/activity4/install/interfaces:/home/hle/Desktop/compsci/ros/slam_capstone/install/launch:/home/hle/Desktop/compsci/ros/slam_capstone/install/capstone_bringup:/home/hle/Desktop/compsci/ros/slam_capstone/install/capstone_interfaces:/opt/ros/foxy CMAKE_PREFIX_PATH=/home/hle/Desktop/compsci/ros/slam_capstone/install/capstone_interfaces:/home/hle/Desktop/compsci/ros/ros2_ws/install/my_robot_interfaces:/home/hle/Desktop/compsci/ros/ros2_ws/install/my_cpp_pkg:/home/hle/turtlebot3_ws/install/turtlebot3:/home/hle/turtlebot3_ws/install/turtlebot3_bringup:/home/hle/turtlebot3_ws/install/turtlebot3_node:/home/hle/turtlebot3_ws/install/turtlebot3_navigation2:/home/hle/turtlebot3_ws/install/turtlebot3_msgs:/home/hle/turtlebot3_ws/install/turtlebot3_description:/home/hle/turtlebot3_ws/install/turtlebot3_cartographer:/home/hle/turtlebot3_ws/install/dynamixel_sdk_examples:/home/hle/turtlebot3_ws/install/dynamixel_sdk_custom_interfaces:/home/hle/turtlebot3_ws/install/dynamixel_sdk:/home/hle/Desktop/compsci/ros/activity2/install/activity_bringup:/home/hle/Desktop/compsci/ros/activity4/install/interfaces:/home/hle/Desktop/compsci/ros/slam_capstone/install/launch:/home/hle/Desktop/compsci/ros/slam_capstone/install/capstone_bringup:/home/hle/Desktop/compsci/ros/ros2_ws/install/my_py_pkg:/home/hle/turtlebot3_ws/install/turtlebot3_teleop:/home/hle/turtlebot3_ws/install/turtlebot3_example:/home/hle/Desktop/compsci/ros/ir_sensor/install/ir_sensor_pkg:/home/hle/Desktop/compsci/ros/clientserver/install/clientserver_pkg:/home/hle/Desktop/compsci/ros/activity2/install/activity:/home/hle/Desktop/compsci/ros/activity4/install/packages:/home/hle/Desktop/compsci/ros/slam_capstone/install/capstone_pkg:/opt/ros/foxy LD_LIBRARY_PATH=/home/hle/Desktop/compsci/ros/slam_capstone/install/capstone_interfaces/lib:/home/hle/Desktop/compsci/ros/ros2_ws/install/my_robot_interfaces/lib:/home/hle/turtlebot3_ws/install/turtlebot3_msgs/lib:/home/hle/turtlebot3_ws/install/dynamixel_sdk_custom_interfaces/lib:/home/hle/turtlebot3_ws/install/dynamixel_sdk/lib:/home/hle/Desktop/compsci/ros/activity4/install/interfaces/lib:/usr/lib/x86_64-linux-gnu/gazebo-11/plugins:/opt/ros/foxy/opt/yaml_cpp_vendor/lib:/opt/ros/foxy/opt/rviz_ogre_vendor/lib:/opt/ros/foxy/lib/x86_64-linux-gnu:/opt/ros/foxy/lib PYTHONPATH=/home/hle/Desktop/compsci/ros/slam_capstone/build/capstone_pkg:/home/hle/Desktop/compsci/ros/slam_capstone/install/capstone_pkg/lib/python3.8/site-packages:/home/hle/Desktop/compsci/ros/slam_capstone/install/capstone_interfaces/lib/python3.8/site-packages:/home/hle/Desktop/compsci/ros/ros2_ws/build/my_py_pkg:/home/hle/Desktop/compsci/ros/ros2_ws/install/my_py_pkg/lib/python3.8/site-packages:/home/hle/Desktop/compsci/ros/ros2_ws/install/my_robot_interfaces/lib/python3.8/site-packages:/home/hle/turtlebot3_ws/build/turtlebot3_teleop:/home/hle/turtlebot3_ws/install/turtlebot3_teleop/lib/python3.8/site-packages:/home/hle/turtlebot3_ws/build/turtlebot3_example:/home/hle/turtlebot3_ws/install/turtlebot3_example/lib/python3.8/site-packages:/home/hle/turtlebot3_ws/install/turtlebot3_msgs/lib/python3.8/site-packages:/home/hle/turtlebot3_ws/install/dynamixel_sdk_custom_interfaces/lib/python3.8/site-packages:/home/hle/Desktop/compsci/ros/ir_sensor/install/ir_sensor_pkg/lib/python3.8/site-packages:/home/hle/Desktop/compsci/ros/clientserver/build/clientserver_pkg:/home/hle/Desktop/compsci/ros/clientserver/install/clientserver_pkg/lib/python3.8/site-packages:/home/hle/Desktop/compsci/ros/activity2/build/activity:/home/hle/Desktop/compsci/ros/activity2/install/activity/lib/python3.8/site-packages:/home/hle/Desktop/compsci/ros/activity4/build/packages:/home/hle/Desktop/compsci/ros/activity4/install/packages/lib/python3.8/site-packages:/home/hle/Desktop/compsci/ros/activity4/install/interfaces/lib/python3.8/site-packages:/opt/ros/foxy/lib/python3.8/site-packages /usr/bin/cmake /home/hle/Desktop/compsci/ros/slam_capstone/src/capstone_bringup -DAMENT_CMAKE_SYMLINK_INSTALL=1 -DCMAKE_INSTALL_PREFIX=/home/hle/Desktop/compsci/ros/slam_capstone/install/capstone_bringup
[2.853s] DEBUG:colcon.colcon_core.event_handler.log_command:Invoking command in '/home/hle/Desktop/compsci/ros/slam_capstone/build/capstone_bringup': AMENT_PREFIX_PATH=/home/hle/Desktop/compsci/ros/slam_capstone/install/capstone_pkg:/home/hle/Desktop/compsci/ros/ros2_ws/install/my_py_pkg:/home/hle/Desktop/compsci/ros/ros2_ws/install/my_robot_interfaces:/home/hle/turtlebot3_ws/install/turtlebot3:/home/hle/turtlebot3_ws/install/turtlebot3_teleop:/home/hle/turtlebot3_ws/install/turtlebot3_bringup:/home/hle/turtlebot3_ws/install/turtlebot3_node:/home/hle/turtlebot3_ws/install/turtlebot3_navigation2:/home/hle/turtlebot3_ws/install/turtlebot3_example:/home/hle/turtlebot3_ws/install/turtlebot3_msgs:/home/hle/turtlebot3_ws/install/turtlebot3_description:/home/hle/turtlebot3_ws/install/turtlebot3_cartographer:/home/hle/turtlebot3_ws/install/dynamixel_sdk_examples:/home/hle/turtlebot3_ws/install/dynamixel_sdk_custom_interfaces:/home/hle/turtlebot3_ws/install/dynamixel_sdk:/home/hle/Desktop/compsci/ros/ir_sensor/install/ir_sensor_pkg:/home/hle/Desktop/compsci/ros/clientserver/install/clientserver_pkg:/home/hle/Desktop/compsci/ros/activity2/install/activity_bringup:/home/hle/Desktop/compsci/ros/activity2/install/activity:/home/hle/Desktop/compsci/ros/activity4/install/packages:/home/hle/Desktop/compsci/ros/activity4/install/interfaces:/home/hle/Desktop/compsci/ros/slam_capstone/install/launch:/home/hle/Desktop/compsci/ros/slam_capstone/install/capstone_bringup:/home/hle/Desktop/compsci/ros/slam_capstone/install/capstone_interfaces:/opt/ros/foxy CMAKE_PREFIX_PATH=/home/hle/Desktop/compsci/ros/slam_capstone/install/capstone_interfaces:/home/hle/Desktop/compsci/ros/ros2_ws/install/my_robot_interfaces:/home/hle/Desktop/compsci/ros/ros2_ws/install/my_cpp_pkg:/home/hle/turtlebot3_ws/install/turtlebot3:/home/hle/turtlebot3_ws/install/turtlebot3_bringup:/home/hle/turtlebot3_ws/install/turtlebot3_node:/home/hle/turtlebot3_ws/install/turtlebot3_navigation2:/home/hle/turtlebot3_ws/install/turtlebot3_msgs:/home/hle/turtlebot3_ws/install/turtlebot3_description:/home/hle/turtlebot3_ws/install/turtlebot3_cartographer:/home/hle/turtlebot3_ws/install/dynamixel_sdk_examples:/home/hle/turtlebot3_ws/install/dynamixel_sdk_custom_interfaces:/home/hle/turtlebot3_ws/install/dynamixel_sdk:/home/hle/Desktop/compsci/ros/activity2/install/activity_bringup:/home/hle/Desktop/compsci/ros/activity4/install/interfaces:/home/hle/Desktop/compsci/ros/slam_capstone/install/launch:/home/hle/Desktop/compsci/ros/slam_capstone/install/capstone_bringup:/home/hle/Desktop/compsci/ros/ros2_ws/install/my_py_pkg:/home/hle/turtlebot3_ws/install/turtlebot3_teleop:/home/hle/turtlebot3_ws/install/turtlebot3_example:/home/hle/Desktop/compsci/ros/ir_sensor/install/ir_sensor_pkg:/home/hle/Desktop/compsci/ros/clientserver/install/clientserver_pkg:/home/hle/Desktop/compsci/ros/activity2/install/activity:/home/hle/Desktop/compsci/ros/activity4/install/packages:/home/hle/Desktop/compsci/ros/slam_capstone/install/capstone_pkg:/opt/ros/foxy LD_LIBRARY_PATH=/home/hle/Desktop/compsci/ros/slam_capstone/install/capstone_interfaces/lib:/home/hle/Desktop/compsci/ros/ros2_ws/install/my_robot_interfaces/lib:/home/hle/turtlebot3_ws/install/turtlebot3_msgs/lib:/home/hle/turtlebot3_ws/install/dynamixel_sdk_custom_interfaces/lib:/home/hle/turtlebot3_ws/install/dynamixel_sdk/lib:/home/hle/Desktop/compsci/ros/activity4/install/interfaces/lib:/usr/lib/x86_64-linux-gnu/gazebo-11/plugins:/opt/ros/foxy/opt/yaml_cpp_vendor/lib:/opt/ros/foxy/opt/rviz_ogre_vendor/lib:/opt/ros/foxy/lib/x86_64-linux-gnu:/opt/ros/foxy/lib PYTHONPATH=/home/hle/Desktop/compsci/ros/slam_capstone/build/capstone_pkg:/home/hle/Desktop/compsci/ros/slam_capstone/install/capstone_pkg/lib/python3.8/site-packages:/home/hle/Desktop/compsci/ros/slam_capstone/install/capstone_interfaces/lib/python3.8/site-packages:/home/hle/Desktop/compsci/ros/ros2_ws/build/my_py_pkg:/home/hle/Desktop/compsci/ros/ros2_ws/install/my_py_pkg/lib/python3.8/site-packages:/home/hle/Desktop/compsci/ros/ros2_ws/install/my_robot_interfaces/lib/python3.8/site-packages:/home/hle/turtlebot3_ws/build/turtlebot3_teleop:/home/hle/turtlebot3_ws/install/turtlebot3_teleop/lib/python3.8/site-packages:/home/hle/turtlebot3_ws/build/turtlebot3_example:/home/hle/turtlebot3_ws/install/turtlebot3_example/lib/python3.8/site-packages:/home/hle/turtlebot3_ws/install/turtlebot3_msgs/lib/python3.8/site-packages:/home/hle/turtlebot3_ws/install/dynamixel_sdk_custom_interfaces/lib/python3.8/site-packages:/home/hle/Desktop/compsci/ros/ir_sensor/install/ir_sensor_pkg/lib/python3.8/site-packages:/home/hle/Desktop/compsci/ros/clientserver/build/clientserver_pkg:/home/hle/Desktop/compsci/ros/clientserver/install/clientserver_pkg/lib/python3.8/site-packages:/home/hle/Desktop/compsci/ros/activity2/build/activity:/home/hle/Desktop/compsci/ros/activity2/install/activity/lib/python3.8/site-packages:/home/hle/Desktop/compsci/ros/activity4/build/packages:/home/hle/Desktop/compsci/ros/activity4/install/packages/lib/python3.8/site-packages:/home/hle/Desktop/compsci/ros/activity4/install/interfaces/lib/python3.8/site-packages:/opt/ros/foxy/lib/python3.8/site-packages /usr/bin/cmake --build /home/hle/Desktop/compsci/ros/slam_capstone/build/capstone_bringup -- -j8 -l8
[2.883s] DEBUG:colcon.colcon_core.event_handler.log_command:Invoked command in '/home/hle/Desktop/compsci/ros/slam_capstone/build/capstone_bringup' returned '0': AMENT_PREFIX_PATH=/home/hle/Desktop/compsci/ros/slam_capstone/install/capstone_pkg:/home/hle/Desktop/compsci/ros/ros2_ws/install/my_py_pkg:/home/hle/Desktop/compsci/ros/ros2_ws/install/my_robot_interfaces:/home/hle/turtlebot3_ws/install/turtlebot3:/home/hle/turtlebot3_ws/install/turtlebot3_teleop:/home/hle/turtlebot3_ws/install/turtlebot3_bringup:/home/hle/turtlebot3_ws/install/turtlebot3_node:/home/hle/turtlebot3_ws/install/turtlebot3_navigation2:/home/hle/turtlebot3_ws/install/turtlebot3_example:/home/hle/turtlebot3_ws/install/turtlebot3_msgs:/home/hle/turtlebot3_ws/install/turtlebot3_description:/home/hle/turtlebot3_ws/install/turtlebot3_cartographer:/home/hle/turtlebot3_ws/install/dynamixel_sdk_examples:/home/hle/turtlebot3_ws/install/dynamixel_sdk_custom_interfaces:/home/hle/turtlebot3_ws/install/dynamixel_sdk:/home/hle/Desktop/compsci/ros/ir_sensor/install/ir_sensor_pkg:/home/hle/Desktop/compsci/ros/clientserver/install/clientserver_pkg:/home/hle/Desktop/compsci/ros/activity2/install/activity_bringup:/home/hle/Desktop/compsci/ros/activity2/install/activity:/home/hle/Desktop/compsci/ros/activity4/install/packages:/home/hle/Desktop/compsci/ros/activity4/install/interfaces:/home/hle/Desktop/compsci/ros/slam_capstone/install/launch:/home/hle/Desktop/compsci/ros/slam_capstone/install/capstone_bringup:/home/hle/Desktop/compsci/ros/slam_capstone/install/capstone_interfaces:/opt/ros/foxy CMAKE_PREFIX_PATH=/home/hle/Desktop/compsci/ros/slam_capstone/install/capstone_interfaces:/home/hle/Desktop/compsci/ros/ros2_ws/install/my_robot_interfaces:/home/hle/Desktop/compsci/ros/ros2_ws/install/my_cpp_pkg:/home/hle/turtlebot3_ws/install/turtlebot3:/home/hle/turtlebot3_ws/install/turtlebot3_bringup:/home/hle/turtlebot3_ws/install/turtlebot3_node:/home/hle/turtlebot3_ws/install/turtlebot3_navigation2:/home/hle/turtlebot3_ws/install/turtlebot3_msgs:/home/hle/turtlebot3_ws/install/turtlebot3_description:/home/hle/turtlebot3_ws/install/turtlebot3_cartographer:/home/hle/turtlebot3_ws/install/dynamixel_sdk_examples:/home/hle/turtlebot3_ws/install/dynamixel_sdk_custom_interfaces:/home/hle/turtlebot3_ws/install/dynamixel_sdk:/home/hle/Desktop/compsci/ros/activity2/install/activity_bringup:/home/hle/Desktop/compsci/ros/activity4/install/interfaces:/home/hle/Desktop/compsci/ros/slam_capstone/install/launch:/home/hle/Desktop/compsci/ros/slam_capstone/install/capstone_bringup:/home/hle/Desktop/compsci/ros/ros2_ws/install/my_py_pkg:/home/hle/turtlebot3_ws/install/turtlebot3_teleop:/home/hle/turtlebot3_ws/install/turtlebot3_example:/home/hle/Desktop/compsci/ros/ir_sensor/install/ir_sensor_pkg:/home/hle/Desktop/compsci/ros/clientserver/install/clientserver_pkg:/home/hle/Desktop/compsci/ros/activity2/install/activity:/home/hle/Desktop/compsci/ros/activity4/install/packages:/home/hle/Desktop/compsci/ros/slam_capstone/install/capstone_pkg:/opt/ros/foxy LD_LIBRARY_PATH=/home/hle/Desktop/compsci/ros/slam_capstone/install/capstone_interfaces/lib:/home/hle/Desktop/compsci/ros/ros2_ws/install/my_robot_interfaces/lib:/home/hle/turtlebot3_ws/install/turtlebot3_msgs/lib:/home/hle/turtlebot3_ws/install/dynamixel_sdk_custom_interfaces/lib:/home/hle/turtlebot3_ws/install/dynamixel_sdk/lib:/home/hle/Desktop/compsci/ros/activity4/install/interfaces/lib:/usr/lib/x86_64-linux-gnu/gazebo-11/plugins:/opt/ros/foxy/opt/yaml_cpp_vendor/lib:/opt/ros/foxy/opt/rviz_ogre_vendor/lib:/opt/ros/foxy/lib/x86_64-linux-gnu:/opt/ros/foxy/lib PYTHONPATH=/home/hle/Desktop/compsci/ros/slam_capstone/build/capstone_pkg:/home/hle/Desktop/compsci/ros/slam_capstone/install/capstone_pkg/lib/python3.8/site-packages:/home/hle/Desktop/compsci/ros/slam_capstone/install/capstone_interfaces/lib/python3.8/site-packages:/home/hle/Desktop/compsci/ros/ros2_ws/build/my_py_pkg:/home/hle/Desktop/compsci/ros/ros2_ws/install/my_py_pkg/lib/python3.8/site-packages:/home/hle/Desktop/compsci/ros/ros2_ws/install/my_robot_interfaces/lib/python3.8/site-packages:/home/hle/turtlebot3_ws/build/turtlebot3_teleop:/home/hle/turtlebot3_ws/install/turtlebot3_teleop/lib/python3.8/site-packages:/home/hle/turtlebot3_ws/build/turtlebot3_example:/home/hle/turtlebot3_ws/install/turtlebot3_example/lib/python3.8/site-packages:/home/hle/turtlebot3_ws/install/turtlebot3_msgs/lib/python3.8/site-packages:/home/hle/turtlebot3_ws/install/dynamixel_sdk_custom_interfaces/lib/python3.8/site-packages:/home/hle/Desktop/compsci/ros/ir_sensor/install/ir_sensor_pkg/lib/python3.8/site-packages:/home/hle/Desktop/compsci/ros/clientserver/build/clientserver_pkg:/home/hle/Desktop/compsci/ros/clientserver/install/clientserver_pkg/lib/python3.8/site-packages:/home/hle/Desktop/compsci/ros/activity2/build/activity:/home/hle/Desktop/compsci/ros/activity2/install/activity/lib/python3.8/site-packages:/home/hle/Desktop/compsci/ros/activity4/build/packages:/home/hle/Desktop/compsci/ros/activity4/install/packages/lib/python3.8/site-packages:/home/hle/Desktop/compsci/ros/activity4/install/interfaces/lib/python3.8/site-packages:/opt/ros/foxy/lib/python3.8/site-packages /usr/bin/cmake --build /home/hle/Desktop/compsci/ros/slam_capstone/build/capstone_bringup -- -j8 -l8
[2.901s] DEBUG:colcon.colcon_core.event_handler.log_command:Invoking command in '/home/hle/Desktop/compsci/ros/slam_capstone/build/capstone_bringup': AMENT_PREFIX_PATH=/home/hle/Desktop/compsci/ros/slam_capstone/install/capstone_pkg:/home/hle/Desktop/compsci/ros/ros2_ws/install/my_py_pkg:/home/hle/Desktop/compsci/ros/ros2_ws/install/my_robot_interfaces:/home/hle/turtlebot3_ws/install/turtlebot3:/home/hle/turtlebot3_ws/install/turtlebot3_teleop:/home/hle/turtlebot3_ws/install/turtlebot3_bringup:/home/hle/turtlebot3_ws/install/turtlebot3_node:/home/hle/turtlebot3_ws/install/turtlebot3_navigation2:/home/hle/turtlebot3_ws/install/turtlebot3_example:/home/hle/turtlebot3_ws/install/turtlebot3_msgs:/home/hle/turtlebot3_ws/install/turtlebot3_description:/home/hle/turtlebot3_ws/install/turtlebot3_cartographer:/home/hle/turtlebot3_ws/install/dynamixel_sdk_examples:/home/hle/turtlebot3_ws/install/dynamixel_sdk_custom_interfaces:/home/hle/turtlebot3_ws/install/dynamixel_sdk:/home/hle/Desktop/compsci/ros/ir_sensor/install/ir_sensor_pkg:/home/hle/Desktop/compsci/ros/clientserver/install/clientserver_pkg:/home/hle/Desktop/compsci/ros/activity2/install/activity_bringup:/home/hle/Desktop/compsci/ros/activity2/install/activity:/home/hle/Desktop/compsci/ros/activity4/install/packages:/home/hle/Desktop/compsci/ros/activity4/install/interfaces:/home/hle/Desktop/compsci/ros/slam_capstone/install/launch:/home/hle/Desktop/compsci/ros/slam_capstone/install/capstone_bringup:/home/hle/Desktop/compsci/ros/slam_capstone/install/capstone_interfaces:/opt/ros/foxy CMAKE_PREFIX_PATH=/home/hle/Desktop/compsci/ros/slam_capstone/install/capstone_interfaces:/home/hle/Desktop/compsci/ros/ros2_ws/install/my_robot_interfaces:/home/hle/Desktop/compsci/ros/ros2_ws/install/my_cpp_pkg:/home/hle/turtlebot3_ws/install/turtlebot3:/home/hle/turtlebot3_ws/install/turtlebot3_bringup:/home/hle/turtlebot3_ws/install/turtlebot3_node:/home/hle/turtlebot3_ws/install/turtlebot3_navigation2:/home/hle/turtlebot3_ws/install/turtlebot3_msgs:/home/hle/turtlebot3_ws/install/turtlebot3_description:/home/hle/turtlebot3_ws/install/turtlebot3_cartographer:/home/hle/turtlebot3_ws/install/dynamixel_sdk_examples:/home/hle/turtlebot3_ws/install/dynamixel_sdk_custom_interfaces:/home/hle/turtlebot3_ws/install/dynamixel_sdk:/home/hle/Desktop/compsci/ros/activity2/install/activity_bringup:/home/hle/Desktop/compsci/ros/activity4/install/interfaces:/home/hle/Desktop/compsci/ros/slam_capstone/install/launch:/home/hle/Desktop/compsci/ros/slam_capstone/install/capstone_bringup:/home/hle/Desktop/compsci/ros/ros2_ws/install/my_py_pkg:/home/hle/turtlebot3_ws/install/turtlebot3_teleop:/home/hle/turtlebot3_ws/install/turtlebot3_example:/home/hle/Desktop/compsci/ros/ir_sensor/install/ir_sensor_pkg:/home/hle/Desktop/compsci/ros/clientserver/install/clientserver_pkg:/home/hle/Desktop/compsci/ros/activity2/install/activity:/home/hle/Desktop/compsci/ros/activity4/install/packages:/home/hle/Desktop/compsci/ros/slam_capstone/install/capstone_pkg:/opt/ros/foxy LD_LIBRARY_PATH=/home/hle/Desktop/compsci/ros/slam_capstone/install/capstone_interfaces/lib:/home/hle/Desktop/compsci/ros/ros2_ws/install/my_robot_interfaces/lib:/home/hle/turtlebot3_ws/install/turtlebot3_msgs/lib:/home/hle/turtlebot3_ws/install/dynamixel_sdk_custom_interfaces/lib:/home/hle/turtlebot3_ws/install/dynamixel_sdk/lib:/home/hle/Desktop/compsci/ros/activity4/install/interfaces/lib:/usr/lib/x86_64-linux-gnu/gazebo-11/plugins:/opt/ros/foxy/opt/yaml_cpp_vendor/lib:/opt/ros/foxy/opt/rviz_ogre_vendor/lib:/opt/ros/foxy/lib/x86_64-linux-gnu:/opt/ros/foxy/lib PYTHONPATH=/home/hle/Desktop/compsci/ros/slam_capstone/build/capstone_pkg:/home/hle/Desktop/compsci/ros/slam_capstone/install/capstone_pkg/lib/python3.8/site-packages:/home/hle/Desktop/compsci/ros/slam_capstone/install/capstone_interfaces/lib/python3.8/site-packages:/home/hle/Desktop/compsci/ros/ros2_ws/build/my_py_pkg:/home/hle/Desktop/compsci/ros/ros2_ws/install/my_py_pkg/lib/python3.8/site-packages:/home/hle/Desktop/compsci/ros/ros2_ws/install/my_robot_interfaces/lib/python3.8/site-packages:/home/hle/turtlebot3_ws/build/turtlebot3_teleop:/home/hle/turtlebot3_ws/install/turtlebot3_teleop/lib/python3.8/site-packages:/home/hle/turtlebot3_ws/build/turtlebot3_example:/home/hle/turtlebot3_ws/install/turtlebot3_example/lib/python3.8/site-packages:/home/hle/turtlebot3_ws/install/turtlebot3_msgs/lib/python3.8/site-packages:/home/hle/turtlebot3_ws/install/dynamixel_sdk_custom_interfaces/lib/python3.8/site-packages:/home/hle/Desktop/compsci/ros/ir_sensor/install/ir_sensor_pkg/lib/python3.8/site-packages:/home/hle/Desktop/compsci/ros/clientserver/build/clientserver_pkg:/home/hle/Desktop/compsci/ros/clientserver/install/clientserver_pkg/lib/python3.8/site-packages:/home/hle/Desktop/compsci/ros/activity2/build/activity:/home/hle/Desktop/compsci/ros/activity2/install/activity/lib/python3.8/site-packages:/home/hle/Desktop/compsci/ros/activity4/build/packages:/home/hle/Desktop/compsci/ros/activity4/install/packages/lib/python3.8/site-packages:/home/hle/Desktop/compsci/ros/activity4/install/interfaces/lib/python3.8/site-packages:/opt/ros/foxy/lib/python3.8/site-packages /usr/bin/cmake --install /home/hle/Desktop/compsci/ros/slam_capstone/build/capstone_bringup
[2.922s] Level 1:colcon.colcon_core.environment:create_environment_scripts_only(capstone_bringup)
[2.923s] Level 1:colcon.colcon_core.environment:checking '/home/hle/Desktop/compsci/ros/slam_capstone/install/capstone_bringup' for CMake module files
[2.923s] DEBUG:colcon.colcon_core.event_handler.log_command:Invoked command in '/home/hle/Desktop/compsci/ros/slam_capstone/build/capstone_bringup' returned '0': AMENT_PREFIX_PATH=/home/hle/Desktop/compsci/ros/slam_capstone/install/capstone_pkg:/home/hle/Desktop/compsci/ros/ros2_ws/install/my_py_pkg:/home/hle/Desktop/compsci/ros/ros2_ws/install/my_robot_interfaces:/home/hle/turtlebot3_ws/install/turtlebot3:/home/hle/turtlebot3_ws/install/turtlebot3_teleop:/home/hle/turtlebot3_ws/install/turtlebot3_bringup:/home/hle/turtlebot3_ws/install/turtlebot3_node:/home/hle/turtlebot3_ws/install/turtlebot3_navigation2:/home/hle/turtlebot3_ws/install/turtlebot3_example:/home/hle/turtlebot3_ws/install/turtlebot3_msgs:/home/hle/turtlebot3_ws/install/turtlebot3_description:/home/hle/turtlebot3_ws/install/turtlebot3_cartographer:/home/hle/turtlebot3_ws/install/dynamixel_sdk_examples:/home/hle/turtlebot3_ws/install/dynamixel_sdk_custom_interfaces:/home/hle/turtlebot3_ws/install/dynamixel_sdk:/home/hle/Desktop/compsci/ros/ir_sensor/install/ir_sensor_pkg:/home/hle/Desktop/compsci/ros/clientserver/install/clientserver_pkg:/home/hle/Desktop/compsci/ros/activity2/install/activity_bringup:/home/hle/Desktop/compsci/ros/activity2/install/activity:/home/hle/Desktop/compsci/ros/activity4/install/packages:/home/hle/Desktop/compsci/ros/activity4/install/interfaces:/home/hle/Desktop/compsci/ros/slam_capstone/install/launch:/home/hle/Desktop/compsci/ros/slam_capstone/install/capstone_bringup:/home/hle/Desktop/compsci/ros/slam_capstone/install/capstone_interfaces:/opt/ros/foxy CMAKE_PREFIX_PATH=/home/hle/Desktop/compsci/ros/slam_capstone/install/capstone_interfaces:/home/hle/Desktop/compsci/ros/ros2_ws/install/my_robot_interfaces:/home/hle/Desktop/compsci/ros/ros2_ws/install/my_cpp_pkg:/home/hle/turtlebot3_ws/install/turtlebot3:/home/hle/turtlebot3_ws/install/turtlebot3_bringup:/home/hle/turtlebot3_ws/install/turtlebot3_node:/home/hle/turtlebot3_ws/install/turtlebot3_navigation2:/home/hle/turtlebot3_ws/install/turtlebot3_msgs:/home/hle/turtlebot3_ws/install/turtlebot3_description:/home/hle/turtlebot3_ws/install/turtlebot3_cartographer:/home/hle/turtlebot3_ws/install/dynamixel_sdk_examples:/home/hle/turtlebot3_ws/install/dynamixel_sdk_custom_interfaces:/home/hle/turtlebot3_ws/install/dynamixel_sdk:/home/hle/Desktop/compsci/ros/activity2/install/activity_bringup:/home/hle/Desktop/compsci/ros/activity4/install/interfaces:/home/hle/Desktop/compsci/ros/slam_capstone/install/launch:/home/hle/Desktop/compsci/ros/slam_capstone/install/capstone_bringup:/home/hle/Desktop/compsci/ros/ros2_ws/install/my_py_pkg:/home/hle/turtlebot3_ws/install/turtlebot3_teleop:/home/hle/turtlebot3_ws/install/turtlebot3_example:/home/hle/Desktop/compsci/ros/ir_sensor/install/ir_sensor_pkg:/home/hle/Desktop/compsci/ros/clientserver/install/clientserver_pkg:/home/hle/Desktop/compsci/ros/activity2/install/activity:/home/hle/Desktop/compsci/ros/activity4/install/packages:/home/hle/Desktop/compsci/ros/slam_capstone/install/capstone_pkg:/opt/ros/foxy LD_LIBRARY_PATH=/home/hle/Desktop/compsci/ros/slam_capstone/install/capstone_interfaces/lib:/home/hle/Desktop/compsci/ros/ros2_ws/install/my_robot_interfaces/lib:/home/hle/turtlebot3_ws/install/turtlebot3_msgs/lib:/home/hle/turtlebot3_ws/install/dynamixel_sdk_custom_interfaces/lib:/home/hle/turtlebot3_ws/install/dynamixel_sdk/lib:/home/hle/Desktop/compsci/ros/activity4/install/interfaces/lib:/usr/lib/x86_64-linux-gnu/gazebo-11/plugins:/opt/ros/foxy/opt/yaml_cpp_vendor/lib:/opt/ros/foxy/opt/rviz_ogre_vendor/lib:/opt/ros/foxy/lib/x86_64-linux-gnu:/opt/ros/foxy/lib PYTHONPATH=/home/hle/Desktop/compsci/ros/slam_capstone/build/capstone_pkg:/home/hle/Desktop/compsci/ros/slam_capstone/install/capstone_pkg/lib/python3.8/site-packages:/home/hle/Desktop/compsci/ros/slam_capstone/install/capstone_interfaces/lib/python3.8/site-packages:/home/hle/Desktop/compsci/ros/ros2_ws/build/my_py_pkg:/home/hle/Desktop/compsci/ros/ros2_ws/install/my_py_pkg/lib/python3.8/site-packages:/home/hle/Desktop/compsci/ros/ros2_ws/install/my_robot_interfaces/lib/python3.8/site-packages:/home/hle/turtlebot3_ws/build/turtlebot3_teleop:/home/hle/turtlebot3_ws/install/turtlebot3_teleop/lib/python3.8/site-packages:/home/hle/turtlebot3_ws/build/turtlebot3_example:/home/hle/turtlebot3_ws/install/turtlebot3_example/lib/python3.8/site-packages:/home/hle/turtlebot3_ws/install/turtlebot3_msgs/lib/python3.8/site-packages:/home/hle/turtlebot3_ws/install/dynamixel_sdk_custom_interfaces/lib/python3.8/site-packages:/home/hle/Desktop/compsci/ros/ir_sensor/install/ir_sensor_pkg/lib/python3.8/site-packages:/home/hle/Desktop/compsci/ros/clientserver/build/clientserver_pkg:/home/hle/Desktop/compsci/ros/clientserver/install/clientserver_pkg/lib/python3.8/site-packages:/home/hle/Desktop/compsci/ros/activity2/build/activity:/home/hle/Desktop/compsci/ros/activity2/install/activity/lib/python3.8/site-packages:/home/hle/Desktop/compsci/ros/activity4/build/packages:/home/hle/Desktop/compsci/ros/activity4/install/packages/lib/python3.8/site-packages:/home/hle/Desktop/compsci/ros/activity4/install/interfaces/lib/python3.8/site-packages:/opt/ros/foxy/lib/python3.8/site-packages /usr/bin/cmake --install /home/hle/Desktop/compsci/ros/slam_capstone/build/capstone_bringup
[2.924s] Level 1:colcon.colcon_core.environment:checking '/home/hle/Desktop/compsci/ros/slam_capstone/install/capstone_bringup' for CMake config files
[2.924s] Level 1:colcon.colcon_core.shell:create_environment_hook('capstone_bringup', 'cmake_prefix_path')
[2.924s] INFO:colcon.colcon_core.shell:Creating environment hook '/home/hle/Desktop/compsci/ros/slam_capstone/install/capstone_bringup/share/capstone_bringup/hook/cmake_prefix_path.ps1'
[2.925s] INFO:colcon.colcon_core.shell:Creating environment descriptor '/home/hle/Desktop/compsci/ros/slam_capstone/install/capstone_bringup/share/capstone_bringup/hook/cmake_prefix_path.dsv'
[2.925s] INFO:colcon.colcon_core.shell:Creating environment hook '/home/hle/Desktop/compsci/ros/slam_capstone/install/capstone_bringup/share/capstone_bringup/hook/cmake_prefix_path.sh'
[2.926s] Level 1:colcon.colcon_core.environment:checking '/home/hle/Desktop/compsci/ros/slam_capstone/install/capstone_bringup/bin'
[2.926s] Level 1:colcon.colcon_core.environment:checking '/home/hle/Desktop/compsci/ros/slam_capstone/install/capstone_bringup/lib/pkgconfig/capstone_bringup.pc'
[2.926s] Level 1:colcon.colcon_core.environment:checking '/home/hle/Desktop/compsci/ros/slam_capstone/install/capstone_bringup/lib/python3.8/site-packages'
[2.926s] INFO:colcon.colcon_core.shell:Creating package script '/home/hle/Desktop/compsci/ros/slam_capstone/install/capstone_bringup/share/capstone_bringup/package.ps1'
[2.927s] INFO:colcon.colcon_core.shell:Creating package descriptor '/home/hle/Desktop/compsci/ros/slam_capstone/install/capstone_bringup/share/capstone_bringup/package.dsv'
[2.927s] INFO:colcon.colcon_core.shell:Creating package script '/home/hle/Desktop/compsci/ros/slam_capstone/install/capstone_bringup/share/capstone_bringup/package.sh'
[2.927s] INFO:colcon.colcon_core.shell:Creating package script '/home/hle/Desktop/compsci/ros/slam_capstone/install/capstone_bringup/share/capstone_bringup/package.bash'
[2.927s] INFO:colcon.colcon_core.shell:Creating package script '/home/hle/Desktop/compsci/ros/slam_capstone/install/capstone_bringup/share/capstone_bringup/package.zsh'
[2.928s] Level 1:colcon.colcon_core.environment:create_file_with_runtime_dependencies(/home/hle/Desktop/compsci/ros/slam_capstone/install/capstone_bringup/share/colcon-core/packages/capstone_bringup)
[2.947s] Level 1:colcon.colcon_core.environment:create_environment_scripts_only(capstone_bringup)
[2.948s] Level 1:colcon.colcon_core.environment:checking '/home/hle/Desktop/compsci/ros/slam_capstone/install/capstone_bringup' for CMake module files
[2.948s] Level 1:colcon.colcon_core.environment:checking '/home/hle/Desktop/compsci/ros/slam_capstone/install/capstone_bringup' for CMake config files
[2.948s] Level 1:colcon.colcon_core.shell:create_environment_hook('capstone_bringup', 'cmake_prefix_path')
[2.949s] INFO:colcon.colcon_core.shell:Creating environment hook '/home/hle/Desktop/compsci/ros/slam_capstone/install/capstone_bringup/share/capstone_bringup/hook/cmake_prefix_path.ps1'
[2.949s] INFO:colcon.colcon_core.shell:Creating environment descriptor '/home/hle/Desktop/compsci/ros/slam_capstone/install/capstone_bringup/share/capstone_bringup/hook/cmake_prefix_path.dsv'
[2.950s] INFO:colcon.colcon_core.shell:Creating environment hook '/home/hle/Desktop/compsci/ros/slam_capstone/install/capstone_bringup/share/capstone_bringup/hook/cmake_prefix_path.sh'
[2.950s] Level 1:colcon.colcon_core.environment:checking '/home/hle/Desktop/compsci/ros/slam_capstone/install/capstone_bringup/bin'
[2.950s] Level 1:colcon.colcon_core.environment:checking '/home/hle/Desktop/compsci/ros/slam_capstone/install/capstone_bringup/lib/pkgconfig/capstone_bringup.pc'
[2.950s] Level 1:colcon.colcon_core.environment:checking '/home/hle/Desktop/compsci/ros/slam_capstone/install/capstone_bringup/lib/python3.8/site-packages'
[2.951s] INFO:colcon.colcon_core.shell:Creating package script '/home/hle/Desktop/compsci/ros/slam_capstone/install/capstone_bringup/share/capstone_bringup/package.ps1'
[2.951s] INFO:colcon.colcon_core.shell:Creating package descriptor '/home/hle/Desktop/compsci/ros/slam_capstone/install/capstone_bringup/share/capstone_bringup/package.dsv'
[2.952s] INFO:colcon.colcon_core.shell:Creating package script '/home/hle/Desktop/compsci/ros/slam_capstone/install/capstone_bringup/share/capstone_bringup/package.sh'
[2.952s] INFO:colcon.colcon_core.shell:Creating package script '/home/hle/Desktop/compsci/ros/slam_capstone/install/capstone_bringup/share/capstone_bringup/package.bash'
[2.952s] INFO:colcon.colcon_core.shell:Creating package script '/home/hle/Desktop/compsci/ros/slam_capstone/install/capstone_bringup/share/capstone_bringup/package.zsh'
[2.953s] Level 1:colcon.colcon_core.environment:create_file_with_runtime_dependencies(/home/hle/Desktop/compsci/ros/slam_capstone/install/capstone_bringup/share/colcon-core/packages/capstone_bringup)
[2.953s] DEBUG:colcon.colcon_parallel_executor.executor.parallel:closing loop
[2.953s] DEBUG:colcon.colcon_parallel_executor.executor.parallel:loop closed
[2.954s] DEBUG:colcon.colcon_parallel_executor.executor.parallel:run_until_complete finished with '0'
[2.954s] DEBUG:colcon.colcon_core.event_reactor:joining thread
[2.960s] INFO:colcon.colcon_core.plugin_system:Skipping extension 'colcon_notification.desktop_notification.terminal_notifier': Not used on non-Darwin systems
[2.960s] INFO:colcon.colcon_core.plugin_system:Skipping extension 'colcon_notification.desktop_notification.win32': Not used on non-Windows systems
[2.960s] INFO:colcon.colcon_notification.desktop_notification:Sending desktop notification using 'notify2'
[2.976s] DEBUG:colcon.colcon_core.event_reactor:joined thread
[2.977s] INFO:colcon.colcon_core.shell:Creating prefix script '/home/hle/Desktop/compsci/ros/slam_capstone/install/local_setup.ps1'
[2.978s] INFO:colcon.colcon_core.shell:Creating prefix util module '/home/hle/Desktop/compsci/ros/slam_capstone/install/_local_setup_util_ps1.py'
[2.979s] INFO:colcon.colcon_core.shell:Creating prefix chain script '/home/hle/Desktop/compsci/ros/slam_capstone/install/setup.ps1'
[2.981s] INFO:colcon.colcon_core.shell:Creating prefix script '/home/hle/Desktop/compsci/ros/slam_capstone/install/local_setup.sh'
[2.982s] INFO:colcon.colcon_core.shell:Creating prefix util module '/home/hle/Desktop/compsci/ros/slam_capstone/install/_local_setup_util_sh.py'
[2.982s] INFO:colcon.colcon_core.shell:Creating prefix chain script '/home/hle/Desktop/compsci/ros/slam_capstone/install/setup.sh'
[2.984s] INFO:colcon.colcon_core.shell:Creating prefix script '/home/hle/Desktop/compsci/ros/slam_capstone/install/local_setup.bash'
[2.985s] INFO:colcon.colcon_core.shell:Creating prefix chain script '/home/hle/Desktop/compsci/ros/slam_capstone/install/setup.bash'
[2.987s] INFO:colcon.colcon_core.shell:Creating prefix script '/home/hle/Desktop/compsci/ros/slam_capstone/install/local_setup.zsh'
[2.988s] INFO:colcon.colcon_core.shell:Creating prefix chain script '/home/hle/Desktop/compsci/ros/slam_capstone/install/setup.zsh'
