[35m[1mScanning dependencies of target odom_map_transform[0m
[ 50%] [32mBuilding CXX object CMakeFiles/odom_map_transform.dir/src/odom_map_transform.cpp.o[0m
[100%] [32m[1mLinking CXX executable odom_map_transform[0m
[100%] Built target odom_map_transform
-- Install configuration: ""
-- Execute custom install script
-- Up-to-date symlink: /home/hle/Desktop/compsci/ros/slam_capstone/install/capstone_pkg_cpp/lib/capstone_pkg_cpp/odom_map_transform
-- Up-to-date symlink: /home/hle/Desktop/compsci/ros/slam_capstone/install/capstone_pkg_cpp/share/ament_index/resource_index/package_run_dependencies/capstone_pkg_cpp
-- Up-to-date symlink: /home/hle/Desktop/compsci/ros/slam_capstone/install/capstone_pkg_cpp/share/ament_index/resource_index/parent_prefix_path/capstone_pkg_cpp
-- Up-to-date symlink: /home/hle/Desktop/compsci/ros/slam_capstone/install/capstone_pkg_cpp/share/capstone_pkg_cpp/environment/ament_prefix_path.sh
-- Up-to-date symlink: /home/hle/Desktop/compsci/ros/slam_capstone/install/capstone_pkg_cpp/share/capstone_pkg_cpp/environment/ament_prefix_path.dsv
-- Up-to-date symlink: /home/hle/Desktop/compsci/ros/slam_capstone/install/capstone_pkg_cpp/share/capstone_pkg_cpp/environment/path.sh
-- Up-to-date symlink: /home/hle/Desktop/compsci/ros/slam_capstone/install/capstone_pkg_cpp/share/capstone_pkg_cpp/environment/path.dsv
-- Up-to-date symlink: /home/hle/Desktop/compsci/ros/slam_capstone/install/capstone_pkg_cpp/share/capstone_pkg_cpp/local_setup.bash
-- Up-to-date symlink: /home/hle/Desktop/compsci/ros/slam_capstone/install/capstone_pkg_cpp/share/capstone_pkg_cpp/local_setup.sh
-- Up-to-date symlink: /home/hle/Desktop/compsci/ros/slam_capstone/install/capstone_pkg_cpp/share/capstone_pkg_cpp/local_setup.zsh
-- Up-to-date symlink: /home/hle/Desktop/compsci/ros/slam_capstone/install/capstone_pkg_cpp/share/capstone_pkg_cpp/local_setup.dsv
-- Symlinking: /home/hle/Desktop/compsci/ros/slam_capstone/install/capstone_pkg_cpp/share/capstone_pkg_cpp/package.dsv
-- Up-to-date symlink: /home/hle/Desktop/compsci/ros/slam_capstone/install/capstone_pkg_cpp/share/ament_index/resource_index/packages/capstone_pkg_cpp
-- Up-to-date symlink: /home/hle/Desktop/compsci/ros/slam_capstone/install/capstone_pkg_cpp/share/capstone_pkg_cpp/cmake/capstone_pkg_cppConfig.cmake
-- Up-to-date symlink: /home/hle/Desktop/compsci/ros/slam_capstone/install/capstone_pkg_cpp/share/capstone_pkg_cpp/cmake/capstone_pkg_cppConfig-version.cmake
-- Up-to-date symlink: /home/hle/Desktop/compsci/ros/slam_capstone/install/capstone_pkg_cpp/share/capstone_pkg_cpp/package.xml
