[0.505s] Invoking command in '/home/hle/Desktop/compsci/ros/slam_capstone/build/capstone_pkg': PYTHONPATH=/home/hle/Desktop/compsci/ros/slam_capstone/install/capstone_pkg/lib/python3.8/site-packages:${PYTHONPATH} /usr/bin/python3 setup.py develop --prefix /home/hle/Desktop/compsci/ros/slam_capstone/install/capstone_pkg --editable --build-directory /home/hle/Desktop/compsci/ros/slam_capstone/build/capstone_pkg/build --no-deps install_data --install-dir /home/hle/Desktop/compsci/ros/slam_capstone/install/capstone_pkg
[0.740s] running develop
[0.848s] running egg_info
[0.848s] writing capstone_pkg.egg-info/PKG-INFO
[0.848s] writing dependency_links to capstone_pkg.egg-info/dependency_links.txt
[0.848s] writing entry points to capstone_pkg.egg-info/entry_points.txt
[0.849s] writing requirements to capstone_pkg.egg-info/requires.txt
[0.849s] writing top-level names to capstone_pkg.egg-info/top_level.txt
[0.874s] reading manifest file 'capstone_pkg.egg-info/SOURCES.txt'
[0.874s] writing manifest file 'capstone_pkg.egg-info/SOURCES.txt'
[0.901s] running build_ext
[0.901s] Creating /home/hle/Desktop/compsci/ros/slam_capstone/install/capstone_pkg/lib/python3.8/site-packages/capstone-pkg.egg-link (link to .)
[0.902s] Installing basic_movement script to /home/hle/Desktop/compsci/ros/slam_capstone/install/capstone_pkg/lib/capstone_pkg
[0.902s] Installing lidar_data script to /home/hle/Desktop/compsci/ros/slam_capstone/install/capstone_pkg/lib/capstone_pkg
[0.902s] Installing stop_movement script to /home/hle/Desktop/compsci/ros/slam_capstone/install/capstone_pkg/lib/capstone_pkg
[0.903s] Installing tb3_status script to /home/hle/Desktop/compsci/ros/slam_capstone/install/capstone_pkg/lib/capstone_pkg
[0.903s] 
[0.903s] Installed /home/hle/Desktop/compsci/ros/slam_capstone/build/capstone_pkg
[0.903s] running install_data
[0.922s] Invoked command in '/home/hle/Desktop/compsci/ros/slam_capstone/build/capstone_pkg' returned '0': PYTHONPATH=/home/hle/Desktop/compsci/ros/slam_capstone/install/capstone_pkg/lib/python3.8/site-packages:${PYTHONPATH} /usr/bin/python3 setup.py develop --prefix /home/hle/Desktop/compsci/ros/slam_capstone/install/capstone_pkg --editable --build-directory /home/hle/Desktop/compsci/ros/slam_capstone/build/capstone_pkg/build --no-deps install_data --install-dir /home/hle/Desktop/compsci/ros/slam_capstone/install/capstone_pkg
