[0.013s] Invoking command in '/home/hle/Desktop/compsci/ros/slam_capstone/build/capstone_interfaces': CMAKE_PREFIX_PATH=${CMAKE_PREFIX_PATH}:/home/hle/Desktop/compsci/ros/ros2_ws/install/my_py_pkg:/home/hle/turtlebot3_ws/install/turtlebot3_teleop:/home/hle/turtlebot3_ws/install/turtlebot3_example:/home/hle/Desktop/compsci/ros/ir_sensor/install/ir_sensor_pkg:/home/hle/Desktop/compsci/ros/clientserver/install/clientserver_pkg:/home/hle/Desktop/compsci/ros/activity2/install/activity:/home/hle/Desktop/compsci/ros/activity4/install/packages:/home/hle/Desktop/compsci/ros/slam_capstone/install/capstone_pkg:/opt/ros/foxy /usr/bin/cmake /home/hle/Desktop/compsci/ros/slam_capstone/src/capstone_interfaces -DCMAKE_INSTALL_PREFIX=/home/hle/Desktop/compsci/ros/slam_capstone/install/capstone_interfaces
[0.026s] -- Found ament_cmake: 0.9.9 (/opt/ros/foxy/share/ament_cmake/cmake)
[0.052s] -- Found PythonInterp: /usr/bin/python3 (found suitable version "3.8.10", minimum required is "3") 
[0.052s] -- Using PYTHON_EXECUTABLE: /usr/bin/python3
[0.199s] -- Override CMake install command with custom implementation using symlinks instead of copying resources
[0.205s] -- Found rosidl_default_generators: 1.0.1 (/opt/ros/foxy/share/rosidl_default_generators/cmake)
[0.210s] -- Using all available rosidl_typesupport_c: rosidl_typesupport_fastrtps_c;rosidl_typesupport_introspection_c
[0.214s] -- Found rosidl_adapter: 1.2.1 (/opt/ros/foxy/share/rosidl_adapter/cmake)
[0.338s] -- Using all available rosidl_typesupport_cpp: rosidl_typesupport_fastrtps_cpp;rosidl_typesupport_introspection_cpp
[0.384s] -- Found PythonInterp: /usr/bin/python3 (found version "3.8.10") 
[0.495s] -- Found ament_cmake_ros: 0.9.2 (/opt/ros/foxy/share/ament_cmake_ros/cmake)
[0.579s] -- Using all available rosidl_typesupport_c: rosidl_typesupport_fastrtps_c;rosidl_typesupport_introspection_c
[0.589s] -- Using all available rosidl_typesupport_cpp: rosidl_typesupport_fastrtps_cpp;rosidl_typesupport_introspection_cpp
[0.617s] -- Found PythonInterp: /usr/bin/python3 (found suitable version "3.8.10", minimum required is "3.5") 
[0.618s] -- Found python_cmake_module: 0.8.1 (/opt/ros/foxy/share/python_cmake_module/cmake)
[0.650s] -- Using PYTHON_EXECUTABLE: /usr/bin/python3
[0.650s] -- Using PYTHON_INCLUDE_DIRS: /usr/include/python3.8
[0.650s] -- Using PYTHON_LIBRARIES: /usr/lib/x86_64-linux-gnu/libpython3.8.so
[0.678s] -- Configuring done
[0.707s] -- Generating done
[0.709s] -- Build files have been written to: /home/hle/Desktop/compsci/ros/slam_capstone/build/capstone_interfaces
[0.715s] Invoked command in '/home/hle/Desktop/compsci/ros/slam_capstone/build/capstone_interfaces' returned '0': CMAKE_PREFIX_PATH=${CMAKE_PREFIX_PATH}:/home/hle/Desktop/compsci/ros/ros2_ws/install/my_py_pkg:/home/hle/turtlebot3_ws/install/turtlebot3_teleop:/home/hle/turtlebot3_ws/install/turtlebot3_example:/home/hle/Desktop/compsci/ros/ir_sensor/install/ir_sensor_pkg:/home/hle/Desktop/compsci/ros/clientserver/install/clientserver_pkg:/home/hle/Desktop/compsci/ros/activity2/install/activity:/home/hle/Desktop/compsci/ros/activity4/install/packages:/home/hle/Desktop/compsci/ros/slam_capstone/install/capstone_pkg:/opt/ros/foxy /usr/bin/cmake /home/hle/Desktop/compsci/ros/slam_capstone/src/capstone_interfaces -DCMAKE_INSTALL_PREFIX=/home/hle/Desktop/compsci/ros/slam_capstone/install/capstone_interfaces
[0.718s] Invoking command in '/home/hle/Desktop/compsci/ros/slam_capstone/build/capstone_interfaces': CMAKE_PREFIX_PATH=${CMAKE_PREFIX_PATH}:/home/hle/Desktop/compsci/ros/ros2_ws/install/my_py_pkg:/home/hle/turtlebot3_ws/install/turtlebot3_teleop:/home/hle/turtlebot3_ws/install/turtlebot3_example:/home/hle/Desktop/compsci/ros/ir_sensor/install/ir_sensor_pkg:/home/hle/Desktop/compsci/ros/clientserver/install/clientserver_pkg:/home/hle/Desktop/compsci/ros/activity2/install/activity:/home/hle/Desktop/compsci/ros/activity4/install/packages:/home/hle/Desktop/compsci/ros/slam_capstone/install/capstone_pkg:/opt/ros/foxy /usr/bin/cmake --build /home/hle/Desktop/compsci/ros/slam_capstone/build/capstone_interfaces -- -j8 -l8
[0.759s] [  9%] Built target capstone_interfaces__rosidl_generator_c
[0.759s] [ 12%] Built target capstone_interfaces__cpp
[0.777s] [ 22%] Built target capstone_interfaces__rosidl_typesupport_c
[0.780s] [ 32%] Built target capstone_interfaces__rosidl_typesupport_cpp
[0.781s] [ 41%] Built target capstone_interfaces__rosidl_typesupport_introspection_c
[0.781s] [ 51%] Built target capstone_interfaces__rosidl_typesupport_fastrtps_cpp
[0.781s] [ 61%] Built target capstone_interfaces__rosidl_typesupport_introspection_cpp
[0.801s] [ 70%] Built target capstone_interfaces__rosidl_typesupport_fastrtps_c
[0.817s] [ 70%] Built target capstone_interfaces
[0.833s] [ 74%] Built target capstone_interfaces__py
[0.854s] [ 80%] Built target capstone_interfaces__python
[0.874s] [ 93%] Built target capstone_interfaces__rosidl_typesupport_introspection_c__pyext
[0.874s] [ 93%] Built target capstone_interfaces__rosidl_typesupport_fastrtps_c__pyext
[0.874s] [100%] Built target capstone_interfaces__rosidl_typesupport_c__pyext
[0.884s] Invoked command in '/home/hle/Desktop/compsci/ros/slam_capstone/build/capstone_interfaces' returned '0': CMAKE_PREFIX_PATH=${CMAKE_PREFIX_PATH}:/home/hle/Desktop/compsci/ros/ros2_ws/install/my_py_pkg:/home/hle/turtlebot3_ws/install/turtlebot3_teleop:/home/hle/turtlebot3_ws/install/turtlebot3_example:/home/hle/Desktop/compsci/ros/ir_sensor/install/ir_sensor_pkg:/home/hle/Desktop/compsci/ros/clientserver/install/clientserver_pkg:/home/hle/Desktop/compsci/ros/activity2/install/activity:/home/hle/Desktop/compsci/ros/activity4/install/packages:/home/hle/Desktop/compsci/ros/slam_capstone/install/capstone_pkg:/opt/ros/foxy /usr/bin/cmake --build /home/hle/Desktop/compsci/ros/slam_capstone/build/capstone_interfaces -- -j8 -l8
[0.928s] Invoking command in '/home/hle/Desktop/compsci/ros/slam_capstone/build/capstone_interfaces': CMAKE_PREFIX_PATH=${CMAKE_PREFIX_PATH}:/home/hle/Desktop/compsci/ros/ros2_ws/install/my_py_pkg:/home/hle/turtlebot3_ws/install/turtlebot3_teleop:/home/hle/turtlebot3_ws/install/turtlebot3_example:/home/hle/Desktop/compsci/ros/ir_sensor/install/ir_sensor_pkg:/home/hle/Desktop/compsci/ros/clientserver/install/clientserver_pkg:/home/hle/Desktop/compsci/ros/activity2/install/activity:/home/hle/Desktop/compsci/ros/activity4/install/packages:/home/hle/Desktop/compsci/ros/slam_capstone/install/capstone_pkg:/opt/ros/foxy /usr/bin/cmake --install /home/hle/Desktop/compsci/ros/slam_capstone/build/capstone_interfaces
[0.935s] -- Install configuration: ""
[0.935s] -- Execute custom install script
[0.936s] -- Up-to-date symlink: /home/hle/Desktop/compsci/ros/slam_capstone/install/capstone_interfaces/share/ament_index/resource_index/rosidl_interfaces/capstone_interfaces
[0.936s] -- Up-to-date symlink: /home/hle/Desktop/compsci/ros/slam_capstone/install/capstone_interfaces/include/capstone_interfaces/msg/detail/tb3_status__functions.h
[0.936s] -- Up-to-date symlink: /home/hle/Desktop/compsci/ros/slam_capstone/install/capstone_interfaces/include/capstone_interfaces/msg/detail/tb3_status__struct.h
[0.936s] -- Up-to-date symlink: /home/hle/Desktop/compsci/ros/slam_capstone/install/capstone_interfaces/include/capstone_interfaces/msg/detail/tb3_status__type_support.h
[0.936s] -- Up-to-date symlink: /home/hle/Desktop/compsci/ros/slam_capstone/install/capstone_interfaces/include/capstone_interfaces/msg/rosidl_generator_c__visibility_control.h
[0.937s] -- Up-to-date symlink: /home/hle/Desktop/compsci/ros/slam_capstone/install/capstone_interfaces/include/capstone_interfaces/msg/tb3_status.h
[0.937s] -- Up-to-date symlink: /home/hle/Desktop/compsci/ros/slam_capstone/install/capstone_interfaces/share/capstone_interfaces/environment/library_path.sh
[0.937s] -- Up-to-date symlink: /home/hle/Desktop/compsci/ros/slam_capstone/install/capstone_interfaces/share/capstone_interfaces/environment/library_path.dsv
[0.938s] -- Up-to-date symlink: /home/hle/Desktop/compsci/ros/slam_capstone/install/capstone_interfaces/include/capstone_interfaces/msg/detail/tb3_status__rosidl_typesupport_fastrtps_c.h
[0.938s] -- Up-to-date symlink: /home/hle/Desktop/compsci/ros/slam_capstone/install/capstone_interfaces/include/capstone_interfaces/msg/rosidl_typesupport_fastrtps_c__visibility_control.h
[0.938s] -- Up-to-date symlink: /home/hle/Desktop/compsci/ros/slam_capstone/install/capstone_interfaces/lib/libcapstone_interfaces__rosidl_typesupport_fastrtps_c.so
[0.939s] -- Up-to-date symlink: /home/hle/Desktop/compsci/ros/slam_capstone/install/capstone_interfaces/include/capstone_interfaces/msg/detail/tb3_status__rosidl_typesupport_fastrtps_cpp.hpp
[0.939s] -- Up-to-date symlink: /home/hle/Desktop/compsci/ros/slam_capstone/install/capstone_interfaces/include/capstone_interfaces/msg/rosidl_typesupport_fastrtps_cpp__visibility_control.h
[0.939s] -- Up-to-date symlink: /home/hle/Desktop/compsci/ros/slam_capstone/install/capstone_interfaces/lib/libcapstone_interfaces__rosidl_typesupport_fastrtps_cpp.so
[0.940s] -- Up-to-date symlink: /home/hle/Desktop/compsci/ros/slam_capstone/install/capstone_interfaces/include/capstone_interfaces/msg/detail/tb3_status__rosidl_typesupport_introspection_c.h
[0.940s] -- Up-to-date symlink: /home/hle/Desktop/compsci/ros/slam_capstone/install/capstone_interfaces/include/capstone_interfaces/msg/rosidl_typesupport_introspection_c__visibility_control.h
[0.940s] -- Up-to-date symlink: /home/hle/Desktop/compsci/ros/slam_capstone/install/capstone_interfaces/include/capstone_interfaces/msg/detail/tb3_status__builder.hpp
[0.940s] -- Up-to-date symlink: /home/hle/Desktop/compsci/ros/slam_capstone/install/capstone_interfaces/include/capstone_interfaces/msg/detail/tb3_status__struct.hpp
[0.940s] -- Up-to-date symlink: /home/hle/Desktop/compsci/ros/slam_capstone/install/capstone_interfaces/include/capstone_interfaces/msg/detail/tb3_status__traits.hpp
[0.941s] -- Up-to-date symlink: /home/hle/Desktop/compsci/ros/slam_capstone/install/capstone_interfaces/include/capstone_interfaces/msg/tb3_status.hpp
[0.941s] -- Up-to-date symlink: /home/hle/Desktop/compsci/ros/slam_capstone/install/capstone_interfaces/include/capstone_interfaces/msg/detail/tb3_status__rosidl_typesupport_introspection_cpp.hpp
[0.941s] -- Up-to-date symlink: /home/hle/Desktop/compsci/ros/slam_capstone/install/capstone_interfaces/share/capstone_interfaces/environment/pythonpath.sh
[0.941s] -- Up-to-date symlink: /home/hle/Desktop/compsci/ros/slam_capstone/install/capstone_interfaces/share/capstone_interfaces/environment/pythonpath.dsv
[0.942s] -- Up-to-date symlink: /home/hle/Desktop/compsci/ros/slam_capstone/install/capstone_interfaces/lib/python3.8/site-packages/capstone_interfaces/__init__.py
[0.942s] -- Up-to-date symlink: /home/hle/Desktop/compsci/ros/slam_capstone/install/capstone_interfaces/lib/python3.8/site-packages/capstone_interfaces/msg/__init__.py
[0.942s] -- Up-to-date symlink: /home/hle/Desktop/compsci/ros/slam_capstone/install/capstone_interfaces/lib/python3.8/site-packages/capstone_interfaces/msg/_tb3_status.py
[0.943s] -- Up-to-date symlink: /home/hle/Desktop/compsci/ros/slam_capstone/install/capstone_interfaces/lib/python3.8/site-packages/capstone_interfaces/capstone_interfaces_s__rosidl_typesupport_fastrtps_c.cpython-38-x86_64-linux-gnu.so
[0.943s] -- Up-to-date symlink: /home/hle/Desktop/compsci/ros/slam_capstone/install/capstone_interfaces/lib/python3.8/site-packages/capstone_interfaces/capstone_interfaces_s__rosidl_typesupport_introspection_c.cpython-38-x86_64-linux-gnu.so
[0.943s] -- Up-to-date symlink: /home/hle/Desktop/compsci/ros/slam_capstone/install/capstone_interfaces/lib/python3.8/site-packages/capstone_interfaces/capstone_interfaces_s__rosidl_typesupport_c.cpython-38-x86_64-linux-gnu.so
[0.944s] -- Up-to-date symlink: /home/hle/Desktop/compsci/ros/slam_capstone/install/capstone_interfaces/lib/libcapstone_interfaces__python.so
[0.944s] -- Up-to-date symlink: /home/hle/Desktop/compsci/ros/slam_capstone/install/capstone_interfaces/share/capstone_interfaces/msg/TB3Status.idl
[0.944s] -- Up-to-date symlink: /home/hle/Desktop/compsci/ros/slam_capstone/install/capstone_interfaces/share/capstone_interfaces/msg/TB3Status.msg
[0.944s] -- Up-to-date symlink: /home/hle/Desktop/compsci/ros/slam_capstone/install/capstone_interfaces/share/ament_index/resource_index/package_run_dependencies/capstone_interfaces
[0.945s] -- Up-to-date symlink: /home/hle/Desktop/compsci/ros/slam_capstone/install/capstone_interfaces/share/ament_index/resource_index/parent_prefix_path/capstone_interfaces
[0.945s] -- Up-to-date symlink: /home/hle/Desktop/compsci/ros/slam_capstone/install/capstone_interfaces/share/capstone_interfaces/environment/ament_prefix_path.sh
[0.945s] -- Up-to-date symlink: /home/hle/Desktop/compsci/ros/slam_capstone/install/capstone_interfaces/share/capstone_interfaces/environment/ament_prefix_path.dsv
[0.945s] -- Up-to-date symlink: /home/hle/Desktop/compsci/ros/slam_capstone/install/capstone_interfaces/share/capstone_interfaces/environment/path.sh
[0.946s] -- Up-to-date symlink: /home/hle/Desktop/compsci/ros/slam_capstone/install/capstone_interfaces/share/capstone_interfaces/environment/path.dsv
[0.946s] -- Up-to-date symlink: /home/hle/Desktop/compsci/ros/slam_capstone/install/capstone_interfaces/share/capstone_interfaces/local_setup.bash
[0.946s] -- Up-to-date symlink: /home/hle/Desktop/compsci/ros/slam_capstone/install/capstone_interfaces/share/capstone_interfaces/local_setup.sh
[0.946s] -- Up-to-date symlink: /home/hle/Desktop/compsci/ros/slam_capstone/install/capstone_interfaces/share/capstone_interfaces/local_setup.zsh
[0.947s] -- Up-to-date symlink: /home/hle/Desktop/compsci/ros/slam_capstone/install/capstone_interfaces/share/capstone_interfaces/local_setup.dsv
[0.947s] -- Symlinking: /home/hle/Desktop/compsci/ros/slam_capstone/install/capstone_interfaces/share/capstone_interfaces/package.dsv
[0.954s] -- Up-to-date symlink: /home/hle/Desktop/compsci/ros/slam_capstone/install/capstone_interfaces/share/ament_index/resource_index/packages/capstone_interfaces
[0.954s] -- Up-to-date symlink: /home/hle/Desktop/compsci/ros/slam_capstone/install/capstone_interfaces/share/capstone_interfaces/cmake/rosidl_cmake-extras.cmake
[0.955s] -- Up-to-date symlink: /home/hle/Desktop/compsci/ros/slam_capstone/install/capstone_interfaces/share/capstone_interfaces/cmake/ament_cmake_export_dependencies-extras.cmake
[0.955s] -- Up-to-date symlink: /home/hle/Desktop/compsci/ros/slam_capstone/install/capstone_interfaces/share/capstone_interfaces/cmake/ament_cmake_export_libraries-extras.cmake
[0.955s] -- Up-to-date symlink: /home/hle/Desktop/compsci/ros/slam_capstone/install/capstone_interfaces/share/capstone_interfaces/cmake/ament_cmake_export_targets-extras.cmake
[0.955s] -- Up-to-date symlink: /home/hle/Desktop/compsci/ros/slam_capstone/install/capstone_interfaces/share/capstone_interfaces/cmake/ament_cmake_export_include_directories-extras.cmake
[0.956s] -- Up-to-date symlink: /home/hle/Desktop/compsci/ros/slam_capstone/install/capstone_interfaces/share/capstone_interfaces/cmake/rosidl_cmake_export_typesupport_libraries-extras.cmake
[0.956s] -- Up-to-date symlink: /home/hle/Desktop/compsci/ros/slam_capstone/install/capstone_interfaces/share/capstone_interfaces/cmake/rosidl_cmake_export_typesupport_targets-extras.cmake
[0.956s] -- Up-to-date symlink: /home/hle/Desktop/compsci/ros/slam_capstone/install/capstone_interfaces/share/capstone_interfaces/cmake/capstone_interfacesConfig.cmake
[0.956s] -- Up-to-date symlink: /home/hle/Desktop/compsci/ros/slam_capstone/install/capstone_interfaces/share/capstone_interfaces/cmake/capstone_interfacesConfig-version.cmake
[0.956s] -- Up-to-date symlink: /home/hle/Desktop/compsci/ros/slam_capstone/install/capstone_interfaces/share/capstone_interfaces/package.xml
[0.957s] -- Up-to-date: /home/hle/Desktop/compsci/ros/slam_capstone/install/capstone_interfaces/lib/libcapstone_interfaces__rosidl_generator_c.so
[0.960s] -- Up-to-date: /home/hle/Desktop/compsci/ros/slam_capstone/install/capstone_interfaces/lib/libcapstone_interfaces__rosidl_typesupport_introspection_c.so
[0.960s] -- Up-to-date: /home/hle/Desktop/compsci/ros/slam_capstone/install/capstone_interfaces/lib/libcapstone_interfaces__rosidl_typesupport_c.so
[0.961s] -- Up-to-date: /home/hle/Desktop/compsci/ros/slam_capstone/install/capstone_interfaces/lib/libcapstone_interfaces__rosidl_typesupport_introspection_cpp.so
[0.961s] -- Up-to-date: /home/hle/Desktop/compsci/ros/slam_capstone/install/capstone_interfaces/lib/libcapstone_interfaces__rosidl_typesupport_cpp.so
[0.994s] Compiling '/home/hle/Desktop/compsci/ros/slam_capstone/install/capstone_interfaces/lib/python3.8/site-packages/capstone_interfaces/__init__.py'...
[0.998s] -- Up-to-date: /home/hle/Desktop/compsci/ros/slam_capstone/install/capstone_interfaces/share/capstone_interfaces/cmake/capstone_interfaces__rosidl_generator_cExport.cmake
[0.998s] -- Installing: /home/hle/Desktop/compsci/ros/slam_capstone/install/capstone_interfaces/share/capstone_interfaces/cmake/capstone_interfaces__rosidl_generator_cExport-noconfig.cmake
[0.998s] -- Up-to-date: /home/hle/Desktop/compsci/ros/slam_capstone/install/capstone_interfaces/share/capstone_interfaces/cmake/capstone_interfaces__rosidl_typesupport_introspection_cExport.cmake
[0.998s] -- Installing: /home/hle/Desktop/compsci/ros/slam_capstone/install/capstone_interfaces/share/capstone_interfaces/cmake/capstone_interfaces__rosidl_typesupport_introspection_cExport-noconfig.cmake
[0.998s] -- Up-to-date: /home/hle/Desktop/compsci/ros/slam_capstone/install/capstone_interfaces/share/capstone_interfaces/cmake/capstone_interfaces__rosidl_typesupport_cExport.cmake
[0.998s] -- Installing: /home/hle/Desktop/compsci/ros/slam_capstone/install/capstone_interfaces/share/capstone_interfaces/cmake/capstone_interfaces__rosidl_typesupport_cExport-noconfig.cmake
[0.998s] -- Up-to-date: /home/hle/Desktop/compsci/ros/slam_capstone/install/capstone_interfaces/share/capstone_interfaces/cmake/capstone_interfaces__rosidl_generator_cppExport.cmake
[0.999s] -- Up-to-date: /home/hle/Desktop/compsci/ros/slam_capstone/install/capstone_interfaces/share/capstone_interfaces/cmake/capstone_interfaces__rosidl_typesupport_introspection_cppExport.cmake
[0.999s] -- Installing: /home/hle/Desktop/compsci/ros/slam_capstone/install/capstone_interfaces/share/capstone_interfaces/cmake/capstone_interfaces__rosidl_typesupport_introspection_cppExport-noconfig.cmake
[0.999s] -- Up-to-date: /home/hle/Desktop/compsci/ros/slam_capstone/install/capstone_interfaces/share/capstone_interfaces/cmake/capstone_interfaces__rosidl_typesupport_cppExport.cmake
[0.999s] -- Installing: /home/hle/Desktop/compsci/ros/slam_capstone/install/capstone_interfaces/share/capstone_interfaces/cmake/capstone_interfaces__rosidl_typesupport_cppExport-noconfig.cmake
[1.001s] Invoked command in '/home/hle/Desktop/compsci/ros/slam_capstone/build/capstone_interfaces' returned '0': CMAKE_PREFIX_PATH=${CMAKE_PREFIX_PATH}:/home/hle/Desktop/compsci/ros/ros2_ws/install/my_py_pkg:/home/hle/turtlebot3_ws/install/turtlebot3_teleop:/home/hle/turtlebot3_ws/install/turtlebot3_example:/home/hle/Desktop/compsci/ros/ir_sensor/install/ir_sensor_pkg:/home/hle/Desktop/compsci/ros/clientserver/install/clientserver_pkg:/home/hle/Desktop/compsci/ros/activity2/install/activity:/home/hle/Desktop/compsci/ros/activity4/install/packages:/home/hle/Desktop/compsci/ros/slam_capstone/install/capstone_pkg:/opt/ros/foxy /usr/bin/cmake --install /home/hle/Desktop/compsci/ros/slam_capstone/build/capstone_interfaces
