[0.752s] Invoking command in '/home/hle/Desktop/compsci/ros/slam_capstone/build/capstone_pkg': AMENT_PREFIX_PATH=/home/hle/Desktop/compsci/ros/slam_capstone/install/capstone_interfaces:${AMENT_PREFIX_PATH} CMAKE_PREFIX_PATH=/home/hle/Desktop/compsci/ros/slam_capstone/install/capstone_interfaces:${CMAKE_PREFIX_PATH} LD_LIBRARY_PATH=/home/hle/Desktop/compsci/ros/slam_capstone/install/capstone_interfaces/lib:${LD_LIBRARY_PATH} PYTHONPATH=/home/hle/Desktop/compsci/ros/slam_capstone/install/capstone_pkg/lib/python3.8/site-packages:/home/hle/Desktop/compsci/ros/slam_capstone/install/capstone_interfaces/lib/python3.8/site-packages:${PYTHONPATH} /usr/bin/python3 setup.py develop --prefix /home/hle/Desktop/compsci/ros/slam_capstone/install/capstone_pkg --uninstall --editable --build-directory /home/hle/Desktop/compsci/ros/slam_capstone/build/capstone_pkg/build
[1.039s] running develop
[1.187s] Invoked command in '/home/hle/Desktop/compsci/ros/slam_capstone/build/capstone_pkg' returned '0': AMENT_PREFIX_PATH=/home/hle/Desktop/compsci/ros/slam_capstone/install/capstone_interfaces:${AMENT_PREFIX_PATH} CMAKE_PREFIX_PATH=/home/hle/Desktop/compsci/ros/slam_capstone/install/capstone_interfaces:${CMAKE_PREFIX_PATH} LD_LIBRARY_PATH=/home/hle/Desktop/compsci/ros/slam_capstone/install/capstone_interfaces/lib:${LD_LIBRARY_PATH} PYTHONPATH=/home/hle/Desktop/compsci/ros/slam_capstone/install/capstone_pkg/lib/python3.8/site-packages:/home/hle/Desktop/compsci/ros/slam_capstone/install/capstone_interfaces/lib/python3.8/site-packages:${PYTHONPATH} /usr/bin/python3 setup.py develop --prefix /home/hle/Desktop/compsci/ros/slam_capstone/install/capstone_pkg --uninstall --editable --build-directory /home/hle/Desktop/compsci/ros/slam_capstone/build/capstone_pkg/build
[1.189s] Invoking command in '/home/hle/Desktop/compsci/ros/slam_capstone/src/capstone_pkg': AMENT_PREFIX_PATH=/home/hle/Desktop/compsci/ros/slam_capstone/install/capstone_interfaces:${AMENT_PREFIX_PATH} CMAKE_PREFIX_PATH=/home/hle/Desktop/compsci/ros/slam_capstone/install/capstone_interfaces:${CMAKE_PREFIX_PATH} LD_LIBRARY_PATH=/home/hle/Desktop/compsci/ros/slam_capstone/install/capstone_interfaces/lib:${LD_LIBRARY_PATH} PYTHONPATH=/home/hle/Desktop/compsci/ros/slam_capstone/install/capstone_pkg/lib/python3.8/site-packages:/home/hle/Desktop/compsci/ros/slam_capstone/install/capstone_interfaces/lib/python3.8/site-packages:${PYTHONPATH} /usr/bin/python3 setup.py egg_info --egg-base ../../build/capstone_pkg build --build-base /home/hle/Desktop/compsci/ros/slam_capstone/build/capstone_pkg/build install --prefix /home/hle/Desktop/compsci/ros/slam_capstone/install/capstone_pkg --record /home/hle/Desktop/compsci/ros/slam_capstone/build/capstone_pkg/install.log --single-version-externally-managed
[1.387s] running egg_info
[1.387s] writing ../../build/capstone_pkg/capstone_pkg.egg-info/PKG-INFO
[1.390s] writing dependency_links to ../../build/capstone_pkg/capstone_pkg.egg-info/dependency_links.txt
[1.390s] writing entry points to ../../build/capstone_pkg/capstone_pkg.egg-info/entry_points.txt
[1.391s] writing requirements to ../../build/capstone_pkg/capstone_pkg.egg-info/requires.txt
[1.391s] writing top-level names to ../../build/capstone_pkg/capstone_pkg.egg-info/top_level.txt
[1.422s] reading manifest file '../../build/capstone_pkg/capstone_pkg.egg-info/SOURCES.txt'
[1.423s] writing manifest file '../../build/capstone_pkg/capstone_pkg.egg-info/SOURCES.txt'
[1.423s] running build
[1.423s] running build_py
[1.423s] copying capstone_pkg/tb3_status.py -> /home/hle/Desktop/compsci/ros/slam_capstone/build/capstone_pkg/build/lib/capstone_pkg
[1.424s] running install
[1.424s] running install_lib
[1.425s] copying /home/hle/Desktop/compsci/ros/slam_capstone/build/capstone_pkg/build/lib/capstone_pkg/tb3_status.py -> /home/hle/Desktop/compsci/ros/slam_capstone/install/capstone_pkg/lib/python3.8/site-packages/capstone_pkg
[1.426s] byte-compiling /home/hle/Desktop/compsci/ros/slam_capstone/install/capstone_pkg/lib/python3.8/site-packages/capstone_pkg/tb3_status.py to tb3_status.cpython-38.pyc
[1.427s] running install_data
[1.428s] copying package.xml -> /home/hle/Desktop/compsci/ros/slam_capstone/install/capstone_pkg/share/capstone_pkg
[1.428s] running install_egg_info
[1.430s] removing '/home/hle/Desktop/compsci/ros/slam_capstone/install/capstone_pkg/lib/python3.8/site-packages/capstone_pkg-0.0.0-py3.8.egg-info' (and everything under it)
[1.430s] Copying ../../build/capstone_pkg/capstone_pkg.egg-info to /home/hle/Desktop/compsci/ros/slam_capstone/install/capstone_pkg/lib/python3.8/site-packages/capstone_pkg-0.0.0-py3.8.egg-info
[1.431s] running install_scripts
[1.446s] Installing basic_movement script to /home/hle/Desktop/compsci/ros/slam_capstone/install/capstone_pkg/lib/capstone_pkg
[1.447s] Installing lidar_data script to /home/hle/Desktop/compsci/ros/slam_capstone/install/capstone_pkg/lib/capstone_pkg
[1.447s] Installing stop_movement script to /home/hle/Desktop/compsci/ros/slam_capstone/install/capstone_pkg/lib/capstone_pkg
[1.447s] Installing tb3_status script to /home/hle/Desktop/compsci/ros/slam_capstone/install/capstone_pkg/lib/capstone_pkg
[1.447s] writing list of installed files to '/home/hle/Desktop/compsci/ros/slam_capstone/build/capstone_pkg/install.log'
[1.465s] Invoked command in '/home/hle/Desktop/compsci/ros/slam_capstone/src/capstone_pkg' returned '0': AMENT_PREFIX_PATH=/home/hle/Desktop/compsci/ros/slam_capstone/install/capstone_interfaces:${AMENT_PREFIX_PATH} CMAKE_PREFIX_PATH=/home/hle/Desktop/compsci/ros/slam_capstone/install/capstone_interfaces:${CMAKE_PREFIX_PATH} LD_LIBRARY_PATH=/home/hle/Desktop/compsci/ros/slam_capstone/install/capstone_interfaces/lib:${LD_LIBRARY_PATH} PYTHONPATH=/home/hle/Desktop/compsci/ros/slam_capstone/install/capstone_pkg/lib/python3.8/site-packages:/home/hle/Desktop/compsci/ros/slam_capstone/install/capstone_interfaces/lib/python3.8/site-packages:${PYTHONPATH} /usr/bin/python3 setup.py egg_info --egg-base ../../build/capstone_pkg build --build-base /home/hle/Desktop/compsci/ros/slam_capstone/build/capstone_pkg/build install --prefix /home/hle/Desktop/compsci/ros/slam_capstone/install/capstone_pkg --record /home/hle/Desktop/compsci/ros/slam_capstone/build/capstone_pkg/install.log --single-version-externally-managed
