[0.023s] Invoking command in '/home/hle/Desktop/compsci/ros/slam_capstone/build/laser_geometry': CMAKE_PREFIX_PATH=/home/hle/Desktop/compsci/ros/ros2_ws/install/ws_bringup:/home/hle/Desktop/compsci/ros/ros2_ws/install/launch:/home/hle/Desktop/compsci/ros/ros2_ws/install/my_robot_interfaces:/home/hle/Desktop/compsci/ros/ros2_ws/install/my_cpp_pkg:/home/hle/turtlebot3_ws/install/turtlebot3:/home/hle/turtlebot3_ws/install/turtlebot3_simulations:/home/hle/turtlebot3_ws/install/turtlebot3_bringup:/home/hle/turtlebot3_ws/install/turtlebot3_node:/home/hle/turtlebot3_ws/install/turtlebot3_navigation2:/home/hle/turtlebot3_ws/install/turtlebot3_fake_node:/home/hle/turtlebot3_ws/install/turtlebot3_msgs:/home/hle/Desktop/compsci/ros/ros2_ws/install/my_py_pkg:/home/hle/Desktop/compsci/ros/ros2_ws/install/tf_transformations:/home/hle/Desktop/compsci/ros/mapping_controller/install/mapping_controller:/home/hle/turtlebot3_ws/install/turtlebot3_teleop:/home/hle/turtlebot3_ws/install/turtlebot3_example:/home/hle/Desktop/compsci/ros/ir_sensor/install/ir_sensor_pkg:/home/hle/Desktop/compsci/ros/clientserver/install/clientserver_pkg:/home/hle/Desktop/compsci/ros/activity2/install/activity:/home/hle/Desktop/compsci/ros/activity4/install/packages:/home/hle/Desktop/compsci/ros/slam_capstone/install/capstone_pkg:/opt/ros/foxy:/home/hle/turtlebot3_ws/install/turtlebot3_gazebo:/home/hle/turtlebot3_ws/install/turtlebot3_description:/home/hle/turtlebot3_ws/install/turtlebot3_cartographer:/home/hle/turtlebot3_ws/install/dynamixel_sdk_examples:/home/hle/turtlebot3_ws/install/dynamixel_sdk_custom_interfaces:/home/hle/turtlebot3_ws/install/dynamixel_sdk:/home/hle/Desktop/compsci/ros/activity2/install/activity_bringup:/home/hle/Desktop/compsci/ros/activity4/install/interfaces:/home/hle/Desktop/compsci/ros/slam_capstone/install/launch:/home/hle/Desktop/compsci/ros/slam_capstone/install/capstone_pkg_cpp:/home/hle/Desktop/compsci/ros/slam_capstone/install/capstone_bringup:/home/hle/Desktop/compsci/ros/slam_capstone/install/capstone_interfaces /usr/bin/cmake /home/hle/Desktop/compsci/ros/slam_capstone/src/laser_geometry -DAMENT_CMAKE_SYMLINK_INSTALL=1 -DCMAKE_INSTALL_PREFIX=/home/hle/Desktop/compsci/ros/slam_capstone/install/laser_geometry
[0.086s] -- The C compiler identification is GNU 9.4.0
[0.148s] -- The CXX compiler identification is GNU 9.4.0
[0.155s] -- Check for working C compiler: /usr/bin/cc
[0.222s] -- Check for working C compiler: /usr/bin/cc -- works
[0.223s] -- Detecting C compiler ABI info
[0.288s] -- Detecting C compiler ABI info - done
[0.300s] -- Detecting C compile features
[0.301s] -- Detecting C compile features - done
[0.303s] -- Check for working CXX compiler: /usr/bin/c++
[0.376s] -- Check for working CXX compiler: /usr/bin/c++ -- works
[0.377s] -- Detecting CXX compiler ABI info
[0.450s] -- Detecting CXX compiler ABI info - done
[0.473s] -- Detecting CXX compile features
[0.473s] -- Detecting CXX compile features - done
[0.479s] -- Found ament_cmake: 0.9.9 (/opt/ros/foxy/share/ament_cmake/cmake)
[0.519s] -- Found PythonInterp: /usr/bin/python3 (found suitable version "3.8.10", minimum required is "3") 
[0.519s] -- Using PYTHON_EXECUTABLE: /usr/bin/python3
[0.694s] -- Override CMake install command with custom implementation using symlinks instead of copying resources
[0.732s] -- Found rclcpp: 2.4.1 (/opt/ros/foxy/share/rclcpp/cmake)
[0.791s] -- Using all available rosidl_typesupport_c: rosidl_typesupport_fastrtps_c;rosidl_typesupport_introspection_c
[0.801s] -- Found rosidl_adapter: 1.2.1 (/opt/ros/foxy/share/rosidl_adapter/cmake)
[0.880s] -- Found OpenSSL: /usr/lib/x86_64-linux-gnu/libcrypto.so (found version "1.1.1f")  
[0.915s] -- Found FastRTPS: /opt/ros/foxy/include  
[1.009s] -- Using all available rosidl_typesupport_cpp: rosidl_typesupport_fastrtps_cpp;rosidl_typesupport_introspection_cpp
[1.074s] -- Found rmw_implementation_cmake: 1.0.3 (/opt/ros/foxy/share/rmw_implementation_cmake/cmake)
[1.077s] -- Using RMW implementation 'rmw_fastrtps_cpp' as default
[1.082s] -- Looking for pthread.h
[1.150s] -- Looking for pthread.h - found
[1.150s] -- Performing Test CMAKE_HAVE_LIBC_PTHREAD
[1.219s] -- Performing Test CMAKE_HAVE_LIBC_PTHREAD - Failed
[1.219s] -- Looking for pthread_create in pthreads
[1.273s] -- Looking for pthread_create in pthreads - not found
[1.273s] -- Looking for pthread_create in pthread
[1.340s] -- Looking for pthread_create in pthread - found
[1.341s] -- Found Threads: TRUE  
[1.499s] -- Found sensor_msgs: 2.0.5 (/opt/ros/foxy/share/sensor_msgs/cmake)
[1.613s] -- Found tf2: 0.13.13 (/opt/ros/foxy/share/tf2/cmake)
[1.625s] -- Found eigen3_cmake_module: 0.1.1 (/opt/ros/foxy/share/eigen3_cmake_module/cmake)
[1.630s] -- Found Eigen3: TRUE (found version "3.3.7") 
[1.636s] -- Found ament_cmake_cppcheck: 0.9.6 (/opt/ros/foxy/share/ament_cmake_cppcheck/cmake)
[1.639s] -- Found ament_cmake_cpplint: 0.9.6 (/opt/ros/foxy/share/ament_cmake_cpplint/cmake)
[1.641s] -- Found ament_cmake_lint_cmake: 0.9.6 (/opt/ros/foxy/share/ament_cmake_lint_cmake/cmake)
[1.644s] -- Found ament_cmake_uncrustify: 0.9.6 (/opt/ros/foxy/share/ament_cmake_uncrustify/cmake)
[1.649s] -- Found ament_cmake_gtest: 0.9.9 (/opt/ros/foxy/share/ament_cmake_gtest/cmake)
[1.653s] -- Found ament_cmake_gmock: 0.9.9 (/opt/ros/foxy/share/ament_cmake_gmock/cmake)
[1.656s] -- Found gtest sources under '/opt/ros/foxy/src/gtest_vendor': C++ tests using 'Google Test' will be built
[1.658s] -- Check if compiler accepts -pthread
[1.748s] -- Check if compiler accepts -pthread - yes
[1.860s] -- Configuring done
[1.873s] -- Generating done
[1.876s] -- Build files have been written to: /home/hle/Desktop/compsci/ros/slam_capstone/build/laser_geometry
[1.884s] Invoked command in '/home/hle/Desktop/compsci/ros/slam_capstone/build/laser_geometry' returned '0': CMAKE_PREFIX_PATH=/home/hle/Desktop/compsci/ros/ros2_ws/install/ws_bringup:/home/hle/Desktop/compsci/ros/ros2_ws/install/launch:/home/hle/Desktop/compsci/ros/ros2_ws/install/my_robot_interfaces:/home/hle/Desktop/compsci/ros/ros2_ws/install/my_cpp_pkg:/home/hle/turtlebot3_ws/install/turtlebot3:/home/hle/turtlebot3_ws/install/turtlebot3_simulations:/home/hle/turtlebot3_ws/install/turtlebot3_bringup:/home/hle/turtlebot3_ws/install/turtlebot3_node:/home/hle/turtlebot3_ws/install/turtlebot3_navigation2:/home/hle/turtlebot3_ws/install/turtlebot3_fake_node:/home/hle/turtlebot3_ws/install/turtlebot3_msgs:/home/hle/Desktop/compsci/ros/ros2_ws/install/my_py_pkg:/home/hle/Desktop/compsci/ros/ros2_ws/install/tf_transformations:/home/hle/Desktop/compsci/ros/mapping_controller/install/mapping_controller:/home/hle/turtlebot3_ws/install/turtlebot3_teleop:/home/hle/turtlebot3_ws/install/turtlebot3_example:/home/hle/Desktop/compsci/ros/ir_sensor/install/ir_sensor_pkg:/home/hle/Desktop/compsci/ros/clientserver/install/clientserver_pkg:/home/hle/Desktop/compsci/ros/activity2/install/activity:/home/hle/Desktop/compsci/ros/activity4/install/packages:/home/hle/Desktop/compsci/ros/slam_capstone/install/capstone_pkg:/opt/ros/foxy:/home/hle/turtlebot3_ws/install/turtlebot3_gazebo:/home/hle/turtlebot3_ws/install/turtlebot3_description:/home/hle/turtlebot3_ws/install/turtlebot3_cartographer:/home/hle/turtlebot3_ws/install/dynamixel_sdk_examples:/home/hle/turtlebot3_ws/install/dynamixel_sdk_custom_interfaces:/home/hle/turtlebot3_ws/install/dynamixel_sdk:/home/hle/Desktop/compsci/ros/activity2/install/activity_bringup:/home/hle/Desktop/compsci/ros/activity4/install/interfaces:/home/hle/Desktop/compsci/ros/slam_capstone/install/launch:/home/hle/Desktop/compsci/ros/slam_capstone/install/capstone_pkg_cpp:/home/hle/Desktop/compsci/ros/slam_capstone/install/capstone_bringup:/home/hle/Desktop/compsci/ros/slam_capstone/install/capstone_interfaces /usr/bin/cmake /home/hle/Desktop/compsci/ros/slam_capstone/src/laser_geometry -DAMENT_CMAKE_SYMLINK_INSTALL=1 -DCMAKE_INSTALL_PREFIX=/home/hle/Desktop/compsci/ros/slam_capstone/install/laser_geometry
[1.885s] Invoking command in '/home/hle/Desktop/compsci/ros/slam_capstone/build/laser_geometry': CMAKE_PREFIX_PATH=/home/hle/Desktop/compsci/ros/ros2_ws/install/ws_bringup:/home/hle/Desktop/compsci/ros/ros2_ws/install/launch:/home/hle/Desktop/compsci/ros/ros2_ws/install/my_robot_interfaces:/home/hle/Desktop/compsci/ros/ros2_ws/install/my_cpp_pkg:/home/hle/turtlebot3_ws/install/turtlebot3:/home/hle/turtlebot3_ws/install/turtlebot3_simulations:/home/hle/turtlebot3_ws/install/turtlebot3_bringup:/home/hle/turtlebot3_ws/install/turtlebot3_node:/home/hle/turtlebot3_ws/install/turtlebot3_navigation2:/home/hle/turtlebot3_ws/install/turtlebot3_fake_node:/home/hle/turtlebot3_ws/install/turtlebot3_msgs:/home/hle/Desktop/compsci/ros/ros2_ws/install/my_py_pkg:/home/hle/Desktop/compsci/ros/ros2_ws/install/tf_transformations:/home/hle/Desktop/compsci/ros/mapping_controller/install/mapping_controller:/home/hle/turtlebot3_ws/install/turtlebot3_teleop:/home/hle/turtlebot3_ws/install/turtlebot3_example:/home/hle/Desktop/compsci/ros/ir_sensor/install/ir_sensor_pkg:/home/hle/Desktop/compsci/ros/clientserver/install/clientserver_pkg:/home/hle/Desktop/compsci/ros/activity2/install/activity:/home/hle/Desktop/compsci/ros/activity4/install/packages:/home/hle/Desktop/compsci/ros/slam_capstone/install/capstone_pkg:/opt/ros/foxy:/home/hle/turtlebot3_ws/install/turtlebot3_gazebo:/home/hle/turtlebot3_ws/install/turtlebot3_description:/home/hle/turtlebot3_ws/install/turtlebot3_cartographer:/home/hle/turtlebot3_ws/install/dynamixel_sdk_examples:/home/hle/turtlebot3_ws/install/dynamixel_sdk_custom_interfaces:/home/hle/turtlebot3_ws/install/dynamixel_sdk:/home/hle/Desktop/compsci/ros/activity2/install/activity_bringup:/home/hle/Desktop/compsci/ros/activity4/install/interfaces:/home/hle/Desktop/compsci/ros/slam_capstone/install/launch:/home/hle/Desktop/compsci/ros/slam_capstone/install/capstone_pkg_cpp:/home/hle/Desktop/compsci/ros/slam_capstone/install/capstone_bringup:/home/hle/Desktop/compsci/ros/slam_capstone/install/capstone_interfaces /usr/bin/cmake --build /home/hle/Desktop/compsci/ros/slam_capstone/build/laser_geometry -- -j8 -l8
[1.927s] [35m[1mScanning dependencies of target gtest_main[0m
[1.927s] [35m[1mScanning dependencies of target gtest[0m
[1.928s] [35m[1mScanning dependencies of target laser_geometry[0m
[1.940s] [ 12%] [32mBuilding CXX object gtest/CMakeFiles/gtest_main.dir/src/gtest_main.cc.o[0m
[1.947s] [ 25%] [32mBuilding CXX object gtest/CMakeFiles/gtest.dir/src/gtest-all.cc.o[0m
[1.966s] [ 37%] [32mBuilding CXX object CMakeFiles/laser_geometry.dir/src/laser_geometry.cpp.o[0m
[2.655s] [ 50%] [32m[1mLinking CXX static library libgtest_main.a[0m
[2.687s] [ 50%] Built target gtest_main
[3.270s] [ 62%] [32m[1mLinking CXX shared library liblaser_geometry.so[0m
[3.389s] [ 62%] Built target laser_geometry
[4.791s] [ 75%] [32m[1mLinking CXX static library libgtest.a[0m
[4.840s] [ 75%] Built target gtest
[4.849s] [35m[1mScanning dependencies of target projection_test[0m
[4.900s] [ 87%] [32mBuilding CXX object CMakeFiles/projection_test.dir/test/projection_test.cpp.o[0m
[7.246s] [100%] [32m[1mLinking CXX executable projection_test[0m
[7.422s] [100%] Built target projection_test
[7.433s] Invoked command in '/home/hle/Desktop/compsci/ros/slam_capstone/build/laser_geometry' returned '0': CMAKE_PREFIX_PATH=/home/hle/Desktop/compsci/ros/ros2_ws/install/ws_bringup:/home/hle/Desktop/compsci/ros/ros2_ws/install/launch:/home/hle/Desktop/compsci/ros/ros2_ws/install/my_robot_interfaces:/home/hle/Desktop/compsci/ros/ros2_ws/install/my_cpp_pkg:/home/hle/turtlebot3_ws/install/turtlebot3:/home/hle/turtlebot3_ws/install/turtlebot3_simulations:/home/hle/turtlebot3_ws/install/turtlebot3_bringup:/home/hle/turtlebot3_ws/install/turtlebot3_node:/home/hle/turtlebot3_ws/install/turtlebot3_navigation2:/home/hle/turtlebot3_ws/install/turtlebot3_fake_node:/home/hle/turtlebot3_ws/install/turtlebot3_msgs:/home/hle/Desktop/compsci/ros/ros2_ws/install/my_py_pkg:/home/hle/Desktop/compsci/ros/ros2_ws/install/tf_transformations:/home/hle/Desktop/compsci/ros/mapping_controller/install/mapping_controller:/home/hle/turtlebot3_ws/install/turtlebot3_teleop:/home/hle/turtlebot3_ws/install/turtlebot3_example:/home/hle/Desktop/compsci/ros/ir_sensor/install/ir_sensor_pkg:/home/hle/Desktop/compsci/ros/clientserver/install/clientserver_pkg:/home/hle/Desktop/compsci/ros/activity2/install/activity:/home/hle/Desktop/compsci/ros/activity4/install/packages:/home/hle/Desktop/compsci/ros/slam_capstone/install/capstone_pkg:/opt/ros/foxy:/home/hle/turtlebot3_ws/install/turtlebot3_gazebo:/home/hle/turtlebot3_ws/install/turtlebot3_description:/home/hle/turtlebot3_ws/install/turtlebot3_cartographer:/home/hle/turtlebot3_ws/install/dynamixel_sdk_examples:/home/hle/turtlebot3_ws/install/dynamixel_sdk_custom_interfaces:/home/hle/turtlebot3_ws/install/dynamixel_sdk:/home/hle/Desktop/compsci/ros/activity2/install/activity_bringup:/home/hle/Desktop/compsci/ros/activity4/install/interfaces:/home/hle/Desktop/compsci/ros/slam_capstone/install/launch:/home/hle/Desktop/compsci/ros/slam_capstone/install/capstone_pkg_cpp:/home/hle/Desktop/compsci/ros/slam_capstone/install/capstone_bringup:/home/hle/Desktop/compsci/ros/slam_capstone/install/capstone_interfaces /usr/bin/cmake --build /home/hle/Desktop/compsci/ros/slam_capstone/build/laser_geometry -- -j8 -l8
[7.459s] Invoking command in '/home/hle/Desktop/compsci/ros/slam_capstone/build/laser_geometry': CMAKE_PREFIX_PATH=/home/hle/Desktop/compsci/ros/ros2_ws/install/ws_bringup:/home/hle/Desktop/compsci/ros/ros2_ws/install/launch:/home/hle/Desktop/compsci/ros/ros2_ws/install/my_robot_interfaces:/home/hle/Desktop/compsci/ros/ros2_ws/install/my_cpp_pkg:/home/hle/turtlebot3_ws/install/turtlebot3:/home/hle/turtlebot3_ws/install/turtlebot3_simulations:/home/hle/turtlebot3_ws/install/turtlebot3_bringup:/home/hle/turtlebot3_ws/install/turtlebot3_node:/home/hle/turtlebot3_ws/install/turtlebot3_navigation2:/home/hle/turtlebot3_ws/install/turtlebot3_fake_node:/home/hle/turtlebot3_ws/install/turtlebot3_msgs:/home/hle/Desktop/compsci/ros/ros2_ws/install/my_py_pkg:/home/hle/Desktop/compsci/ros/ros2_ws/install/tf_transformations:/home/hle/Desktop/compsci/ros/mapping_controller/install/mapping_controller:/home/hle/turtlebot3_ws/install/turtlebot3_teleop:/home/hle/turtlebot3_ws/install/turtlebot3_example:/home/hle/Desktop/compsci/ros/ir_sensor/install/ir_sensor_pkg:/home/hle/Desktop/compsci/ros/clientserver/install/clientserver_pkg:/home/hle/Desktop/compsci/ros/activity2/install/activity:/home/hle/Desktop/compsci/ros/activity4/install/packages:/home/hle/Desktop/compsci/ros/slam_capstone/install/capstone_pkg:/opt/ros/foxy:/home/hle/turtlebot3_ws/install/turtlebot3_gazebo:/home/hle/turtlebot3_ws/install/turtlebot3_description:/home/hle/turtlebot3_ws/install/turtlebot3_cartographer:/home/hle/turtlebot3_ws/install/dynamixel_sdk_examples:/home/hle/turtlebot3_ws/install/dynamixel_sdk_custom_interfaces:/home/hle/turtlebot3_ws/install/dynamixel_sdk:/home/hle/Desktop/compsci/ros/activity2/install/activity_bringup:/home/hle/Desktop/compsci/ros/activity4/install/interfaces:/home/hle/Desktop/compsci/ros/slam_capstone/install/launch:/home/hle/Desktop/compsci/ros/slam_capstone/install/capstone_pkg_cpp:/home/hle/Desktop/compsci/ros/slam_capstone/install/capstone_bringup:/home/hle/Desktop/compsci/ros/slam_capstone/install/capstone_interfaces /usr/bin/cmake --install /home/hle/Desktop/compsci/ros/slam_capstone/build/laser_geometry
[7.466s] -- Install configuration: ""
[7.467s] -- Execute custom install script
[7.467s] -- Symlinking: /home/hle/Desktop/compsci/ros/slam_capstone/install/laser_geometry/share/laser_geometry/environment/library_path.sh
[7.476s] -- Symlinking: /home/hle/Desktop/compsci/ros/slam_capstone/install/laser_geometry/share/laser_geometry/environment/library_path.dsv
[7.485s] -- Symlinking: /home/hle/Desktop/compsci/ros/slam_capstone/install/laser_geometry/include/laser_geometry/laser_geometry.hpp
[7.493s] -- Symlinking: /home/hle/Desktop/compsci/ros/slam_capstone/install/laser_geometry/include/laser_geometry/visibility_control.hpp
[7.501s] -- Symlinking: /home/hle/Desktop/compsci/ros/slam_capstone/install/laser_geometry/share/ament_index/resource_index/package_run_dependencies/laser_geometry
[7.510s] -- Symlinking: /home/hle/Desktop/compsci/ros/slam_capstone/install/laser_geometry/share/ament_index/resource_index/parent_prefix_path/laser_geometry
[7.519s] -- Symlinking: /home/hle/Desktop/compsci/ros/slam_capstone/install/laser_geometry/share/laser_geometry/environment/ament_prefix_path.sh
[7.528s] -- Symlinking: /home/hle/Desktop/compsci/ros/slam_capstone/install/laser_geometry/share/laser_geometry/environment/ament_prefix_path.dsv
[7.536s] -- Symlinking: /home/hle/Desktop/compsci/ros/slam_capstone/install/laser_geometry/share/laser_geometry/environment/path.sh
[7.545s] -- Symlinking: /home/hle/Desktop/compsci/ros/slam_capstone/install/laser_geometry/share/laser_geometry/environment/path.dsv
[7.553s] -- Symlinking: /home/hle/Desktop/compsci/ros/slam_capstone/install/laser_geometry/share/laser_geometry/local_setup.bash
[7.561s] -- Symlinking: /home/hle/Desktop/compsci/ros/slam_capstone/install/laser_geometry/share/laser_geometry/local_setup.sh
[7.570s] -- Symlinking: /home/hle/Desktop/compsci/ros/slam_capstone/install/laser_geometry/share/laser_geometry/local_setup.zsh
[7.579s] -- Symlinking: /home/hle/Desktop/compsci/ros/slam_capstone/install/laser_geometry/share/laser_geometry/local_setup.dsv
[7.587s] -- Symlinking: /home/hle/Desktop/compsci/ros/slam_capstone/install/laser_geometry/share/laser_geometry/package.dsv
[7.596s] -- Symlinking: /home/hle/Desktop/compsci/ros/slam_capstone/install/laser_geometry/share/ament_index/resource_index/packages/laser_geometry
[7.604s] -- Symlinking: /home/hle/Desktop/compsci/ros/slam_capstone/install/laser_geometry/share/laser_geometry/cmake/ament_cmake_export_include_directories-extras.cmake
[7.614s] -- Symlinking: /home/hle/Desktop/compsci/ros/slam_capstone/install/laser_geometry/share/laser_geometry/cmake/ament_cmake_export_libraries-extras.cmake
[7.623s] -- Symlinking: /home/hle/Desktop/compsci/ros/slam_capstone/install/laser_geometry/share/laser_geometry/cmake/ament_cmake_export_targets-extras.cmake
[7.632s] -- Symlinking: /home/hle/Desktop/compsci/ros/slam_capstone/install/laser_geometry/share/laser_geometry/cmake/ament_cmake_export_dependencies-extras.cmake
[7.640s] -- Symlinking: /home/hle/Desktop/compsci/ros/slam_capstone/install/laser_geometry/share/laser_geometry/cmake/laser_geometryConfig.cmake
[7.649s] -- Symlinking: /home/hle/Desktop/compsci/ros/slam_capstone/install/laser_geometry/share/laser_geometry/cmake/laser_geometryConfig-version.cmake
[7.657s] -- Symlinking: /home/hle/Desktop/compsci/ros/slam_capstone/install/laser_geometry/share/laser_geometry/package.xml
[7.666s] -- Installing: /home/hle/Desktop/compsci/ros/slam_capstone/install/laser_geometry/lib/liblaser_geometry.so
[7.666s] -- Set runtime path of "/home/hle/Desktop/compsci/ros/slam_capstone/install/laser_geometry/lib/liblaser_geometry.so" to ""
[7.666s] -- Installing: /home/hle/Desktop/compsci/ros/slam_capstone/install/laser_geometry/share/laser_geometry/cmake/laser_geometryExport.cmake
[7.666s] -- Installing: /home/hle/Desktop/compsci/ros/slam_capstone/install/laser_geometry/share/laser_geometry/cmake/laser_geometryExport-noconfig.cmake
[7.670s] Invoked command in '/home/hle/Desktop/compsci/ros/slam_capstone/build/laser_geometry' returned '0': CMAKE_PREFIX_PATH=/home/hle/Desktop/compsci/ros/ros2_ws/install/ws_bringup:/home/hle/Desktop/compsci/ros/ros2_ws/install/launch:/home/hle/Desktop/compsci/ros/ros2_ws/install/my_robot_interfaces:/home/hle/Desktop/compsci/ros/ros2_ws/install/my_cpp_pkg:/home/hle/turtlebot3_ws/install/turtlebot3:/home/hle/turtlebot3_ws/install/turtlebot3_simulations:/home/hle/turtlebot3_ws/install/turtlebot3_bringup:/home/hle/turtlebot3_ws/install/turtlebot3_node:/home/hle/turtlebot3_ws/install/turtlebot3_navigation2:/home/hle/turtlebot3_ws/install/turtlebot3_fake_node:/home/hle/turtlebot3_ws/install/turtlebot3_msgs:/home/hle/Desktop/compsci/ros/ros2_ws/install/my_py_pkg:/home/hle/Desktop/compsci/ros/ros2_ws/install/tf_transformations:/home/hle/Desktop/compsci/ros/mapping_controller/install/mapping_controller:/home/hle/turtlebot3_ws/install/turtlebot3_teleop:/home/hle/turtlebot3_ws/install/turtlebot3_example:/home/hle/Desktop/compsci/ros/ir_sensor/install/ir_sensor_pkg:/home/hle/Desktop/compsci/ros/clientserver/install/clientserver_pkg:/home/hle/Desktop/compsci/ros/activity2/install/activity:/home/hle/Desktop/compsci/ros/activity4/install/packages:/home/hle/Desktop/compsci/ros/slam_capstone/install/capstone_pkg:/opt/ros/foxy:/home/hle/turtlebot3_ws/install/turtlebot3_gazebo:/home/hle/turtlebot3_ws/install/turtlebot3_description:/home/hle/turtlebot3_ws/install/turtlebot3_cartographer:/home/hle/turtlebot3_ws/install/dynamixel_sdk_examples:/home/hle/turtlebot3_ws/install/dynamixel_sdk_custom_interfaces:/home/hle/turtlebot3_ws/install/dynamixel_sdk:/home/hle/Desktop/compsci/ros/activity2/install/activity_bringup:/home/hle/Desktop/compsci/ros/activity4/install/interfaces:/home/hle/Desktop/compsci/ros/slam_capstone/install/launch:/home/hle/Desktop/compsci/ros/slam_capstone/install/capstone_pkg_cpp:/home/hle/Desktop/compsci/ros/slam_capstone/install/capstone_bringup:/home/hle/Desktop/compsci/ros/slam_capstone/install/capstone_interfaces /usr/bin/cmake --install /home/hle/Desktop/compsci/ros/slam_capstone/build/laser_geometry
