[0.016s] Invoking command in '/home/hle/Desktop/compsci/ros/slam_capstone/build/capstone_bringup': /usr/bin/cmake /home/hle/Desktop/compsci/ros/slam_capstone/src/capstone_bringup -DCMAKE_INSTALL_PREFIX=/home/hle/Desktop/compsci/ros/slam_capstone/install/capstone_bringup
[0.027s] -- Found ament_cmake: 0.9.9 (/opt/ros/foxy/share/ament_cmake/cmake)
[0.056s] -- Using PYTHON_EXECUTABLE: /usr/bin/python3
[0.208s] -- Override CMake install command with custom implementation using symlinks instead of copying resources
[0.275s] Error parsing '/home/hle/Desktop/compsci/ros/slam_capstone/src/capstone_bringup/package.xml':
[0.397s] Traceback (most recent call last):
[0.397s]   File "/opt/ros/foxy/share/ament_cmake_core/cmake/core/package_xml_2_cmake.py", line 143, in <module>
[0.397s]     main()
[0.398s]   File "/opt/ros/foxy/share/ament_cmake_core/cmake/core/package_xml_2_cmake.py", line 52, in main
[0.398s]     raise e
[0.398s]   File "/opt/ros/foxy/share/ament_cmake_core/cmake/core/package_xml_2_cmake.py", line 48, in main
[0.398s]     package = parse_package_string(
[0.398s]   File "/usr/lib/python3/dist-packages/catkin_pkg/package.py", line 774, in parse_package_string
[0.398s]     pkg.validate(warnings=warnings)
[0.398s]   File "/usr/lib/python3/dist-packages/catkin_pkg/package.py", line 317, in validate
[0.398s]     raise InvalidPackage('\n'.join(errors), self.filename)
[0.398s] catkin_pkg.package.InvalidPackage: Error(s) in package '/home/hle/Desktop/compsci/ros/slam_capstone/src/capstone_bringup/package.xml':
[0.398s] The package "capstone_bringup" must not "exec_depend" on a package with the same name as this package
[0.417s] CMake Error at /opt/ros/foxy/share/ament_cmake_core/cmake/core/ament_package_xml.cmake:94 (message):
[0.417s]   execute_process(/usr/bin/python3
[0.417s]   /opt/ros/foxy/share/ament_cmake_core/cmake/core/package_xml_2_cmake.py
[0.417s]   /home/hle/Desktop/compsci/ros/slam_capstone/src/capstone_bringup/package.xml
[0.417s]   /home/hle/Desktop/compsci/ros/slam_capstone/build/capstone_bringup/ament_cmake_core/package.cmake)
[0.417s]   returned error code 1
[0.417s] Call Stack (most recent call first):
[0.418s]   /opt/ros/foxy/share/ament_cmake_core/cmake/core/ament_package_xml.cmake:49 (_ament_package_xml)
[0.418s]   /opt/ros/foxy/share/ament_cmake_core/cmake/core/ament_package.cmake:63 (ament_package_xml)
[0.418s]   CMakeLists.txt:24 (ament_package)
[0.418s] 
[0.418s] 
[0.418s] -- Configuring incomplete, errors occurred!
[0.418s] See also "/home/hle/Desktop/compsci/ros/slam_capstone/build/capstone_bringup/CMakeFiles/CMakeOutput.log".
[0.420s] Invoked command in '/home/hle/Desktop/compsci/ros/slam_capstone/build/capstone_bringup' returned '1': /usr/bin/cmake /home/hle/Desktop/compsci/ros/slam_capstone/src/capstone_bringup -DCMAKE_INSTALL_PREFIX=/home/hle/Desktop/compsci/ros/slam_capstone/install/capstone_bringup
