[0.021s] Invoking command in '/home/hle/Desktop/compsci/ros/slam_capstone/build/capstone_interfaces': CMAKE_PREFIX_PATH=${CMAKE_PREFIX_PATH}:/home/hle/Desktop/compsci/ros/ros2_ws/install/my_py_pkg:/home/hle/turtlebot3_ws/install/turtlebot3_teleop:/home/hle/turtlebot3_ws/install/turtlebot3_example:/home/hle/Desktop/compsci/ros/ir_sensor/install/ir_sensor_pkg:/home/hle/Desktop/compsci/ros/clientserver/install/clientserver_pkg:/home/hle/Desktop/compsci/ros/activity2/install/activity:/home/hle/Desktop/compsci/ros/activity4/install/packages:/home/hle/Desktop/compsci/ros/slam_capstone/install/capstone_pkg:/opt/ros/foxy /usr/bin/cmake --build /home/hle/Desktop/compsci/ros/slam_capstone/build/capstone_interfaces -- -j8 -l8
[0.045s] -- Found ament_cmake: 0.9.9 (/opt/ros/foxy/share/ament_cmake/cmake)
[0.074s] -- Found PythonInterp: /usr/bin/python3 (found suitable version "3.8.10", minimum required is "3") 
[0.074s] -- Using PYTHON_EXECUTABLE: /usr/bin/python3
[0.236s] -- Override CMake install command with custom implementation using symlinks instead of copying resources
[0.244s] -- Found rosidl_default_generators: 1.0.1 (/opt/ros/foxy/share/rosidl_default_generators/cmake)
[0.250s] -- Using all available rosidl_typesupport_c: rosidl_typesupport_fastrtps_c;rosidl_typesupport_introspection_c
[0.253s] -- Found rosidl_adapter: 1.2.1 (/opt/ros/foxy/share/rosidl_adapter/cmake)
[0.398s] -- Using all available rosidl_typesupport_cpp: rosidl_typesupport_fastrtps_cpp;rosidl_typesupport_introspection_cpp
[0.453s] -- Found PythonInterp: /usr/bin/python3 (found version "3.8.10") 
[0.578s] -- Found ament_cmake_ros: 0.9.2 (/opt/ros/foxy/share/ament_cmake_ros/cmake)
[0.660s] -- Using all available rosidl_typesupport_c: rosidl_typesupport_fastrtps_c;rosidl_typesupport_introspection_c
[0.668s] -- Using all available rosidl_typesupport_cpp: rosidl_typesupport_fastrtps_cpp;rosidl_typesupport_introspection_cpp
[0.697s] -- Found PythonInterp: /usr/bin/python3 (found suitable version "3.8.10", minimum required is "3.5") 
[0.697s] -- Found python_cmake_module: 0.8.1 (/opt/ros/foxy/share/python_cmake_module/cmake)
[0.725s] -- Using PYTHON_EXECUTABLE: /usr/bin/python3
[0.725s] -- Using PYTHON_INCLUDE_DIRS: /usr/include/python3.8
[0.725s] -- Using PYTHON_LIBRARIES: /usr/lib/x86_64-linux-gnu/libpython3.8.so
[0.752s] -- Configuring done
[0.779s] -- Generating done
[0.782s] -- Build files have been written to: /home/hle/Desktop/compsci/ros/slam_capstone/build/capstone_interfaces
[0.801s] [  3%] [34m[1mGenerating C code for ROS interfaces[0m
[0.810s] [  6%] [34m[1mGenerating C++ code for ROS interfaces[0m
[1.017s] [  6%] Built target capstone_interfaces__cpp
[1.028s] [  9%] [34m[1mGenerating C++ type support dispatch for ROS interfaces[0m
[1.030s] [ 12%] [34m[1mGenerating C++ type support for eProsima Fast-RTPS[0m
[1.030s] [ 16%] [34m[1mGenerating C++ introspection for ROS interfaces[0m
[1.041s] [35m[1mScanning dependencies of target capstone_interfaces__rosidl_generator_c[0m
[1.057s] [ 19%] [32mBuilding C object CMakeFiles/capstone_interfaces__rosidl_generator_c.dir/rosidl_generator_c/capstone_interfaces/msg/detail/tb3_status__functions.c.o[0m
[1.110s] [ 22%] [32m[1mLinking C shared library libcapstone_interfaces__rosidl_generator_c.so[0m
[1.155s] [ 22%] Built target capstone_interfaces__rosidl_generator_c
[1.168s] [ 29%] [34m[1mGenerating C type support dispatch for ROS interfaces[0m
[1.169s] [ 29%] [34m[1mGenerating C introspection for ROS interfaces[0m
[1.291s] [35m[1mScanning dependencies of target capstone_interfaces__rosidl_typesupport_cpp[0m
[1.307s] [ 32%] [32mBuilding CXX object CMakeFiles/capstone_interfaces__rosidl_typesupport_cpp.dir/rosidl_typesupport_cpp/capstone_interfaces/msg/tb3_status__type_support.cpp.o[0m
[1.338s] [35m[1mScanning dependencies of target capstone_interfaces__rosidl_typesupport_fastrtps_cpp[0m
[1.355s] [35m[1mScanning dependencies of target capstone_interfaces__rosidl_typesupport_introspection_cpp[0m
[1.356s] [ 35%] [32mBuilding CXX object CMakeFiles/capstone_interfaces__rosidl_typesupport_fastrtps_cpp.dir/rosidl_typesupport_fastrtps_cpp/capstone_interfaces/msg/detail/dds_fastrtps/tb3_status__type_support.cpp.o[0m
[1.372s] [ 38%] [32mBuilding CXX object CMakeFiles/capstone_interfaces__rosidl_typesupport_introspection_cpp.dir/rosidl_typesupport_introspection_cpp/capstone_interfaces/msg/detail/tb3_status__type_support.cpp.o[0m
[1.513s] [35m[1mScanning dependencies of target capstone_interfaces__rosidl_typesupport_c[0m
[1.513s] [35m[1mScanning dependencies of target capstone_interfaces__rosidl_typesupport_introspection_c[0m
[1.527s] [ 41%] [32mBuilding CXX object CMakeFiles/capstone_interfaces__rosidl_typesupport_c.dir/rosidl_typesupport_c/capstone_interfaces/msg/tb3_status__type_support.cpp.o[0m
[1.531s] [ 45%] [32mBuilding C object CMakeFiles/capstone_interfaces__rosidl_typesupport_introspection_c.dir/rosidl_typesupport_introspection_c/capstone_interfaces/msg/detail/tb3_status__type_support.c.o[0m
[1.602s] [ 48%] [32m[1mLinking CXX shared library libcapstone_interfaces__rosidl_typesupport_c.so[0m
[1.628s] [ 51%] [32m[1mLinking C shared library libcapstone_interfaces__rosidl_typesupport_introspection_c.so[0m
[1.679s] [ 51%] Built target capstone_interfaces__rosidl_typesupport_c
[1.680s] [ 51%] Built target capstone_interfaces__rosidl_typesupport_introspection_c
[1.746s] [ 54%] [32m[1mLinking CXX shared library libcapstone_interfaces__rosidl_typesupport_cpp.so[0m
[1.766s] [ 58%] [32m[1mLinking CXX shared library libcapstone_interfaces__rosidl_typesupport_introspection_cpp.so[0m
[1.785s] [ 58%] Built target capstone_interfaces__rosidl_typesupport_cpp
[1.848s] [ 58%] Built target capstone_interfaces__rosidl_typesupport_introspection_cpp
[1.869s] [ 61%] [32m[1mLinking CXX shared library libcapstone_interfaces__rosidl_typesupport_fastrtps_cpp.so[0m
[1.963s] [ 61%] Built target capstone_interfaces__rosidl_typesupport_fastrtps_cpp
[1.975s] [ 64%] [34m[1mGenerating C type support for eProsima Fast-RTPS[0m
[2.174s] [35m[1mScanning dependencies of target capstone_interfaces__rosidl_typesupport_fastrtps_c[0m
[2.184s] [ 67%] [32mBuilding CXX object CMakeFiles/capstone_interfaces__rosidl_typesupport_fastrtps_c.dir/rosidl_typesupport_fastrtps_c/capstone_interfaces/msg/detail/tb3_status__type_support_c.cpp.o[0m
[2.442s] [ 70%] [32m[1mLinking CXX shared library libcapstone_interfaces__rosidl_typesupport_fastrtps_c.so[0m
[2.509s] [ 70%] Built target capstone_interfaces__rosidl_typesupport_fastrtps_c
[2.528s] [ 70%] Built target capstone_interfaces
[2.548s] [ 74%] [34m[1mGenerating Python code for ROS interfaces[0m
[2.894s] [ 74%] Built target capstone_interfaces__py
[2.904s] [35m[1mScanning dependencies of target capstone_interfaces__python[0m
[2.918s] [ 77%] [32mBuilding C object CMakeFiles/capstone_interfaces__python.dir/rosidl_generator_py/capstone_interfaces/msg/_tb3_status_s.c.o[0m
[3.011s] [ 80%] [32m[1mLinking C shared library rosidl_generator_py/capstone_interfaces/libcapstone_interfaces__python.so[0m
[3.047s] [ 80%] Built target capstone_interfaces__python
[3.058s] [35m[1mScanning dependencies of target capstone_interfaces__rosidl_typesupport_c__pyext[0m
[3.058s] [35m[1mScanning dependencies of target capstone_interfaces__rosidl_typesupport_introspection_c__pyext[0m
[3.058s] [35m[1mScanning dependencies of target capstone_interfaces__rosidl_typesupport_fastrtps_c__pyext[0m
[3.073s] [ 83%] [32mBuilding C object CMakeFiles/capstone_interfaces__rosidl_typesupport_c__pyext.dir/rosidl_generator_py/capstone_interfaces/_capstone_interfaces_s.ep.rosidl_typesupport_c.c.o[0m
[3.074s] [ 87%] [32mBuilding C object CMakeFiles/capstone_interfaces__rosidl_typesupport_introspection_c__pyext.dir/rosidl_generator_py/capstone_interfaces/_capstone_interfaces_s.ep.rosidl_typesupport_introspection_c.c.o[0m
[3.076s] [ 90%] [32mBuilding C object CMakeFiles/capstone_interfaces__rosidl_typesupport_fastrtps_c__pyext.dir/rosidl_generator_py/capstone_interfaces/_capstone_interfaces_s.ep.rosidl_typesupport_fastrtps_c.c.o[0m
[3.145s] [ 96%] [32m[1mLinking C shared library rosidl_generator_py/capstone_interfaces/capstone_interfaces_s__rosidl_typesupport_introspection_c.cpython-38-x86_64-linux-gnu.so[0m
[3.145s] [ 96%] [32m[1mLinking C shared library rosidl_generator_py/capstone_interfaces/capstone_interfaces_s__rosidl_typesupport_c.cpython-38-x86_64-linux-gnu.so[0m
[3.148s] [100%] [32m[1mLinking CXX shared library rosidl_generator_py/capstone_interfaces/capstone_interfaces_s__rosidl_typesupport_fastrtps_c.cpython-38-x86_64-linux-gnu.so[0m
[3.176s] [100%] Built target capstone_interfaces__rosidl_typesupport_introspection_c__pyext
[3.176s] [100%] Built target capstone_interfaces__rosidl_typesupport_c__pyext
[3.206s] [100%] Built target capstone_interfaces__rosidl_typesupport_fastrtps_c__pyext
