-- The C compiler identification is GNU 9.3.0
-- The CXX compiler identification is GNU 9.3.0
-- Check for working C compiler: /usr/bin/cc
-- Check for working C compiler: /usr/bin/cc -- works
-- Detecting C compiler ABI info
-- Detecting C compiler ABI info - done
-- Detecting C compile features
-- Detecting C compile features - done
-- Check for working CXX compiler: /usr/bin/c++
-- Check for working CXX compiler: /usr/bin/c++ -- works
-- Detecting CXX compiler ABI info
-- Detecting CXX compiler ABI info - done
-- Detecting CXX compile features
-- Detecting CXX compile features - done
-- Found ament_cmake: 0.9.9 (/opt/ros/foxy/share/ament_cmake/cmake)
-- Found PythonInterp: /usr/bin/python3 (found suitable version "3.8.10", minimum required is "3") 
-- Using PYTHON_EXECUTABLE: /usr/bin/python3
-- Configuring done
-- Generating done
-- Build files have been written to: /home/hle/Desktop/compsci/ros/slam_capstone/build/launch
-- Install configuration: ""
-- Installing: /home/hle/Desktop/compsci/ros/slam_capstone/install/launch/share/launch/launch
-- Installing: /home/hle/Desktop/compsci/ros/slam_capstone/install/launch/share/launch/launch/tb3.launch.py
-- Installing: /home/hle/Desktop/compsci/ros/slam_capstone/install/launch/share/launch/launch/tb3_state_publisher.launch.py
-- Installing: /home/hle/Desktop/compsci/ros/slam_capstone/install/launch/share/ament_index/resource_index/package_run_dependencies/launch
-- Installing: /home/hle/Desktop/compsci/ros/slam_capstone/install/launch/share/ament_index/resource_index/parent_prefix_path/launch
-- Installing: /home/hle/Desktop/compsci/ros/slam_capstone/install/launch/share/launch/environment/ament_prefix_path.sh
-- Installing: /home/hle/Desktop/compsci/ros/slam_capstone/install/launch/share/launch/environment/ament_prefix_path.dsv
-- Installing: /home/hle/Desktop/compsci/ros/slam_capstone/install/launch/share/launch/environment/path.sh
-- Installing: /home/hle/Desktop/compsci/ros/slam_capstone/install/launch/share/launch/environment/path.dsv
-- Installing: /home/hle/Desktop/compsci/ros/slam_capstone/install/launch/share/launch/local_setup.bash
-- Installing: /home/hle/Desktop/compsci/ros/slam_capstone/install/launch/share/launch/local_setup.sh
-- Installing: /home/hle/Desktop/compsci/ros/slam_capstone/install/launch/share/launch/local_setup.zsh
-- Installing: /home/hle/Desktop/compsci/ros/slam_capstone/install/launch/share/launch/local_setup.dsv
-- Installing: /home/hle/Desktop/compsci/ros/slam_capstone/install/launch/share/launch/package.dsv
-- Installing: /home/hle/Desktop/compsci/ros/slam_capstone/install/launch/share/ament_index/resource_index/packages/launch
-- Installing: /home/hle/Desktop/compsci/ros/slam_capstone/install/launch/share/launch/cmake/launchConfig.cmake
-- Installing: /home/hle/Desktop/compsci/ros/slam_capstone/install/launch/share/launch/cmake/launchConfig-version.cmake
-- Installing: /home/hle/Desktop/compsci/ros/slam_capstone/install/launch/share/launch/package.xml
