-- Found ament_cmake: 0.9.9 (/opt/ros/foxy/share/ament_cmake/cmake)
-- Using PYTHON_EXECUTABLE: /usr/bin/python3
-- Override CMake install command with custom implementation using symlinks instead of copying resources
-- Configuring done
-- Generating done
-- Build files have been written to: /home/hle/Desktop/compsci/ros/slam_capstone/build/capstone_bringup
-- Install configuration: ""
-- Execute custom install script
-- Up-to-date symlink: /home/hle/Desktop/compsci/ros/slam_capstone/install/capstone_bringup/share/capstone_bringup/launch/capstone_slam.launch.py
-- Up-to-date symlink: /home/hle/Desktop/compsci/ros/slam_capstone/install/capstone_bringup/share/capstone_bringup/launch/display.launch.py
-- Symlinking: /home/hle/Desktop/compsci/ros/slam_capstone/install/capstone_bringup/share/capstone_bringup/config/tb3_description.urdf
-- Symlinking: /home/hle/Desktop/compsci/ros/slam_capstone/install/capstone_bringup/share/capstone_bringup/config/tb3_urdf.rviz
-- Up-to-date symlink: /home/hle/Desktop/compsci/ros/slam_capstone/install/capstone_bringup/share/ament_index/resource_index/package_run_dependencies/capstone_bringup
-- Up-to-date symlink: /home/hle/Desktop/compsci/ros/slam_capstone/install/capstone_bringup/share/ament_index/resource_index/parent_prefix_path/capstone_bringup
-- Up-to-date symlink: /home/hle/Desktop/compsci/ros/slam_capstone/install/capstone_bringup/share/capstone_bringup/environment/ament_prefix_path.sh
-- Up-to-date symlink: /home/hle/Desktop/compsci/ros/slam_capstone/install/capstone_bringup/share/capstone_bringup/environment/ament_prefix_path.dsv
-- Up-to-date symlink: /home/hle/Desktop/compsci/ros/slam_capstone/install/capstone_bringup/share/capstone_bringup/environment/path.sh
-- Up-to-date symlink: /home/hle/Desktop/compsci/ros/slam_capstone/install/capstone_bringup/share/capstone_bringup/environment/path.dsv
-- Up-to-date symlink: /home/hle/Desktop/compsci/ros/slam_capstone/install/capstone_bringup/share/capstone_bringup/local_setup.bash
-- Up-to-date symlink: /home/hle/Desktop/compsci/ros/slam_capstone/install/capstone_bringup/share/capstone_bringup/local_setup.sh
-- Up-to-date symlink: /home/hle/Desktop/compsci/ros/slam_capstone/install/capstone_bringup/share/capstone_bringup/local_setup.zsh
-- Up-to-date symlink: /home/hle/Desktop/compsci/ros/slam_capstone/install/capstone_bringup/share/capstone_bringup/local_setup.dsv
-- Symlinking: /home/hle/Desktop/compsci/ros/slam_capstone/install/capstone_bringup/share/capstone_bringup/package.dsv
-- Up-to-date symlink: /home/hle/Desktop/compsci/ros/slam_capstone/install/capstone_bringup/share/ament_index/resource_index/packages/capstone_bringup
-- Up-to-date symlink: /home/hle/Desktop/compsci/ros/slam_capstone/install/capstone_bringup/share/capstone_bringup/cmake/capstone_bringupConfig.cmake
-- Up-to-date symlink: /home/hle/Desktop/compsci/ros/slam_capstone/install/capstone_bringup/share/capstone_bringup/cmake/capstone_bringupConfig-version.cmake
-- Up-to-date symlink: /home/hle/Desktop/compsci/ros/slam_capstone/install/capstone_bringup/share/capstone_bringup/package.xml
