[0.600s] Invoking command in '/home/hle/Desktop/compsci/ros/slam_capstone/build/capstone_pkg': CMAKE_PREFIX_PATH=/home/hle/Desktop/compsci/ros/slam_capstone/install/capstone_interfaces:/home/hle/Desktop/compsci/ros/ros2_ws/install/ws_bringup:/home/hle/Desktop/compsci/ros/ros2_ws/install/launch:/home/hle/Desktop/compsci/ros/ros2_ws/install/my_robot_interfaces:/home/hle/Desktop/compsci/ros/ros2_ws/install/my_cpp_pkg:/home/hle/turtlebot3_ws/install/turtlebot3:/home/hle/turtlebot3_ws/install/turtlebot3_simulations:/home/hle/turtlebot3_ws/install/turtlebot3_bringup:/home/hle/turtlebot3_ws/install/turtlebot3_node:/home/hle/turtlebot3_ws/install/turtlebot3_navigation2:/home/hle/turtlebot3_ws/install/turtlebot3_fake_node:/home/hle/turtlebot3_ws/install/turtlebot3_msgs:/home/hle/turtlebot3_ws/install/turtlebot3_gazebo:/home/hle/turtlebot3_ws/install/turtlebot3_description:/home/hle/turtlebot3_ws/install/turtlebot3_cartographer:/home/hle/turtlebot3_ws/install/dynamixel_sdk_examples:/home/hle/turtlebot3_ws/install/dynamixel_sdk_custom_interfaces:/home/hle/turtlebot3_ws/install/dynamixel_sdk:/home/hle/Desktop/compsci/ros/activity2/install/activity_bringup:/home/hle/Desktop/compsci/ros/activity4/install/interfaces:/home/hle/Desktop/compsci/ros/slam_capstone/install/launch:/home/hle/Desktop/compsci/ros/slam_capstone/install/capstone_bringup LD_LIBRARY_PATH=/home/hle/Desktop/compsci/ros/slam_capstone/install/capstone_interfaces/lib:/home/hle/Desktop/compsci/ros/ros2_ws/install/my_robot_interfaces/lib:/home/hle/turtlebot3_ws/install/turtlebot3_msgs/lib:/home/hle/turtlebot3_ws/install/dynamixel_sdk_custom_interfaces/lib:/home/hle/turtlebot3_ws/install/dynamixel_sdk/lib:/home/hle/Desktop/compsci/ros/activity4/install/interfaces/lib:/usr/lib/x86_64-linux-gnu/gazebo-11/plugins:/opt/ros/foxy/opt/yaml_cpp_vendor/lib:/opt/ros/foxy/opt/rviz_ogre_vendor/lib:/opt/ros/foxy/lib/x86_64-linux-gnu:/opt/ros/foxy/lib PYTHONPATH=/home/hle/Desktop/compsci/ros/slam_capstone/install/capstone_pkg/lib/python3.8/site-packages:/home/hle/Desktop/compsci/ros/slam_capstone/install/capstone_interfaces/lib/python3.8/site-packages:/home/hle/Desktop/compsci/ros/ros2_ws/install/my_py_pkg/lib/python3.8/site-packages:/home/hle/Desktop/compsci/ros/ros2_ws/install/tf_transformations/lib/python3.8/site-packages:/home/hle/Desktop/compsci/ros/ros2_ws/install/my_robot_interfaces/lib/python3.8/site-packages:/home/hle/Desktop/compsci/ros/mapping_controller/install/mapping_controller/lib/python3.8/site-packages:/home/hle/turtlebot3_ws/build/turtlebot3_teleop:/home/hle/turtlebot3_ws/install/turtlebot3_teleop/lib/python3.8/site-packages:/home/hle/turtlebot3_ws/build/turtlebot3_example:/home/hle/turtlebot3_ws/install/turtlebot3_example/lib/python3.8/site-packages:/home/hle/turtlebot3_ws/install/turtlebot3_msgs/lib/python3.8/site-packages:/home/hle/turtlebot3_ws/install/dynamixel_sdk_custom_interfaces/lib/python3.8/site-packages:/home/hle/Desktop/compsci/ros/ir_sensor/install/ir_sensor_pkg/lib/python3.8/site-packages:/home/hle/Desktop/compsci/ros/clientserver/build/clientserver_pkg:/home/hle/Desktop/compsci/ros/clientserver/install/clientserver_pkg/lib/python3.8/site-packages:/home/hle/Desktop/compsci/ros/activity2/build/activity:/home/hle/Desktop/compsci/ros/activity2/install/activity/lib/python3.8/site-packages:/home/hle/Desktop/compsci/ros/activity4/build/packages:/home/hle/Desktop/compsci/ros/activity4/install/packages/lib/python3.8/site-packages:/home/hle/Desktop/compsci/ros/activity4/install/interfaces/lib/python3.8/site-packages:/home/hle/Desktop/compsci/ros/slam_capstone/build/capstone_pkg:/home/hle/Desktop/compsci/ros/slam_capstone/install/capstone_pkg/lib/python3.8/site-packages:/opt/ros/foxy/lib/python3.8/site-packages /usr/bin/python3 setup.py develop --prefix /home/hle/Desktop/compsci/ros/slam_capstone/install/capstone_pkg --editable --build-directory /home/hle/Desktop/compsci/ros/slam_capstone/build/capstone_pkg/build --no-deps install_data --install-dir /home/hle/Desktop/compsci/ros/slam_capstone/install/capstone_pkg
[0.854s] running develop
[0.980s] running egg_info
[0.981s] writing capstone_pkg.egg-info/PKG-INFO
[0.981s] writing dependency_links to capstone_pkg.egg-info/dependency_links.txt
[0.981s] writing entry points to capstone_pkg.egg-info/entry_points.txt
[0.981s] writing requirements to capstone_pkg.egg-info/requires.txt
[0.981s] writing top-level names to capstone_pkg.egg-info/top_level.txt
[1.006s] reading manifest file 'capstone_pkg.egg-info/SOURCES.txt'
[1.007s] writing manifest file 'capstone_pkg.egg-info/SOURCES.txt'
[1.035s] running build_ext
[1.035s] Creating /home/hle/Desktop/compsci/ros/slam_capstone/install/capstone_pkg/lib/python3.8/site-packages/capstone-pkg.egg-link (link to .)
[1.036s] Installing basic_movement script to /home/hle/Desktop/compsci/ros/slam_capstone/install/capstone_pkg/lib/capstone_pkg
[1.036s] Installing circle_around script to /home/hle/Desktop/compsci/ros/slam_capstone/install/capstone_pkg/lib/capstone_pkg
[1.036s] Installing occupancy_grid script to /home/hle/Desktop/compsci/ros/slam_capstone/install/capstone_pkg/lib/capstone_pkg
[1.036s] Installing robot_world script to /home/hle/Desktop/compsci/ros/slam_capstone/install/capstone_pkg/lib/capstone_pkg
[1.036s] Installing stop_movement script to /home/hle/Desktop/compsci/ros/slam_capstone/install/capstone_pkg/lib/capstone_pkg
[1.036s] Installing tb3_status script to /home/hle/Desktop/compsci/ros/slam_capstone/install/capstone_pkg/lib/capstone_pkg
[1.036s] 
[1.036s] Installed /home/hle/Desktop/compsci/ros/slam_capstone/build/capstone_pkg
[1.037s] running install_data
