/home/hle/Desktop/compsci/ros/slam_capstone/install/capstone_pkg/lib/python3.8/site-packages/capstone_pkg/basic_movement.py
/home/hle/Desktop/compsci/ros/slam_capstone/install/capstone_pkg/lib/python3.8/site-packages/capstone_pkg/lidar_data.py
/home/hle/Desktop/compsci/ros/slam_capstone/install/capstone_pkg/lib/python3.8/site-packages/capstone_pkg/stop_movement.py
/home/hle/Desktop/compsci/ros/slam_capstone/install/capstone_pkg/lib/python3.8/site-packages/capstone_pkg/tb3_status.py
/home/hle/Desktop/compsci/ros/slam_capstone/install/capstone_pkg/lib/python3.8/site-packages/capstone_pkg/__init__.py
/home/hle/Desktop/compsci/ros/slam_capstone/install/capstone_pkg/lib/python3.8/site-packages/capstone_pkg/__pycache__/basic_movement.cpython-38.pyc
/home/hle/Desktop/compsci/ros/slam_capstone/install/capstone_pkg/lib/python3.8/site-packages/capstone_pkg/__pycache__/lidar_data.cpython-38.pyc
/home/hle/Desktop/compsci/ros/slam_capstone/install/capstone_pkg/lib/python3.8/site-packages/capstone_pkg/__pycache__/stop_movement.cpython-38.pyc
/home/hle/Desktop/compsci/ros/slam_capstone/install/capstone_pkg/lib/python3.8/site-packages/capstone_pkg/__pycache__/tb3_status.cpython-38.pyc
/home/hle/Desktop/compsci/ros/slam_capstone/install/capstone_pkg/lib/python3.8/site-packages/capstone_pkg/__pycache__/__init__.cpython-38.pyc
/home/hle/Desktop/compsci/ros/slam_capstone/install/capstone_pkg/share/ament_index/resource_index/packages/capstone_pkg
/home/hle/Desktop/compsci/ros/slam_capstone/install/capstone_pkg/share/capstone_pkg/package.xml
/home/hle/Desktop/compsci/ros/slam_capstone/install/capstone_pkg/lib/python3.8/site-packages/capstone_pkg-0.0.0-py3.8.egg-info/zip-safe
/home/hle/Desktop/compsci/ros/slam_capstone/install/capstone_pkg/lib/python3.8/site-packages/capstone_pkg-0.0.0-py3.8.egg-info/entry_points.txt
/home/hle/Desktop/compsci/ros/slam_capstone/install/capstone_pkg/lib/python3.8/site-packages/capstone_pkg-0.0.0-py3.8.egg-info/requires.txt
/home/hle/Desktop/compsci/ros/slam_capstone/install/capstone_pkg/lib/python3.8/site-packages/capstone_pkg-0.0.0-py3.8.egg-info/dependency_links.txt
/home/hle/Desktop/compsci/ros/slam_capstone/install/capstone_pkg/lib/python3.8/site-packages/capstone_pkg-0.0.0-py3.8.egg-info/SOURCES.txt
/home/hle/Desktop/compsci/ros/slam_capstone/install/capstone_pkg/lib/python3.8/site-packages/capstone_pkg-0.0.0-py3.8.egg-info/top_level.txt
/home/hle/Desktop/compsci/ros/slam_capstone/install/capstone_pkg/lib/python3.8/site-packages/capstone_pkg-0.0.0-py3.8.egg-info/PKG-INFO
/home/hle/Desktop/compsci/ros/slam_capstone/install/capstone_pkg/lib/capstone_pkg/basic_movement
/home/hle/Desktop/compsci/ros/slam_capstone/install/capstone_pkg/lib/capstone_pkg/lidar_data
/home/hle/Desktop/compsci/ros/slam_capstone/install/capstone_pkg/lib/capstone_pkg/stop_movement
/home/hle/Desktop/compsci/ros/slam_capstone/install/capstone_pkg/lib/capstone_pkg/tb3_status
