-- The C compiler identification is GNU 9.4.0
-- The CXX compiler identification is GNU 9.4.0
-- Check for working C compiler: /usr/bin/cc
-- Check for working C compiler: /usr/bin/cc -- works
-- Detecting C compiler ABI info
-- Detecting C compiler ABI info - done
-- Detecting C compile features
-- Detecting C compile features - done
-- Check for working CXX compiler: /usr/bin/c++
-- Check for working CXX compiler: /usr/bin/c++ -- works
-- Detecting CXX compiler ABI info
-- Detecting CXX compiler ABI info - done
-- Detecting CXX compile features
-- Detecting CXX compile features - done
-- Found ament_cmake: 0.9.9 (/opt/ros/foxy/share/ament_cmake/cmake)
-- Found PythonInterp: /usr/bin/python3 (found suitable version "3.8.10", minimum required is "3") 
-- Using PYTHON_EXECUTABLE: /usr/bin/python3
-- Override CMake install command with custom implementation using symlinks instead of copying resources
-- Found rclcpp: 2.4.1 (/opt/ros/foxy/share/rclcpp/cmake)
-- Using all available rosidl_typesupport_c: rosidl_typesupport_fastrtps_c;rosidl_typesupport_introspection_c
-- Found rosidl_adapter: 1.2.1 (/opt/ros/foxy/share/rosidl_adapter/cmake)
-- Found OpenSSL: /usr/lib/x86_64-linux-gnu/libcrypto.so (found version "1.1.1f")  
-- Found FastRTPS: /opt/ros/foxy/include  
-- Using all available rosidl_typesupport_cpp: rosidl_typesupport_fastrtps_cpp;rosidl_typesupport_introspection_cpp
-- Found rmw_implementation_cmake: 1.0.3 (/opt/ros/foxy/share/rmw_implementation_cmake/cmake)
-- Using RMW implementation 'rmw_fastrtps_cpp' as default
-- Looking for pthread.h
-- Looking for pthread.h - found
-- Performing Test CMAKE_HAVE_LIBC_PTHREAD
-- Performing Test CMAKE_HAVE_LIBC_PTHREAD - Failed
-- Looking for pthread_create in pthreads
-- Looking for pthread_create in pthreads - not found
-- Looking for pthread_create in pthread
-- Looking for pthread_create in pthread - found
-- Found Threads: TRUE  
-- Found sensor_msgs: 2.0.5 (/opt/ros/foxy/share/sensor_msgs/cmake)
-- Found tf2: 0.13.13 (/opt/ros/foxy/share/tf2/cmake)
-- Found eigen3_cmake_module: 0.1.1 (/opt/ros/foxy/share/eigen3_cmake_module/cmake)
-- Found Eigen3: TRUE (found version "3.3.7") 
-- Found ament_cmake_cppcheck: 0.9.6 (/opt/ros/foxy/share/ament_cmake_cppcheck/cmake)
-- Found ament_cmake_cpplint: 0.9.6 (/opt/ros/foxy/share/ament_cmake_cpplint/cmake)
-- Found ament_cmake_lint_cmake: 0.9.6 (/opt/ros/foxy/share/ament_cmake_lint_cmake/cmake)
-- Found ament_cmake_uncrustify: 0.9.6 (/opt/ros/foxy/share/ament_cmake_uncrustify/cmake)
-- Found ament_cmake_gtest: 0.9.9 (/opt/ros/foxy/share/ament_cmake_gtest/cmake)
-- Found gtest sources under '/opt/ros/foxy/src/gtest_vendor': C++ tests using 'Google Test' will be built
-- Check if compiler accepts -pthread
-- Check if compiler accepts -pthread - yes
-- Found python_cmake_module: 0.8.1 (/opt/ros/foxy/share/python_cmake_module/cmake)
-- Found PythonInterp: /usr/bin/python3 (found suitable version "3.8.10", minimum required is "3.5") 
-- Found PythonLibs: /usr/lib/x86_64-linux-gnu/libpython3.8.so (found suitable version "3.8.10", minimum required is "3.5") 
-- Using PYTHON_EXECUTABLE: /usr/bin/python3
-- Using PYTHON_INCLUDE_DIRS: /usr/include/python3.8
-- Using PYTHON_LIBRARIES: /usr/lib/x86_64-linux-gnu/libpython3.8.so
-- Found PythonExtra: .so  
-- Found ament_cmake_pytest: 0.9.9 (/opt/ros/foxy/share/ament_cmake_pytest/cmake)
-- Configuring done
-- Generating done
-- Build files have been written to: /home/hle/Desktop/compsci/ros/slam_capstone/build/laser_geometry
[35m[1mScanning dependencies of target gtest_main[0m
[35m[1mScanning dependencies of target gtest[0m
[35m[1mScanning dependencies of target laser_geometry[0m
[ 12%] [32mBuilding CXX object gtest/CMakeFiles/gtest_main.dir/src/gtest_main.cc.o[0m
[ 25%] [32mBuilding CXX object gtest/CMakeFiles/gtest.dir/src/gtest-all.cc.o[0m
[ 37%] [32mBuilding CXX object CMakeFiles/laser_geometry.dir/src/laser_geometry.cpp.o[0m
[ 50%] [32m[1mLinking CXX static library libgtest_main.a[0m
[ 50%] Built target gtest_main
[ 62%] [32m[1mLinking CXX shared library liblaser_geometry.so[0m
[ 62%] Built target laser_geometry
[ 75%] [32m[1mLinking CXX static library libgtest.a[0m
[ 75%] Built target gtest
[35m[1mScanning dependencies of target projection_test[0m
[ 87%] [32mBuilding CXX object CMakeFiles/projection_test.dir/test/projection_test.cpp.o[0m
[100%] [32m[1mLinking CXX executable projection_test[0m
[100%] Built target projection_test
-- Install configuration: ""
-- Execute custom install script
-- Symlinking: /home/hle/Desktop/compsci/ros/slam_capstone/install/laser_geometry/share/laser_geometry/environment/pythonpath.sh
-- Symlinking: /home/hle/Desktop/compsci/ros/slam_capstone/install/laser_geometry/share/laser_geometry/environment/pythonpath.dsv
-- Symlinking: /home/hle/Desktop/compsci/ros/slam_capstone/install/laser_geometry/lib/python3.8/site-packages/laser_geometry/__init__.py
-- Symlinking: /home/hle/Desktop/compsci/ros/slam_capstone/install/laser_geometry/lib/python3.8/site-packages/laser_geometry/laser_geometry.py
-- Symlinking: /home/hle/Desktop/compsci/ros/slam_capstone/install/laser_geometry/share/laser_geometry/environment/library_path.sh
-- Symlinking: /home/hle/Desktop/compsci/ros/slam_capstone/install/laser_geometry/share/laser_geometry/environment/library_path.dsv
-- Symlinking: /home/hle/Desktop/compsci/ros/slam_capstone/install/laser_geometry/include/laser_geometry/laser_geometry/laser_geometry.hpp
-- Symlinking: /home/hle/Desktop/compsci/ros/slam_capstone/install/laser_geometry/include/laser_geometry/laser_geometry/visibility_control.hpp
-- Symlinking: /home/hle/Desktop/compsci/ros/slam_capstone/install/laser_geometry/share/ament_index/resource_index/package_run_dependencies/laser_geometry
-- Symlinking: /home/hle/Desktop/compsci/ros/slam_capstone/install/laser_geometry/share/ament_index/resource_index/parent_prefix_path/laser_geometry
-- Symlinking: /home/hle/Desktop/compsci/ros/slam_capstone/install/laser_geometry/share/laser_geometry/environment/ament_prefix_path.sh
-- Symlinking: /home/hle/Desktop/compsci/ros/slam_capstone/install/laser_geometry/share/laser_geometry/environment/ament_prefix_path.dsv
-- Symlinking: /home/hle/Desktop/compsci/ros/slam_capstone/install/laser_geometry/share/laser_geometry/environment/path.sh
-- Symlinking: /home/hle/Desktop/compsci/ros/slam_capstone/install/laser_geometry/share/laser_geometry/environment/path.dsv
-- Symlinking: /home/hle/Desktop/compsci/ros/slam_capstone/install/laser_geometry/share/laser_geometry/local_setup.bash
-- Symlinking: /home/hle/Desktop/compsci/ros/slam_capstone/install/laser_geometry/share/laser_geometry/local_setup.sh
-- Symlinking: /home/hle/Desktop/compsci/ros/slam_capstone/install/laser_geometry/share/laser_geometry/local_setup.zsh
-- Symlinking: /home/hle/Desktop/compsci/ros/slam_capstone/install/laser_geometry/share/laser_geometry/local_setup.dsv
-- Symlinking: /home/hle/Desktop/compsci/ros/slam_capstone/install/laser_geometry/share/laser_geometry/package.dsv
-- Symlinking: /home/hle/Desktop/compsci/ros/slam_capstone/install/laser_geometry/share/ament_index/resource_index/packages/laser_geometry
-- Symlinking: /home/hle/Desktop/compsci/ros/slam_capstone/install/laser_geometry/share/laser_geometry/cmake/ament_cmake_export_include_directories-extras.cmake
-- Symlinking: /home/hle/Desktop/compsci/ros/slam_capstone/install/laser_geometry/share/laser_geometry/cmake/ament_cmake_export_libraries-extras.cmake
-- Symlinking: /home/hle/Desktop/compsci/ros/slam_capstone/install/laser_geometry/share/laser_geometry/cmake/ament_cmake_export_targets-extras.cmake
-- Symlinking: /home/hle/Desktop/compsci/ros/slam_capstone/install/laser_geometry/share/laser_geometry/cmake/ament_cmake_export_dependencies-extras.cmake
-- Symlinking: /home/hle/Desktop/compsci/ros/slam_capstone/install/laser_geometry/share/laser_geometry/cmake/laser_geometryConfig.cmake
-- Symlinking: /home/hle/Desktop/compsci/ros/slam_capstone/install/laser_geometry/share/laser_geometry/cmake/laser_geometryConfig-version.cmake
-- Symlinking: /home/hle/Desktop/compsci/ros/slam_capstone/install/laser_geometry/share/laser_geometry/package.xml
Listing '/home/hle/Desktop/compsci/ros/slam_capstone/install/laser_geometry/lib/python3.8/site-packages/laser_geometry'...
Compiling '/home/hle/Desktop/compsci/ros/slam_capstone/install/laser_geometry/lib/python3.8/site-packages/laser_geometry/__init__.py'...
Compiling '/home/hle/Desktop/compsci/ros/slam_capstone/install/laser_geometry/lib/python3.8/site-packages/laser_geometry/laser_geometry.py'...
-- Installing: /home/hle/Desktop/compsci/ros/slam_capstone/install/laser_geometry/lib/liblaser_geometry.so
-- Set runtime path of "/home/hle/Desktop/compsci/ros/slam_capstone/install/laser_geometry/lib/liblaser_geometry.so" to ""
-- Installing: /home/hle/Desktop/compsci/ros/slam_capstone/install/laser_geometry/share/laser_geometry/cmake/laser_geometryExport.cmake
-- Installing: /home/hle/Desktop/compsci/ros/slam_capstone/install/laser_geometry/share/laser_geometry/cmake/laser_geometryExport-noconfig.cmake
