[0.026s] Invoking command in '/home/hle/Desktop/compsci/ros/slam_capstone/build/laser_geometry': CMAKE_PREFIX_PATH=/home/hle/Desktop/compsci/ros/ros2_ws/install/ws_bringup:/home/hle/Desktop/compsci/ros/ros2_ws/install/launch:/home/hle/Desktop/compsci/ros/ros2_ws/install/my_robot_interfaces:/home/hle/Desktop/compsci/ros/ros2_ws/install/my_cpp_pkg:/home/hle/turtlebot3_ws/install/turtlebot3:/home/hle/turtlebot3_ws/install/turtlebot3_simulations:/home/hle/turtlebot3_ws/install/turtlebot3_bringup:/home/hle/turtlebot3_ws/install/turtlebot3_node:/home/hle/turtlebot3_ws/install/turtlebot3_navigation2:/home/hle/turtlebot3_ws/install/turtlebot3_fake_node:/home/hle/turtlebot3_ws/install/turtlebot3_msgs:/home/hle/Desktop/compsci/ros/ros2_ws/install/my_py_pkg:/home/hle/Desktop/compsci/ros/ros2_ws/install/tf_transformations:/home/hle/Desktop/compsci/ros/mapping_controller/install/mapping_controller:/home/hle/turtlebot3_ws/install/turtlebot3_teleop:/home/hle/turtlebot3_ws/install/turtlebot3_example:/home/hle/Desktop/compsci/ros/ir_sensor/install/ir_sensor_pkg:/home/hle/Desktop/compsci/ros/clientserver/install/clientserver_pkg:/home/hle/Desktop/compsci/ros/activity2/install/activity:/home/hle/Desktop/compsci/ros/activity4/install/packages:/home/hle/Desktop/compsci/ros/slam_capstone/install/capstone_pkg:/opt/ros/foxy:/home/hle/turtlebot3_ws/install/turtlebot3_gazebo:/home/hle/turtlebot3_ws/install/turtlebot3_description:/home/hle/turtlebot3_ws/install/turtlebot3_cartographer:/home/hle/turtlebot3_ws/install/dynamixel_sdk_examples:/home/hle/turtlebot3_ws/install/dynamixel_sdk_custom_interfaces:/home/hle/turtlebot3_ws/install/dynamixel_sdk:/home/hle/Desktop/compsci/ros/activity2/install/activity_bringup:/home/hle/Desktop/compsci/ros/activity4/install/interfaces:/home/hle/Desktop/compsci/ros/slam_capstone/install/launch:/home/hle/Desktop/compsci/ros/slam_capstone/install/capstone_pkg_cpp:/home/hle/Desktop/compsci/ros/slam_capstone/install/capstone_bringup:/home/hle/Desktop/compsci/ros/slam_capstone/install/capstone_interfaces /usr/bin/cmake /home/hle/Desktop/compsci/ros/slam_capstone/src/laser_geometry -DAMENT_CMAKE_SYMLINK_INSTALL=1 -DCMAKE_INSTALL_PREFIX=/home/hle/Desktop/compsci/ros/slam_capstone/install/laser_geometry
[0.082s] -- The C compiler identification is GNU 9.4.0
[0.147s] -- The CXX compiler identification is GNU 9.4.0
[0.150s] -- Check for working C compiler: /usr/bin/cc
[0.220s] -- Check for working C compiler: /usr/bin/cc -- works
[0.221s] -- Detecting C compiler ABI info
[0.283s] -- Detecting C compiler ABI info - done
[0.295s] -- Detecting C compile features
[0.295s] -- Detecting C compile features - done
[0.298s] -- Check for working CXX compiler: /usr/bin/c++
[0.375s] -- Check for working CXX compiler: /usr/bin/c++ -- works
[0.376s] -- Detecting CXX compiler ABI info
[0.452s] -- Detecting CXX compiler ABI info - done
[0.464s] -- Detecting CXX compile features
[0.464s] -- Detecting CXX compile features - done
[0.468s] -- Found ament_cmake: 0.9.9 (/opt/ros/foxy/share/ament_cmake/cmake)
[0.509s] -- Found PythonInterp: /usr/bin/python3 (found suitable version "3.8.10", minimum required is "3") 
[0.509s] -- Using PYTHON_EXECUTABLE: /usr/bin/python3
[0.704s] -- Override CMake install command with custom implementation using symlinks instead of copying resources
[0.734s] -- Found rclcpp: 2.4.1 (/opt/ros/foxy/share/rclcpp/cmake)
[0.784s] -- Using all available rosidl_typesupport_c: rosidl_typesupport_fastrtps_c;rosidl_typesupport_introspection_c
[0.792s] -- Found rosidl_adapter: 1.2.1 (/opt/ros/foxy/share/rosidl_adapter/cmake)
[0.871s] -- Found OpenSSL: /usr/lib/x86_64-linux-gnu/libcrypto.so (found version "1.1.1f")  
[0.904s] -- Found FastRTPS: /opt/ros/foxy/include  
[0.997s] -- Using all available rosidl_typesupport_cpp: rosidl_typesupport_fastrtps_cpp;rosidl_typesupport_introspection_cpp
[1.050s] -- Found rmw_implementation_cmake: 1.0.3 (/opt/ros/foxy/share/rmw_implementation_cmake/cmake)
[1.052s] -- Using RMW implementation 'rmw_fastrtps_cpp' as default
[1.052s] -- Looking for pthread.h
[1.107s] -- Looking for pthread.h - found
[1.107s] -- Performing Test CMAKE_HAVE_LIBC_PTHREAD
[1.168s] -- Performing Test CMAKE_HAVE_LIBC_PTHREAD - Failed
[1.168s] -- Looking for pthread_create in pthreads
[1.222s] -- Looking for pthread_create in pthreads - not found
[1.222s] -- Looking for pthread_create in pthread
[1.285s] -- Looking for pthread_create in pthread - found
[1.286s] -- Found Threads: TRUE  
[1.434s] -- Found sensor_msgs: 2.0.5 (/opt/ros/foxy/share/sensor_msgs/cmake)
[1.546s] -- Found tf2: 0.13.13 (/opt/ros/foxy/share/tf2/cmake)
[1.559s] -- Found eigen3_cmake_module: 0.1.1 (/opt/ros/foxy/share/eigen3_cmake_module/cmake)
[1.563s] -- Found Eigen3: TRUE (found version "3.3.7") 
[1.603s] -- Found ament_cmake_cppcheck: 0.9.6 (/opt/ros/foxy/share/ament_cmake_cppcheck/cmake)
[1.606s] -- Found ament_cmake_cpplint: 0.9.6 (/opt/ros/foxy/share/ament_cmake_cpplint/cmake)
[1.609s] -- Found ament_cmake_lint_cmake: 0.9.6 (/opt/ros/foxy/share/ament_cmake_lint_cmake/cmake)
[1.612s] -- Found ament_cmake_uncrustify: 0.9.6 (/opt/ros/foxy/share/ament_cmake_uncrustify/cmake)
[1.617s] -- Found ament_cmake_gtest: 0.9.9 (/opt/ros/foxy/share/ament_cmake_gtest/cmake)
[1.621s] -- Found gtest sources under '/opt/ros/foxy/src/gtest_vendor': C++ tests using 'Google Test' will be built
[1.623s] -- Check if compiler accepts -pthread
[1.695s] -- Check if compiler accepts -pthread - yes
[1.699s] -- Found python_cmake_module: 0.8.1 (/opt/ros/foxy/share/python_cmake_module/cmake)
[1.735s] -- Found PythonInterp: /usr/bin/python3 (found suitable version "3.8.10", minimum required is "3.5") 
[1.745s] -- Found PythonLibs: /usr/lib/x86_64-linux-gnu/libpython3.8.so (found suitable version "3.8.10", minimum required is "3.5") 
[1.745s] -- Using PYTHON_EXECUTABLE: /usr/bin/python3
[1.745s] -- Using PYTHON_INCLUDE_DIRS: /usr/include/python3.8
[1.745s] -- Using PYTHON_LIBRARIES: /usr/lib/x86_64-linux-gnu/libpython3.8.so
[1.789s] -- Found PythonExtra: .so  
[1.791s] -- Found ament_cmake_pytest: 0.9.9 (/opt/ros/foxy/share/ament_cmake_pytest/cmake)
[2.514s] -- Configuring done
[2.531s] -- Generating done
[2.533s] -- Build files have been written to: /home/hle/Desktop/compsci/ros/slam_capstone/build/laser_geometry
[2.542s] Invoked command in '/home/hle/Desktop/compsci/ros/slam_capstone/build/laser_geometry' returned '0': CMAKE_PREFIX_PATH=/home/hle/Desktop/compsci/ros/ros2_ws/install/ws_bringup:/home/hle/Desktop/compsci/ros/ros2_ws/install/launch:/home/hle/Desktop/compsci/ros/ros2_ws/install/my_robot_interfaces:/home/hle/Desktop/compsci/ros/ros2_ws/install/my_cpp_pkg:/home/hle/turtlebot3_ws/install/turtlebot3:/home/hle/turtlebot3_ws/install/turtlebot3_simulations:/home/hle/turtlebot3_ws/install/turtlebot3_bringup:/home/hle/turtlebot3_ws/install/turtlebot3_node:/home/hle/turtlebot3_ws/install/turtlebot3_navigation2:/home/hle/turtlebot3_ws/install/turtlebot3_fake_node:/home/hle/turtlebot3_ws/install/turtlebot3_msgs:/home/hle/Desktop/compsci/ros/ros2_ws/install/my_py_pkg:/home/hle/Desktop/compsci/ros/ros2_ws/install/tf_transformations:/home/hle/Desktop/compsci/ros/mapping_controller/install/mapping_controller:/home/hle/turtlebot3_ws/install/turtlebot3_teleop:/home/hle/turtlebot3_ws/install/turtlebot3_example:/home/hle/Desktop/compsci/ros/ir_sensor/install/ir_sensor_pkg:/home/hle/Desktop/compsci/ros/clientserver/install/clientserver_pkg:/home/hle/Desktop/compsci/ros/activity2/install/activity:/home/hle/Desktop/compsci/ros/activity4/install/packages:/home/hle/Desktop/compsci/ros/slam_capstone/install/capstone_pkg:/opt/ros/foxy:/home/hle/turtlebot3_ws/install/turtlebot3_gazebo:/home/hle/turtlebot3_ws/install/turtlebot3_description:/home/hle/turtlebot3_ws/install/turtlebot3_cartographer:/home/hle/turtlebot3_ws/install/dynamixel_sdk_examples:/home/hle/turtlebot3_ws/install/dynamixel_sdk_custom_interfaces:/home/hle/turtlebot3_ws/install/dynamixel_sdk:/home/hle/Desktop/compsci/ros/activity2/install/activity_bringup:/home/hle/Desktop/compsci/ros/activity4/install/interfaces:/home/hle/Desktop/compsci/ros/slam_capstone/install/launch:/home/hle/Desktop/compsci/ros/slam_capstone/install/capstone_pkg_cpp:/home/hle/Desktop/compsci/ros/slam_capstone/install/capstone_bringup:/home/hle/Desktop/compsci/ros/slam_capstone/install/capstone_interfaces /usr/bin/cmake /home/hle/Desktop/compsci/ros/slam_capstone/src/laser_geometry -DAMENT_CMAKE_SYMLINK_INSTALL=1 -DCMAKE_INSTALL_PREFIX=/home/hle/Desktop/compsci/ros/slam_capstone/install/laser_geometry
[2.544s] Invoking command in '/home/hle/Desktop/compsci/ros/slam_capstone/build/laser_geometry': CMAKE_PREFIX_PATH=/home/hle/Desktop/compsci/ros/ros2_ws/install/ws_bringup:/home/hle/Desktop/compsci/ros/ros2_ws/install/launch:/home/hle/Desktop/compsci/ros/ros2_ws/install/my_robot_interfaces:/home/hle/Desktop/compsci/ros/ros2_ws/install/my_cpp_pkg:/home/hle/turtlebot3_ws/install/turtlebot3:/home/hle/turtlebot3_ws/install/turtlebot3_simulations:/home/hle/turtlebot3_ws/install/turtlebot3_bringup:/home/hle/turtlebot3_ws/install/turtlebot3_node:/home/hle/turtlebot3_ws/install/turtlebot3_navigation2:/home/hle/turtlebot3_ws/install/turtlebot3_fake_node:/home/hle/turtlebot3_ws/install/turtlebot3_msgs:/home/hle/Desktop/compsci/ros/ros2_ws/install/my_py_pkg:/home/hle/Desktop/compsci/ros/ros2_ws/install/tf_transformations:/home/hle/Desktop/compsci/ros/mapping_controller/install/mapping_controller:/home/hle/turtlebot3_ws/install/turtlebot3_teleop:/home/hle/turtlebot3_ws/install/turtlebot3_example:/home/hle/Desktop/compsci/ros/ir_sensor/install/ir_sensor_pkg:/home/hle/Desktop/compsci/ros/clientserver/install/clientserver_pkg:/home/hle/Desktop/compsci/ros/activity2/install/activity:/home/hle/Desktop/compsci/ros/activity4/install/packages:/home/hle/Desktop/compsci/ros/slam_capstone/install/capstone_pkg:/opt/ros/foxy:/home/hle/turtlebot3_ws/install/turtlebot3_gazebo:/home/hle/turtlebot3_ws/install/turtlebot3_description:/home/hle/turtlebot3_ws/install/turtlebot3_cartographer:/home/hle/turtlebot3_ws/install/dynamixel_sdk_examples:/home/hle/turtlebot3_ws/install/dynamixel_sdk_custom_interfaces:/home/hle/turtlebot3_ws/install/dynamixel_sdk:/home/hle/Desktop/compsci/ros/activity2/install/activity_bringup:/home/hle/Desktop/compsci/ros/activity4/install/interfaces:/home/hle/Desktop/compsci/ros/slam_capstone/install/launch:/home/hle/Desktop/compsci/ros/slam_capstone/install/capstone_pkg_cpp:/home/hle/Desktop/compsci/ros/slam_capstone/install/capstone_bringup:/home/hle/Desktop/compsci/ros/slam_capstone/install/capstone_interfaces /usr/bin/cmake --build /home/hle/Desktop/compsci/ros/slam_capstone/build/laser_geometry -- -j8 -l8
[2.584s] [35m[1mScanning dependencies of target gtest_main[0m
[2.584s] [35m[1mScanning dependencies of target gtest[0m
[2.584s] [35m[1mScanning dependencies of target laser_geometry[0m
[2.601s] [ 12%] [32mBuilding CXX object gtest/CMakeFiles/gtest_main.dir/src/gtest_main.cc.o[0m
[2.604s] [ 25%] [32mBuilding CXX object gtest/CMakeFiles/gtest.dir/src/gtest-all.cc.o[0m
[2.624s] [ 37%] [32mBuilding CXX object CMakeFiles/laser_geometry.dir/src/laser_geometry.cpp.o[0m
[3.459s] [ 50%] [32m[1mLinking CXX static library libgtest_main.a[0m
[3.489s] [ 50%] Built target gtest_main
[3.876s] [ 62%] [32m[1mLinking CXX shared library liblaser_geometry.so[0m
[3.993s] [ 62%] Built target laser_geometry
[5.470s] [ 75%] [32m[1mLinking CXX static library libgtest.a[0m
[5.520s] [ 75%] Built target gtest
[5.530s] [35m[1mScanning dependencies of target projection_test[0m
[5.579s] [ 87%] [32mBuilding CXX object CMakeFiles/projection_test.dir/test/projection_test.cpp.o[0m
[7.919s] [100%] [32m[1mLinking CXX executable projection_test[0m
[8.100s] [100%] Built target projection_test
[8.112s] Invoked command in '/home/hle/Desktop/compsci/ros/slam_capstone/build/laser_geometry' returned '0': CMAKE_PREFIX_PATH=/home/hle/Desktop/compsci/ros/ros2_ws/install/ws_bringup:/home/hle/Desktop/compsci/ros/ros2_ws/install/launch:/home/hle/Desktop/compsci/ros/ros2_ws/install/my_robot_interfaces:/home/hle/Desktop/compsci/ros/ros2_ws/install/my_cpp_pkg:/home/hle/turtlebot3_ws/install/turtlebot3:/home/hle/turtlebot3_ws/install/turtlebot3_simulations:/home/hle/turtlebot3_ws/install/turtlebot3_bringup:/home/hle/turtlebot3_ws/install/turtlebot3_node:/home/hle/turtlebot3_ws/install/turtlebot3_navigation2:/home/hle/turtlebot3_ws/install/turtlebot3_fake_node:/home/hle/turtlebot3_ws/install/turtlebot3_msgs:/home/hle/Desktop/compsci/ros/ros2_ws/install/my_py_pkg:/home/hle/Desktop/compsci/ros/ros2_ws/install/tf_transformations:/home/hle/Desktop/compsci/ros/mapping_controller/install/mapping_controller:/home/hle/turtlebot3_ws/install/turtlebot3_teleop:/home/hle/turtlebot3_ws/install/turtlebot3_example:/home/hle/Desktop/compsci/ros/ir_sensor/install/ir_sensor_pkg:/home/hle/Desktop/compsci/ros/clientserver/install/clientserver_pkg:/home/hle/Desktop/compsci/ros/activity2/install/activity:/home/hle/Desktop/compsci/ros/activity4/install/packages:/home/hle/Desktop/compsci/ros/slam_capstone/install/capstone_pkg:/opt/ros/foxy:/home/hle/turtlebot3_ws/install/turtlebot3_gazebo:/home/hle/turtlebot3_ws/install/turtlebot3_description:/home/hle/turtlebot3_ws/install/turtlebot3_cartographer:/home/hle/turtlebot3_ws/install/dynamixel_sdk_examples:/home/hle/turtlebot3_ws/install/dynamixel_sdk_custom_interfaces:/home/hle/turtlebot3_ws/install/dynamixel_sdk:/home/hle/Desktop/compsci/ros/activity2/install/activity_bringup:/home/hle/Desktop/compsci/ros/activity4/install/interfaces:/home/hle/Desktop/compsci/ros/slam_capstone/install/launch:/home/hle/Desktop/compsci/ros/slam_capstone/install/capstone_pkg_cpp:/home/hle/Desktop/compsci/ros/slam_capstone/install/capstone_bringup:/home/hle/Desktop/compsci/ros/slam_capstone/install/capstone_interfaces /usr/bin/cmake --build /home/hle/Desktop/compsci/ros/slam_capstone/build/laser_geometry -- -j8 -l8
[8.137s] Invoking command in '/home/hle/Desktop/compsci/ros/slam_capstone/build/laser_geometry': CMAKE_PREFIX_PATH=/home/hle/Desktop/compsci/ros/ros2_ws/install/ws_bringup:/home/hle/Desktop/compsci/ros/ros2_ws/install/launch:/home/hle/Desktop/compsci/ros/ros2_ws/install/my_robot_interfaces:/home/hle/Desktop/compsci/ros/ros2_ws/install/my_cpp_pkg:/home/hle/turtlebot3_ws/install/turtlebot3:/home/hle/turtlebot3_ws/install/turtlebot3_simulations:/home/hle/turtlebot3_ws/install/turtlebot3_bringup:/home/hle/turtlebot3_ws/install/turtlebot3_node:/home/hle/turtlebot3_ws/install/turtlebot3_navigation2:/home/hle/turtlebot3_ws/install/turtlebot3_fake_node:/home/hle/turtlebot3_ws/install/turtlebot3_msgs:/home/hle/Desktop/compsci/ros/ros2_ws/install/my_py_pkg:/home/hle/Desktop/compsci/ros/ros2_ws/install/tf_transformations:/home/hle/Desktop/compsci/ros/mapping_controller/install/mapping_controller:/home/hle/turtlebot3_ws/install/turtlebot3_teleop:/home/hle/turtlebot3_ws/install/turtlebot3_example:/home/hle/Desktop/compsci/ros/ir_sensor/install/ir_sensor_pkg:/home/hle/Desktop/compsci/ros/clientserver/install/clientserver_pkg:/home/hle/Desktop/compsci/ros/activity2/install/activity:/home/hle/Desktop/compsci/ros/activity4/install/packages:/home/hle/Desktop/compsci/ros/slam_capstone/install/capstone_pkg:/opt/ros/foxy:/home/hle/turtlebot3_ws/install/turtlebot3_gazebo:/home/hle/turtlebot3_ws/install/turtlebot3_description:/home/hle/turtlebot3_ws/install/turtlebot3_cartographer:/home/hle/turtlebot3_ws/install/dynamixel_sdk_examples:/home/hle/turtlebot3_ws/install/dynamixel_sdk_custom_interfaces:/home/hle/turtlebot3_ws/install/dynamixel_sdk:/home/hle/Desktop/compsci/ros/activity2/install/activity_bringup:/home/hle/Desktop/compsci/ros/activity4/install/interfaces:/home/hle/Desktop/compsci/ros/slam_capstone/install/launch:/home/hle/Desktop/compsci/ros/slam_capstone/install/capstone_pkg_cpp:/home/hle/Desktop/compsci/ros/slam_capstone/install/capstone_bringup:/home/hle/Desktop/compsci/ros/slam_capstone/install/capstone_interfaces /usr/bin/cmake --install /home/hle/Desktop/compsci/ros/slam_capstone/build/laser_geometry
[8.145s] -- Install configuration: ""
[8.146s] -- Execute custom install script
[8.146s] -- Symlinking: /home/hle/Desktop/compsci/ros/slam_capstone/install/laser_geometry/share/laser_geometry/environment/pythonpath.sh
[8.156s] -- Symlinking: /home/hle/Desktop/compsci/ros/slam_capstone/install/laser_geometry/share/laser_geometry/environment/pythonpath.dsv
[8.164s] -- Symlinking: /home/hle/Desktop/compsci/ros/slam_capstone/install/laser_geometry/lib/python3.8/site-packages/laser_geometry/__init__.py
[8.173s] -- Symlinking: /home/hle/Desktop/compsci/ros/slam_capstone/install/laser_geometry/lib/python3.8/site-packages/laser_geometry/laser_geometry.py
[8.182s] -- Symlinking: /home/hle/Desktop/compsci/ros/slam_capstone/install/laser_geometry/share/laser_geometry/environment/library_path.sh
[8.190s] -- Symlinking: /home/hle/Desktop/compsci/ros/slam_capstone/install/laser_geometry/share/laser_geometry/environment/library_path.dsv
[8.200s] -- Symlinking: /home/hle/Desktop/compsci/ros/slam_capstone/install/laser_geometry/include/laser_geometry/laser_geometry/laser_geometry.hpp
[8.209s] -- Symlinking: /home/hle/Desktop/compsci/ros/slam_capstone/install/laser_geometry/include/laser_geometry/laser_geometry/visibility_control.hpp
[8.218s] -- Symlinking: /home/hle/Desktop/compsci/ros/slam_capstone/install/laser_geometry/share/ament_index/resource_index/package_run_dependencies/laser_geometry
[8.227s] -- Symlinking: /home/hle/Desktop/compsci/ros/slam_capstone/install/laser_geometry/share/ament_index/resource_index/parent_prefix_path/laser_geometry
[8.235s] -- Symlinking: /home/hle/Desktop/compsci/ros/slam_capstone/install/laser_geometry/share/laser_geometry/environment/ament_prefix_path.sh
[8.244s] -- Symlinking: /home/hle/Desktop/compsci/ros/slam_capstone/install/laser_geometry/share/laser_geometry/environment/ament_prefix_path.dsv
[8.253s] -- Symlinking: /home/hle/Desktop/compsci/ros/slam_capstone/install/laser_geometry/share/laser_geometry/environment/path.sh
[8.262s] -- Symlinking: /home/hle/Desktop/compsci/ros/slam_capstone/install/laser_geometry/share/laser_geometry/environment/path.dsv
[8.274s] -- Symlinking: /home/hle/Desktop/compsci/ros/slam_capstone/install/laser_geometry/share/laser_geometry/local_setup.bash
[8.283s] -- Symlinking: /home/hle/Desktop/compsci/ros/slam_capstone/install/laser_geometry/share/laser_geometry/local_setup.sh
[8.292s] -- Symlinking: /home/hle/Desktop/compsci/ros/slam_capstone/install/laser_geometry/share/laser_geometry/local_setup.zsh
[8.302s] -- Symlinking: /home/hle/Desktop/compsci/ros/slam_capstone/install/laser_geometry/share/laser_geometry/local_setup.dsv
[8.311s] -- Symlinking: /home/hle/Desktop/compsci/ros/slam_capstone/install/laser_geometry/share/laser_geometry/package.dsv
[8.321s] -- Symlinking: /home/hle/Desktop/compsci/ros/slam_capstone/install/laser_geometry/share/ament_index/resource_index/packages/laser_geometry
[8.330s] -- Symlinking: /home/hle/Desktop/compsci/ros/slam_capstone/install/laser_geometry/share/laser_geometry/cmake/ament_cmake_export_include_directories-extras.cmake
[8.339s] -- Symlinking: /home/hle/Desktop/compsci/ros/slam_capstone/install/laser_geometry/share/laser_geometry/cmake/ament_cmake_export_libraries-extras.cmake
[8.348s] -- Symlinking: /home/hle/Desktop/compsci/ros/slam_capstone/install/laser_geometry/share/laser_geometry/cmake/ament_cmake_export_targets-extras.cmake
[8.358s] -- Symlinking: /home/hle/Desktop/compsci/ros/slam_capstone/install/laser_geometry/share/laser_geometry/cmake/ament_cmake_export_dependencies-extras.cmake
[8.367s] -- Symlinking: /home/hle/Desktop/compsci/ros/slam_capstone/install/laser_geometry/share/laser_geometry/cmake/laser_geometryConfig.cmake
[8.376s] -- Symlinking: /home/hle/Desktop/compsci/ros/slam_capstone/install/laser_geometry/share/laser_geometry/cmake/laser_geometryConfig-version.cmake
[8.386s] -- Symlinking: /home/hle/Desktop/compsci/ros/slam_capstone/install/laser_geometry/share/laser_geometry/package.xml
[8.449s] Listing '/home/hle/Desktop/compsci/ros/slam_capstone/install/laser_geometry/lib/python3.8/site-packages/laser_geometry'...
[8.449s] Compiling '/home/hle/Desktop/compsci/ros/slam_capstone/install/laser_geometry/lib/python3.8/site-packages/laser_geometry/__init__.py'...
[8.449s] Compiling '/home/hle/Desktop/compsci/ros/slam_capstone/install/laser_geometry/lib/python3.8/site-packages/laser_geometry/laser_geometry.py'...
[8.455s] -- Installing: /home/hle/Desktop/compsci/ros/slam_capstone/install/laser_geometry/lib/liblaser_geometry.so
[8.455s] -- Set runtime path of "/home/hle/Desktop/compsci/ros/slam_capstone/install/laser_geometry/lib/liblaser_geometry.so" to ""
[8.455s] -- Installing: /home/hle/Desktop/compsci/ros/slam_capstone/install/laser_geometry/share/laser_geometry/cmake/laser_geometryExport.cmake
[8.455s] -- Installing: /home/hle/Desktop/compsci/ros/slam_capstone/install/laser_geometry/share/laser_geometry/cmake/laser_geometryExport-noconfig.cmake
[8.459s] Invoked command in '/home/hle/Desktop/compsci/ros/slam_capstone/build/laser_geometry' returned '0': CMAKE_PREFIX_PATH=/home/hle/Desktop/compsci/ros/ros2_ws/install/ws_bringup:/home/hle/Desktop/compsci/ros/ros2_ws/install/launch:/home/hle/Desktop/compsci/ros/ros2_ws/install/my_robot_interfaces:/home/hle/Desktop/compsci/ros/ros2_ws/install/my_cpp_pkg:/home/hle/turtlebot3_ws/install/turtlebot3:/home/hle/turtlebot3_ws/install/turtlebot3_simulations:/home/hle/turtlebot3_ws/install/turtlebot3_bringup:/home/hle/turtlebot3_ws/install/turtlebot3_node:/home/hle/turtlebot3_ws/install/turtlebot3_navigation2:/home/hle/turtlebot3_ws/install/turtlebot3_fake_node:/home/hle/turtlebot3_ws/install/turtlebot3_msgs:/home/hle/Desktop/compsci/ros/ros2_ws/install/my_py_pkg:/home/hle/Desktop/compsci/ros/ros2_ws/install/tf_transformations:/home/hle/Desktop/compsci/ros/mapping_controller/install/mapping_controller:/home/hle/turtlebot3_ws/install/turtlebot3_teleop:/home/hle/turtlebot3_ws/install/turtlebot3_example:/home/hle/Desktop/compsci/ros/ir_sensor/install/ir_sensor_pkg:/home/hle/Desktop/compsci/ros/clientserver/install/clientserver_pkg:/home/hle/Desktop/compsci/ros/activity2/install/activity:/home/hle/Desktop/compsci/ros/activity4/install/packages:/home/hle/Desktop/compsci/ros/slam_capstone/install/capstone_pkg:/opt/ros/foxy:/home/hle/turtlebot3_ws/install/turtlebot3_gazebo:/home/hle/turtlebot3_ws/install/turtlebot3_description:/home/hle/turtlebot3_ws/install/turtlebot3_cartographer:/home/hle/turtlebot3_ws/install/dynamixel_sdk_examples:/home/hle/turtlebot3_ws/install/dynamixel_sdk_custom_interfaces:/home/hle/turtlebot3_ws/install/dynamixel_sdk:/home/hle/Desktop/compsci/ros/activity2/install/activity_bringup:/home/hle/Desktop/compsci/ros/activity4/install/interfaces:/home/hle/Desktop/compsci/ros/slam_capstone/install/launch:/home/hle/Desktop/compsci/ros/slam_capstone/install/capstone_pkg_cpp:/home/hle/Desktop/compsci/ros/slam_capstone/install/capstone_bringup:/home/hle/Desktop/compsci/ros/slam_capstone/install/capstone_interfaces /usr/bin/cmake --install /home/hle/Desktop/compsci/ros/slam_capstone/build/laser_geometry
