[0.112s] DEBUG:colcon:Command line arguments: ['/usr/bin/colcon', 'build']
[0.112s] DEBUG:colcon:Parsed command line arguments: Namespace(allow_overriding=[], ament_cmake_args=None, base_paths=['.'], build_base='build', catkin_cmake_args=None, catkin_skip_building_tests=False, cmake_args=None, cmake_clean_cache=False, cmake_clean_first=False, cmake_force_configure=False, cmake_target=None, cmake_target_skip_unavailable=False, continue_on_error=False, event_handlers=None, executor='parallel', ignore_user_meta=False, install_base='install', log_base=None, log_level=None, main=<bound method BuildVerb.main of <colcon_core.verb.build.BuildVerb object at 0x7fdcdc3dc4c0>>, merge_install=False, metas=['./colcon.meta'], packages_above=None, packages_above_and_dependencies=None, packages_above_depth=None, packages_end=None, packages_ignore=None, packages_ignore_regex=None, packages_select=None, packages_select_build_failed=False, packages_select_by_dep=None, packages_select_regex=None, packages_select_test_failures=False, packages_skip=None, packages_skip_build_finished=False, packages_skip_by_dep=None, packages_skip_regex=None, packages_skip_test_passed=False, packages_skip_up_to=None, packages_start=None, packages_up_to=None, packages_up_to_regex=None, parallel_workers=8, paths=None, symlink_install=False, test_result_base=None, verb_extension=<colcon_core.verb.build.BuildVerb object at 0x7fdcdc3dc4c0>, verb_name='build', verb_parser=<colcon_defaults.argument_parser.defaults.DefaultArgumentsDecorator object at 0x7fdcdc3dca00>)
[0.125s] Level 1:colcon.colcon_core.package_discovery:discover_packages(colcon_meta) check parameters
[0.125s] Level 1:colcon.colcon_core.package_discovery:discover_packages(recursive) check parameters
[0.125s] Level 1:colcon.colcon_core.package_discovery:discover_packages(ignore) check parameters
[0.125s] Level 1:colcon.colcon_core.package_discovery:discover_packages(path) check parameters
[0.125s] Level 1:colcon.colcon_core.package_discovery:discover_packages(colcon_meta) discover
[0.125s] Level 1:colcon.colcon_core.package_discovery:discover_packages(recursive) discover
[0.125s] INFO:colcon.colcon_core.package_discovery:Crawling recursively for packages in '/home/hle/Desktop/compsci/ros/slam_capstone'
[0.125s] Level 1:colcon.colcon_core.package_identification:_identify(.) by extensions ['ignore', 'ignore_ament_install']
[0.125s] Level 1:colcon.colcon_core.package_identification:_identify(.) by extension 'ignore'
[0.125s] Level 1:colcon.colcon_core.package_identification:_identify(.) by extension 'ignore_ament_install'
[0.125s] Level 1:colcon.colcon_core.package_identification:_identify(.) by extensions ['colcon_pkg']
[0.125s] Level 1:colcon.colcon_core.package_identification:_identify(.) by extension 'colcon_pkg'
[0.125s] Level 1:colcon.colcon_core.package_identification:_identify(.) by extensions ['colcon_meta']
[0.125s] Level 1:colcon.colcon_core.package_identification:_identify(.) by extension 'colcon_meta'
[0.125s] Level 1:colcon.colcon_core.package_identification:_identify(.) by extensions ['ros']
[0.125s] Level 1:colcon.colcon_core.package_identification:_identify(.) by extension 'ros'
[0.134s] Level 1:colcon.colcon_core.package_identification:_identify(.) by extensions ['cmake', 'python']
[0.134s] Level 1:colcon.colcon_core.package_identification:_identify(.) by extension 'cmake'
[0.134s] Level 1:colcon.colcon_core.package_identification:_identify(.) by extension 'python'
[0.134s] Level 1:colcon.colcon_core.package_identification:_identify(.) by extensions ['python_setup_py']
[0.134s] Level 1:colcon.colcon_core.package_identification:_identify(.) by extension 'python_setup_py'
[0.134s] Level 1:colcon.colcon_core.package_identification:_identify(build) by extensions ['ignore', 'ignore_ament_install']
[0.134s] Level 1:colcon.colcon_core.package_identification:_identify(build) by extension 'ignore'
[0.134s] Level 1:colcon.colcon_core.package_identification:_identify(build) ignored
[0.135s] Level 1:colcon.colcon_core.package_identification:_identify(install) by extensions ['ignore', 'ignore_ament_install']
[0.135s] Level 1:colcon.colcon_core.package_identification:_identify(install) by extension 'ignore'
[0.135s] Level 1:colcon.colcon_core.package_identification:_identify(install) ignored
[0.135s] Level 1:colcon.colcon_core.package_identification:_identify(log) by extensions ['ignore', 'ignore_ament_install']
[0.135s] Level 1:colcon.colcon_core.package_identification:_identify(log) by extension 'ignore'
[0.135s] Level 1:colcon.colcon_core.package_identification:_identify(log) ignored
[0.135s] Level 1:colcon.colcon_core.package_identification:_identify(src) by extensions ['ignore', 'ignore_ament_install']
[0.135s] Level 1:colcon.colcon_core.package_identification:_identify(src) by extension 'ignore'
[0.135s] Level 1:colcon.colcon_core.package_identification:_identify(src) by extension 'ignore_ament_install'
[0.135s] Level 1:colcon.colcon_core.package_identification:_identify(src) by extensions ['colcon_pkg']
[0.135s] Level 1:colcon.colcon_core.package_identification:_identify(src) by extension 'colcon_pkg'
[0.135s] Level 1:colcon.colcon_core.package_identification:_identify(src) by extensions ['colcon_meta']
[0.135s] Level 1:colcon.colcon_core.package_identification:_identify(src) by extension 'colcon_meta'
[0.135s] Level 1:colcon.colcon_core.package_identification:_identify(src) by extensions ['ros']
[0.135s] Level 1:colcon.colcon_core.package_identification:_identify(src) by extension 'ros'
[0.135s] Level 1:colcon.colcon_core.package_identification:_identify(src) by extensions ['cmake', 'python']
[0.135s] Level 1:colcon.colcon_core.package_identification:_identify(src) by extension 'cmake'
[0.135s] Level 1:colcon.colcon_core.package_identification:_identify(src) by extension 'python'
[0.135s] Level 1:colcon.colcon_core.package_identification:_identify(src) by extensions ['python_setup_py']
[0.135s] Level 1:colcon.colcon_core.package_identification:_identify(src) by extension 'python_setup_py'
[0.136s] Level 1:colcon.colcon_core.package_identification:_identify(src/capstone_bringup) by extensions ['ignore', 'ignore_ament_install']
[0.136s] Level 1:colcon.colcon_core.package_identification:_identify(src/capstone_bringup) by extension 'ignore'
[0.136s] Level 1:colcon.colcon_core.package_identification:_identify(src/capstone_bringup) by extension 'ignore_ament_install'
[0.136s] Level 1:colcon.colcon_core.package_identification:_identify(src/capstone_bringup) by extensions ['colcon_pkg']
[0.136s] Level 1:colcon.colcon_core.package_identification:_identify(src/capstone_bringup) by extension 'colcon_pkg'
[0.136s] Level 1:colcon.colcon_core.package_identification:_identify(src/capstone_bringup) by extensions ['colcon_meta']
[0.136s] Level 1:colcon.colcon_core.package_identification:_identify(src/capstone_bringup) by extension 'colcon_meta'
[0.136s] Level 1:colcon.colcon_core.package_identification:_identify(src/capstone_bringup) by extensions ['ros']
[0.136s] Level 1:colcon.colcon_core.package_identification:_identify(src/capstone_bringup) by extension 'ros'
[0.137s] DEBUG:colcon.colcon_core.package_identification:Package 'src/capstone_bringup' with type 'ros.ament_cmake' and name 'capstone_bringup'
[0.137s] Level 1:colcon.colcon_core.package_identification:_identify(src/capstone_interfaces) by extensions ['ignore', 'ignore_ament_install']
[0.138s] Level 1:colcon.colcon_core.package_identification:_identify(src/capstone_interfaces) by extension 'ignore'
[0.138s] Level 1:colcon.colcon_core.package_identification:_identify(src/capstone_interfaces) by extension 'ignore_ament_install'
[0.138s] Level 1:colcon.colcon_core.package_identification:_identify(src/capstone_interfaces) by extensions ['colcon_pkg']
[0.138s] Level 1:colcon.colcon_core.package_identification:_identify(src/capstone_interfaces) by extension 'colcon_pkg'
[0.138s] Level 1:colcon.colcon_core.package_identification:_identify(src/capstone_interfaces) by extensions ['colcon_meta']
[0.138s] Level 1:colcon.colcon_core.package_identification:_identify(src/capstone_interfaces) by extension 'colcon_meta'
[0.138s] Level 1:colcon.colcon_core.package_identification:_identify(src/capstone_interfaces) by extensions ['ros']
[0.138s] Level 1:colcon.colcon_core.package_identification:_identify(src/capstone_interfaces) by extension 'ros'
[0.138s] DEBUG:colcon.colcon_core.package_identification:Package 'src/capstone_interfaces' with type 'ros.ament_cmake' and name 'capstone_interfaces'
[0.138s] Level 1:colcon.colcon_core.package_identification:_identify(src/capstone_pkg) by extensions ['ignore', 'ignore_ament_install']
[0.139s] Level 1:colcon.colcon_core.package_identification:_identify(src/capstone_pkg) by extension 'ignore'
[0.139s] Level 1:colcon.colcon_core.package_identification:_identify(src/capstone_pkg) by extension 'ignore_ament_install'
[0.139s] Level 1:colcon.colcon_core.package_identification:_identify(src/capstone_pkg) by extensions ['colcon_pkg']
[0.139s] Level 1:colcon.colcon_core.package_identification:_identify(src/capstone_pkg) by extension 'colcon_pkg'
[0.139s] Level 1:colcon.colcon_core.package_identification:_identify(src/capstone_pkg) by extensions ['colcon_meta']
[0.139s] Level 1:colcon.colcon_core.package_identification:_identify(src/capstone_pkg) by extension 'colcon_meta'
[0.139s] Level 1:colcon.colcon_core.package_identification:_identify(src/capstone_pkg) by extensions ['ros']
[0.139s] Level 1:colcon.colcon_core.package_identification:_identify(src/capstone_pkg) by extension 'ros'
[0.140s] DEBUG:colcon.colcon_core.package_identification:Package 'src/capstone_pkg' with type 'ros.ament_python' and name 'capstone_pkg'
[0.140s] Level 1:colcon.colcon_core.package_discovery:discover_packages(recursive) using defaults
[0.140s] Level 1:colcon.colcon_core.package_discovery:discover_packages(ignore) discover
[0.140s] Level 1:colcon.colcon_core.package_discovery:discover_packages(ignore) using defaults
[0.140s] Level 1:colcon.colcon_core.package_discovery:discover_packages(path) discover
[0.140s] Level 1:colcon.colcon_core.package_discovery:discover_packages(path) using defaults
[0.155s] Level 5:colcon.colcon_core.verb:set package 'capstone_interfaces' build argument 'cmake_args' from command line to 'None'
[0.155s] Level 5:colcon.colcon_core.verb:set package 'capstone_interfaces' build argument 'cmake_target' from command line to 'None'
[0.155s] Level 5:colcon.colcon_core.verb:set package 'capstone_interfaces' build argument 'cmake_target_skip_unavailable' from command line to 'False'
[0.155s] Level 5:colcon.colcon_core.verb:set package 'capstone_interfaces' build argument 'cmake_clean_cache' from command line to 'False'
[0.155s] Level 5:colcon.colcon_core.verb:set package 'capstone_interfaces' build argument 'cmake_clean_first' from command line to 'False'
[0.155s] Level 5:colcon.colcon_core.verb:set package 'capstone_interfaces' build argument 'cmake_force_configure' from command line to 'False'
[0.155s] Level 5:colcon.colcon_core.verb:set package 'capstone_interfaces' build argument 'ament_cmake_args' from command line to 'None'
[0.155s] Level 5:colcon.colcon_core.verb:set package 'capstone_interfaces' build argument 'catkin_cmake_args' from command line to 'None'
[0.155s] Level 5:colcon.colcon_core.verb:set package 'capstone_interfaces' build argument 'catkin_skip_building_tests' from command line to 'False'
[0.155s] DEBUG:colcon.colcon_core.verb:Building package 'capstone_interfaces' with the following arguments: {'ament_cmake_args': None, 'build_base': '/home/hle/Desktop/compsci/ros/slam_capstone/build/capstone_interfaces', 'catkin_cmake_args': None, 'catkin_skip_building_tests': False, 'cmake_args': None, 'cmake_clean_cache': False, 'cmake_clean_first': False, 'cmake_force_configure': False, 'cmake_target': None, 'cmake_target_skip_unavailable': False, 'install_base': '/home/hle/Desktop/compsci/ros/slam_capstone/install/capstone_interfaces', 'merge_install': False, 'path': '/home/hle/Desktop/compsci/ros/slam_capstone/src/capstone_interfaces', 'symlink_install': False, 'test_result_base': None}
[0.155s] Level 5:colcon.colcon_core.verb:set package 'capstone_pkg' build argument 'cmake_args' from command line to 'None'
[0.155s] Level 5:colcon.colcon_core.verb:set package 'capstone_pkg' build argument 'cmake_target' from command line to 'None'
[0.156s] Level 5:colcon.colcon_core.verb:set package 'capstone_pkg' build argument 'cmake_target_skip_unavailable' from command line to 'False'
[0.156s] Level 5:colcon.colcon_core.verb:set package 'capstone_pkg' build argument 'cmake_clean_cache' from command line to 'False'
[0.156s] Level 5:colcon.colcon_core.verb:set package 'capstone_pkg' build argument 'cmake_clean_first' from command line to 'False'
[0.156s] Level 5:colcon.colcon_core.verb:set package 'capstone_pkg' build argument 'cmake_force_configure' from command line to 'False'
[0.156s] Level 5:colcon.colcon_core.verb:set package 'capstone_pkg' build argument 'ament_cmake_args' from command line to 'None'
[0.156s] Level 5:colcon.colcon_core.verb:set package 'capstone_pkg' build argument 'catkin_cmake_args' from command line to 'None'
[0.156s] Level 5:colcon.colcon_core.verb:set package 'capstone_pkg' build argument 'catkin_skip_building_tests' from command line to 'False'
[0.156s] DEBUG:colcon.colcon_core.verb:Building package 'capstone_pkg' with the following arguments: {'ament_cmake_args': None, 'build_base': '/home/hle/Desktop/compsci/ros/slam_capstone/build/capstone_pkg', 'catkin_cmake_args': None, 'catkin_skip_building_tests': False, 'cmake_args': None, 'cmake_clean_cache': False, 'cmake_clean_first': False, 'cmake_force_configure': False, 'cmake_target': None, 'cmake_target_skip_unavailable': False, 'install_base': '/home/hle/Desktop/compsci/ros/slam_capstone/install/capstone_pkg', 'merge_install': False, 'path': '/home/hle/Desktop/compsci/ros/slam_capstone/src/capstone_pkg', 'symlink_install': False, 'test_result_base': None}
[0.156s] Level 5:colcon.colcon_core.verb:set package 'capstone_bringup' build argument 'cmake_args' from command line to 'None'
[0.156s] Level 5:colcon.colcon_core.verb:set package 'capstone_bringup' build argument 'cmake_target' from command line to 'None'
[0.156s] Level 5:colcon.colcon_core.verb:set package 'capstone_bringup' build argument 'cmake_target_skip_unavailable' from command line to 'False'
[0.156s] Level 5:colcon.colcon_core.verb:set package 'capstone_bringup' build argument 'cmake_clean_cache' from command line to 'False'
[0.156s] Level 5:colcon.colcon_core.verb:set package 'capstone_bringup' build argument 'cmake_clean_first' from command line to 'False'
[0.156s] Level 5:colcon.colcon_core.verb:set package 'capstone_bringup' build argument 'cmake_force_configure' from command line to 'False'
[0.156s] Level 5:colcon.colcon_core.verb:set package 'capstone_bringup' build argument 'ament_cmake_args' from command line to 'None'
[0.156s] Level 5:colcon.colcon_core.verb:set package 'capstone_bringup' build argument 'catkin_cmake_args' from command line to 'None'
[0.156s] Level 5:colcon.colcon_core.verb:set package 'capstone_bringup' build argument 'catkin_skip_building_tests' from command line to 'False'
[0.156s] DEBUG:colcon.colcon_core.verb:Building package 'capstone_bringup' with the following arguments: {'ament_cmake_args': None, 'build_base': '/home/hle/Desktop/compsci/ros/slam_capstone/build/capstone_bringup', 'catkin_cmake_args': None, 'catkin_skip_building_tests': False, 'cmake_args': None, 'cmake_clean_cache': False, 'cmake_clean_first': False, 'cmake_force_configure': False, 'cmake_target': None, 'cmake_target_skip_unavailable': False, 'install_base': '/home/hle/Desktop/compsci/ros/slam_capstone/install/capstone_bringup', 'merge_install': False, 'path': '/home/hle/Desktop/compsci/ros/slam_capstone/src/capstone_bringup', 'symlink_install': False, 'test_result_base': None}
[0.162s] WARNING:colcon.colcon_core.verb:Some selected packages are already built in one or more underlay workspaces:
	'capstone_interfaces' is in: /home/hle/Desktop/compsci/ros/slam_capstone/install/capstone_interfaces
	'capstone_pkg' is in: /home/hle/Desktop/compsci/ros/slam_capstone/install/capstone_pkg
	'capstone_bringup' is in: /home/hle/Desktop/compsci/ros/slam_capstone/install/capstone_bringup
If a package in a merged underlay workspace is overridden and it installs headers, then all packages in the overlay must sort their include directories by workspace order. Failure to do so may result in build failures or undefined behavior at run time.
If the overridden package is used by another package in any underlay, then the overriding package in the overlay must be API and ABI compatible or undefined behavior at run time may occur.

If you understand the risks and want to override a package anyways, add the following to the command line:
	--allow-overriding capstone_bringup capstone_interfaces capstone_pkg

This may be promoted to an error in a future release of colcon-core.
[0.162s] INFO:colcon.colcon_core.executor:Executing jobs using 'parallel' executor
[0.164s] DEBUG:colcon.colcon_parallel_executor.executor.parallel:run_until_complete
[0.164s] INFO:colcon.colcon_ros.task.ament_cmake.build:Building ROS package in '/home/hle/Desktop/compsci/ros/slam_capstone/src/capstone_interfaces' with build type 'ament_cmake'
[0.164s] INFO:colcon.colcon_cmake.task.cmake.build:Building CMake package in '/home/hle/Desktop/compsci/ros/slam_capstone/src/capstone_interfaces'
[0.167s] INFO:colcon.colcon_core.plugin_system:Skipping extension 'colcon_core.shell.bat': Not used on non-Windows systems
[0.167s] INFO:colcon.colcon_core.shell:Skip shell extension 'powershell' for command environment: Not usable outside of PowerShell
[0.167s] DEBUG:colcon.colcon_core.shell:Skip shell extension 'dsv' for command environment
[0.178s] DEBUG:colcon.colcon_core.event_handler.log_command:Invoking command in '/home/hle/Desktop/compsci/ros/slam_capstone/build/capstone_interfaces': CMAKE_PREFIX_PATH=${CMAKE_PREFIX_PATH}:/home/hle/Desktop/compsci/ros/ros2_ws/install/my_py_pkg:/home/hle/turtlebot3_ws/install/turtlebot3_teleop:/home/hle/turtlebot3_ws/install/turtlebot3_example:/home/hle/Desktop/compsci/ros/ir_sensor/install/ir_sensor_pkg:/home/hle/Desktop/compsci/ros/clientserver/install/clientserver_pkg:/home/hle/Desktop/compsci/ros/activity2/install/activity:/home/hle/Desktop/compsci/ros/activity4/install/packages:/home/hle/Desktop/compsci/ros/slam_capstone/install/capstone_pkg:/opt/ros/foxy /usr/bin/cmake /home/hle/Desktop/compsci/ros/slam_capstone/src/capstone_interfaces -DCMAKE_INSTALL_PREFIX=/home/hle/Desktop/compsci/ros/slam_capstone/install/capstone_interfaces
[0.880s] DEBUG:colcon.colcon_core.event_handler.log_command:Invoked command in '/home/hle/Desktop/compsci/ros/slam_capstone/build/capstone_interfaces' returned '0': CMAKE_PREFIX_PATH=${CMAKE_PREFIX_PATH}:/home/hle/Desktop/compsci/ros/ros2_ws/install/my_py_pkg:/home/hle/turtlebot3_ws/install/turtlebot3_teleop:/home/hle/turtlebot3_ws/install/turtlebot3_example:/home/hle/Desktop/compsci/ros/ir_sensor/install/ir_sensor_pkg:/home/hle/Desktop/compsci/ros/clientserver/install/clientserver_pkg:/home/hle/Desktop/compsci/ros/activity2/install/activity:/home/hle/Desktop/compsci/ros/activity4/install/packages:/home/hle/Desktop/compsci/ros/slam_capstone/install/capstone_pkg:/opt/ros/foxy /usr/bin/cmake /home/hle/Desktop/compsci/ros/slam_capstone/src/capstone_interfaces -DCMAKE_INSTALL_PREFIX=/home/hle/Desktop/compsci/ros/slam_capstone/install/capstone_interfaces
[0.883s] DEBUG:colcon.colcon_core.event_handler.log_command:Invoking command in '/home/hle/Desktop/compsci/ros/slam_capstone/build/capstone_interfaces': CMAKE_PREFIX_PATH=${CMAKE_PREFIX_PATH}:/home/hle/Desktop/compsci/ros/ros2_ws/install/my_py_pkg:/home/hle/turtlebot3_ws/install/turtlebot3_teleop:/home/hle/turtlebot3_ws/install/turtlebot3_example:/home/hle/Desktop/compsci/ros/ir_sensor/install/ir_sensor_pkg:/home/hle/Desktop/compsci/ros/clientserver/install/clientserver_pkg:/home/hle/Desktop/compsci/ros/activity2/install/activity:/home/hle/Desktop/compsci/ros/activity4/install/packages:/home/hle/Desktop/compsci/ros/slam_capstone/install/capstone_pkg:/opt/ros/foxy /usr/bin/cmake --build /home/hle/Desktop/compsci/ros/slam_capstone/build/capstone_interfaces -- -j8 -l8
[1.049s] DEBUG:colcon.colcon_core.event_handler.log_command:Invoked command in '/home/hle/Desktop/compsci/ros/slam_capstone/build/capstone_interfaces' returned '0': CMAKE_PREFIX_PATH=${CMAKE_PREFIX_PATH}:/home/hle/Desktop/compsci/ros/ros2_ws/install/my_py_pkg:/home/hle/turtlebot3_ws/install/turtlebot3_teleop:/home/hle/turtlebot3_ws/install/turtlebot3_example:/home/hle/Desktop/compsci/ros/ir_sensor/install/ir_sensor_pkg:/home/hle/Desktop/compsci/ros/clientserver/install/clientserver_pkg:/home/hle/Desktop/compsci/ros/activity2/install/activity:/home/hle/Desktop/compsci/ros/activity4/install/packages:/home/hle/Desktop/compsci/ros/slam_capstone/install/capstone_pkg:/opt/ros/foxy /usr/bin/cmake --build /home/hle/Desktop/compsci/ros/slam_capstone/build/capstone_interfaces -- -j8 -l8
[1.093s] DEBUG:colcon.colcon_core.event_handler.log_command:Invoking command in '/home/hle/Desktop/compsci/ros/slam_capstone/build/capstone_interfaces': CMAKE_PREFIX_PATH=${CMAKE_PREFIX_PATH}:/home/hle/Desktop/compsci/ros/ros2_ws/install/my_py_pkg:/home/hle/turtlebot3_ws/install/turtlebot3_teleop:/home/hle/turtlebot3_ws/install/turtlebot3_example:/home/hle/Desktop/compsci/ros/ir_sensor/install/ir_sensor_pkg:/home/hle/Desktop/compsci/ros/clientserver/install/clientserver_pkg:/home/hle/Desktop/compsci/ros/activity2/install/activity:/home/hle/Desktop/compsci/ros/activity4/install/packages:/home/hle/Desktop/compsci/ros/slam_capstone/install/capstone_pkg:/opt/ros/foxy /usr/bin/cmake --install /home/hle/Desktop/compsci/ros/slam_capstone/build/capstone_interfaces
[1.165s] Level 1:colcon.colcon_core.environment:create_environment_scripts_only(capstone_interfaces)
[1.166s] DEBUG:colcon.colcon_core.event_handler.log_command:Invoked command in '/home/hle/Desktop/compsci/ros/slam_capstone/build/capstone_interfaces' returned '0': CMAKE_PREFIX_PATH=${CMAKE_PREFIX_PATH}:/home/hle/Desktop/compsci/ros/ros2_ws/install/my_py_pkg:/home/hle/turtlebot3_ws/install/turtlebot3_teleop:/home/hle/turtlebot3_ws/install/turtlebot3_example:/home/hle/Desktop/compsci/ros/ir_sensor/install/ir_sensor_pkg:/home/hle/Desktop/compsci/ros/clientserver/install/clientserver_pkg:/home/hle/Desktop/compsci/ros/activity2/install/activity:/home/hle/Desktop/compsci/ros/activity4/install/packages:/home/hle/Desktop/compsci/ros/slam_capstone/install/capstone_pkg:/opt/ros/foxy /usr/bin/cmake --install /home/hle/Desktop/compsci/ros/slam_capstone/build/capstone_interfaces
[1.169s] Level 1:colcon.colcon_core.environment:checking '/home/hle/Desktop/compsci/ros/slam_capstone/install/capstone_interfaces' for CMake module files
[1.169s] Level 1:colcon.colcon_core.environment:checking '/home/hle/Desktop/compsci/ros/slam_capstone/install/capstone_interfaces' for CMake config files
[1.169s] Level 1:colcon.colcon_core.shell:create_environment_hook('capstone_interfaces', 'cmake_prefix_path')
[1.170s] INFO:colcon.colcon_core.shell:Creating environment hook '/home/hle/Desktop/compsci/ros/slam_capstone/install/capstone_interfaces/share/capstone_interfaces/hook/cmake_prefix_path.ps1'
[1.170s] INFO:colcon.colcon_core.shell:Creating environment descriptor '/home/hle/Desktop/compsci/ros/slam_capstone/install/capstone_interfaces/share/capstone_interfaces/hook/cmake_prefix_path.dsv'
[1.171s] INFO:colcon.colcon_core.shell:Creating environment hook '/home/hle/Desktop/compsci/ros/slam_capstone/install/capstone_interfaces/share/capstone_interfaces/hook/cmake_prefix_path.sh'
[1.171s] Level 1:colcon.colcon_core.environment:checking '/home/hle/Desktop/compsci/ros/slam_capstone/install/capstone_interfaces/lib'
[1.171s] Level 1:colcon.colcon_core.shell:create_environment_hook('capstone_interfaces', 'ld_library_path_lib')
[1.172s] INFO:colcon.colcon_core.shell:Creating environment hook '/home/hle/Desktop/compsci/ros/slam_capstone/install/capstone_interfaces/share/capstone_interfaces/hook/ld_library_path_lib.ps1'
[1.172s] INFO:colcon.colcon_core.shell:Creating environment descriptor '/home/hle/Desktop/compsci/ros/slam_capstone/install/capstone_interfaces/share/capstone_interfaces/hook/ld_library_path_lib.dsv'
[1.172s] INFO:colcon.colcon_core.shell:Creating environment hook '/home/hle/Desktop/compsci/ros/slam_capstone/install/capstone_interfaces/share/capstone_interfaces/hook/ld_library_path_lib.sh'
[1.173s] Level 1:colcon.colcon_core.environment:checking '/home/hle/Desktop/compsci/ros/slam_capstone/install/capstone_interfaces/bin'
[1.173s] Level 1:colcon.colcon_core.environment:checking '/home/hle/Desktop/compsci/ros/slam_capstone/install/capstone_interfaces/lib/pkgconfig/capstone_interfaces.pc'
[1.173s] Level 1:colcon.colcon_core.environment:checking '/home/hle/Desktop/compsci/ros/slam_capstone/install/capstone_interfaces/lib/python3.8/site-packages'
[1.173s] Level 1:colcon.colcon_core.shell:create_environment_hook('capstone_interfaces', 'pythonpath')
[1.173s] INFO:colcon.colcon_core.shell:Creating environment hook '/home/hle/Desktop/compsci/ros/slam_capstone/install/capstone_interfaces/share/capstone_interfaces/hook/pythonpath.ps1'
[1.173s] INFO:colcon.colcon_core.shell:Creating environment descriptor '/home/hle/Desktop/compsci/ros/slam_capstone/install/capstone_interfaces/share/capstone_interfaces/hook/pythonpath.dsv'
[1.174s] INFO:colcon.colcon_core.shell:Creating environment hook '/home/hle/Desktop/compsci/ros/slam_capstone/install/capstone_interfaces/share/capstone_interfaces/hook/pythonpath.sh'
[1.174s] INFO:colcon.colcon_core.shell:Creating package script '/home/hle/Desktop/compsci/ros/slam_capstone/install/capstone_interfaces/share/capstone_interfaces/package.ps1'
[1.175s] INFO:colcon.colcon_core.shell:Creating package descriptor '/home/hle/Desktop/compsci/ros/slam_capstone/install/capstone_interfaces/share/capstone_interfaces/package.dsv'
[1.175s] INFO:colcon.colcon_core.shell:Creating package script '/home/hle/Desktop/compsci/ros/slam_capstone/install/capstone_interfaces/share/capstone_interfaces/package.sh'
[1.176s] INFO:colcon.colcon_core.shell:Creating package script '/home/hle/Desktop/compsci/ros/slam_capstone/install/capstone_interfaces/share/capstone_interfaces/package.bash'
[1.176s] INFO:colcon.colcon_core.shell:Creating package script '/home/hle/Desktop/compsci/ros/slam_capstone/install/capstone_interfaces/share/capstone_interfaces/package.zsh'
[1.177s] Level 1:colcon.colcon_core.environment:create_file_with_runtime_dependencies(/home/hle/Desktop/compsci/ros/slam_capstone/install/capstone_interfaces/share/colcon-core/packages/capstone_interfaces)
[1.212s] Level 1:colcon.colcon_core.environment:create_environment_scripts_only(capstone_interfaces)
[1.213s] Level 1:colcon.colcon_core.environment:checking '/home/hle/Desktop/compsci/ros/slam_capstone/install/capstone_interfaces' for CMake module files
[1.213s] Level 1:colcon.colcon_core.environment:checking '/home/hle/Desktop/compsci/ros/slam_capstone/install/capstone_interfaces' for CMake config files
[1.214s] Level 1:colcon.colcon_core.shell:create_environment_hook('capstone_interfaces', 'cmake_prefix_path')
[1.214s] INFO:colcon.colcon_core.shell:Creating environment hook '/home/hle/Desktop/compsci/ros/slam_capstone/install/capstone_interfaces/share/capstone_interfaces/hook/cmake_prefix_path.ps1'
[1.214s] INFO:colcon.colcon_core.shell:Creating environment descriptor '/home/hle/Desktop/compsci/ros/slam_capstone/install/capstone_interfaces/share/capstone_interfaces/hook/cmake_prefix_path.dsv'
[1.215s] INFO:colcon.colcon_core.shell:Creating environment hook '/home/hle/Desktop/compsci/ros/slam_capstone/install/capstone_interfaces/share/capstone_interfaces/hook/cmake_prefix_path.sh'
[1.215s] Level 1:colcon.colcon_core.environment:checking '/home/hle/Desktop/compsci/ros/slam_capstone/install/capstone_interfaces/lib'
[1.215s] Level 1:colcon.colcon_core.shell:create_environment_hook('capstone_interfaces', 'ld_library_path_lib')
[1.216s] INFO:colcon.colcon_core.shell:Creating environment hook '/home/hle/Desktop/compsci/ros/slam_capstone/install/capstone_interfaces/share/capstone_interfaces/hook/ld_library_path_lib.ps1'
[1.216s] INFO:colcon.colcon_core.shell:Creating environment descriptor '/home/hle/Desktop/compsci/ros/slam_capstone/install/capstone_interfaces/share/capstone_interfaces/hook/ld_library_path_lib.dsv'
[1.216s] INFO:colcon.colcon_core.shell:Creating environment hook '/home/hle/Desktop/compsci/ros/slam_capstone/install/capstone_interfaces/share/capstone_interfaces/hook/ld_library_path_lib.sh'
[1.216s] Level 1:colcon.colcon_core.environment:checking '/home/hle/Desktop/compsci/ros/slam_capstone/install/capstone_interfaces/bin'
[1.216s] Level 1:colcon.colcon_core.environment:checking '/home/hle/Desktop/compsci/ros/slam_capstone/install/capstone_interfaces/lib/pkgconfig/capstone_interfaces.pc'
[1.216s] Level 1:colcon.colcon_core.environment:checking '/home/hle/Desktop/compsci/ros/slam_capstone/install/capstone_interfaces/lib/python3.8/site-packages'
[1.216s] Level 1:colcon.colcon_core.shell:create_environment_hook('capstone_interfaces', 'pythonpath')
[1.217s] INFO:colcon.colcon_core.shell:Creating environment hook '/home/hle/Desktop/compsci/ros/slam_capstone/install/capstone_interfaces/share/capstone_interfaces/hook/pythonpath.ps1'
[1.217s] INFO:colcon.colcon_core.shell:Creating environment descriptor '/home/hle/Desktop/compsci/ros/slam_capstone/install/capstone_interfaces/share/capstone_interfaces/hook/pythonpath.dsv'
[1.217s] INFO:colcon.colcon_core.shell:Creating environment hook '/home/hle/Desktop/compsci/ros/slam_capstone/install/capstone_interfaces/share/capstone_interfaces/hook/pythonpath.sh'
[1.218s] INFO:colcon.colcon_core.shell:Creating package script '/home/hle/Desktop/compsci/ros/slam_capstone/install/capstone_interfaces/share/capstone_interfaces/package.ps1'
[1.218s] INFO:colcon.colcon_core.shell:Creating package descriptor '/home/hle/Desktop/compsci/ros/slam_capstone/install/capstone_interfaces/share/capstone_interfaces/package.dsv'
[1.219s] INFO:colcon.colcon_core.shell:Creating package script '/home/hle/Desktop/compsci/ros/slam_capstone/install/capstone_interfaces/share/capstone_interfaces/package.sh'
[1.219s] INFO:colcon.colcon_core.shell:Creating package script '/home/hle/Desktop/compsci/ros/slam_capstone/install/capstone_interfaces/share/capstone_interfaces/package.bash'
[1.219s] INFO:colcon.colcon_core.shell:Creating package script '/home/hle/Desktop/compsci/ros/slam_capstone/install/capstone_interfaces/share/capstone_interfaces/package.zsh'
[1.220s] Level 1:colcon.colcon_core.environment:create_file_with_runtime_dependencies(/home/hle/Desktop/compsci/ros/slam_capstone/install/capstone_interfaces/share/colcon-core/packages/capstone_interfaces)
[1.220s] INFO:colcon.colcon_ros.task.ament_python.build:Building ROS package in '/home/hle/Desktop/compsci/ros/slam_capstone/src/capstone_pkg' with build type 'ament_python'
[1.220s] Level 1:colcon.colcon_core.shell:create_environment_hook('capstone_pkg', 'ament_prefix_path')
[1.221s] INFO:colcon.colcon_core.shell:Creating environment hook '/home/hle/Desktop/compsci/ros/slam_capstone/install/capstone_pkg/share/capstone_pkg/hook/ament_prefix_path.ps1'
[1.221s] INFO:colcon.colcon_core.shell:Creating environment descriptor '/home/hle/Desktop/compsci/ros/slam_capstone/install/capstone_pkg/share/capstone_pkg/hook/ament_prefix_path.dsv'
[1.222s] INFO:colcon.colcon_core.shell:Creating environment hook '/home/hle/Desktop/compsci/ros/slam_capstone/install/capstone_pkg/share/capstone_pkg/hook/ament_prefix_path.sh'
[1.222s] INFO:colcon.colcon_core.shell:Skip shell extension 'powershell' for command environment: Not usable outside of PowerShell
[1.222s] DEBUG:colcon.colcon_core.shell:Skip shell extension 'dsv' for command environment
[1.428s] INFO:colcon.colcon_core.task.python.build:Building Python package in '/home/hle/Desktop/compsci/ros/slam_capstone/src/capstone_pkg'
[1.429s] INFO:colcon.colcon_core.shell:Skip shell extension 'powershell' for command environment: Not usable outside of PowerShell
[1.429s] DEBUG:colcon.colcon_core.shell:Skip shell extension 'dsv' for command environment
[1.754s] DEBUG:colcon.colcon_core.event_handler.log_command:Invoking command in '/home/hle/Desktop/compsci/ros/slam_capstone/build/capstone_pkg': CMAKE_PREFIX_PATH=/home/hle/Desktop/compsci/ros/slam_capstone/install/capstone_interfaces:/home/hle/Desktop/compsci/ros/ros2_ws/install/my_robot_interfaces:/home/hle/Desktop/compsci/ros/ros2_ws/install/my_cpp_pkg:/home/hle/turtlebot3_ws/install/turtlebot3:/home/hle/turtlebot3_ws/install/turtlebot3_bringup:/home/hle/turtlebot3_ws/install/turtlebot3_node:/home/hle/turtlebot3_ws/install/turtlebot3_navigation2:/home/hle/turtlebot3_ws/install/turtlebot3_msgs:/home/hle/turtlebot3_ws/install/turtlebot3_description:/home/hle/turtlebot3_ws/install/turtlebot3_cartographer:/home/hle/turtlebot3_ws/install/dynamixel_sdk_examples:/home/hle/turtlebot3_ws/install/dynamixel_sdk_custom_interfaces:/home/hle/turtlebot3_ws/install/dynamixel_sdk:/home/hle/Desktop/compsci/ros/activity2/install/activity_bringup:/home/hle/Desktop/compsci/ros/activity4/install/interfaces:/home/hle/Desktop/compsci/ros/slam_capstone/install/launch:/home/hle/Desktop/compsci/ros/slam_capstone/install/capstone_bringup LD_LIBRARY_PATH=/home/hle/Desktop/compsci/ros/slam_capstone/install/capstone_interfaces/lib:/home/hle/Desktop/compsci/ros/ros2_ws/install/my_robot_interfaces/lib:/home/hle/turtlebot3_ws/install/turtlebot3_msgs/lib:/home/hle/turtlebot3_ws/install/dynamixel_sdk_custom_interfaces/lib:/home/hle/turtlebot3_ws/install/dynamixel_sdk/lib:/home/hle/Desktop/compsci/ros/activity4/install/interfaces/lib:/usr/lib/x86_64-linux-gnu/gazebo-11/plugins:/opt/ros/foxy/opt/yaml_cpp_vendor/lib:/opt/ros/foxy/opt/rviz_ogre_vendor/lib:/opt/ros/foxy/lib/x86_64-linux-gnu:/opt/ros/foxy/lib PYTHONPATH=/home/hle/Desktop/compsci/ros/slam_capstone/install/capstone_pkg/lib/python3.8/site-packages:/home/hle/Desktop/compsci/ros/slam_capstone/install/capstone_interfaces/lib/python3.8/site-packages:/home/hle/Desktop/compsci/ros/ros2_ws/build/my_py_pkg:/home/hle/Desktop/compsci/ros/ros2_ws/install/my_py_pkg/lib/python3.8/site-packages:/home/hle/Desktop/compsci/ros/ros2_ws/install/my_robot_interfaces/lib/python3.8/site-packages:/home/hle/turtlebot3_ws/build/turtlebot3_teleop:/home/hle/turtlebot3_ws/install/turtlebot3_teleop/lib/python3.8/site-packages:/home/hle/turtlebot3_ws/build/turtlebot3_example:/home/hle/turtlebot3_ws/install/turtlebot3_example/lib/python3.8/site-packages:/home/hle/turtlebot3_ws/install/turtlebot3_msgs/lib/python3.8/site-packages:/home/hle/turtlebot3_ws/install/dynamixel_sdk_custom_interfaces/lib/python3.8/site-packages:/home/hle/Desktop/compsci/ros/ir_sensor/install/ir_sensor_pkg/lib/python3.8/site-packages:/home/hle/Desktop/compsci/ros/clientserver/build/clientserver_pkg:/home/hle/Desktop/compsci/ros/clientserver/install/clientserver_pkg/lib/python3.8/site-packages:/home/hle/Desktop/compsci/ros/activity2/build/activity:/home/hle/Desktop/compsci/ros/activity2/install/activity/lib/python3.8/site-packages:/home/hle/Desktop/compsci/ros/activity4/build/packages:/home/hle/Desktop/compsci/ros/activity4/install/packages/lib/python3.8/site-packages:/home/hle/Desktop/compsci/ros/activity4/install/interfaces/lib/python3.8/site-packages:/home/hle/Desktop/compsci/ros/slam_capstone/build/capstone_pkg:/home/hle/Desktop/compsci/ros/slam_capstone/install/capstone_pkg/lib/python3.8/site-packages:/opt/ros/foxy/lib/python3.8/site-packages /usr/bin/python3 setup.py develop --prefix /home/hle/Desktop/compsci/ros/slam_capstone/install/capstone_pkg --uninstall --editable --build-directory /home/hle/Desktop/compsci/ros/slam_capstone/build/capstone_pkg/build
[2.078s] DEBUG:colcon.colcon_core.event_handler.log_command:Invoked command in '/home/hle/Desktop/compsci/ros/slam_capstone/build/capstone_pkg' returned '0': CMAKE_PREFIX_PATH=/home/hle/Desktop/compsci/ros/slam_capstone/install/capstone_interfaces:/home/hle/Desktop/compsci/ros/ros2_ws/install/my_robot_interfaces:/home/hle/Desktop/compsci/ros/ros2_ws/install/my_cpp_pkg:/home/hle/turtlebot3_ws/install/turtlebot3:/home/hle/turtlebot3_ws/install/turtlebot3_bringup:/home/hle/turtlebot3_ws/install/turtlebot3_node:/home/hle/turtlebot3_ws/install/turtlebot3_navigation2:/home/hle/turtlebot3_ws/install/turtlebot3_msgs:/home/hle/turtlebot3_ws/install/turtlebot3_description:/home/hle/turtlebot3_ws/install/turtlebot3_cartographer:/home/hle/turtlebot3_ws/install/dynamixel_sdk_examples:/home/hle/turtlebot3_ws/install/dynamixel_sdk_custom_interfaces:/home/hle/turtlebot3_ws/install/dynamixel_sdk:/home/hle/Desktop/compsci/ros/activity2/install/activity_bringup:/home/hle/Desktop/compsci/ros/activity4/install/interfaces:/home/hle/Desktop/compsci/ros/slam_capstone/install/launch:/home/hle/Desktop/compsci/ros/slam_capstone/install/capstone_bringup LD_LIBRARY_PATH=/home/hle/Desktop/compsci/ros/slam_capstone/install/capstone_interfaces/lib:/home/hle/Desktop/compsci/ros/ros2_ws/install/my_robot_interfaces/lib:/home/hle/turtlebot3_ws/install/turtlebot3_msgs/lib:/home/hle/turtlebot3_ws/install/dynamixel_sdk_custom_interfaces/lib:/home/hle/turtlebot3_ws/install/dynamixel_sdk/lib:/home/hle/Desktop/compsci/ros/activity4/install/interfaces/lib:/usr/lib/x86_64-linux-gnu/gazebo-11/plugins:/opt/ros/foxy/opt/yaml_cpp_vendor/lib:/opt/ros/foxy/opt/rviz_ogre_vendor/lib:/opt/ros/foxy/lib/x86_64-linux-gnu:/opt/ros/foxy/lib PYTHONPATH=/home/hle/Desktop/compsci/ros/slam_capstone/install/capstone_pkg/lib/python3.8/site-packages:/home/hle/Desktop/compsci/ros/slam_capstone/install/capstone_interfaces/lib/python3.8/site-packages:/home/hle/Desktop/compsci/ros/ros2_ws/build/my_py_pkg:/home/hle/Desktop/compsci/ros/ros2_ws/install/my_py_pkg/lib/python3.8/site-packages:/home/hle/Desktop/compsci/ros/ros2_ws/install/my_robot_interfaces/lib/python3.8/site-packages:/home/hle/turtlebot3_ws/build/turtlebot3_teleop:/home/hle/turtlebot3_ws/install/turtlebot3_teleop/lib/python3.8/site-packages:/home/hle/turtlebot3_ws/build/turtlebot3_example:/home/hle/turtlebot3_ws/install/turtlebot3_example/lib/python3.8/site-packages:/home/hle/turtlebot3_ws/install/turtlebot3_msgs/lib/python3.8/site-packages:/home/hle/turtlebot3_ws/install/dynamixel_sdk_custom_interfaces/lib/python3.8/site-packages:/home/hle/Desktop/compsci/ros/ir_sensor/install/ir_sensor_pkg/lib/python3.8/site-packages:/home/hle/Desktop/compsci/ros/clientserver/build/clientserver_pkg:/home/hle/Desktop/compsci/ros/clientserver/install/clientserver_pkg/lib/python3.8/site-packages:/home/hle/Desktop/compsci/ros/activity2/build/activity:/home/hle/Desktop/compsci/ros/activity2/install/activity/lib/python3.8/site-packages:/home/hle/Desktop/compsci/ros/activity4/build/packages:/home/hle/Desktop/compsci/ros/activity4/install/packages/lib/python3.8/site-packages:/home/hle/Desktop/compsci/ros/activity4/install/interfaces/lib/python3.8/site-packages:/home/hle/Desktop/compsci/ros/slam_capstone/build/capstone_pkg:/home/hle/Desktop/compsci/ros/slam_capstone/install/capstone_pkg/lib/python3.8/site-packages:/opt/ros/foxy/lib/python3.8/site-packages /usr/bin/python3 setup.py develop --prefix /home/hle/Desktop/compsci/ros/slam_capstone/install/capstone_pkg --uninstall --editable --build-directory /home/hle/Desktop/compsci/ros/slam_capstone/build/capstone_pkg/build
[2.080s] DEBUG:colcon.colcon_core.event_handler.log_command:Invoking command in '/home/hle/Desktop/compsci/ros/slam_capstone/src/capstone_pkg': CMAKE_PREFIX_PATH=/home/hle/Desktop/compsci/ros/slam_capstone/install/capstone_interfaces:/home/hle/Desktop/compsci/ros/ros2_ws/install/my_robot_interfaces:/home/hle/Desktop/compsci/ros/ros2_ws/install/my_cpp_pkg:/home/hle/turtlebot3_ws/install/turtlebot3:/home/hle/turtlebot3_ws/install/turtlebot3_bringup:/home/hle/turtlebot3_ws/install/turtlebot3_node:/home/hle/turtlebot3_ws/install/turtlebot3_navigation2:/home/hle/turtlebot3_ws/install/turtlebot3_msgs:/home/hle/turtlebot3_ws/install/turtlebot3_description:/home/hle/turtlebot3_ws/install/turtlebot3_cartographer:/home/hle/turtlebot3_ws/install/dynamixel_sdk_examples:/home/hle/turtlebot3_ws/install/dynamixel_sdk_custom_interfaces:/home/hle/turtlebot3_ws/install/dynamixel_sdk:/home/hle/Desktop/compsci/ros/activity2/install/activity_bringup:/home/hle/Desktop/compsci/ros/activity4/install/interfaces:/home/hle/Desktop/compsci/ros/slam_capstone/install/launch:/home/hle/Desktop/compsci/ros/slam_capstone/install/capstone_bringup LD_LIBRARY_PATH=/home/hle/Desktop/compsci/ros/slam_capstone/install/capstone_interfaces/lib:/home/hle/Desktop/compsci/ros/ros2_ws/install/my_robot_interfaces/lib:/home/hle/turtlebot3_ws/install/turtlebot3_msgs/lib:/home/hle/turtlebot3_ws/install/dynamixel_sdk_custom_interfaces/lib:/home/hle/turtlebot3_ws/install/dynamixel_sdk/lib:/home/hle/Desktop/compsci/ros/activity4/install/interfaces/lib:/usr/lib/x86_64-linux-gnu/gazebo-11/plugins:/opt/ros/foxy/opt/yaml_cpp_vendor/lib:/opt/ros/foxy/opt/rviz_ogre_vendor/lib:/opt/ros/foxy/lib/x86_64-linux-gnu:/opt/ros/foxy/lib PYTHONPATH=/home/hle/Desktop/compsci/ros/slam_capstone/install/capstone_pkg/lib/python3.8/site-packages:/home/hle/Desktop/compsci/ros/slam_capstone/install/capstone_interfaces/lib/python3.8/site-packages:/home/hle/Desktop/compsci/ros/ros2_ws/build/my_py_pkg:/home/hle/Desktop/compsci/ros/ros2_ws/install/my_py_pkg/lib/python3.8/site-packages:/home/hle/Desktop/compsci/ros/ros2_ws/install/my_robot_interfaces/lib/python3.8/site-packages:/home/hle/turtlebot3_ws/build/turtlebot3_teleop:/home/hle/turtlebot3_ws/install/turtlebot3_teleop/lib/python3.8/site-packages:/home/hle/turtlebot3_ws/build/turtlebot3_example:/home/hle/turtlebot3_ws/install/turtlebot3_example/lib/python3.8/site-packages:/home/hle/turtlebot3_ws/install/turtlebot3_msgs/lib/python3.8/site-packages:/home/hle/turtlebot3_ws/install/dynamixel_sdk_custom_interfaces/lib/python3.8/site-packages:/home/hle/Desktop/compsci/ros/ir_sensor/install/ir_sensor_pkg/lib/python3.8/site-packages:/home/hle/Desktop/compsci/ros/clientserver/build/clientserver_pkg:/home/hle/Desktop/compsci/ros/clientserver/install/clientserver_pkg/lib/python3.8/site-packages:/home/hle/Desktop/compsci/ros/activity2/build/activity:/home/hle/Desktop/compsci/ros/activity2/install/activity/lib/python3.8/site-packages:/home/hle/Desktop/compsci/ros/activity4/build/packages:/home/hle/Desktop/compsci/ros/activity4/install/packages/lib/python3.8/site-packages:/home/hle/Desktop/compsci/ros/activity4/install/interfaces/lib/python3.8/site-packages:/home/hle/Desktop/compsci/ros/slam_capstone/build/capstone_pkg:/home/hle/Desktop/compsci/ros/slam_capstone/install/capstone_pkg/lib/python3.8/site-packages:/opt/ros/foxy/lib/python3.8/site-packages /usr/bin/python3 setup.py egg_info --egg-base ../../build/capstone_pkg build --build-base /home/hle/Desktop/compsci/ros/slam_capstone/build/capstone_pkg/build install --prefix /home/hle/Desktop/compsci/ros/slam_capstone/install/capstone_pkg --record /home/hle/Desktop/compsci/ros/slam_capstone/build/capstone_pkg/install.log --single-version-externally-managed
[2.337s] Level 1:colcon.colcon_core.environment:checking '/home/hle/Desktop/compsci/ros/slam_capstone/install/capstone_pkg' for CMake module files
[2.338s] DEBUG:colcon.colcon_core.event_handler.log_command:Invoked command in '/home/hle/Desktop/compsci/ros/slam_capstone/src/capstone_pkg' returned '0': CMAKE_PREFIX_PATH=/home/hle/Desktop/compsci/ros/slam_capstone/install/capstone_interfaces:/home/hle/Desktop/compsci/ros/ros2_ws/install/my_robot_interfaces:/home/hle/Desktop/compsci/ros/ros2_ws/install/my_cpp_pkg:/home/hle/turtlebot3_ws/install/turtlebot3:/home/hle/turtlebot3_ws/install/turtlebot3_bringup:/home/hle/turtlebot3_ws/install/turtlebot3_node:/home/hle/turtlebot3_ws/install/turtlebot3_navigation2:/home/hle/turtlebot3_ws/install/turtlebot3_msgs:/home/hle/turtlebot3_ws/install/turtlebot3_description:/home/hle/turtlebot3_ws/install/turtlebot3_cartographer:/home/hle/turtlebot3_ws/install/dynamixel_sdk_examples:/home/hle/turtlebot3_ws/install/dynamixel_sdk_custom_interfaces:/home/hle/turtlebot3_ws/install/dynamixel_sdk:/home/hle/Desktop/compsci/ros/activity2/install/activity_bringup:/home/hle/Desktop/compsci/ros/activity4/install/interfaces:/home/hle/Desktop/compsci/ros/slam_capstone/install/launch:/home/hle/Desktop/compsci/ros/slam_capstone/install/capstone_bringup LD_LIBRARY_PATH=/home/hle/Desktop/compsci/ros/slam_capstone/install/capstone_interfaces/lib:/home/hle/Desktop/compsci/ros/ros2_ws/install/my_robot_interfaces/lib:/home/hle/turtlebot3_ws/install/turtlebot3_msgs/lib:/home/hle/turtlebot3_ws/install/dynamixel_sdk_custom_interfaces/lib:/home/hle/turtlebot3_ws/install/dynamixel_sdk/lib:/home/hle/Desktop/compsci/ros/activity4/install/interfaces/lib:/usr/lib/x86_64-linux-gnu/gazebo-11/plugins:/opt/ros/foxy/opt/yaml_cpp_vendor/lib:/opt/ros/foxy/opt/rviz_ogre_vendor/lib:/opt/ros/foxy/lib/x86_64-linux-gnu:/opt/ros/foxy/lib PYTHONPATH=/home/hle/Desktop/compsci/ros/slam_capstone/install/capstone_pkg/lib/python3.8/site-packages:/home/hle/Desktop/compsci/ros/slam_capstone/install/capstone_interfaces/lib/python3.8/site-packages:/home/hle/Desktop/compsci/ros/ros2_ws/build/my_py_pkg:/home/hle/Desktop/compsci/ros/ros2_ws/install/my_py_pkg/lib/python3.8/site-packages:/home/hle/Desktop/compsci/ros/ros2_ws/install/my_robot_interfaces/lib/python3.8/site-packages:/home/hle/turtlebot3_ws/build/turtlebot3_teleop:/home/hle/turtlebot3_ws/install/turtlebot3_teleop/lib/python3.8/site-packages:/home/hle/turtlebot3_ws/build/turtlebot3_example:/home/hle/turtlebot3_ws/install/turtlebot3_example/lib/python3.8/site-packages:/home/hle/turtlebot3_ws/install/turtlebot3_msgs/lib/python3.8/site-packages:/home/hle/turtlebot3_ws/install/dynamixel_sdk_custom_interfaces/lib/python3.8/site-packages:/home/hle/Desktop/compsci/ros/ir_sensor/install/ir_sensor_pkg/lib/python3.8/site-packages:/home/hle/Desktop/compsci/ros/clientserver/build/clientserver_pkg:/home/hle/Desktop/compsci/ros/clientserver/install/clientserver_pkg/lib/python3.8/site-packages:/home/hle/Desktop/compsci/ros/activity2/build/activity:/home/hle/Desktop/compsci/ros/activity2/install/activity/lib/python3.8/site-packages:/home/hle/Desktop/compsci/ros/activity4/build/packages:/home/hle/Desktop/compsci/ros/activity4/install/packages/lib/python3.8/site-packages:/home/hle/Desktop/compsci/ros/activity4/install/interfaces/lib/python3.8/site-packages:/home/hle/Desktop/compsci/ros/slam_capstone/build/capstone_pkg:/home/hle/Desktop/compsci/ros/slam_capstone/install/capstone_pkg/lib/python3.8/site-packages:/opt/ros/foxy/lib/python3.8/site-packages /usr/bin/python3 setup.py egg_info --egg-base ../../build/capstone_pkg build --build-base /home/hle/Desktop/compsci/ros/slam_capstone/build/capstone_pkg/build install --prefix /home/hle/Desktop/compsci/ros/slam_capstone/install/capstone_pkg --record /home/hle/Desktop/compsci/ros/slam_capstone/build/capstone_pkg/install.log --single-version-externally-managed
[2.338s] Level 1:colcon.colcon_core.environment:checking '/home/hle/Desktop/compsci/ros/slam_capstone/install/capstone_pkg' for CMake config files
[2.339s] Level 1:colcon.colcon_core.environment:checking '/home/hle/Desktop/compsci/ros/slam_capstone/install/capstone_pkg/lib'
[2.339s] Level 1:colcon.colcon_core.environment:checking '/home/hle/Desktop/compsci/ros/slam_capstone/install/capstone_pkg/bin'
[2.339s] Level 1:colcon.colcon_core.environment:checking '/home/hle/Desktop/compsci/ros/slam_capstone/install/capstone_pkg/lib/pkgconfig/capstone_pkg.pc'
[2.339s] Level 1:colcon.colcon_core.environment:checking '/home/hle/Desktop/compsci/ros/slam_capstone/install/capstone_pkg/lib/python3.8/site-packages'
[2.339s] Level 1:colcon.colcon_core.shell:create_environment_hook('capstone_pkg', 'pythonpath')
[2.340s] INFO:colcon.colcon_core.shell:Creating environment hook '/home/hle/Desktop/compsci/ros/slam_capstone/install/capstone_pkg/share/capstone_pkg/hook/pythonpath.ps1'
[2.340s] INFO:colcon.colcon_core.shell:Creating environment descriptor '/home/hle/Desktop/compsci/ros/slam_capstone/install/capstone_pkg/share/capstone_pkg/hook/pythonpath.dsv'
[2.340s] INFO:colcon.colcon_core.shell:Creating environment hook '/home/hle/Desktop/compsci/ros/slam_capstone/install/capstone_pkg/share/capstone_pkg/hook/pythonpath.sh'
[2.341s] Level 1:colcon.colcon_core.environment:create_environment_scripts_only(capstone_pkg)
[2.341s] INFO:colcon.colcon_core.shell:Creating package script '/home/hle/Desktop/compsci/ros/slam_capstone/install/capstone_pkg/share/capstone_pkg/package.ps1'
[2.342s] INFO:colcon.colcon_core.shell:Creating package descriptor '/home/hle/Desktop/compsci/ros/slam_capstone/install/capstone_pkg/share/capstone_pkg/package.dsv'
[2.342s] INFO:colcon.colcon_core.shell:Creating package script '/home/hle/Desktop/compsci/ros/slam_capstone/install/capstone_pkg/share/capstone_pkg/package.sh'
[2.343s] INFO:colcon.colcon_core.shell:Creating package script '/home/hle/Desktop/compsci/ros/slam_capstone/install/capstone_pkg/share/capstone_pkg/package.bash'
[2.343s] INFO:colcon.colcon_core.shell:Creating package script '/home/hle/Desktop/compsci/ros/slam_capstone/install/capstone_pkg/share/capstone_pkg/package.zsh'
[2.343s] Level 1:colcon.colcon_core.environment:create_file_with_runtime_dependencies(/home/hle/Desktop/compsci/ros/slam_capstone/install/capstone_pkg/share/colcon-core/packages/capstone_pkg)
[2.344s] INFO:colcon.colcon_ros.task.ament_cmake.build:Building ROS package in '/home/hle/Desktop/compsci/ros/slam_capstone/src/capstone_bringup' with build type 'ament_cmake'
[2.344s] INFO:colcon.colcon_cmake.task.cmake.build:Building CMake package in '/home/hle/Desktop/compsci/ros/slam_capstone/src/capstone_bringup'
[2.344s] INFO:colcon.colcon_core.shell:Skip shell extension 'powershell' for command environment: Not usable outside of PowerShell
[2.344s] DEBUG:colcon.colcon_core.shell:Skip shell extension 'dsv' for command environment
[2.361s] DEBUG:colcon.colcon_core.event_handler.log_command:Invoking command in '/home/hle/Desktop/compsci/ros/slam_capstone/build/capstone_bringup': AMENT_PREFIX_PATH=/home/hle/Desktop/compsci/ros/slam_capstone/install/capstone_pkg:/home/hle/Desktop/compsci/ros/ros2_ws/install/my_py_pkg:/home/hle/Desktop/compsci/ros/ros2_ws/install/my_robot_interfaces:/home/hle/turtlebot3_ws/install/turtlebot3:/home/hle/turtlebot3_ws/install/turtlebot3_teleop:/home/hle/turtlebot3_ws/install/turtlebot3_bringup:/home/hle/turtlebot3_ws/install/turtlebot3_node:/home/hle/turtlebot3_ws/install/turtlebot3_navigation2:/home/hle/turtlebot3_ws/install/turtlebot3_example:/home/hle/turtlebot3_ws/install/turtlebot3_msgs:/home/hle/turtlebot3_ws/install/turtlebot3_description:/home/hle/turtlebot3_ws/install/turtlebot3_cartographer:/home/hle/turtlebot3_ws/install/dynamixel_sdk_examples:/home/hle/turtlebot3_ws/install/dynamixel_sdk_custom_interfaces:/home/hle/turtlebot3_ws/install/dynamixel_sdk:/home/hle/Desktop/compsci/ros/ir_sensor/install/ir_sensor_pkg:/home/hle/Desktop/compsci/ros/clientserver/install/clientserver_pkg:/home/hle/Desktop/compsci/ros/activity2/install/activity_bringup:/home/hle/Desktop/compsci/ros/activity2/install/activity:/home/hle/Desktop/compsci/ros/activity4/install/packages:/home/hle/Desktop/compsci/ros/activity4/install/interfaces:/home/hle/Desktop/compsci/ros/slam_capstone/install/launch:/home/hle/Desktop/compsci/ros/slam_capstone/install/capstone_bringup:/home/hle/Desktop/compsci/ros/slam_capstone/install/capstone_interfaces:/opt/ros/foxy CMAKE_PREFIX_PATH=/home/hle/Desktop/compsci/ros/slam_capstone/install/capstone_interfaces:/home/hle/Desktop/compsci/ros/ros2_ws/install/my_robot_interfaces:/home/hle/Desktop/compsci/ros/ros2_ws/install/my_cpp_pkg:/home/hle/turtlebot3_ws/install/turtlebot3:/home/hle/turtlebot3_ws/install/turtlebot3_bringup:/home/hle/turtlebot3_ws/install/turtlebot3_node:/home/hle/turtlebot3_ws/install/turtlebot3_navigation2:/home/hle/turtlebot3_ws/install/turtlebot3_msgs:/home/hle/turtlebot3_ws/install/turtlebot3_description:/home/hle/turtlebot3_ws/install/turtlebot3_cartographer:/home/hle/turtlebot3_ws/install/dynamixel_sdk_examples:/home/hle/turtlebot3_ws/install/dynamixel_sdk_custom_interfaces:/home/hle/turtlebot3_ws/install/dynamixel_sdk:/home/hle/Desktop/compsci/ros/activity2/install/activity_bringup:/home/hle/Desktop/compsci/ros/activity4/install/interfaces:/home/hle/Desktop/compsci/ros/slam_capstone/install/launch:/home/hle/Desktop/compsci/ros/slam_capstone/install/capstone_bringup:/home/hle/Desktop/compsci/ros/ros2_ws/install/my_py_pkg:/home/hle/turtlebot3_ws/install/turtlebot3_teleop:/home/hle/turtlebot3_ws/install/turtlebot3_example:/home/hle/Desktop/compsci/ros/ir_sensor/install/ir_sensor_pkg:/home/hle/Desktop/compsci/ros/clientserver/install/clientserver_pkg:/home/hle/Desktop/compsci/ros/activity2/install/activity:/home/hle/Desktop/compsci/ros/activity4/install/packages:/home/hle/Desktop/compsci/ros/slam_capstone/install/capstone_pkg:/opt/ros/foxy LD_LIBRARY_PATH=/home/hle/Desktop/compsci/ros/slam_capstone/install/capstone_interfaces/lib:/home/hle/Desktop/compsci/ros/ros2_ws/install/my_robot_interfaces/lib:/home/hle/turtlebot3_ws/install/turtlebot3_msgs/lib:/home/hle/turtlebot3_ws/install/dynamixel_sdk_custom_interfaces/lib:/home/hle/turtlebot3_ws/install/dynamixel_sdk/lib:/home/hle/Desktop/compsci/ros/activity4/install/interfaces/lib:/usr/lib/x86_64-linux-gnu/gazebo-11/plugins:/opt/ros/foxy/opt/yaml_cpp_vendor/lib:/opt/ros/foxy/opt/rviz_ogre_vendor/lib:/opt/ros/foxy/lib/x86_64-linux-gnu:/opt/ros/foxy/lib PYTHONPATH=/home/hle/Desktop/compsci/ros/slam_capstone/install/capstone_pkg/lib/python3.8/site-packages:/home/hle/Desktop/compsci/ros/slam_capstone/install/capstone_interfaces/lib/python3.8/site-packages:/home/hle/Desktop/compsci/ros/ros2_ws/build/my_py_pkg:/home/hle/Desktop/compsci/ros/ros2_ws/install/my_py_pkg/lib/python3.8/site-packages:/home/hle/Desktop/compsci/ros/ros2_ws/install/my_robot_interfaces/lib/python3.8/site-packages:/home/hle/turtlebot3_ws/build/turtlebot3_teleop:/home/hle/turtlebot3_ws/install/turtlebot3_teleop/lib/python3.8/site-packages:/home/hle/turtlebot3_ws/build/turtlebot3_example:/home/hle/turtlebot3_ws/install/turtlebot3_example/lib/python3.8/site-packages:/home/hle/turtlebot3_ws/install/turtlebot3_msgs/lib/python3.8/site-packages:/home/hle/turtlebot3_ws/install/dynamixel_sdk_custom_interfaces/lib/python3.8/site-packages:/home/hle/Desktop/compsci/ros/ir_sensor/install/ir_sensor_pkg/lib/python3.8/site-packages:/home/hle/Desktop/compsci/ros/clientserver/build/clientserver_pkg:/home/hle/Desktop/compsci/ros/clientserver/install/clientserver_pkg/lib/python3.8/site-packages:/home/hle/Desktop/compsci/ros/activity2/build/activity:/home/hle/Desktop/compsci/ros/activity2/install/activity/lib/python3.8/site-packages:/home/hle/Desktop/compsci/ros/activity4/build/packages:/home/hle/Desktop/compsci/ros/activity4/install/packages/lib/python3.8/site-packages:/home/hle/Desktop/compsci/ros/activity4/install/interfaces/lib/python3.8/site-packages:/home/hle/Desktop/compsci/ros/slam_capstone/build/capstone_pkg:/opt/ros/foxy/lib/python3.8/site-packages /usr/bin/cmake /home/hle/Desktop/compsci/ros/slam_capstone/src/capstone_bringup -DCMAKE_INSTALL_PREFIX=/home/hle/Desktop/compsci/ros/slam_capstone/install/capstone_bringup
[2.628s] DEBUG:colcon.colcon_core.event_handler.log_command:Invoked command in '/home/hle/Desktop/compsci/ros/slam_capstone/build/capstone_bringup' returned '0': AMENT_PREFIX_PATH=/home/hle/Desktop/compsci/ros/slam_capstone/install/capstone_pkg:/home/hle/Desktop/compsci/ros/ros2_ws/install/my_py_pkg:/home/hle/Desktop/compsci/ros/ros2_ws/install/my_robot_interfaces:/home/hle/turtlebot3_ws/install/turtlebot3:/home/hle/turtlebot3_ws/install/turtlebot3_teleop:/home/hle/turtlebot3_ws/install/turtlebot3_bringup:/home/hle/turtlebot3_ws/install/turtlebot3_node:/home/hle/turtlebot3_ws/install/turtlebot3_navigation2:/home/hle/turtlebot3_ws/install/turtlebot3_example:/home/hle/turtlebot3_ws/install/turtlebot3_msgs:/home/hle/turtlebot3_ws/install/turtlebot3_description:/home/hle/turtlebot3_ws/install/turtlebot3_cartographer:/home/hle/turtlebot3_ws/install/dynamixel_sdk_examples:/home/hle/turtlebot3_ws/install/dynamixel_sdk_custom_interfaces:/home/hle/turtlebot3_ws/install/dynamixel_sdk:/home/hle/Desktop/compsci/ros/ir_sensor/install/ir_sensor_pkg:/home/hle/Desktop/compsci/ros/clientserver/install/clientserver_pkg:/home/hle/Desktop/compsci/ros/activity2/install/activity_bringup:/home/hle/Desktop/compsci/ros/activity2/install/activity:/home/hle/Desktop/compsci/ros/activity4/install/packages:/home/hle/Desktop/compsci/ros/activity4/install/interfaces:/home/hle/Desktop/compsci/ros/slam_capstone/install/launch:/home/hle/Desktop/compsci/ros/slam_capstone/install/capstone_bringup:/home/hle/Desktop/compsci/ros/slam_capstone/install/capstone_interfaces:/opt/ros/foxy CMAKE_PREFIX_PATH=/home/hle/Desktop/compsci/ros/slam_capstone/install/capstone_interfaces:/home/hle/Desktop/compsci/ros/ros2_ws/install/my_robot_interfaces:/home/hle/Desktop/compsci/ros/ros2_ws/install/my_cpp_pkg:/home/hle/turtlebot3_ws/install/turtlebot3:/home/hle/turtlebot3_ws/install/turtlebot3_bringup:/home/hle/turtlebot3_ws/install/turtlebot3_node:/home/hle/turtlebot3_ws/install/turtlebot3_navigation2:/home/hle/turtlebot3_ws/install/turtlebot3_msgs:/home/hle/turtlebot3_ws/install/turtlebot3_description:/home/hle/turtlebot3_ws/install/turtlebot3_cartographer:/home/hle/turtlebot3_ws/install/dynamixel_sdk_examples:/home/hle/turtlebot3_ws/install/dynamixel_sdk_custom_interfaces:/home/hle/turtlebot3_ws/install/dynamixel_sdk:/home/hle/Desktop/compsci/ros/activity2/install/activity_bringup:/home/hle/Desktop/compsci/ros/activity4/install/interfaces:/home/hle/Desktop/compsci/ros/slam_capstone/install/launch:/home/hle/Desktop/compsci/ros/slam_capstone/install/capstone_bringup:/home/hle/Desktop/compsci/ros/ros2_ws/install/my_py_pkg:/home/hle/turtlebot3_ws/install/turtlebot3_teleop:/home/hle/turtlebot3_ws/install/turtlebot3_example:/home/hle/Desktop/compsci/ros/ir_sensor/install/ir_sensor_pkg:/home/hle/Desktop/compsci/ros/clientserver/install/clientserver_pkg:/home/hle/Desktop/compsci/ros/activity2/install/activity:/home/hle/Desktop/compsci/ros/activity4/install/packages:/home/hle/Desktop/compsci/ros/slam_capstone/install/capstone_pkg:/opt/ros/foxy LD_LIBRARY_PATH=/home/hle/Desktop/compsci/ros/slam_capstone/install/capstone_interfaces/lib:/home/hle/Desktop/compsci/ros/ros2_ws/install/my_robot_interfaces/lib:/home/hle/turtlebot3_ws/install/turtlebot3_msgs/lib:/home/hle/turtlebot3_ws/install/dynamixel_sdk_custom_interfaces/lib:/home/hle/turtlebot3_ws/install/dynamixel_sdk/lib:/home/hle/Desktop/compsci/ros/activity4/install/interfaces/lib:/usr/lib/x86_64-linux-gnu/gazebo-11/plugins:/opt/ros/foxy/opt/yaml_cpp_vendor/lib:/opt/ros/foxy/opt/rviz_ogre_vendor/lib:/opt/ros/foxy/lib/x86_64-linux-gnu:/opt/ros/foxy/lib PYTHONPATH=/home/hle/Desktop/compsci/ros/slam_capstone/install/capstone_pkg/lib/python3.8/site-packages:/home/hle/Desktop/compsci/ros/slam_capstone/install/capstone_interfaces/lib/python3.8/site-packages:/home/hle/Desktop/compsci/ros/ros2_ws/build/my_py_pkg:/home/hle/Desktop/compsci/ros/ros2_ws/install/my_py_pkg/lib/python3.8/site-packages:/home/hle/Desktop/compsci/ros/ros2_ws/install/my_robot_interfaces/lib/python3.8/site-packages:/home/hle/turtlebot3_ws/build/turtlebot3_teleop:/home/hle/turtlebot3_ws/install/turtlebot3_teleop/lib/python3.8/site-packages:/home/hle/turtlebot3_ws/build/turtlebot3_example:/home/hle/turtlebot3_ws/install/turtlebot3_example/lib/python3.8/site-packages:/home/hle/turtlebot3_ws/install/turtlebot3_msgs/lib/python3.8/site-packages:/home/hle/turtlebot3_ws/install/dynamixel_sdk_custom_interfaces/lib/python3.8/site-packages:/home/hle/Desktop/compsci/ros/ir_sensor/install/ir_sensor_pkg/lib/python3.8/site-packages:/home/hle/Desktop/compsci/ros/clientserver/build/clientserver_pkg:/home/hle/Desktop/compsci/ros/clientserver/install/clientserver_pkg/lib/python3.8/site-packages:/home/hle/Desktop/compsci/ros/activity2/build/activity:/home/hle/Desktop/compsci/ros/activity2/install/activity/lib/python3.8/site-packages:/home/hle/Desktop/compsci/ros/activity4/build/packages:/home/hle/Desktop/compsci/ros/activity4/install/packages/lib/python3.8/site-packages:/home/hle/Desktop/compsci/ros/activity4/install/interfaces/lib/python3.8/site-packages:/home/hle/Desktop/compsci/ros/slam_capstone/build/capstone_pkg:/opt/ros/foxy/lib/python3.8/site-packages /usr/bin/cmake /home/hle/Desktop/compsci/ros/slam_capstone/src/capstone_bringup -DCMAKE_INSTALL_PREFIX=/home/hle/Desktop/compsci/ros/slam_capstone/install/capstone_bringup
[2.630s] DEBUG:colcon.colcon_core.event_handler.log_command:Invoking command in '/home/hle/Desktop/compsci/ros/slam_capstone/build/capstone_bringup': AMENT_PREFIX_PATH=/home/hle/Desktop/compsci/ros/slam_capstone/install/capstone_pkg:/home/hle/Desktop/compsci/ros/ros2_ws/install/my_py_pkg:/home/hle/Desktop/compsci/ros/ros2_ws/install/my_robot_interfaces:/home/hle/turtlebot3_ws/install/turtlebot3:/home/hle/turtlebot3_ws/install/turtlebot3_teleop:/home/hle/turtlebot3_ws/install/turtlebot3_bringup:/home/hle/turtlebot3_ws/install/turtlebot3_node:/home/hle/turtlebot3_ws/install/turtlebot3_navigation2:/home/hle/turtlebot3_ws/install/turtlebot3_example:/home/hle/turtlebot3_ws/install/turtlebot3_msgs:/home/hle/turtlebot3_ws/install/turtlebot3_description:/home/hle/turtlebot3_ws/install/turtlebot3_cartographer:/home/hle/turtlebot3_ws/install/dynamixel_sdk_examples:/home/hle/turtlebot3_ws/install/dynamixel_sdk_custom_interfaces:/home/hle/turtlebot3_ws/install/dynamixel_sdk:/home/hle/Desktop/compsci/ros/ir_sensor/install/ir_sensor_pkg:/home/hle/Desktop/compsci/ros/clientserver/install/clientserver_pkg:/home/hle/Desktop/compsci/ros/activity2/install/activity_bringup:/home/hle/Desktop/compsci/ros/activity2/install/activity:/home/hle/Desktop/compsci/ros/activity4/install/packages:/home/hle/Desktop/compsci/ros/activity4/install/interfaces:/home/hle/Desktop/compsci/ros/slam_capstone/install/launch:/home/hle/Desktop/compsci/ros/slam_capstone/install/capstone_bringup:/home/hle/Desktop/compsci/ros/slam_capstone/install/capstone_interfaces:/opt/ros/foxy CMAKE_PREFIX_PATH=/home/hle/Desktop/compsci/ros/slam_capstone/install/capstone_interfaces:/home/hle/Desktop/compsci/ros/ros2_ws/install/my_robot_interfaces:/home/hle/Desktop/compsci/ros/ros2_ws/install/my_cpp_pkg:/home/hle/turtlebot3_ws/install/turtlebot3:/home/hle/turtlebot3_ws/install/turtlebot3_bringup:/home/hle/turtlebot3_ws/install/turtlebot3_node:/home/hle/turtlebot3_ws/install/turtlebot3_navigation2:/home/hle/turtlebot3_ws/install/turtlebot3_msgs:/home/hle/turtlebot3_ws/install/turtlebot3_description:/home/hle/turtlebot3_ws/install/turtlebot3_cartographer:/home/hle/turtlebot3_ws/install/dynamixel_sdk_examples:/home/hle/turtlebot3_ws/install/dynamixel_sdk_custom_interfaces:/home/hle/turtlebot3_ws/install/dynamixel_sdk:/home/hle/Desktop/compsci/ros/activity2/install/activity_bringup:/home/hle/Desktop/compsci/ros/activity4/install/interfaces:/home/hle/Desktop/compsci/ros/slam_capstone/install/launch:/home/hle/Desktop/compsci/ros/slam_capstone/install/capstone_bringup:/home/hle/Desktop/compsci/ros/ros2_ws/install/my_py_pkg:/home/hle/turtlebot3_ws/install/turtlebot3_teleop:/home/hle/turtlebot3_ws/install/turtlebot3_example:/home/hle/Desktop/compsci/ros/ir_sensor/install/ir_sensor_pkg:/home/hle/Desktop/compsci/ros/clientserver/install/clientserver_pkg:/home/hle/Desktop/compsci/ros/activity2/install/activity:/home/hle/Desktop/compsci/ros/activity4/install/packages:/home/hle/Desktop/compsci/ros/slam_capstone/install/capstone_pkg:/opt/ros/foxy LD_LIBRARY_PATH=/home/hle/Desktop/compsci/ros/slam_capstone/install/capstone_interfaces/lib:/home/hle/Desktop/compsci/ros/ros2_ws/install/my_robot_interfaces/lib:/home/hle/turtlebot3_ws/install/turtlebot3_msgs/lib:/home/hle/turtlebot3_ws/install/dynamixel_sdk_custom_interfaces/lib:/home/hle/turtlebot3_ws/install/dynamixel_sdk/lib:/home/hle/Desktop/compsci/ros/activity4/install/interfaces/lib:/usr/lib/x86_64-linux-gnu/gazebo-11/plugins:/opt/ros/foxy/opt/yaml_cpp_vendor/lib:/opt/ros/foxy/opt/rviz_ogre_vendor/lib:/opt/ros/foxy/lib/x86_64-linux-gnu:/opt/ros/foxy/lib PYTHONPATH=/home/hle/Desktop/compsci/ros/slam_capstone/install/capstone_pkg/lib/python3.8/site-packages:/home/hle/Desktop/compsci/ros/slam_capstone/install/capstone_interfaces/lib/python3.8/site-packages:/home/hle/Desktop/compsci/ros/ros2_ws/build/my_py_pkg:/home/hle/Desktop/compsci/ros/ros2_ws/install/my_py_pkg/lib/python3.8/site-packages:/home/hle/Desktop/compsci/ros/ros2_ws/install/my_robot_interfaces/lib/python3.8/site-packages:/home/hle/turtlebot3_ws/build/turtlebot3_teleop:/home/hle/turtlebot3_ws/install/turtlebot3_teleop/lib/python3.8/site-packages:/home/hle/turtlebot3_ws/build/turtlebot3_example:/home/hle/turtlebot3_ws/install/turtlebot3_example/lib/python3.8/site-packages:/home/hle/turtlebot3_ws/install/turtlebot3_msgs/lib/python3.8/site-packages:/home/hle/turtlebot3_ws/install/dynamixel_sdk_custom_interfaces/lib/python3.8/site-packages:/home/hle/Desktop/compsci/ros/ir_sensor/install/ir_sensor_pkg/lib/python3.8/site-packages:/home/hle/Desktop/compsci/ros/clientserver/build/clientserver_pkg:/home/hle/Desktop/compsci/ros/clientserver/install/clientserver_pkg/lib/python3.8/site-packages:/home/hle/Desktop/compsci/ros/activity2/build/activity:/home/hle/Desktop/compsci/ros/activity2/install/activity/lib/python3.8/site-packages:/home/hle/Desktop/compsci/ros/activity4/build/packages:/home/hle/Desktop/compsci/ros/activity4/install/packages/lib/python3.8/site-packages:/home/hle/Desktop/compsci/ros/activity4/install/interfaces/lib/python3.8/site-packages:/home/hle/Desktop/compsci/ros/slam_capstone/build/capstone_pkg:/opt/ros/foxy/lib/python3.8/site-packages /usr/bin/cmake --build /home/hle/Desktop/compsci/ros/slam_capstone/build/capstone_bringup -- -j8 -l8
[2.660s] DEBUG:colcon.colcon_core.event_handler.log_command:Invoked command in '/home/hle/Desktop/compsci/ros/slam_capstone/build/capstone_bringup' returned '0': AMENT_PREFIX_PATH=/home/hle/Desktop/compsci/ros/slam_capstone/install/capstone_pkg:/home/hle/Desktop/compsci/ros/ros2_ws/install/my_py_pkg:/home/hle/Desktop/compsci/ros/ros2_ws/install/my_robot_interfaces:/home/hle/turtlebot3_ws/install/turtlebot3:/home/hle/turtlebot3_ws/install/turtlebot3_teleop:/home/hle/turtlebot3_ws/install/turtlebot3_bringup:/home/hle/turtlebot3_ws/install/turtlebot3_node:/home/hle/turtlebot3_ws/install/turtlebot3_navigation2:/home/hle/turtlebot3_ws/install/turtlebot3_example:/home/hle/turtlebot3_ws/install/turtlebot3_msgs:/home/hle/turtlebot3_ws/install/turtlebot3_description:/home/hle/turtlebot3_ws/install/turtlebot3_cartographer:/home/hle/turtlebot3_ws/install/dynamixel_sdk_examples:/home/hle/turtlebot3_ws/install/dynamixel_sdk_custom_interfaces:/home/hle/turtlebot3_ws/install/dynamixel_sdk:/home/hle/Desktop/compsci/ros/ir_sensor/install/ir_sensor_pkg:/home/hle/Desktop/compsci/ros/clientserver/install/clientserver_pkg:/home/hle/Desktop/compsci/ros/activity2/install/activity_bringup:/home/hle/Desktop/compsci/ros/activity2/install/activity:/home/hle/Desktop/compsci/ros/activity4/install/packages:/home/hle/Desktop/compsci/ros/activity4/install/interfaces:/home/hle/Desktop/compsci/ros/slam_capstone/install/launch:/home/hle/Desktop/compsci/ros/slam_capstone/install/capstone_bringup:/home/hle/Desktop/compsci/ros/slam_capstone/install/capstone_interfaces:/opt/ros/foxy CMAKE_PREFIX_PATH=/home/hle/Desktop/compsci/ros/slam_capstone/install/capstone_interfaces:/home/hle/Desktop/compsci/ros/ros2_ws/install/my_robot_interfaces:/home/hle/Desktop/compsci/ros/ros2_ws/install/my_cpp_pkg:/home/hle/turtlebot3_ws/install/turtlebot3:/home/hle/turtlebot3_ws/install/turtlebot3_bringup:/home/hle/turtlebot3_ws/install/turtlebot3_node:/home/hle/turtlebot3_ws/install/turtlebot3_navigation2:/home/hle/turtlebot3_ws/install/turtlebot3_msgs:/home/hle/turtlebot3_ws/install/turtlebot3_description:/home/hle/turtlebot3_ws/install/turtlebot3_cartographer:/home/hle/turtlebot3_ws/install/dynamixel_sdk_examples:/home/hle/turtlebot3_ws/install/dynamixel_sdk_custom_interfaces:/home/hle/turtlebot3_ws/install/dynamixel_sdk:/home/hle/Desktop/compsci/ros/activity2/install/activity_bringup:/home/hle/Desktop/compsci/ros/activity4/install/interfaces:/home/hle/Desktop/compsci/ros/slam_capstone/install/launch:/home/hle/Desktop/compsci/ros/slam_capstone/install/capstone_bringup:/home/hle/Desktop/compsci/ros/ros2_ws/install/my_py_pkg:/home/hle/turtlebot3_ws/install/turtlebot3_teleop:/home/hle/turtlebot3_ws/install/turtlebot3_example:/home/hle/Desktop/compsci/ros/ir_sensor/install/ir_sensor_pkg:/home/hle/Desktop/compsci/ros/clientserver/install/clientserver_pkg:/home/hle/Desktop/compsci/ros/activity2/install/activity:/home/hle/Desktop/compsci/ros/activity4/install/packages:/home/hle/Desktop/compsci/ros/slam_capstone/install/capstone_pkg:/opt/ros/foxy LD_LIBRARY_PATH=/home/hle/Desktop/compsci/ros/slam_capstone/install/capstone_interfaces/lib:/home/hle/Desktop/compsci/ros/ros2_ws/install/my_robot_interfaces/lib:/home/hle/turtlebot3_ws/install/turtlebot3_msgs/lib:/home/hle/turtlebot3_ws/install/dynamixel_sdk_custom_interfaces/lib:/home/hle/turtlebot3_ws/install/dynamixel_sdk/lib:/home/hle/Desktop/compsci/ros/activity4/install/interfaces/lib:/usr/lib/x86_64-linux-gnu/gazebo-11/plugins:/opt/ros/foxy/opt/yaml_cpp_vendor/lib:/opt/ros/foxy/opt/rviz_ogre_vendor/lib:/opt/ros/foxy/lib/x86_64-linux-gnu:/opt/ros/foxy/lib PYTHONPATH=/home/hle/Desktop/compsci/ros/slam_capstone/install/capstone_pkg/lib/python3.8/site-packages:/home/hle/Desktop/compsci/ros/slam_capstone/install/capstone_interfaces/lib/python3.8/site-packages:/home/hle/Desktop/compsci/ros/ros2_ws/build/my_py_pkg:/home/hle/Desktop/compsci/ros/ros2_ws/install/my_py_pkg/lib/python3.8/site-packages:/home/hle/Desktop/compsci/ros/ros2_ws/install/my_robot_interfaces/lib/python3.8/site-packages:/home/hle/turtlebot3_ws/build/turtlebot3_teleop:/home/hle/turtlebot3_ws/install/turtlebot3_teleop/lib/python3.8/site-packages:/home/hle/turtlebot3_ws/build/turtlebot3_example:/home/hle/turtlebot3_ws/install/turtlebot3_example/lib/python3.8/site-packages:/home/hle/turtlebot3_ws/install/turtlebot3_msgs/lib/python3.8/site-packages:/home/hle/turtlebot3_ws/install/dynamixel_sdk_custom_interfaces/lib/python3.8/site-packages:/home/hle/Desktop/compsci/ros/ir_sensor/install/ir_sensor_pkg/lib/python3.8/site-packages:/home/hle/Desktop/compsci/ros/clientserver/build/clientserver_pkg:/home/hle/Desktop/compsci/ros/clientserver/install/clientserver_pkg/lib/python3.8/site-packages:/home/hle/Desktop/compsci/ros/activity2/build/activity:/home/hle/Desktop/compsci/ros/activity2/install/activity/lib/python3.8/site-packages:/home/hle/Desktop/compsci/ros/activity4/build/packages:/home/hle/Desktop/compsci/ros/activity4/install/packages/lib/python3.8/site-packages:/home/hle/Desktop/compsci/ros/activity4/install/interfaces/lib/python3.8/site-packages:/home/hle/Desktop/compsci/ros/slam_capstone/build/capstone_pkg:/opt/ros/foxy/lib/python3.8/site-packages /usr/bin/cmake --build /home/hle/Desktop/compsci/ros/slam_capstone/build/capstone_bringup -- -j8 -l8
[2.676s] DEBUG:colcon.colcon_core.event_handler.log_command:Invoking command in '/home/hle/Desktop/compsci/ros/slam_capstone/build/capstone_bringup': AMENT_PREFIX_PATH=/home/hle/Desktop/compsci/ros/slam_capstone/install/capstone_pkg:/home/hle/Desktop/compsci/ros/ros2_ws/install/my_py_pkg:/home/hle/Desktop/compsci/ros/ros2_ws/install/my_robot_interfaces:/home/hle/turtlebot3_ws/install/turtlebot3:/home/hle/turtlebot3_ws/install/turtlebot3_teleop:/home/hle/turtlebot3_ws/install/turtlebot3_bringup:/home/hle/turtlebot3_ws/install/turtlebot3_node:/home/hle/turtlebot3_ws/install/turtlebot3_navigation2:/home/hle/turtlebot3_ws/install/turtlebot3_example:/home/hle/turtlebot3_ws/install/turtlebot3_msgs:/home/hle/turtlebot3_ws/install/turtlebot3_description:/home/hle/turtlebot3_ws/install/turtlebot3_cartographer:/home/hle/turtlebot3_ws/install/dynamixel_sdk_examples:/home/hle/turtlebot3_ws/install/dynamixel_sdk_custom_interfaces:/home/hle/turtlebot3_ws/install/dynamixel_sdk:/home/hle/Desktop/compsci/ros/ir_sensor/install/ir_sensor_pkg:/home/hle/Desktop/compsci/ros/clientserver/install/clientserver_pkg:/home/hle/Desktop/compsci/ros/activity2/install/activity_bringup:/home/hle/Desktop/compsci/ros/activity2/install/activity:/home/hle/Desktop/compsci/ros/activity4/install/packages:/home/hle/Desktop/compsci/ros/activity4/install/interfaces:/home/hle/Desktop/compsci/ros/slam_capstone/install/launch:/home/hle/Desktop/compsci/ros/slam_capstone/install/capstone_bringup:/home/hle/Desktop/compsci/ros/slam_capstone/install/capstone_interfaces:/opt/ros/foxy CMAKE_PREFIX_PATH=/home/hle/Desktop/compsci/ros/slam_capstone/install/capstone_interfaces:/home/hle/Desktop/compsci/ros/ros2_ws/install/my_robot_interfaces:/home/hle/Desktop/compsci/ros/ros2_ws/install/my_cpp_pkg:/home/hle/turtlebot3_ws/install/turtlebot3:/home/hle/turtlebot3_ws/install/turtlebot3_bringup:/home/hle/turtlebot3_ws/install/turtlebot3_node:/home/hle/turtlebot3_ws/install/turtlebot3_navigation2:/home/hle/turtlebot3_ws/install/turtlebot3_msgs:/home/hle/turtlebot3_ws/install/turtlebot3_description:/home/hle/turtlebot3_ws/install/turtlebot3_cartographer:/home/hle/turtlebot3_ws/install/dynamixel_sdk_examples:/home/hle/turtlebot3_ws/install/dynamixel_sdk_custom_interfaces:/home/hle/turtlebot3_ws/install/dynamixel_sdk:/home/hle/Desktop/compsci/ros/activity2/install/activity_bringup:/home/hle/Desktop/compsci/ros/activity4/install/interfaces:/home/hle/Desktop/compsci/ros/slam_capstone/install/launch:/home/hle/Desktop/compsci/ros/slam_capstone/install/capstone_bringup:/home/hle/Desktop/compsci/ros/ros2_ws/install/my_py_pkg:/home/hle/turtlebot3_ws/install/turtlebot3_teleop:/home/hle/turtlebot3_ws/install/turtlebot3_example:/home/hle/Desktop/compsci/ros/ir_sensor/install/ir_sensor_pkg:/home/hle/Desktop/compsci/ros/clientserver/install/clientserver_pkg:/home/hle/Desktop/compsci/ros/activity2/install/activity:/home/hle/Desktop/compsci/ros/activity4/install/packages:/home/hle/Desktop/compsci/ros/slam_capstone/install/capstone_pkg:/opt/ros/foxy LD_LIBRARY_PATH=/home/hle/Desktop/compsci/ros/slam_capstone/install/capstone_interfaces/lib:/home/hle/Desktop/compsci/ros/ros2_ws/install/my_robot_interfaces/lib:/home/hle/turtlebot3_ws/install/turtlebot3_msgs/lib:/home/hle/turtlebot3_ws/install/dynamixel_sdk_custom_interfaces/lib:/home/hle/turtlebot3_ws/install/dynamixel_sdk/lib:/home/hle/Desktop/compsci/ros/activity4/install/interfaces/lib:/usr/lib/x86_64-linux-gnu/gazebo-11/plugins:/opt/ros/foxy/opt/yaml_cpp_vendor/lib:/opt/ros/foxy/opt/rviz_ogre_vendor/lib:/opt/ros/foxy/lib/x86_64-linux-gnu:/opt/ros/foxy/lib PYTHONPATH=/home/hle/Desktop/compsci/ros/slam_capstone/install/capstone_pkg/lib/python3.8/site-packages:/home/hle/Desktop/compsci/ros/slam_capstone/install/capstone_interfaces/lib/python3.8/site-packages:/home/hle/Desktop/compsci/ros/ros2_ws/build/my_py_pkg:/home/hle/Desktop/compsci/ros/ros2_ws/install/my_py_pkg/lib/python3.8/site-packages:/home/hle/Desktop/compsci/ros/ros2_ws/install/my_robot_interfaces/lib/python3.8/site-packages:/home/hle/turtlebot3_ws/build/turtlebot3_teleop:/home/hle/turtlebot3_ws/install/turtlebot3_teleop/lib/python3.8/site-packages:/home/hle/turtlebot3_ws/build/turtlebot3_example:/home/hle/turtlebot3_ws/install/turtlebot3_example/lib/python3.8/site-packages:/home/hle/turtlebot3_ws/install/turtlebot3_msgs/lib/python3.8/site-packages:/home/hle/turtlebot3_ws/install/dynamixel_sdk_custom_interfaces/lib/python3.8/site-packages:/home/hle/Desktop/compsci/ros/ir_sensor/install/ir_sensor_pkg/lib/python3.8/site-packages:/home/hle/Desktop/compsci/ros/clientserver/build/clientserver_pkg:/home/hle/Desktop/compsci/ros/clientserver/install/clientserver_pkg/lib/python3.8/site-packages:/home/hle/Desktop/compsci/ros/activity2/build/activity:/home/hle/Desktop/compsci/ros/activity2/install/activity/lib/python3.8/site-packages:/home/hle/Desktop/compsci/ros/activity4/build/packages:/home/hle/Desktop/compsci/ros/activity4/install/packages/lib/python3.8/site-packages:/home/hle/Desktop/compsci/ros/activity4/install/interfaces/lib/python3.8/site-packages:/home/hle/Desktop/compsci/ros/slam_capstone/build/capstone_pkg:/opt/ros/foxy/lib/python3.8/site-packages /usr/bin/cmake --install /home/hle/Desktop/compsci/ros/slam_capstone/build/capstone_bringup
[2.695s] Level 1:colcon.colcon_core.environment:create_environment_scripts_only(capstone_bringup)
[2.696s] Level 1:colcon.colcon_core.environment:checking '/home/hle/Desktop/compsci/ros/slam_capstone/install/capstone_bringup' for CMake module files
[2.696s] DEBUG:colcon.colcon_core.event_handler.log_command:Invoked command in '/home/hle/Desktop/compsci/ros/slam_capstone/build/capstone_bringup' returned '0': AMENT_PREFIX_PATH=/home/hle/Desktop/compsci/ros/slam_capstone/install/capstone_pkg:/home/hle/Desktop/compsci/ros/ros2_ws/install/my_py_pkg:/home/hle/Desktop/compsci/ros/ros2_ws/install/my_robot_interfaces:/home/hle/turtlebot3_ws/install/turtlebot3:/home/hle/turtlebot3_ws/install/turtlebot3_teleop:/home/hle/turtlebot3_ws/install/turtlebot3_bringup:/home/hle/turtlebot3_ws/install/turtlebot3_node:/home/hle/turtlebot3_ws/install/turtlebot3_navigation2:/home/hle/turtlebot3_ws/install/turtlebot3_example:/home/hle/turtlebot3_ws/install/turtlebot3_msgs:/home/hle/turtlebot3_ws/install/turtlebot3_description:/home/hle/turtlebot3_ws/install/turtlebot3_cartographer:/home/hle/turtlebot3_ws/install/dynamixel_sdk_examples:/home/hle/turtlebot3_ws/install/dynamixel_sdk_custom_interfaces:/home/hle/turtlebot3_ws/install/dynamixel_sdk:/home/hle/Desktop/compsci/ros/ir_sensor/install/ir_sensor_pkg:/home/hle/Desktop/compsci/ros/clientserver/install/clientserver_pkg:/home/hle/Desktop/compsci/ros/activity2/install/activity_bringup:/home/hle/Desktop/compsci/ros/activity2/install/activity:/home/hle/Desktop/compsci/ros/activity4/install/packages:/home/hle/Desktop/compsci/ros/activity4/install/interfaces:/home/hle/Desktop/compsci/ros/slam_capstone/install/launch:/home/hle/Desktop/compsci/ros/slam_capstone/install/capstone_bringup:/home/hle/Desktop/compsci/ros/slam_capstone/install/capstone_interfaces:/opt/ros/foxy CMAKE_PREFIX_PATH=/home/hle/Desktop/compsci/ros/slam_capstone/install/capstone_interfaces:/home/hle/Desktop/compsci/ros/ros2_ws/install/my_robot_interfaces:/home/hle/Desktop/compsci/ros/ros2_ws/install/my_cpp_pkg:/home/hle/turtlebot3_ws/install/turtlebot3:/home/hle/turtlebot3_ws/install/turtlebot3_bringup:/home/hle/turtlebot3_ws/install/turtlebot3_node:/home/hle/turtlebot3_ws/install/turtlebot3_navigation2:/home/hle/turtlebot3_ws/install/turtlebot3_msgs:/home/hle/turtlebot3_ws/install/turtlebot3_description:/home/hle/turtlebot3_ws/install/turtlebot3_cartographer:/home/hle/turtlebot3_ws/install/dynamixel_sdk_examples:/home/hle/turtlebot3_ws/install/dynamixel_sdk_custom_interfaces:/home/hle/turtlebot3_ws/install/dynamixel_sdk:/home/hle/Desktop/compsci/ros/activity2/install/activity_bringup:/home/hle/Desktop/compsci/ros/activity4/install/interfaces:/home/hle/Desktop/compsci/ros/slam_capstone/install/launch:/home/hle/Desktop/compsci/ros/slam_capstone/install/capstone_bringup:/home/hle/Desktop/compsci/ros/ros2_ws/install/my_py_pkg:/home/hle/turtlebot3_ws/install/turtlebot3_teleop:/home/hle/turtlebot3_ws/install/turtlebot3_example:/home/hle/Desktop/compsci/ros/ir_sensor/install/ir_sensor_pkg:/home/hle/Desktop/compsci/ros/clientserver/install/clientserver_pkg:/home/hle/Desktop/compsci/ros/activity2/install/activity:/home/hle/Desktop/compsci/ros/activity4/install/packages:/home/hle/Desktop/compsci/ros/slam_capstone/install/capstone_pkg:/opt/ros/foxy LD_LIBRARY_PATH=/home/hle/Desktop/compsci/ros/slam_capstone/install/capstone_interfaces/lib:/home/hle/Desktop/compsci/ros/ros2_ws/install/my_robot_interfaces/lib:/home/hle/turtlebot3_ws/install/turtlebot3_msgs/lib:/home/hle/turtlebot3_ws/install/dynamixel_sdk_custom_interfaces/lib:/home/hle/turtlebot3_ws/install/dynamixel_sdk/lib:/home/hle/Desktop/compsci/ros/activity4/install/interfaces/lib:/usr/lib/x86_64-linux-gnu/gazebo-11/plugins:/opt/ros/foxy/opt/yaml_cpp_vendor/lib:/opt/ros/foxy/opt/rviz_ogre_vendor/lib:/opt/ros/foxy/lib/x86_64-linux-gnu:/opt/ros/foxy/lib PYTHONPATH=/home/hle/Desktop/compsci/ros/slam_capstone/install/capstone_pkg/lib/python3.8/site-packages:/home/hle/Desktop/compsci/ros/slam_capstone/install/capstone_interfaces/lib/python3.8/site-packages:/home/hle/Desktop/compsci/ros/ros2_ws/build/my_py_pkg:/home/hle/Desktop/compsci/ros/ros2_ws/install/my_py_pkg/lib/python3.8/site-packages:/home/hle/Desktop/compsci/ros/ros2_ws/install/my_robot_interfaces/lib/python3.8/site-packages:/home/hle/turtlebot3_ws/build/turtlebot3_teleop:/home/hle/turtlebot3_ws/install/turtlebot3_teleop/lib/python3.8/site-packages:/home/hle/turtlebot3_ws/build/turtlebot3_example:/home/hle/turtlebot3_ws/install/turtlebot3_example/lib/python3.8/site-packages:/home/hle/turtlebot3_ws/install/turtlebot3_msgs/lib/python3.8/site-packages:/home/hle/turtlebot3_ws/install/dynamixel_sdk_custom_interfaces/lib/python3.8/site-packages:/home/hle/Desktop/compsci/ros/ir_sensor/install/ir_sensor_pkg/lib/python3.8/site-packages:/home/hle/Desktop/compsci/ros/clientserver/build/clientserver_pkg:/home/hle/Desktop/compsci/ros/clientserver/install/clientserver_pkg/lib/python3.8/site-packages:/home/hle/Desktop/compsci/ros/activity2/build/activity:/home/hle/Desktop/compsci/ros/activity2/install/activity/lib/python3.8/site-packages:/home/hle/Desktop/compsci/ros/activity4/build/packages:/home/hle/Desktop/compsci/ros/activity4/install/packages/lib/python3.8/site-packages:/home/hle/Desktop/compsci/ros/activity4/install/interfaces/lib/python3.8/site-packages:/home/hle/Desktop/compsci/ros/slam_capstone/build/capstone_pkg:/opt/ros/foxy/lib/python3.8/site-packages /usr/bin/cmake --install /home/hle/Desktop/compsci/ros/slam_capstone/build/capstone_bringup
[2.697s] Level 1:colcon.colcon_core.environment:checking '/home/hle/Desktop/compsci/ros/slam_capstone/install/capstone_bringup' for CMake config files
[2.697s] Level 1:colcon.colcon_core.shell:create_environment_hook('capstone_bringup', 'cmake_prefix_path')
[2.697s] INFO:colcon.colcon_core.shell:Creating environment hook '/home/hle/Desktop/compsci/ros/slam_capstone/install/capstone_bringup/share/capstone_bringup/hook/cmake_prefix_path.ps1'
[2.698s] INFO:colcon.colcon_core.shell:Creating environment descriptor '/home/hle/Desktop/compsci/ros/slam_capstone/install/capstone_bringup/share/capstone_bringup/hook/cmake_prefix_path.dsv'
[2.698s] INFO:colcon.colcon_core.shell:Creating environment hook '/home/hle/Desktop/compsci/ros/slam_capstone/install/capstone_bringup/share/capstone_bringup/hook/cmake_prefix_path.sh'
[2.698s] Level 1:colcon.colcon_core.environment:checking '/home/hle/Desktop/compsci/ros/slam_capstone/install/capstone_bringup/bin'
[2.698s] Level 1:colcon.colcon_core.environment:checking '/home/hle/Desktop/compsci/ros/slam_capstone/install/capstone_bringup/lib/pkgconfig/capstone_bringup.pc'
[2.699s] Level 1:colcon.colcon_core.environment:checking '/home/hle/Desktop/compsci/ros/slam_capstone/install/capstone_bringup/lib/python3.8/site-packages'
[2.699s] INFO:colcon.colcon_core.shell:Creating package script '/home/hle/Desktop/compsci/ros/slam_capstone/install/capstone_bringup/share/capstone_bringup/package.ps1'
[2.699s] INFO:colcon.colcon_core.shell:Creating package descriptor '/home/hle/Desktop/compsci/ros/slam_capstone/install/capstone_bringup/share/capstone_bringup/package.dsv'
[2.700s] INFO:colcon.colcon_core.shell:Creating package script '/home/hle/Desktop/compsci/ros/slam_capstone/install/capstone_bringup/share/capstone_bringup/package.sh'
[2.700s] INFO:colcon.colcon_core.shell:Creating package script '/home/hle/Desktop/compsci/ros/slam_capstone/install/capstone_bringup/share/capstone_bringup/package.bash'
[2.700s] INFO:colcon.colcon_core.shell:Creating package script '/home/hle/Desktop/compsci/ros/slam_capstone/install/capstone_bringup/share/capstone_bringup/package.zsh'
[2.700s] Level 1:colcon.colcon_core.environment:create_file_with_runtime_dependencies(/home/hle/Desktop/compsci/ros/slam_capstone/install/capstone_bringup/share/colcon-core/packages/capstone_bringup)
[2.717s] Level 1:colcon.colcon_core.environment:create_environment_scripts_only(capstone_bringup)
[2.718s] Level 1:colcon.colcon_core.environment:checking '/home/hle/Desktop/compsci/ros/slam_capstone/install/capstone_bringup' for CMake module files
[2.718s] Level 1:colcon.colcon_core.environment:checking '/home/hle/Desktop/compsci/ros/slam_capstone/install/capstone_bringup' for CMake config files
[2.719s] Level 1:colcon.colcon_core.shell:create_environment_hook('capstone_bringup', 'cmake_prefix_path')
[2.719s] INFO:colcon.colcon_core.shell:Creating environment hook '/home/hle/Desktop/compsci/ros/slam_capstone/install/capstone_bringup/share/capstone_bringup/hook/cmake_prefix_path.ps1'
[2.720s] INFO:colcon.colcon_core.shell:Creating environment descriptor '/home/hle/Desktop/compsci/ros/slam_capstone/install/capstone_bringup/share/capstone_bringup/hook/cmake_prefix_path.dsv'
[2.720s] INFO:colcon.colcon_core.shell:Creating environment hook '/home/hle/Desktop/compsci/ros/slam_capstone/install/capstone_bringup/share/capstone_bringup/hook/cmake_prefix_path.sh'
[2.720s] Level 1:colcon.colcon_core.environment:checking '/home/hle/Desktop/compsci/ros/slam_capstone/install/capstone_bringup/bin'
[2.720s] Level 1:colcon.colcon_core.environment:checking '/home/hle/Desktop/compsci/ros/slam_capstone/install/capstone_bringup/lib/pkgconfig/capstone_bringup.pc'
[2.720s] Level 1:colcon.colcon_core.environment:checking '/home/hle/Desktop/compsci/ros/slam_capstone/install/capstone_bringup/lib/python3.8/site-packages'
[2.721s] INFO:colcon.colcon_core.shell:Creating package script '/home/hle/Desktop/compsci/ros/slam_capstone/install/capstone_bringup/share/capstone_bringup/package.ps1'
[2.721s] INFO:colcon.colcon_core.shell:Creating package descriptor '/home/hle/Desktop/compsci/ros/slam_capstone/install/capstone_bringup/share/capstone_bringup/package.dsv'
[2.721s] INFO:colcon.colcon_core.shell:Creating package script '/home/hle/Desktop/compsci/ros/slam_capstone/install/capstone_bringup/share/capstone_bringup/package.sh'
[2.722s] INFO:colcon.colcon_core.shell:Creating package script '/home/hle/Desktop/compsci/ros/slam_capstone/install/capstone_bringup/share/capstone_bringup/package.bash'
[2.722s] INFO:colcon.colcon_core.shell:Creating package script '/home/hle/Desktop/compsci/ros/slam_capstone/install/capstone_bringup/share/capstone_bringup/package.zsh'
[2.722s] Level 1:colcon.colcon_core.environment:create_file_with_runtime_dependencies(/home/hle/Desktop/compsci/ros/slam_capstone/install/capstone_bringup/share/colcon-core/packages/capstone_bringup)
[2.723s] DEBUG:colcon.colcon_parallel_executor.executor.parallel:closing loop
[2.723s] DEBUG:colcon.colcon_parallel_executor.executor.parallel:loop closed
[2.723s] DEBUG:colcon.colcon_parallel_executor.executor.parallel:run_until_complete finished with '0'
[2.723s] DEBUG:colcon.colcon_core.event_reactor:joining thread
[2.728s] INFO:colcon.colcon_core.plugin_system:Skipping extension 'colcon_notification.desktop_notification.terminal_notifier': Not used on non-Darwin systems
[2.728s] INFO:colcon.colcon_core.plugin_system:Skipping extension 'colcon_notification.desktop_notification.win32': Not used on non-Windows systems
[2.728s] INFO:colcon.colcon_notification.desktop_notification:Sending desktop notification using 'notify2'
[2.740s] DEBUG:colcon.colcon_core.event_reactor:joined thread
[2.741s] INFO:colcon.colcon_core.shell:Creating prefix script '/home/hle/Desktop/compsci/ros/slam_capstone/install/local_setup.ps1'
[2.742s] INFO:colcon.colcon_core.shell:Creating prefix util module '/home/hle/Desktop/compsci/ros/slam_capstone/install/_local_setup_util_ps1.py'
[2.742s] INFO:colcon.colcon_core.shell:Creating prefix chain script '/home/hle/Desktop/compsci/ros/slam_capstone/install/setup.ps1'
[2.744s] INFO:colcon.colcon_core.shell:Creating prefix script '/home/hle/Desktop/compsci/ros/slam_capstone/install/local_setup.sh'
[2.744s] INFO:colcon.colcon_core.shell:Creating prefix util module '/home/hle/Desktop/compsci/ros/slam_capstone/install/_local_setup_util_sh.py'
[2.745s] INFO:colcon.colcon_core.shell:Creating prefix chain script '/home/hle/Desktop/compsci/ros/slam_capstone/install/setup.sh'
[2.746s] INFO:colcon.colcon_core.shell:Creating prefix script '/home/hle/Desktop/compsci/ros/slam_capstone/install/local_setup.bash'
[2.747s] INFO:colcon.colcon_core.shell:Creating prefix chain script '/home/hle/Desktop/compsci/ros/slam_capstone/install/setup.bash'
[2.748s] INFO:colcon.colcon_core.shell:Creating prefix script '/home/hle/Desktop/compsci/ros/slam_capstone/install/local_setup.zsh'
[2.749s] INFO:colcon.colcon_core.shell:Creating prefix chain script '/home/hle/Desktop/compsci/ros/slam_capstone/install/setup.zsh'
