[0.033s] Invoking command in '/home/hle/Desktop/compsci/ros/slam_capstone/build/capstone_interfaces': CMAKE_PREFIX_PATH=/home/hle/Desktop/compsci/ros/ros2_ws/install/ws_bringup:/home/hle/Desktop/compsci/ros/ros2_ws/install/launch:/home/hle/Desktop/compsci/ros/ros2_ws/install/my_robot_interfaces:/home/hle/Desktop/compsci/ros/ros2_ws/install/my_cpp_pkg:/home/hle/turtlebot3_ws/install/turtlebot3:/home/hle/turtlebot3_ws/install/turtlebot3_simulations:/home/hle/turtlebot3_ws/install/turtlebot3_bringup:/home/hle/turtlebot3_ws/install/turtlebot3_node:/home/hle/turtlebot3_ws/install/turtlebot3_navigation2:/home/hle/turtlebot3_ws/install/turtlebot3_fake_node:/home/hle/turtlebot3_ws/install/turtlebot3_msgs:/home/hle/Desktop/compsci/ros/ros2_ws/install/my_py_pkg:/home/hle/Desktop/compsci/ros/ros2_ws/install/tf_transformations:/home/hle/Desktop/compsci/ros/mapping_controller/install/mapping_controller:/home/hle/turtlebot3_ws/install/turtlebot3_teleop:/home/hle/turtlebot3_ws/install/turtlebot3_example:/home/hle/Desktop/compsci/ros/ir_sensor/install/ir_sensor_pkg:/home/hle/Desktop/compsci/ros/clientserver/install/clientserver_pkg:/home/hle/Desktop/compsci/ros/activity2/install/activity:/home/hle/Desktop/compsci/ros/activity4/install/packages:/home/hle/Desktop/compsci/ros/slam_capstone/install/capstone_pkg:/opt/ros/foxy:/home/hle/turtlebot3_ws/install/turtlebot3_gazebo:/home/hle/turtlebot3_ws/install/turtlebot3_description:/home/hle/turtlebot3_ws/install/turtlebot3_cartographer:/home/hle/turtlebot3_ws/install/dynamixel_sdk_examples:/home/hle/turtlebot3_ws/install/dynamixel_sdk_custom_interfaces:/home/hle/turtlebot3_ws/install/dynamixel_sdk:/home/hle/Desktop/compsci/ros/activity2/install/activity_bringup:/home/hle/Desktop/compsci/ros/activity4/install/interfaces:/home/hle/Desktop/compsci/ros/slam_capstone/install/launch:/home/hle/Desktop/compsci/ros/slam_capstone/install/capstone_pkg_cpp:/home/hle/Desktop/compsci/ros/slam_capstone/install/capstone_bringup:/home/hle/Desktop/compsci/ros/slam_capstone/install/capstone_interfaces /usr/bin/cmake --build /home/hle/Desktop/compsci/ros/slam_capstone/build/capstone_interfaces -- -j8 -l8
[0.084s] [  3%] Built target capstone_interfaces__cpp
[0.088s] [ 12%] Built target capstone_interfaces__rosidl_generator_c
[0.112s] [ 22%] Built target capstone_interfaces__rosidl_typesupport_cpp
[0.114s] [ 32%] Built target capstone_interfaces__rosidl_typesupport_introspection_cpp
[0.117s] [ 41%] Built target capstone_interfaces__rosidl_typesupport_introspection_c
[0.117s] [ 51%] Built target capstone_interfaces__rosidl_typesupport_fastrtps_cpp
[0.120s] [ 61%] Built target capstone_interfaces__rosidl_typesupport_c
[0.140s] [ 70%] Built target capstone_interfaces__rosidl_typesupport_fastrtps_c
[0.159s] [ 70%] Built target capstone_interfaces
[0.180s] [ 74%] Built target capstone_interfaces__py
[0.207s] [ 80%] Built target capstone_interfaces__python
[0.233s] [ 93%] Built target capstone_interfaces__rosidl_typesupport_introspection_c__pyext
[0.233s] [ 93%] Built target capstone_interfaces__rosidl_typesupport_c__pyext
[0.241s] [100%] Built target capstone_interfaces__rosidl_typesupport_fastrtps_c__pyext
[0.252s] Invoked command in '/home/hle/Desktop/compsci/ros/slam_capstone/build/capstone_interfaces' returned '0': CMAKE_PREFIX_PATH=/home/hle/Desktop/compsci/ros/ros2_ws/install/ws_bringup:/home/hle/Desktop/compsci/ros/ros2_ws/install/launch:/home/hle/Desktop/compsci/ros/ros2_ws/install/my_robot_interfaces:/home/hle/Desktop/compsci/ros/ros2_ws/install/my_cpp_pkg:/home/hle/turtlebot3_ws/install/turtlebot3:/home/hle/turtlebot3_ws/install/turtlebot3_simulations:/home/hle/turtlebot3_ws/install/turtlebot3_bringup:/home/hle/turtlebot3_ws/install/turtlebot3_node:/home/hle/turtlebot3_ws/install/turtlebot3_navigation2:/home/hle/turtlebot3_ws/install/turtlebot3_fake_node:/home/hle/turtlebot3_ws/install/turtlebot3_msgs:/home/hle/Desktop/compsci/ros/ros2_ws/install/my_py_pkg:/home/hle/Desktop/compsci/ros/ros2_ws/install/tf_transformations:/home/hle/Desktop/compsci/ros/mapping_controller/install/mapping_controller:/home/hle/turtlebot3_ws/install/turtlebot3_teleop:/home/hle/turtlebot3_ws/install/turtlebot3_example:/home/hle/Desktop/compsci/ros/ir_sensor/install/ir_sensor_pkg:/home/hle/Desktop/compsci/ros/clientserver/install/clientserver_pkg:/home/hle/Desktop/compsci/ros/activity2/install/activity:/home/hle/Desktop/compsci/ros/activity4/install/packages:/home/hle/Desktop/compsci/ros/slam_capstone/install/capstone_pkg:/opt/ros/foxy:/home/hle/turtlebot3_ws/install/turtlebot3_gazebo:/home/hle/turtlebot3_ws/install/turtlebot3_description:/home/hle/turtlebot3_ws/install/turtlebot3_cartographer:/home/hle/turtlebot3_ws/install/dynamixel_sdk_examples:/home/hle/turtlebot3_ws/install/dynamixel_sdk_custom_interfaces:/home/hle/turtlebot3_ws/install/dynamixel_sdk:/home/hle/Desktop/compsci/ros/activity2/install/activity_bringup:/home/hle/Desktop/compsci/ros/activity4/install/interfaces:/home/hle/Desktop/compsci/ros/slam_capstone/install/launch:/home/hle/Desktop/compsci/ros/slam_capstone/install/capstone_pkg_cpp:/home/hle/Desktop/compsci/ros/slam_capstone/install/capstone_bringup:/home/hle/Desktop/compsci/ros/slam_capstone/install/capstone_interfaces /usr/bin/cmake --build /home/hle/Desktop/compsci/ros/slam_capstone/build/capstone_interfaces -- -j8 -l8
[0.298s] Invoking command in '/home/hle/Desktop/compsci/ros/slam_capstone/build/capstone_interfaces': CMAKE_PREFIX_PATH=/home/hle/Desktop/compsci/ros/ros2_ws/install/ws_bringup:/home/hle/Desktop/compsci/ros/ros2_ws/install/launch:/home/hle/Desktop/compsci/ros/ros2_ws/install/my_robot_interfaces:/home/hle/Desktop/compsci/ros/ros2_ws/install/my_cpp_pkg:/home/hle/turtlebot3_ws/install/turtlebot3:/home/hle/turtlebot3_ws/install/turtlebot3_simulations:/home/hle/turtlebot3_ws/install/turtlebot3_bringup:/home/hle/turtlebot3_ws/install/turtlebot3_node:/home/hle/turtlebot3_ws/install/turtlebot3_navigation2:/home/hle/turtlebot3_ws/install/turtlebot3_fake_node:/home/hle/turtlebot3_ws/install/turtlebot3_msgs:/home/hle/Desktop/compsci/ros/ros2_ws/install/my_py_pkg:/home/hle/Desktop/compsci/ros/ros2_ws/install/tf_transformations:/home/hle/Desktop/compsci/ros/mapping_controller/install/mapping_controller:/home/hle/turtlebot3_ws/install/turtlebot3_teleop:/home/hle/turtlebot3_ws/install/turtlebot3_example:/home/hle/Desktop/compsci/ros/ir_sensor/install/ir_sensor_pkg:/home/hle/Desktop/compsci/ros/clientserver/install/clientserver_pkg:/home/hle/Desktop/compsci/ros/activity2/install/activity:/home/hle/Desktop/compsci/ros/activity4/install/packages:/home/hle/Desktop/compsci/ros/slam_capstone/install/capstone_pkg:/opt/ros/foxy:/home/hle/turtlebot3_ws/install/turtlebot3_gazebo:/home/hle/turtlebot3_ws/install/turtlebot3_description:/home/hle/turtlebot3_ws/install/turtlebot3_cartographer:/home/hle/turtlebot3_ws/install/dynamixel_sdk_examples:/home/hle/turtlebot3_ws/install/dynamixel_sdk_custom_interfaces:/home/hle/turtlebot3_ws/install/dynamixel_sdk:/home/hle/Desktop/compsci/ros/activity2/install/activity_bringup:/home/hle/Desktop/compsci/ros/activity4/install/interfaces:/home/hle/Desktop/compsci/ros/slam_capstone/install/launch:/home/hle/Desktop/compsci/ros/slam_capstone/install/capstone_pkg_cpp:/home/hle/Desktop/compsci/ros/slam_capstone/install/capstone_bringup:/home/hle/Desktop/compsci/ros/slam_capstone/install/capstone_interfaces /usr/bin/cmake --install /home/hle/Desktop/compsci/ros/slam_capstone/build/capstone_interfaces
[0.306s] -- Install configuration: ""
[0.308s] -- Execute custom install script
[0.308s] -- Up-to-date symlink: /home/hle/Desktop/compsci/ros/slam_capstone/install/capstone_interfaces/share/ament_index/resource_index/rosidl_interfaces/capstone_interfaces
[0.309s] -- Up-to-date symlink: /home/hle/Desktop/compsci/ros/slam_capstone/install/capstone_interfaces/include/capstone_interfaces/msg/detail/tb3_status__functions.h
[0.309s] -- Up-to-date symlink: /home/hle/Desktop/compsci/ros/slam_capstone/install/capstone_interfaces/include/capstone_interfaces/msg/detail/tb3_status__struct.h
[0.309s] -- Up-to-date symlink: /home/hle/Desktop/compsci/ros/slam_capstone/install/capstone_interfaces/include/capstone_interfaces/msg/detail/tb3_status__type_support.h
[0.309s] -- Up-to-date symlink: /home/hle/Desktop/compsci/ros/slam_capstone/install/capstone_interfaces/include/capstone_interfaces/msg/rosidl_generator_c__visibility_control.h
[0.310s] -- Up-to-date symlink: /home/hle/Desktop/compsci/ros/slam_capstone/install/capstone_interfaces/include/capstone_interfaces/msg/tb3_status.h
[0.310s] -- Up-to-date symlink: /home/hle/Desktop/compsci/ros/slam_capstone/install/capstone_interfaces/share/capstone_interfaces/environment/library_path.sh
[0.310s] -- Up-to-date symlink: /home/hle/Desktop/compsci/ros/slam_capstone/install/capstone_interfaces/share/capstone_interfaces/environment/library_path.dsv
[0.310s] -- Up-to-date symlink: /home/hle/Desktop/compsci/ros/slam_capstone/install/capstone_interfaces/include/capstone_interfaces/msg/detail/tb3_status__rosidl_typesupport_fastrtps_c.h
[0.311s] -- Up-to-date symlink: /home/hle/Desktop/compsci/ros/slam_capstone/install/capstone_interfaces/include/capstone_interfaces/msg/rosidl_typesupport_fastrtps_c__visibility_control.h
[0.311s] -- Up-to-date symlink: /home/hle/Desktop/compsci/ros/slam_capstone/install/capstone_interfaces/lib/libcapstone_interfaces__rosidl_typesupport_fastrtps_c.so
[0.311s] -- Up-to-date symlink: /home/hle/Desktop/compsci/ros/slam_capstone/install/capstone_interfaces/include/capstone_interfaces/msg/detail/tb3_status__rosidl_typesupport_fastrtps_cpp.hpp
[0.312s] -- Up-to-date symlink: /home/hle/Desktop/compsci/ros/slam_capstone/install/capstone_interfaces/include/capstone_interfaces/msg/rosidl_typesupport_fastrtps_cpp__visibility_control.h
[0.312s] -- Up-to-date symlink: /home/hle/Desktop/compsci/ros/slam_capstone/install/capstone_interfaces/lib/libcapstone_interfaces__rosidl_typesupport_fastrtps_cpp.so
[0.312s] -- Up-to-date symlink: /home/hle/Desktop/compsci/ros/slam_capstone/install/capstone_interfaces/include/capstone_interfaces/msg/detail/tb3_status__rosidl_typesupport_introspection_c.h
[0.312s] -- Up-to-date symlink: /home/hle/Desktop/compsci/ros/slam_capstone/install/capstone_interfaces/include/capstone_interfaces/msg/rosidl_typesupport_introspection_c__visibility_control.h
[0.313s] -- Up-to-date symlink: /home/hle/Desktop/compsci/ros/slam_capstone/install/capstone_interfaces/include/capstone_interfaces/msg/detail/tb3_status__builder.hpp
[0.313s] -- Up-to-date symlink: /home/hle/Desktop/compsci/ros/slam_capstone/install/capstone_interfaces/include/capstone_interfaces/msg/detail/tb3_status__struct.hpp
[0.313s] -- Up-to-date symlink: /home/hle/Desktop/compsci/ros/slam_capstone/install/capstone_interfaces/include/capstone_interfaces/msg/detail/tb3_status__traits.hpp
[0.313s] -- Up-to-date symlink: /home/hle/Desktop/compsci/ros/slam_capstone/install/capstone_interfaces/include/capstone_interfaces/msg/tb3_status.hpp
[0.313s] -- Up-to-date symlink: /home/hle/Desktop/compsci/ros/slam_capstone/install/capstone_interfaces/include/capstone_interfaces/msg/detail/tb3_status__rosidl_typesupport_introspection_cpp.hpp
[0.313s] -- Up-to-date symlink: /home/hle/Desktop/compsci/ros/slam_capstone/install/capstone_interfaces/share/capstone_interfaces/environment/pythonpath.sh
[0.313s] -- Up-to-date symlink: /home/hle/Desktop/compsci/ros/slam_capstone/install/capstone_interfaces/share/capstone_interfaces/environment/pythonpath.dsv
[0.314s] -- Up-to-date symlink: /home/hle/Desktop/compsci/ros/slam_capstone/install/capstone_interfaces/lib/python3.8/site-packages/capstone_interfaces/__init__.py
[0.314s] -- Up-to-date symlink: /home/hle/Desktop/compsci/ros/slam_capstone/install/capstone_interfaces/lib/python3.8/site-packages/capstone_interfaces/msg/__init__.py
[0.314s] -- Up-to-date symlink: /home/hle/Desktop/compsci/ros/slam_capstone/install/capstone_interfaces/lib/python3.8/site-packages/capstone_interfaces/msg/_tb3_status.py
[0.315s] -- Up-to-date symlink: /home/hle/Desktop/compsci/ros/slam_capstone/install/capstone_interfaces/lib/python3.8/site-packages/capstone_interfaces/capstone_interfaces_s__rosidl_typesupport_fastrtps_c.cpython-38-x86_64-linux-gnu.so
[0.315s] -- Up-to-date symlink: /home/hle/Desktop/compsci/ros/slam_capstone/install/capstone_interfaces/lib/python3.8/site-packages/capstone_interfaces/capstone_interfaces_s__rosidl_typesupport_introspection_c.cpython-38-x86_64-linux-gnu.so
[0.316s] -- Up-to-date symlink: /home/hle/Desktop/compsci/ros/slam_capstone/install/capstone_interfaces/lib/python3.8/site-packages/capstone_interfaces/capstone_interfaces_s__rosidl_typesupport_c.cpython-38-x86_64-linux-gnu.so
[0.316s] -- Up-to-date symlink: /home/hle/Desktop/compsci/ros/slam_capstone/install/capstone_interfaces/lib/libcapstone_interfaces__python.so
[0.316s] -- Up-to-date symlink: /home/hle/Desktop/compsci/ros/slam_capstone/install/capstone_interfaces/share/capstone_interfaces/msg/TB3Status.idl
[0.317s] -- Up-to-date symlink: /home/hle/Desktop/compsci/ros/slam_capstone/install/capstone_interfaces/share/capstone_interfaces/msg/TB3Status.msg
[0.317s] -- Up-to-date symlink: /home/hle/Desktop/compsci/ros/slam_capstone/install/capstone_interfaces/share/ament_index/resource_index/package_run_dependencies/capstone_interfaces
[0.317s] -- Up-to-date symlink: /home/hle/Desktop/compsci/ros/slam_capstone/install/capstone_interfaces/share/ament_index/resource_index/parent_prefix_path/capstone_interfaces
[0.317s] -- Up-to-date symlink: /home/hle/Desktop/compsci/ros/slam_capstone/install/capstone_interfaces/share/capstone_interfaces/environment/ament_prefix_path.sh
[0.318s] -- Up-to-date symlink: /home/hle/Desktop/compsci/ros/slam_capstone/install/capstone_interfaces/share/capstone_interfaces/environment/ament_prefix_path.dsv
[0.318s] -- Up-to-date symlink: /home/hle/Desktop/compsci/ros/slam_capstone/install/capstone_interfaces/share/capstone_interfaces/environment/path.sh
[0.318s] -- Up-to-date symlink: /home/hle/Desktop/compsci/ros/slam_capstone/install/capstone_interfaces/share/capstone_interfaces/environment/path.dsv
[0.318s] -- Up-to-date symlink: /home/hle/Desktop/compsci/ros/slam_capstone/install/capstone_interfaces/share/capstone_interfaces/local_setup.bash
[0.319s] -- Up-to-date symlink: /home/hle/Desktop/compsci/ros/slam_capstone/install/capstone_interfaces/share/capstone_interfaces/local_setup.sh
[0.319s] -- Up-to-date symlink: /home/hle/Desktop/compsci/ros/slam_capstone/install/capstone_interfaces/share/capstone_interfaces/local_setup.zsh
[0.319s] -- Up-to-date symlink: /home/hle/Desktop/compsci/ros/slam_capstone/install/capstone_interfaces/share/capstone_interfaces/local_setup.dsv
[0.319s] -- Symlinking: /home/hle/Desktop/compsci/ros/slam_capstone/install/capstone_interfaces/share/capstone_interfaces/package.dsv
[0.328s] -- Up-to-date symlink: /home/hle/Desktop/compsci/ros/slam_capstone/install/capstone_interfaces/share/ament_index/resource_index/packages/capstone_interfaces
[0.328s] -- Up-to-date symlink: /home/hle/Desktop/compsci/ros/slam_capstone/install/capstone_interfaces/share/capstone_interfaces/cmake/rosidl_cmake-extras.cmake
[0.329s] -- Up-to-date symlink: /home/hle/Desktop/compsci/ros/slam_capstone/install/capstone_interfaces/share/capstone_interfaces/cmake/ament_cmake_export_dependencies-extras.cmake
[0.329s] -- Up-to-date symlink: /home/hle/Desktop/compsci/ros/slam_capstone/install/capstone_interfaces/share/capstone_interfaces/cmake/ament_cmake_export_libraries-extras.cmake
[0.329s] -- Up-to-date symlink: /home/hle/Desktop/compsci/ros/slam_capstone/install/capstone_interfaces/share/capstone_interfaces/cmake/ament_cmake_export_targets-extras.cmake
[0.330s] -- Up-to-date symlink: /home/hle/Desktop/compsci/ros/slam_capstone/install/capstone_interfaces/share/capstone_interfaces/cmake/ament_cmake_export_include_directories-extras.cmake
[0.330s] -- Up-to-date symlink: /home/hle/Desktop/compsci/ros/slam_capstone/install/capstone_interfaces/share/capstone_interfaces/cmake/rosidl_cmake_export_typesupport_libraries-extras.cmake
[0.330s] -- Up-to-date symlink: /home/hle/Desktop/compsci/ros/slam_capstone/install/capstone_interfaces/share/capstone_interfaces/cmake/rosidl_cmake_export_typesupport_targets-extras.cmake
[0.330s] -- Up-to-date symlink: /home/hle/Desktop/compsci/ros/slam_capstone/install/capstone_interfaces/share/capstone_interfaces/cmake/capstone_interfacesConfig.cmake
[0.330s] -- Up-to-date symlink: /home/hle/Desktop/compsci/ros/slam_capstone/install/capstone_interfaces/share/capstone_interfaces/cmake/capstone_interfacesConfig-version.cmake
[0.331s] -- Up-to-date symlink: /home/hle/Desktop/compsci/ros/slam_capstone/install/capstone_interfaces/share/capstone_interfaces/package.xml
[0.331s] -- Up-to-date: /home/hle/Desktop/compsci/ros/slam_capstone/install/capstone_interfaces/lib/libcapstone_interfaces__rosidl_generator_c.so
[0.331s] -- Up-to-date: /home/hle/Desktop/compsci/ros/slam_capstone/install/capstone_interfaces/lib/libcapstone_interfaces__rosidl_typesupport_introspection_c.so
[0.332s] -- Up-to-date: /home/hle/Desktop/compsci/ros/slam_capstone/install/capstone_interfaces/lib/libcapstone_interfaces__rosidl_typesupport_c.so
[0.332s] -- Up-to-date: /home/hle/Desktop/compsci/ros/slam_capstone/install/capstone_interfaces/lib/libcapstone_interfaces__rosidl_typesupport_introspection_cpp.so
[0.333s] -- Up-to-date: /home/hle/Desktop/compsci/ros/slam_capstone/install/capstone_interfaces/lib/libcapstone_interfaces__rosidl_typesupport_cpp.so
[0.377s] -- Up-to-date: /home/hle/Desktop/compsci/ros/slam_capstone/install/capstone_interfaces/share/capstone_interfaces/cmake/capstone_interfaces__rosidl_generator_cExport.cmake
[0.377s] -- Up-to-date: /home/hle/Desktop/compsci/ros/slam_capstone/install/capstone_interfaces/share/capstone_interfaces/cmake/capstone_interfaces__rosidl_generator_cExport-noconfig.cmake
[0.377s] -- Up-to-date: /home/hle/Desktop/compsci/ros/slam_capstone/install/capstone_interfaces/share/capstone_interfaces/cmake/capstone_interfaces__rosidl_typesupport_introspection_cExport.cmake
[0.377s] -- Up-to-date: /home/hle/Desktop/compsci/ros/slam_capstone/install/capstone_interfaces/share/capstone_interfaces/cmake/capstone_interfaces__rosidl_typesupport_introspection_cExport-noconfig.cmake
[0.377s] -- Up-to-date: /home/hle/Desktop/compsci/ros/slam_capstone/install/capstone_interfaces/share/capstone_interfaces/cmake/capstone_interfaces__rosidl_typesupport_cExport.cmake
[0.378s] -- Up-to-date: /home/hle/Desktop/compsci/ros/slam_capstone/install/capstone_interfaces/share/capstone_interfaces/cmake/capstone_interfaces__rosidl_typesupport_cExport-noconfig.cmake
[0.378s] -- Up-to-date: /home/hle/Desktop/compsci/ros/slam_capstone/install/capstone_interfaces/share/capstone_interfaces/cmake/capstone_interfaces__rosidl_generator_cppExport.cmake
[0.378s] -- Up-to-date: /home/hle/Desktop/compsci/ros/slam_capstone/install/capstone_interfaces/share/capstone_interfaces/cmake/capstone_interfaces__rosidl_typesupport_introspection_cppExport.cmake
[0.378s] -- Up-to-date: /home/hle/Desktop/compsci/ros/slam_capstone/install/capstone_interfaces/share/capstone_interfaces/cmake/capstone_interfaces__rosidl_typesupport_introspection_cppExport-noconfig.cmake
[0.378s] -- Up-to-date: /home/hle/Desktop/compsci/ros/slam_capstone/install/capstone_interfaces/share/capstone_interfaces/cmake/capstone_interfaces__rosidl_typesupport_cppExport.cmake
[0.378s] -- Up-to-date: /home/hle/Desktop/compsci/ros/slam_capstone/install/capstone_interfaces/share/capstone_interfaces/cmake/capstone_interfaces__rosidl_typesupport_cppExport-noconfig.cmake
[0.381s] Invoked command in '/home/hle/Desktop/compsci/ros/slam_capstone/build/capstone_interfaces' returned '0': CMAKE_PREFIX_PATH=/home/hle/Desktop/compsci/ros/ros2_ws/install/ws_bringup:/home/hle/Desktop/compsci/ros/ros2_ws/install/launch:/home/hle/Desktop/compsci/ros/ros2_ws/install/my_robot_interfaces:/home/hle/Desktop/compsci/ros/ros2_ws/install/my_cpp_pkg:/home/hle/turtlebot3_ws/install/turtlebot3:/home/hle/turtlebot3_ws/install/turtlebot3_simulations:/home/hle/turtlebot3_ws/install/turtlebot3_bringup:/home/hle/turtlebot3_ws/install/turtlebot3_node:/home/hle/turtlebot3_ws/install/turtlebot3_navigation2:/home/hle/turtlebot3_ws/install/turtlebot3_fake_node:/home/hle/turtlebot3_ws/install/turtlebot3_msgs:/home/hle/Desktop/compsci/ros/ros2_ws/install/my_py_pkg:/home/hle/Desktop/compsci/ros/ros2_ws/install/tf_transformations:/home/hle/Desktop/compsci/ros/mapping_controller/install/mapping_controller:/home/hle/turtlebot3_ws/install/turtlebot3_teleop:/home/hle/turtlebot3_ws/install/turtlebot3_example:/home/hle/Desktop/compsci/ros/ir_sensor/install/ir_sensor_pkg:/home/hle/Desktop/compsci/ros/clientserver/install/clientserver_pkg:/home/hle/Desktop/compsci/ros/activity2/install/activity:/home/hle/Desktop/compsci/ros/activity4/install/packages:/home/hle/Desktop/compsci/ros/slam_capstone/install/capstone_pkg:/opt/ros/foxy:/home/hle/turtlebot3_ws/install/turtlebot3_gazebo:/home/hle/turtlebot3_ws/install/turtlebot3_description:/home/hle/turtlebot3_ws/install/turtlebot3_cartographer:/home/hle/turtlebot3_ws/install/dynamixel_sdk_examples:/home/hle/turtlebot3_ws/install/dynamixel_sdk_custom_interfaces:/home/hle/turtlebot3_ws/install/dynamixel_sdk:/home/hle/Desktop/compsci/ros/activity2/install/activity_bringup:/home/hle/Desktop/compsci/ros/activity4/install/interfaces:/home/hle/Desktop/compsci/ros/slam_capstone/install/launch:/home/hle/Desktop/compsci/ros/slam_capstone/install/capstone_pkg_cpp:/home/hle/Desktop/compsci/ros/slam_capstone/install/capstone_bringup:/home/hle/Desktop/compsci/ros/slam_capstone/install/capstone_interfaces /usr/bin/cmake --install /home/hle/Desktop/compsci/ros/slam_capstone/build/capstone_interfaces
